TN:
SF:app/_actions/auth.ts
FN:1,(empty-report)
FNF:1
FNH:1
FNDA:1,(empty-report)
DA:3,0
DA:4,0
DA:6,0
DA:11,0
DA:12,0
DA:13,0
DA:14,0
DA:18,0
DA:30,0
DA:31,0
DA:32,0
DA:34,0
DA:35,0
DA:36,0
DA:37,0
DA:38,0
DA:39,0
DA:40,0
DA:43,0
DA:44,0
DA:45,0
DA:47,0
DA:48,0
DA:49,0
DA:50,0
DA:52,0
DA:54,0
DA:55,0
DA:56,0
DA:58,0
DA:59,0
DA:61,0
DA:62,0
DA:63,0
DA:64,0
DA:66,0
DA:67,0
DA:68,0
DA:70,0
DA:71,0
DA:73,0
DA:74,0
DA:75,0
DA:76,0
DA:78,0
DA:79,0
DA:80,0
DA:81,0
DA:82,0
DA:88,0
DA:89,0
DA:90,0
DA:91,0
DA:92,0
DA:93,0
DA:94,0
DA:95,0
DA:97,0
DA:98,0
DA:99,0
DA:100,0
DA:101,0
DA:106,0
DA:107,0
DA:108,0
DA:109,0
DA:110,0
DA:112,0
DA:113,0
DA:114,0
DA:116,0
DA:117,0
DA:119,0
DA:120,0
DA:121,0
DA:122,0
DA:123,0
DA:124,0
DA:125,0
DA:126,0
DA:127,0
DA:128,0
DA:129,0
DA:130,0
DA:131,0
DA:132,0
DA:133,0
DA:134,0
DA:135,0
DA:136,0
DA:137,0
DA:139,0
DA:140,0
DA:141,0
DA:142,0
DA:143,0
DA:144,0
DA:145,0
DA:146,0
DA:147,0
DA:152,0
DA:153,0
DA:154,0
DA:155,0
DA:156,0
DA:158,0
DA:159,0
DA:160,0
DA:162,0
DA:163,0
DA:165,0
DA:166,0
DA:167,0
DA:168,0
DA:169,0
DA:170,0
DA:171,0
DA:172,0
DA:173,0
DA:174,0
DA:175,0
DA:176,0
DA:177,0
DA:178,0
DA:179,0
DA:180,0
DA:181,0
DA:183,0
DA:184,0
DA:185,0
DA:186,0
DA:187,0
DA:188,0
DA:189,0
DA:190,0
DA:191,0
DA:196,0
DA:197,0
DA:198,0
DA:199,0
DA:200,0
DA:201,0
DA:202,0
DA:203,0
DA:205,0
DA:206,0
DA:207,0
DA:208,0
DA:210,0
DA:211,0
DA:212,0
DA:213,0
DA:214,0
DA:215,0
DA:216,0
DA:217,0
DA:218,0
DA:219,0
DA:220,0
DA:221,0
DA:222,0
DA:223,0
DA:224,0
DA:225,0
DA:230,0
DA:231,0
DA:232,0
DA:233,0
DA:234,0
DA:235,0
DA:236,0
DA:237,0
DA:238,0
DA:240,0
DA:241,0
DA:242,0
DA:243,0
DA:245,0
DA:246,0
DA:247,0
DA:248,0
DA:249,0
DA:250,0
DA:251,0
DA:252,0
DA:253,0
DA:255,0
DA:256,0
DA:257,0
DA:258,0
DA:259,0
DA:260,0
DA:261,0
DA:262,0
DA:263,0
DA:264,0
DA:269,0
DA:270,0
DA:271,0
DA:272,0
DA:273,0
DA:274,0
DA:275,0
DA:276,0
DA:278,0
DA:279,0
DA:280,0
DA:281,0
DA:283,0
DA:284,0
DA:285,0
DA:286,0
DA:287,0
DA:288,0
DA:289,0
DA:290,0
DA:291,0
DA:292,0
DA:293,0
DA:294,0
DA:295,0
DA:296,0
DA:297,0
DA:298,0
DA:303,0
DA:304,0
DA:305,0
DA:306,0
DA:307,0
DA:308,0
DA:309,0
DA:310,0
DA:312,0
DA:313,0
DA:314,0
DA:315,0
DA:317,0
DA:318,0
DA:319,0
DA:320,0
DA:321,0
DA:322,0
DA:324,0
DA:325,0
DA:326,0
DA:327,0
DA:328,0
DA:329,0
DA:330,0
DA:331,0
DA:332,0
DA:333,0
DA:338,0
DA:339,0
DA:340,0
DA:341,0
DA:342,0
DA:343,0
DA:344,0
DA:345,0
DA:346,0
DA:347,0
DA:348,0
DA:349,0
DA:350,0
DA:352,0
DA:353,0
DA:354,0
DA:355,0
DA:356,0
DA:357,0
DA:358,0
DA:359,0
DA:360,0
DA:365,0
DA:366,0
DA:367,0
DA:368,0
DA:369,0
DA:371,0
DA:372,0
DA:373,0
DA:375,0
DA:376,0
DA:378,0
DA:379,0
DA:380,0
DA:381,0
DA:382,0
DA:383,0
DA:384,0
DA:385,0
DA:386,0
DA:387,0
DA:388,0
DA:389,0
DA:390,0
DA:391,0
DA:392,0
DA:393,0
DA:394,0
DA:395,0
DA:396,0
DA:398,0
DA:399,0
DA:400,0
DA:401,0
DA:402,0
DA:404,0
DA:405,0
DA:406,0
DA:408,0
DA:409,0
DA:410,0
DA:411,0
DA:412,0
DA:413,0
DA:418,0
DA:419,0
DA:420,0
DA:421,0
DA:422,0
DA:423,0
DA:424,0
DA:425,0
DA:426,0
DA:427,0
DA:428,0
DA:429,0
DA:430,0
DA:431,0
DA:432,0
DA:437,0
DA:438,0
DA:439,0
DA:440,0
DA:441,0
DA:442,0
DA:443,0
DA:444,0
DA:445,0
DA:446,0
DA:447,0
DA:448,0
DA:449,0
DA:450,0
DA:452,0
DA:453,0
DA:454,0
DA:455,0
DA:456,0
DA:457,0
DA:459,0
DA:460,0
DA:461,0
DA:462,0
DA:463,0
DA:464,0
DA:465,0
DA:466,0
DA:467,0
DA:481,0
DA:482,0
DA:483,0
DA:484,0
DA:486,0
DA:487,0
DA:488,0
DA:489,0
DA:491,0
DA:492,0
DA:493,0
DA:494,0
DA:495,0
DA:496,0
DA:499,0
DA:502,0
DA:503,0
DA:504,0
DA:507,0
DA:508,0
DA:509,0
DA:510,0
DA:511,0
DA:512,0
DA:513,0
DA:514,0
DA:515,0
DA:516,0
DA:527,0
DA:528,0
DA:530,0
DA:531,0
DA:532,0
DA:533,0
DA:535,0
DA:536,0
DA:537,0
DA:538,0
DA:539,0
DA:540,0
DA:542,0
DA:543,0
DA:544,0
DA:545,0
DA:547,0
DA:548,0
DA:549,0
DA:553,0
DA:554,0
DA:555,0
DA:556,0
DA:557,0
DA:558,0
DA:560,0
DA:561,0
DA:562,0
DA:563,0
DA:564,0
DA:565,0
DA:566,0
DA:567,0
DA:568,0
DA:569,0
DA:570,0
DA:571,0
DA:587,0
DA:588,0
DA:589,0
DA:590,0
DA:591,0
DA:593,0
DA:594,0
DA:595,0
DA:596,0
DA:598,0
DA:599,0
DA:600,0
DA:601,0
DA:602,0
DA:603,0
DA:606,0
DA:607,0
DA:608,0
DA:609,0
DA:610,0
DA:612,0
DA:613,0
DA:614,0
DA:617,0
DA:618,0
DA:619,0
DA:620,0
DA:621,0
DA:622,0
DA:623,0
DA:624,0
DA:627,0
DA:628,0
DA:629,0
DA:630,0
DA:631,0
DA:632,0
DA:635,0
DA:638,0
DA:639,0
DA:640,0
DA:641,0
DA:642,0
DA:643,0
DA:644,0
DA:645,0
DA:646,0
DA:647,0
DA:648,0
DA:649,0
DA:664,0
DA:665,0
DA:667,0
DA:668,0
DA:669,0
DA:670,0
DA:672,0
DA:673,0
DA:674,0
DA:675,0
DA:676,0
DA:677,0
DA:680,0
DA:681,0
DA:682,0
DA:683,0
DA:685,0
DA:686,0
DA:687,0
DA:690,0
DA:691,0
DA:692,0
DA:693,0
DA:694,0
DA:695,0
DA:698,0
DA:701,0
DA:702,0
DA:703,0
DA:704,0
DA:705,0
DA:706,0
DA:707,0
DA:708,0
DA:709,0
DA:710,0
DA:711,0
DA:712,0
DA:726,0
DA:727,0
DA:729,0
DA:730,0
DA:731,0
DA:732,0
DA:734,0
DA:735,0
DA:736,0
DA:737,0
DA:738,0
DA:739,0
DA:742,0
DA:743,0
DA:744,0
DA:745,0
DA:747,0
DA:748,0
DA:749,0
DA:752,0
DA:755,0
DA:756,0
DA:757,0
DA:758,0
DA:759,0
DA:760,0
DA:761,0
DA:762,0
DA:763,0
DA:764,0
DA:765,0
DA:766,0
DA:780,0
DA:781,0
DA:783,0
DA:784,0
DA:785,0
DA:786,0
DA:788,0
DA:789,0
DA:790,0
DA:791,0
DA:792,0
DA:793,0
DA:796,0
DA:798,0
DA:799,0
DA:800,0
DA:803,0
DA:806,0
DA:807,0
DA:808,0
DA:809,0
DA:810,0
DA:811,0
DA:812,0
DA:813,0
DA:814,0
DA:815,0
DA:816,0
DA:817,0
LF:575
LH:0
BRDA:1,0,0,1
BRF:1
BRH:1
end_of_record
TN:
SF:app/_actions/dev-tools.ts
FN:1,(empty-report)
FNF:1
FNH:1
FNDA:1,(empty-report)
DA:3,0
DA:5,0
DA:27,0
DA:28,0
DA:30,0
DA:31,0
DA:32,0
DA:34,0
DA:35,0
DA:48,0
DA:49,0
DA:50,0
DA:51,0
DA:52,0
DA:53,0
DA:54,0
DA:55,0
DA:57,0
DA:58,0
DA:59,0
DA:61,0
DA:62,0
LF:22
LH:0
BRDA:1,0,0,1
BRF:1
BRH:1
end_of_record
TN:
SF:app/_actions/emails.ts
FN:1,(empty-report)
FNF:1
FNH:1
FNDA:1,(empty-report)
DA:10,0
DA:12,0
DA:13,0
DA:14,0
DA:17,0
DA:41,0
DA:42,0
DA:43,0
DA:44,0
DA:50,0
DA:51,0
DA:52,0
DA:54,0
DA:55,0
DA:56,0
DA:57,0
DA:58,0
DA:59,0
DA:61,0
DA:62,0
DA:63,0
DA:64,0
DA:65,0
DA:66,0
DA:68,0
DA:69,0
DA:70,0
DA:71,0
DA:72,0
DA:73,0
DA:75,0
DA:76,0
DA:77,0
DA:78,0
DA:79,0
DA:80,0
DA:81,0
DA:82,0
DA:83,0
DA:85,0
DA:86,0
DA:87,0
DA:88,0
DA:89,0
DA:90,0
DA:91,0
DA:92,0
DA:93,0
LF:48
LH:0
BRDA:1,0,0,1
BRF:1
BRH:1
end_of_record
TN:
SF:app/_actions/error-redirect.ts
FN:14,redirectToError
FNF:1
FNH:1
FNDA:4,redirectToError
DA:3,1
DA:5,1
DA:14,4
DA:15,4
DA:16,4
DA:17,4
DA:18,4
DA:19,4
DA:20,4
DA:21,4
LF:10
LH:10
BRDA:14,0,0,4
BRF:1
BRH:1
end_of_record
TN:
SF:app/_actions/flight-search-history.ts
FN:1,(empty-report)
FNF:1
FNH:1
FNDA:1,(empty-report)
DA:3,0
DA:5,0
DA:9,0
DA:10,0
DA:38,0
DA:39,0
DA:40,0
DA:41,0
DA:43,0
DA:45,0
DA:46,0
DA:48,0
DA:50,0
DA:51,0
DA:52,0
DA:55,0
DA:56,0
DA:58,0
DA:59,0
DA:60,0
DA:72,0
DA:75,0
DA:76,0
DA:78,0
DA:80,0
DA:81,0
DA:83,0
DA:84,0
DA:85,0
DA:86,0
DA:87,0
DA:88,0
DA:91,0
DA:94,0
DA:95,0
DA:96,0
DA:97,0
DA:98,0
DA:99,0
DA:100,0
DA:101,0
DA:102,0
DA:103,0
DA:104,0
DA:105,0
LF:45
LH:0
BRDA:1,0,0,1
BRF:1
BRH:1
end_of_record
TN:
SF:app/_actions/flights.ts
FN:1,(empty-report)
FNF:1
FNH:1
FNDA:1,(empty-report)
DA:3,0
DA:4,0
DA:15,0
DA:18,0
DA:19,0
DA:20,0
DA:22,0
DA:23,0
DA:35,0
DA:36,0
DA:37,0
DA:38,0
DA:40,0
DA:41,0
DA:42,0
DA:43,0
DA:44,0
DA:46,0
DA:47,0
DA:48,0
DA:50,0
DA:51,0
DA:53,0
DA:54,0
DA:55,0
DA:57,0
DA:58,0
LF:27
LH:0
BRDA:1,0,0,1
BRF:1
BRH:1
end_of_record
TN:
SF:app/_actions/orders.ts
FN:1,(empty-report)
FNF:1
FNH:1
FNDA:1,(empty-report)
DA:3,0
DA:4,0
DA:6,0
DA:7,0
DA:21,0
DA:22,0
DA:23,0
DA:48,0
DA:49,0
DA:50,0
DA:51,0
DA:52,0
DA:53,0
DA:58,0
DA:59,0
DA:60,0
DA:61,0
DA:62,0
DA:64,0
DA:69,0
DA:70,0
DA:71,0
DA:72,0
DA:73,0
DA:74,0
DA:75,0
DA:76,0
DA:87,0
DA:88,0
DA:89,0
DA:90,0
DA:98,0
DA:99,0
DA:100,0
DA:101,0
DA:102,0
DA:104,0
DA:105,0
DA:106,0
DA:107,0
DA:108,0
DA:109,0
DA:111,0
DA:113,0
DA:114,0
DA:115,0
DA:116,0
DA:117,0
DA:118,0
DA:119,0
DA:121,0
DA:123,0
DA:124,0
DA:125,0
DA:126,0
DA:127,0
DA:128,0
DA:129,0
DA:130,0
DA:131,0
DA:133,0
DA:134,0
DA:135,0
DA:136,0
DA:137,0
DA:138,0
DA:139,0
DA:140,0
DA:141,0
DA:143,0
DA:145,0
DA:146,0
DA:147,0
DA:148,0
DA:149,0
DA:150,0
DA:151,0
DA:153,0
DA:154,0
DA:155,0
DA:156,0
DA:157,0
DA:158,0
DA:159,0
DA:160,0
DA:161,0
DA:162,0
DA:163,0
DA:164,0
DA:165,0
DA:166,0
DA:167,0
DA:172,0
DA:173,0
DA:174,0
DA:175,0
DA:185,0
DA:186,0
DA:187,0
DA:188,0
DA:194,0
DA:195,0
DA:196,0
DA:197,0
DA:198,0
DA:199,0
DA:200,0
DA:201,0
DA:202,0
DA:203,0
DA:205,0
DA:206,0
DA:208,0
DA:209,0
DA:210,0
DA:211,0
DA:213,0
DA:214,0
DA:215,0
DA:216,0
DA:217,0
DA:218,0
DA:220,0
DA:221,0
DA:222,0
DA:223,0
DA:225,0
DA:226,0
DA:227,0
DA:228,0
DA:229,0
DA:230,0
DA:231,0
DA:233,0
DA:234,0
DA:235,0
DA:236,0
DA:237,0
DA:238,0
DA:239,0
DA:240,0
DA:241,0
DA:242,0
DA:243,0
DA:244,0
DA:245,0
DA:246,0
DA:247,0
DA:259,0
DA:260,0
DA:261,0
DA:262,0
DA:268,0
DA:270,0
DA:271,0
DA:272,0
DA:273,0
DA:275,0
DA:276,0
DA:277,0
DA:278,0
DA:279,0
DA:280,0
DA:283,0
DA:285,0
DA:286,0
DA:287,0
DA:288,0
DA:289,0
DA:290,0
DA:292,0
DA:293,0
DA:294,0
DA:295,0
DA:296,0
DA:297,0
DA:298,0
DA:299,0
DA:300,0
DA:301,0
DA:302,0
DA:303,0
DA:304,0
DA:305,0
DA:306,0
DA:324,0
DA:325,0
DA:326,0
DA:327,0
DA:333,0
DA:335,0
DA:336,0
DA:337,0
DA:338,0
DA:340,0
DA:341,0
DA:342,0
DA:343,0
DA:344,0
DA:345,0
DA:348,0
DA:350,0
DA:351,0
DA:352,0
DA:353,0
DA:354,0
DA:355,0
DA:357,0
DA:358,0
DA:359,0
DA:360,0
DA:361,0
DA:362,0
DA:363,0
DA:364,0
DA:365,0
DA:366,0
DA:367,0
DA:368,0
DA:369,0
DA:370,0
DA:371,0
DA:376,0
DA:377,0
DA:378,0
DA:392,0
DA:393,0
DA:394,0
DA:395,0
DA:401,0
DA:402,0
DA:403,0
DA:405,0
DA:406,0
DA:407,0
DA:408,0
DA:409,0
DA:410,0
DA:411,0
DA:413,0
DA:415,0
DA:416,0
DA:418,0
DA:419,0
DA:420,0
DA:421,0
DA:422,0
DA:423,0
DA:425,0
DA:427,0
DA:428,0
DA:429,0
DA:430,0
DA:431,0
DA:432,0
DA:433,0
DA:435,0
DA:436,0
DA:437,0
DA:438,0
DA:439,0
DA:440,0
DA:441,0
DA:442,0
DA:443,0
DA:444,0
DA:445,0
DA:446,0
DA:447,0
DA:448,0
DA:449,0
DA:451,0
DA:452,0
DA:453,0
DA:454,0
DA:455,0
DA:457,0
DA:458,0
DA:460,0
DA:461,0
DA:462,0
DA:463,0
DA:465,0
DA:466,0
DA:468,0
DA:472,0
DA:473,0
DA:475,0
DA:476,0
DA:477,0
DA:478,0
DA:479,0
DA:481,0
DA:482,0
DA:483,0
DA:485,0
DA:487,0
DA:488,0
DA:489,0
DA:490,0
DA:491,0
DA:492,0
DA:494,0
DA:495,0
DA:496,0
DA:497,0
DA:498,0
DA:499,0
DA:501,0
DA:502,0
DA:503,0
DA:504,0
DA:506,0
DA:507,0
DA:509,0
DA:510,0
DA:511,0
DA:512,0
DA:514,0
DA:515,0
DA:516,0
DA:517,0
DA:519,0
DA:520,0
DA:521,0
DA:523,0
DA:524,0
DA:525,0
DA:526,0
DA:527,0
LF:330
LH:0
BRDA:1,0,0,1
BRF:1
BRH:1
end_of_record
TN:
SF:app/_actions/passengers.ts
FN:1,(empty-report)
FNF:1
FNH:1
FNDA:1,(empty-report)
DA:3,0
DA:4,0
DA:14,0
DA:15,0
DA:17,0
DA:19,0
DA:20,0
DA:21,0
DA:22,0
DA:49,0
DA:50,0
DA:51,0
DA:55,0
DA:56,0
DA:57,0
DA:58,0
DA:59,0
DA:60,0
DA:61,0
DA:62,0
DA:63,0
DA:64,0
DA:65,0
DA:66,0
DA:67,0
DA:68,0
DA:69,0
DA:70,0
DA:71,0
DA:74,0
DA:77,0
DA:78,0
DA:79,0
DA:81,0
DA:82,0
DA:83,0
DA:84,0
DA:85,0
DA:86,0
DA:87,0
DA:88,0
DA:89,0
DA:90,0
DA:105,0
DA:106,0
DA:107,0
DA:111,0
DA:112,0
DA:113,0
DA:114,0
DA:115,0
DA:116,0
DA:117,0
DA:118,0
DA:119,0
DA:120,0
DA:121,0
DA:122,0
DA:123,0
DA:124,0
DA:125,0
DA:126,0
DA:127,0
DA:130,0
DA:133,0
DA:134,0
DA:135,0
DA:136,0
DA:137,0
DA:138,0
DA:139,0
DA:140,0
DA:141,0
DA:142,0
DA:143,0
DA:144,0
DA:145,0
DA:158,0
DA:159,0
DA:160,0
DA:163,0
DA:166,0
DA:167,0
DA:168,0
DA:170,0
DA:171,0
DA:172,0
DA:173,0
DA:174,0
DA:175,0
DA:188,0
DA:189,0
DA:190,0
DA:193,0
DA:196,0
DA:197,0
DA:198,0
DA:199,0
DA:200,0
DA:201,0
DA:202,0
DA:203,0
DA:204,0
DA:205,0
DA:206,0
DA:207,0
DA:208,0
DA:221,0
DA:222,0
DA:223,0
DA:224,0
DA:227,0
DA:228,0
DA:229,0
DA:230,0
DA:231,0
DA:232,0
DA:233,0
DA:234,0
DA:235,0
DA:236,0
DA:237,0
DA:238,0
DA:239,0
DA:240,0
DA:241,0
DA:243,0
DA:244,0
DA:245,0
DA:246,0
DA:248,0
DA:249,0
DA:250,0
DA:251,0
LF:134
LH:0
BRDA:1,0,0,1
BRF:1
BRH:1
end_of_record
TN:
SF:app/_actions/payments.ts
FN:1,(empty-report)
FNF:1
FNH:1
FNDA:1,(empty-report)
DA:3,0
DA:4,0
DA:6,0
DA:7,0
DA:8,0
DA:22,0
DA:23,0
DA:24,0
DA:25,0
DA:27,0
DA:38,0
DA:39,0
DA:40,0
DA:41,0
DA:42,0
DA:43,0
DA:44,0
DA:45,0
DA:46,0
DA:47,0
DA:48,0
DA:49,0
DA:50,0
DA:51,0
DA:53,0
DA:54,0
DA:56,0
DA:57,0
DA:58,0
DA:59,0
DA:61,0
DA:62,0
DA:63,0
DA:64,0
DA:65,0
DA:66,0
DA:68,0
DA:69,0
DA:70,0
DA:71,0
DA:72,0
DA:73,0
DA:75,0
DA:76,0
DA:77,0
DA:78,0
DA:79,0
DA:80,0
DA:81,0
DA:82,0
DA:83,0
DA:85,0
DA:86,0
DA:87,0
DA:88,0
DA:89,0
DA:90,0
DA:92,0
DA:93,0
DA:94,0
DA:95,0
DA:96,0
DA:97,0
DA:98,0
DA:99,0
DA:100,0
DA:101,0
DA:102,0
DA:103,0
DA:106,0
DA:107,0
DA:108,0
DA:109,0
DA:110,0
DA:111,0
DA:113,0
DA:114,0
DA:115,0
DA:116,0
DA:117,0
DA:118,0
LF:81
LH:0
BRDA:1,0,0,1
BRF:1
BRH:1
end_of_record
TN:
SF:app/_actions/quick-date-prices.ts
FN:1,(empty-report)
FNF:1
FNH:1
FNDA:1,(empty-report)
DA:3,0
DA:11,0
DA:12,0
DA:13,0
DA:14,0
DA:15,0
LF:6
LH:0
BRDA:1,0,0,1
BRF:1
BRH:1
end_of_record
TN:
SF:app/_actions/session.ts
FN:1,(empty-report)
FNF:1
FNH:1
FNDA:1,(empty-report)
DA:3,0
DA:4,0
DA:6,0
DA:7,0
DA:22,0
DA:23,0
DA:24,0
DA:25,0
DA:26,0
DA:28,0
DA:29,0
DA:30,0
DA:32,0
DA:33,0
DA:34,0
DA:36,0
DA:37,0
DA:38,0
DA:39,0
DA:40,0
DA:41,0
DA:42,0
DA:44,0
DA:45,0
DA:46,0
DA:47,0
DA:49,0
DA:50,0
DA:51,0
DA:53,0
DA:54,0
DA:56,0
DA:57,0
DA:58,0
DA:60,0
DA:61,0
DA:62,0
DA:63,0
DA:64,0
DA:65,0
DA:67,0
DA:68,0
DA:69,0
DA:70,0
DA:71,0
DA:72,0
DA:73,0
DA:74,0
DA:75,0
DA:76,0
DA:77,0
DA:78,0
DA:80,0
DA:81,0
DA:83,0
DA:84,0
DA:85,0
DA:87,0
DA:88,0
LF:59
LH:0
BRDA:1,0,0,1
BRF:1
BRH:1
end_of_record
TN:
SF:app/_actions/user.ts
FN:1,(empty-report)
FNF:1
FNH:1
FNDA:1,(empty-report)
DA:3,0
DA:5,0
DA:6,0
DA:7,0
DA:9,0
DA:16,0
DA:32,0
DA:33,0
DA:34,0
DA:35,0
DA:41,0
DA:43,0
DA:44,0
DA:45,0
DA:46,0
DA:48,0
DA:49,0
DA:50,0
DA:51,0
DA:52,0
DA:53,0
DA:56,0
DA:58,0
DA:59,0
DA:60,0
DA:61,0
DA:62,0
DA:63,0
DA:64,0
DA:67,0
DA:70,0
DA:71,0
DA:72,0
DA:73,0
DA:74,0
DA:75,0
DA:76,0
DA:77,0
DA:78,0
DA:79,0
DA:80,0
DA:81,0
DA:82,0
DA:83,0
DA:84,0
DA:85,0
DA:86,0
DA:87,0
DA:88,0
DA:89,0
DA:90,0
DA:91,0
DA:105,0
DA:106,0
DA:107,0
DA:108,0
DA:114,0
DA:116,0
DA:117,0
DA:118,0
DA:119,0
DA:121,0
DA:122,0
DA:123,0
DA:124,0
DA:125,0
DA:126,0
DA:129,0
DA:131,0
DA:132,0
DA:133,0
DA:134,0
DA:135,0
DA:136,0
DA:137,0
DA:140,0
DA:141,0
DA:142,0
DA:143,0
DA:146,0
DA:147,0
DA:148,0
DA:149,0
DA:150,0
DA:151,0
DA:152,0
DA:153,0
DA:154,0
DA:155,0
DA:156,0
DA:157,0
DA:158,0
DA:159,0
DA:160,0
DA:161,0
DA:162,0
DA:163,0
DA:164,0
DA:165,0
DA:166,0
DA:167,0
DA:168,0
DA:169,0
LF:103
LH:0
BRDA:1,0,0,1
BRF:1
BRH:1
end_of_record
TN:
SF:app/_components/auth/link-button.tsx
FN:1,(empty-report)
FNF:1
FNH:1
FNDA:1,(empty-report)
DA:3,0
DA:5,0
DA:6,0
DA:7,0
DA:9,0
DA:36,0
DA:41,0
DA:42,0
DA:44,0
DA:45,0
DA:46,0
DA:47,0
DA:49,0
DA:50,0
DA:51,0
DA:52,0
DA:53,0
DA:54,0
DA:55,0
DA:56,0
DA:57,0
DA:58,0
DA:60,0
DA:62,0
DA:63,0
DA:64,0
DA:65,0
DA:66,0
DA:67,0
DA:68,0
DA:70,0
DA:71,0
DA:72,0
DA:73,0
DA:74,0
DA:75,0
DA:76,0
DA:78,0
DA:80,0
LF:39
LH:0
BRDA:1,0,0,1
BRF:1
BRH:1
end_of_record
TN:
SF:app/_components/auth/registration-success.tsx
FN:1,(empty-report)
FNF:1
FNH:1
FNDA:1,(empty-report)
DA:3,0
DA:5,0
DA:22,0
DA:23,0
DA:24,0
DA:25,0
DA:26,0
DA:27,0
DA:29,0
DA:30,0
DA:31,0
DA:33,0
DA:34,0
DA:35,0
DA:37,0
DA:38,0
DA:39,0
DA:41,0
DA:42,0
DA:43,0
DA:44,0
DA:45,0
DA:47,0
DA:48,0
DA:49,0
DA:50,0
DA:51,0
DA:52,0
DA:53,0
DA:56,0
DA:59,0
DA:62,0
DA:63,0
DA:64,0
DA:65,0
DA:66,0
DA:68,0
DA:69,0
DA:70,0
DA:71,0
DA:72,0
DA:73,0
DA:75,0
DA:76,0
DA:77,0
DA:78,0
DA:80,0
LF:47
LH:0
BRDA:1,0,0,1
BRF:1
BRH:1
end_of_record
TN:
SF:app/_components/auth/sign-up-modal.tsx
FN:65,SignUpModal
FNF:1
FNH:1
FNDA:9,SignUpModal
DA:3,1
DA:4,1
DA:6,1
DA:7,1
DA:15,1
DA:24,1
DA:25,1
DA:26,1
DA:27,1
DA:28,1
DA:29,1
DA:30,1
DA:31,1
DA:32,1
DA:33,1
DA:34,1
DA:35,1
DA:36,1
DA:37,1
DA:38,1
DA:39,1
DA:40,1
DA:41,1
DA:42,1
DA:43,1
DA:44,1
DA:46,1
DA:47,1
DA:48,1
DA:49,1
DA:50,1
DA:51,1
DA:52,1
DA:53,1
DA:54,1
DA:55,1
DA:56,1
DA:57,1
DA:58,1
DA:59,1
DA:60,1
DA:61,1
DA:62,1
DA:63,1
DA:65,1
DA:66,9
DA:67,9
DA:68,9
DA:69,9
DA:70,9
DA:71,9
DA:72,9
DA:73,9
DA:74,9
DA:75,9
DA:77,9
DA:78,9
DA:80,9
DA:81,9
DA:82,9
DA:84,9
DA:86,9
DA:87,9
DA:89,9
DA:90,9
DA:92,9
DA:93,9
DA:94,9
DA:95,9
DA:96,9
DA:97,9
DA:98,9
DA:99,9
DA:101,9
DA:102,9
DA:103,9
DA:104,9
DA:105,9
DA:106,171
DA:107,171
DA:108,171
DA:109,171
DA:110,171
DA:111,171
DA:112,171
DA:113,171
DA:114,9
DA:115,9
DA:116,9
DA:117,9
DA:119,9
DA:120,9
DA:121,9
DA:122,9
DA:123,9
DA:124,9
DA:125,9
DA:126,9
DA:128,9
DA:129,9
DA:130,9
DA:132,9
DA:133,9
DA:134,9
DA:135,9
DA:136,144
DA:137,144
DA:138,144
DA:139,144
DA:140,144
DA:141,144
DA:142,144
DA:143,144
DA:144,9
DA:145,9
DA:146,9
DA:147,9
DA:149,9
DA:150,9
DA:151,9
DA:153,9
DA:155,9
DA:157,9
DA:158,9
DA:159,9
DA:161,9
DA:162,9
DA:163,9
DA:164,9
DA:166,9
DA:168,9
DA:169,9
DA:172,9
DA:173,9
DA:174,9
DA:176,9
DA:177,9
DA:178,9
DA:179,9
DA:180,9
DA:181,9
DA:183,9
DA:184,9
DA:185,9
DA:186,9
DA:187,9
DA:189,9
DA:190,9
DA:191,9
DA:192,9
DA:194,9
LF:151
LH:151
BRDA:65,0,0,9
BRDA:105,1,0,171
BRDA:135,2,0,144
BRF:3
BRH:3
end_of_record
TN:
SF:app/_components/auth/social-account-card.tsx
FN:29,GithubIcon
FN:45,GoogleIcon
FN:91,SocialAccountCard
FN:104,onMouseEnter
FN:105,onMouseLeave
FNF:5
FNH:5
FNDA:15,GithubIcon
FNDA:3,GoogleIcon
FNDA:18,SocialAccountCard
FNDA:2,onMouseEnter
FNDA:1,onMouseLeave
DA:3,2
DA:4,2
DA:6,2
DA:29,15
DA:30,15
DA:31,15
DA:32,15
DA:33,15
DA:34,15
DA:35,15
DA:37,15
DA:38,13
DA:40,15
DA:45,3
DA:46,3
DA:47,3
DA:48,3
DA:49,3
DA:50,3
DA:51,1
DA:52,3
DA:53,3
DA:54,3
DA:55,1
DA:56,3
DA:57,3
DA:58,3
DA:59,1
DA:60,3
DA:61,3
DA:62,3
DA:63,1
DA:64,1
DA:66,3
DA:91,18
DA:92,18
DA:93,18
DA:94,18
DA:95,18
DA:96,18
DA:97,18
DA:98,18
DA:99,18
DA:101,18
DA:102,18
DA:103,18
DA:104,18
DA:105,18
DA:107,18
DA:109,18
DA:110,18
DA:111,18
DA:112,14
DA:113,14
DA:116,18
DA:119,18
DA:120,18
DA:122,12
DA:123,2
DA:125,10
DA:126,10
DA:127,10
DA:128,6
DA:132,10
DA:134,14
DA:135,14
DA:136,14
DA:138,18
LF:68
LH:68
BRDA:29,0,0,15
BRDA:45,1,0,3
BRDA:91,2,0,18
BRDA:99,3,0,15
BRDA:99,4,0,3
BRDA:120,5,0,12
BRDA:122,6,0,6
BRDA:123,7,0,10
BRDA:128,8,0,10
BRDA:104,9,0,6
BRDA:105,10,0,5
BRDA:122,11,0,2
BRF:12
BRH:12
end_of_record
TN:
SF:app/_components/auth/turnstile.tsx
FN:30,TurnstileWidget2
FN:67,OTPTurnstileWidget
FNF:2
FNH:1
FNDA:2,TurnstileWidget2
FNDA:0,OTPTurnstileWidget
DA:1,1
DA:2,1
DA:27,1
DA:30,1
DA:31,2
DA:32,2
DA:33,2
DA:34,2
DA:35,2
DA:36,2
DA:37,2
DA:38,2
DA:40,2
DA:42,2
DA:43,2
DA:44,2
DA:45,2
DA:46,2
DA:47,2
DA:48,2
DA:49,2
DA:50,2
DA:51,2
DA:52,2
DA:53,2
DA:54,2
DA:55,2
DA:56,2
DA:57,2
DA:58,2
DA:61,2
DA:67,1
DA:68,0
DA:69,0
DA:70,0
DA:71,0
DA:72,0
DA:73,0
DA:76,0
LF:39
LH:32
BRDA:30,0,0,2
BRF:1
BRH:1
end_of_record
TN:
SF:app/_components/auth/unlink-button.tsx
FN:1,(empty-report)
FNF:1
FNH:1
FNDA:1,(empty-report)
DA:3,0
DA:4,0
DA:6,0
DA:7,0
DA:33,0
DA:34,0
DA:40,0
DA:41,0
DA:42,0
DA:44,0
DA:45,0
DA:46,0
DA:47,0
DA:48,0
DA:49,0
DA:50,0
DA:52,0
DA:53,0
DA:54,0
DA:55,0
DA:56,0
DA:57,0
DA:58,0
DA:60,0
DA:61,0
DA:63,0
LF:26
LH:0
BRDA:1,0,0,1
BRF:1
BRH:1
end_of_record
TN:
SF:app/_components/auth/user-sidebar.tsx
FN:63,UserSidebar
FN:67,shouldBeOpen
FN:75,isMenuItemActive
FN:82,handleUnimplementedClick
FN:89,renderMenuItem
FN:133,onClick
FNF:6
FNH:6
FNDA:19,UserSidebar
FNDA:57,shouldBeOpen
FNDA:323,isMenuItemActive
FNDA:2,handleUnimplementedClick
FNDA:380,renderMenuItem
FNDA:2,onClick
DA:3,1
DA:4,1
DA:5,1
DA:7,1
DA:9,1
DA:10,1
DA:24,1
DA:25,1
DA:26,1
DA:27,1
DA:28,1
DA:29,1
DA:30,1
DA:31,1
DA:32,1
DA:33,1
DA:34,1
DA:35,1
DA:36,1
DA:37,1
DA:38,1
DA:39,1
DA:40,1
DA:41,1
DA:42,1
DA:43,1
DA:44,1
DA:45,1
DA:46,1
DA:47,1
DA:48,1
DA:49,1
DA:50,1
DA:51,1
DA:52,1
DA:53,1
DA:54,1
DA:55,1
DA:56,1
DA:57,1
DA:58,1
DA:59,1
DA:60,1
DA:61,1
DA:63,19
DA:64,19
DA:67,19
DA:68,57
DA:69,57
DA:70,57
DA:71,57
DA:72,57
DA:75,19
DA:76,323
DA:78,323
DA:79,323
DA:82,19
DA:83,2
DA:84,2
DA:85,2
DA:86,2
DA:89,19
DA:90,380
DA:92,380
DA:93,57
DA:96,57
DA:97,57
DA:98,57
DA:99,57
DA:100,57
DA:102,57
DA:103,57
DA:104,57
DA:105,57
DA:106,57
DA:108,57
DA:109,57
DA:110,57
DA:111,57
DA:112,57
DA:113,57
DA:114,57
DA:115,57
DA:116,57
DA:117,57
DA:118,57
DA:120,57
DA:123,323
DA:124,323
DA:127,380
DA:128,209
DA:129,209
DA:130,209
DA:131,209
DA:132,209
DA:133,209
DA:135,209
DA:136,209
DA:138,209
DA:141,114
DA:142,114
DA:143,114
DA:144,114
DA:145,114
DA:146,114
DA:147,114
DA:149,114
DA:150,114
DA:151,114
DA:152,114
DA:154,114
DA:157,0
DA:158,380
DA:160,19
DA:161,19
LF:115
LH:114
BRDA:63,0,0,19
BRDA:67,1,0,57
BRDA:68,2,0,0
BRDA:70,3,0,168
BRDA:75,4,0,323
BRDA:76,5,0,0
BRDA:78,6,0,317
BRDA:82,7,0,2
BRDA:89,8,0,380
BRDA:90,9,0,57
BRDA:92,10,0,57
BRDA:120,11,0,323
BRDA:127,12,0,209
BRDA:138,13,0,114
BRDA:145,14,0,10
BRDA:145,15,0,104
BRDA:154,16,0,0
BRDA:114,17,0,190
BRDA:133,18,0,2
BRF:19
BRH:16
end_of_record
TN:
SF:app/_components/auth/forms/email-verification.tsx
FN:33,EmailVerificationForm
FN:58,handleSubmit
FN:62,handleSendOtp
FN:80,render
FN:100,render
FN:124,render
FNF:6
FNH:6
FNDA:78,EmailVerificationForm
FNDA:2,handleSubmit
FNDA:2,handleSendOtp
FNDA:81,render
FNDA:96,render
FNDA:81,render
DA:3,2
DA:4,2
DA:5,2
DA:7,2
DA:8,2
DA:9,2
DA:10,1
DA:11,1
DA:12,1
DA:13,1
DA:14,1
DA:15,1
DA:16,1
DA:17,2
DA:18,2
DA:20,1
DA:21,1
DA:23,2
DA:33,78
DA:34,78
DA:35,78
DA:36,78
DA:37,78
DA:38,78
DA:39,78
DA:40,78
DA:41,78
DA:42,78
DA:43,78
DA:44,78
DA:45,78
DA:46,78
DA:47,78
DA:50,78
DA:52,78
DA:53,71
DA:54,0
DA:55,0
DA:56,78
DA:58,78
DA:59,2
DA:60,2
DA:62,78
DA:63,2
DA:64,2
DA:65,2
DA:66,2
DA:68,78
DA:69,78
DA:70,78
DA:71,78
DA:73,78
DA:74,78
DA:76,56
DA:77,78
DA:78,78
DA:79,78
DA:80,78
DA:81,81
DA:82,81
DA:83,81
DA:84,81
DA:85,81
DA:86,81
DA:87,81
DA:88,59
DA:89,59
DA:90,81
DA:91,59
DA:93,56
DA:94,56
DA:97,78
DA:98,78
DA:99,78
DA:100,78
DA:101,96
DA:102,96
DA:104,74
DA:105,96
DA:106,96
DA:107,96
DA:108,96
DA:109,96
DA:110,96
DA:111,96
DA:112,96
DA:113,74
DA:114,74
DA:115,96
DA:116,74
DA:118,56
DA:121,78
DA:122,78
DA:123,78
DA:124,78
DA:125,81
DA:126,81
DA:127,81
DA:128,81
DA:129,81
DA:130,59
DA:131,59
DA:132,81
DA:133,81
DA:135,81
DA:136,81
DA:137,81
DA:138,81
DA:140,81
DA:142,81
DA:143,81
DA:144,81
DA:145,81
DA:147,81
DA:149,59
DA:150,81
DA:151,59
DA:152,59
DA:154,56
DA:155,56
DA:158,78
DA:159,78
DA:160,78
DA:161,78
DA:163,78
DA:164,56
DA:167,78
DA:168,78
DA:169,78
DA:170,78
DA:171,78
DA:173,56
DA:174,56
DA:175,56
DA:176,56
DA:178,78
LF:136
LH:134
BRDA:33,0,0,78
BRDA:163,1,0,0
BRDA:52,2,0,71
BRDA:53,3,0,0
BRDA:53,4,0,0
BRDA:58,5,0,2
BRDA:62,6,0,2
BRDA:80,7,0,81
BRDA:100,8,0,96
BRDA:124,9,0,81
BRF:10
BRH:7
end_of_record
TN:
SF:app/_components/auth/forms/otp-input.tsx
FN:34,getOtpButtonText
FN:48,OtpInput
FN:79,onChange
FN:79,onChange
FNF:4
FNH:4
FNDA:486,getOtpButtonText
FNDA:486,OtpInput
FNDA:119,onChange
FNDA:363,onChange
DA:3,2
DA:5,2
DA:6,2
DA:7,2
DA:34,486
DA:35,486
DA:36,486
DA:37,486
DA:38,315
DA:39,486
DA:40,486
DA:41,486
DA:42,486
DA:48,486
DA:49,486
DA:50,486
DA:51,486
DA:52,486
DA:53,486
DA:54,486
DA:55,486
DA:56,486
DA:57,486
DA:58,486
DA:59,486
DA:60,486
DA:61,486
DA:62,486
DA:65,486
DA:68,486
DA:69,43
DA:70,3
DA:71,3
DA:72,486
DA:74,486
DA:75,486
DA:76,486
DA:77,486
DA:78,486
DA:79,486
DA:80,486
DA:81,486
DA:82,486
DA:83,486
DA:84,315
DA:85,486
DA:86,486
DA:87,486
DA:88,486
DA:89,486
DA:90,486
DA:91,486
DA:93,486
DA:94,315
DA:95,315
DA:97,486
LF:56
LH:56
BRDA:34,0,0,486
BRDA:39,1,0,0
BRDA:40,2,0,6
BRDA:40,3,0,480
BRDA:41,4,0,0
BRDA:41,5,0,480
BRDA:48,6,0,486
BRDA:62,7,0,482
BRDA:62,8,0,482
BRDA:62,9,0,476
BRDA:83,10,0,482
BRDA:68,11,0,43
BRDA:69,12,0,3
BRDA:79,13,0,119
BRDA:79,14,0,363
BRF:15
BRH:13
end_of_record
TN:
SF:app/_components/auth/forms/password-setup.tsx
FN:48,PasswordSetupForm
FN:70,handleSubmit
FN:126,render
FN:143,onClick
FN:165,render
FN:182,onClick
FN:143,onClick
FN:182,onClick
FNF:8
FNH:8
FNDA:214,PasswordSetupForm
FNDA:2,handleSubmit
FNDA:221,render
FNDA:1,onClick
FNDA:316,render
FNDA:2,onClick
FNDA:200,onClick
FNDA:295,onClick
DA:3,2
DA:4,2
DA:5,2
DA:6,2
DA:7,2
DA:9,2
DA:10,2
DA:11,1
DA:12,1
DA:13,1
DA:14,1
DA:15,1
DA:16,1
DA:17,1
DA:18,2
DA:19,2
DA:20,2
DA:22,1
DA:23,1
DA:25,2
DA:48,214
DA:49,214
DA:50,214
DA:51,214
DA:52,214
DA:53,214
DA:54,214
DA:56,214
DA:57,214
DA:58,214
DA:59,214
DA:60,214
DA:61,214
DA:62,214
DA:64,214
DA:66,214
DA:67,214
DA:70,214
DA:71,2
DA:72,2
DA:75,214
DA:78,214
DA:79,214
DA:83,214
DA:84,214
DA:85,214
DA:86,214
DA:87,214
DA:88,214
DA:89,214
DA:90,214
DA:91,214
DA:92,214
DA:93,214
DA:94,214
DA:95,214
DA:96,214
DA:97,214
DA:98,214
DA:99,214
DA:100,214
DA:101,214
DA:102,214
DA:103,214
DA:104,214
DA:105,214
DA:106,193
DA:108,214
DA:109,214
DA:110,214
DA:112,214
DA:113,23
DA:114,23
DA:115,23
DA:116,23
DA:117,2
DA:118,2
DA:121,214
DA:123,214
DA:124,214
DA:125,214
DA:126,214
DA:127,221
DA:128,221
DA:130,200
DA:131,221
DA:132,221
DA:133,221
DA:134,221
DA:135,221
DA:136,221
DA:137,221
DA:138,200
DA:139,200
DA:140,221
DA:141,221
DA:142,221
DA:143,221
DA:144,1
DA:145,1
DA:146,1
DA:147,221
DA:149,221
DA:150,1
DA:152,220
DA:154,200
DA:155,200
DA:156,221
DA:157,200
DA:159,193
DA:162,214
DA:163,214
DA:164,214
DA:165,214
DA:166,316
DA:167,316
DA:169,295
DA:170,316
DA:171,316
DA:172,316
DA:173,316
DA:174,316
DA:175,316
DA:176,316
DA:177,295
DA:178,295
DA:179,316
DA:180,316
DA:181,316
DA:182,316
DA:183,2
DA:184,2
DA:185,2
DA:186,316
DA:188,316
DA:189,1
DA:191,315
DA:193,295
DA:194,295
DA:195,316
DA:196,295
DA:198,193
DA:201,214
DA:202,214
DA:204,193
DA:205,214
DA:206,214
DA:207,986
DA:208,986
DA:209,428
DA:210,76
DA:211,336
DA:212,600
DA:213,333
DA:215,298
DA:218,986
DA:219,986
DA:220,986
DA:221,409
DA:222,661
DA:223,352
DA:224,309
DA:227,986
DA:228,965
DA:229,965
DA:230,193
DA:231,193
DA:232,214
DA:233,214
DA:234,214
DA:235,214
DA:236,214
DA:237,214
DA:238,214
DA:239,121
DA:240,93
DA:241,68
DA:242,25
DA:243,10
DA:244,15
DA:245,10
DA:246,23
DA:247,193
DA:248,193
DA:249,193
DA:250,214
DA:251,214
DA:252,214
DA:253,189
DA:254,25
DA:255,10
DA:256,31
DA:257,193
DA:259,214
DA:260,189
DA:261,25
DA:262,10
DA:263,15
DA:264,193
DA:265,193
DA:266,193
DA:267,193
DA:268,193
DA:271,214
DA:272,214
DA:273,214
DA:274,214
DA:276,214
DA:277,193
DA:279,214
DA:280,214
DA:281,214
DA:283,193
DA:284,193
DA:286,193
DA:287,193
DA:289,214
LF:217
LH:217
BRDA:48,0,0,214
BRDA:86,1,0,69
BRDA:112,2,0,23
BRDA:238,3,0,121
BRDA:239,4,0,104
BRDA:240,5,0,68
BRDA:241,6,0,39
BRDA:242,7,0,10
BRDA:243,8,0,31
BRDA:244,9,0,10
BRDA:245,10,0,23
BRDA:252,11,0,189
BRDA:253,12,0,39
BRDA:254,13,0,10
BRDA:255,14,0,31
BRDA:259,15,0,189
BRDA:260,16,0,25
BRDA:261,17,0,10
BRDA:262,18,0,15
BRDA:276,19,0,4
BRDA:276,20,0,210
BRDA:70,21,0,2
BRDA:126,22,0,221
BRDA:135,23,0,1
BRDA:135,24,0,220
BRDA:147,25,0,1
BRDA:147,26,0,220
BRDA:149,27,0,1
BRDA:150,28,0,220
BRDA:143,29,0,22
BRDA:165,30,0,316
BRDA:174,31,0,1
BRDA:174,32,0,315
BRDA:186,33,0,1
BRDA:186,34,0,315
BRDA:188,35,0,1
BRDA:189,36,0,315
BRDA:182,37,0,23
BRDA:206,38,0,986
BRDA:208,39,0,428
BRDA:209,40,0,76
BRDA:210,41,0,336
BRDA:211,42,0,600
BRDA:212,43,0,333
BRDA:213,44,0,298
BRDA:220,45,0,409
BRDA:221,46,0,661
BRDA:222,47,0,352
BRDA:223,48,0,309
BRDA:7,49,0,0
BRDA:239,50,0,93
BRDA:241,51,0,25
BRDA:243,52,0,15
BRDA:245,53,0,5
BRDA:253,54,0,25
BRDA:255,55,0,15
BRDA:149,56,0,200
BRDA:188,57,0,295
BRDA:209,58,0,399
BRDA:211,59,0,608
BRDA:212,60,0,610
BRF:61
BRH:60
end_of_record
TN:
SF:app/_components/auth/forms/phone-verification.tsx
FN:33,PhoneVerificationForm
FN:58,handleSubmit
FN:62,handleSendOtp
FN:76,render
FN:100,render
FN:124,render
FNF:6
FNH:6
FNDA:82,PhoneVerificationForm
FNDA:2,handleSubmit
FNDA:2,handleSendOtp
FNDA:87,render
FNDA:114,render
FNDA:86,render
DA:3,2
DA:4,2
DA:5,2
DA:7,2
DA:8,2
DA:9,2
DA:10,1
DA:11,1
DA:12,1
DA:13,1
DA:14,1
DA:15,1
DA:16,1
DA:17,2
DA:18,2
DA:20,1
DA:21,1
DA:23,2
DA:33,82
DA:34,82
DA:35,82
DA:36,82
DA:37,82
DA:38,82
DA:39,82
DA:40,82
DA:41,82
DA:42,82
DA:43,82
DA:44,82
DA:45,82
DA:46,82
DA:47,82
DA:50,82
DA:52,82
DA:53,70
DA:54,0
DA:55,0
DA:56,82
DA:58,82
DA:59,2
DA:60,2
DA:62,82
DA:63,2
DA:64,2
DA:65,2
DA:66,2
DA:68,82
DA:69,82
DA:70,82
DA:71,82
DA:73,82
DA:74,82
DA:75,82
DA:76,82
DA:77,87
DA:78,87
DA:80,70
DA:81,87
DA:82,87
DA:83,87
DA:84,87
DA:85,87
DA:86,87
DA:87,87
DA:88,87
DA:89,70
DA:90,70
DA:91,87
DA:92,70
DA:94,65
DA:97,82
DA:98,82
DA:99,82
DA:100,82
DA:101,114
DA:102,114
DA:104,97
DA:105,114
DA:106,114
DA:107,114
DA:108,114
DA:109,114
DA:110,114
DA:111,114
DA:112,114
DA:113,97
DA:114,97
DA:115,114
DA:116,97
DA:118,65
DA:121,82
DA:122,82
DA:123,82
DA:124,82
DA:125,86
DA:126,86
DA:127,86
DA:128,86
DA:129,86
DA:130,69
DA:131,69
DA:132,86
DA:133,86
DA:135,86
DA:136,86
DA:137,86
DA:138,86
DA:140,86
DA:142,86
DA:143,86
DA:144,86
DA:145,86
DA:147,86
DA:149,69
DA:150,86
DA:151,69
DA:152,69
DA:154,65
DA:155,65
DA:158,82
DA:159,82
DA:160,82
DA:161,82
DA:163,82
DA:164,65
DA:167,82
DA:168,82
DA:169,82
DA:170,82
DA:171,82
DA:173,65
DA:174,65
DA:175,65
DA:176,65
DA:178,82
LF:136
LH:134
BRDA:33,0,0,82
BRDA:163,1,0,2
BRDA:163,2,0,80
BRDA:52,3,0,70
BRDA:53,4,0,0
BRDA:53,5,0,0
BRDA:58,6,0,2
BRDA:62,7,0,2
BRDA:76,8,0,87
BRDA:100,9,0,114
BRDA:124,10,0,86
BRF:11
BRH:9
end_of_record
TN:
SF:app/_components/auth/forms/unified-login.tsx
FN:49,ErrorDisplay
FN:68,TermsCheckbox
FN:128,PasswordLoginForm
FN:146,handleSubmit
FN:166,getFirstError
FN:201,render
FN:220,render
FN:259,render
FN:332,OtpLoginForm
FN:361,handleSendOtp
FN:408,handleSubmit
FN:428,getFirstError
FN:463,render
FN:482,render
FN:522,render
FN:586,UnifiedLoginForm
FN:598,toggleLoginMethod
FNF:17
FNH:17
FNDA:187,ErrorDisplay
FNDA:193,TermsCheckbox
FNDA:64,PasswordLoginForm
FNDA:3,handleSubmit
FNDA:64,getFirstError
FNDA:179,render
FNDA:133,render
FNDA:79,render
FNDA:133,OtpLoginForm
FNDA:1,handleSendOtp
FNDA:1,handleSubmit
FNDA:133,getFirstError
FNDA:134,render
FNDA:152,render
FNDA:130,render
FNDA:45,UnifiedLoginForm
FNDA:3,toggleLoginMethod
DA:3,2
DA:4,2
DA:5,2
DA:6,2
DA:7,2
DA:8,2
DA:11,2
DA:13,1
DA:14,1
DA:15,2
DA:16,2
DA:17,2
DA:18,1
DA:19,1
DA:20,1
DA:21,1
DA:22,1
DA:23,1
DA:24,2
DA:25,2
DA:26,1
DA:27,1
DA:28,1
DA:29,1
DA:30,2
DA:31,2
DA:32,2
DA:35,2
DA:38,1
DA:39,1
DA:40,1
DA:42,2
DA:49,187
DA:50,187
DA:52,11
DA:53,11
DA:54,11
DA:55,11
DA:56,11
DA:58,11
DA:68,193
DA:69,193
DA:70,193
DA:71,193
DA:72,193
DA:73,193
DA:74,193
DA:75,193
DA:76,193
DA:77,193
DA:78,193
DA:79,193
DA:80,193
DA:81,193
DA:82,193
DA:83,193
DA:84,189
DA:85,189
DA:86,193
DA:87,6
DA:89,2
DA:91,189
DA:92,189
DA:93,193
DA:94,193
DA:95,193
DA:97,193
DA:98,193
DA:99,193
DA:101,189
DA:102,189
DA:103,189
DA:105,193
DA:128,64
DA:129,64
DA:130,64
DA:131,64
DA:132,64
DA:133,64
DA:134,64
DA:135,64
DA:136,64
DA:137,64
DA:138,64
DA:139,64
DA:140,64
DA:141,64
DA:142,64
DA:143,64
DA:144,64
DA:146,64
DA:148,3
DA:149,3
DA:151,3
DA:152,3
DA:154,3
DA:155,3
DA:157,3
DA:159,3
DA:160,3
DA:161,0
DA:162,0
DA:163,3
DA:166,64
DA:167,64
DA:170,64
DA:171,64
DA:173,58
DA:174,64
DA:176,64
DA:179,64
DA:180,64
DA:181,7
DA:182,3
DA:184,64
DA:185,64
DA:186,64
DA:187,64
DA:188,64
DA:191,64
DA:192,64
DA:194,62
DA:195,62
DA:198,64
DA:199,64
DA:200,64
DA:201,64
DA:202,179
DA:203,179
DA:204,179
DA:205,179
DA:206,179
DA:207,179
DA:208,179
DA:209,179
DA:210,177
DA:211,177
DA:212,177
DA:214,62
DA:217,64
DA:218,64
DA:219,64
DA:220,64
DA:221,133
DA:222,133
DA:223,133
DA:224,133
DA:225,133
DA:226,133
DA:227,133
DA:228,133
DA:229,133
DA:230,131
DA:231,133
DA:232,133
DA:233,133
DA:234,133
DA:236,131
DA:237,131
DA:238,131
DA:239,131
DA:241,62
DA:244,64
DA:247,64
DA:248,64
DA:249,64
DA:250,64
DA:251,64
DA:253,62
DA:256,64
DA:257,64
DA:258,64
DA:259,64
DA:260,79
DA:261,79
DA:262,79
DA:263,79
DA:264,79
DA:265,79
DA:266,2
DA:267,77
DA:269,77
DA:271,62
DA:274,64
DA:275,64
DA:276,64
DA:277,64
DA:278,64
DA:279,64
DA:280,64
DA:281,64
DA:283,62
DA:285,64
DA:286,64
DA:287,64
DA:288,64
DA:290,62
DA:291,62
DA:292,62
DA:293,62
DA:295,64
DA:332,133
DA:333,133
DA:334,133
DA:335,133
DA:336,133
DA:337,133
DA:338,133
DA:339,133
DA:340,133
DA:341,133
DA:342,133
DA:343,133
DA:344,133
DA:345,133
DA:346,133
DA:347,133
DA:348,133
DA:349,133
DA:350,133
DA:351,133
DA:352,133
DA:353,133
DA:354,133
DA:355,133
DA:356,131
DA:357,133
DA:358,133
DA:359,133
DA:361,133
DA:363,1
DA:365,1
DA:366,1
DA:367,1
DA:369,0
DA:372,0
DA:373,0
DA:375,1
DA:377,0
DA:378,0
DA:379,0
DA:380,0
DA:381,0
DA:384,0
DA:385,0
DA:386,0
DA:389,0
DA:390,0
DA:391,0
DA:392,0
DA:393,0
DA:394,0
DA:395,0
DA:396,0
DA:399,1
DA:400,1
DA:401,0
DA:402,0
DA:403,0
DA:404,0
DA:405,0
DA:406,1
DA:408,133
DA:410,1
DA:411,1
DA:413,1
DA:414,1
DA:416,1
DA:417,1
DA:419,1
DA:421,1
DA:422,1
DA:423,0
DA:424,0
DA:425,1
DA:428,133
DA:429,133
DA:432,133
DA:433,133
DA:435,128
DA:436,133
DA:438,133
DA:441,133
DA:442,133
DA:443,5
DA:444,4
DA:446,133
DA:447,133
DA:448,133
DA:449,133
DA:450,133
DA:453,133
DA:454,133
DA:456,131
DA:457,131
DA:460,133
DA:461,133
DA:462,133
DA:463,133
DA:464,134
DA:465,134
DA:466,134
DA:467,134
DA:468,134
DA:469,134
DA:470,134
DA:471,134
DA:472,132
DA:473,132
DA:474,132
DA:476,131
DA:479,133
DA:480,133
DA:481,133
DA:482,133
DA:483,152
DA:484,152
DA:485,152
DA:486,152
DA:487,152
DA:488,152
DA:489,152
DA:490,152
DA:491,152
DA:492,152
DA:493,150
DA:494,150
DA:495,150
DA:497,131
DA:500,133
DA:501,133
DA:502,133
DA:503,133
DA:504,131
DA:507,133
DA:510,133
DA:511,133
DA:512,133
DA:513,133
DA:514,133
DA:516,131
DA:519,133
DA:520,133
DA:521,133
DA:522,133
DA:523,130
DA:524,130
DA:525,130
DA:526,130
DA:527,130
DA:528,130
DA:529,2
DA:530,128
DA:532,128
DA:534,131
DA:537,133
DA:538,133
DA:539,133
DA:540,133
DA:541,133
DA:542,133
DA:543,133
DA:544,133
DA:546,131
DA:547,131
DA:548,131
DA:549,131
DA:551,133
DA:586,45
DA:587,45
DA:588,45
DA:589,45
DA:590,45
DA:591,45
DA:592,45
DA:593,45
DA:594,45
DA:595,43
DA:596,43
DA:598,45
DA:599,3
DA:600,3
DA:602,45
DA:603,27
DA:604,27
DA:605,27
DA:606,27
DA:607,27
DA:608,27
DA:609,27
DA:610,26
DA:611,27
DA:612,27
DA:613,27
DA:614,26
DA:615,26
DA:616,26
DA:618,27
DA:620,18
DA:621,18
DA:622,18
DA:623,18
DA:624,18
DA:625,18
DA:626,18
DA:627,17
DA:629,18
LF:407
LH:379
BRDA:49,0,0,187
BRDA:50,1,0,176
BRDA:50,2,0,11
BRDA:68,3,0,193
BRDA:77,4,0,2
BRDA:77,5,0,191
BRDA:86,6,0,6
BRDA:128,7,0,64
BRDA:180,8,0,7
BRDA:181,9,0,3
BRDA:146,10,0,5
BRDA:149,11,0,2
BRDA:152,12,0,2
BRDA:155,13,0,2
BRDA:160,14,0,2
BRDA:166,15,0,64
BRDA:170,16,0,4
BRDA:170,17,0,60
BRDA:171,18,0,2
BRDA:171,19,0,58
BRDA:201,20,0,179
BRDA:220,21,0,133
BRDA:259,22,0,79
BRDA:265,23,0,2
BRDA:266,24,0,77
BRDA:332,25,0,133
BRDA:442,26,0,5
BRDA:443,27,0,4
BRDA:354,28,0,98
BRDA:361,29,0,3
BRDA:367,30,0,2
BRDA:375,31,0,2
BRDA:400,32,0,2
BRDA:408,33,0,3
BRDA:411,34,0,2
BRDA:414,35,0,2
BRDA:417,36,0,2
BRDA:422,37,0,2
BRDA:428,38,0,133
BRDA:432,39,0,2
BRDA:432,40,0,131
BRDA:433,41,0,3
BRDA:433,42,0,128
BRDA:463,43,0,134
BRDA:482,44,0,152
BRDA:522,45,0,130
BRDA:528,46,0,2
BRDA:529,47,0,128
BRDA:586,48,0,45
BRDA:602,49,0,27
BRDA:618,50,0,18
BRDA:598,51,0,5
BRDA:599,52,0,5
BRDA:599,53,0,4
BRDA:599,54,0,3
BRDA:5,55,0,0
BRDA:602,56,0,44
BRF:57
BRH:56
end_of_record
TN:
SF:app/_components/auth/forms/unified-signup.tsx
FN:1,(empty-report)
FNF:1
FNH:1
FNDA:1,(empty-report)
DA:3,0
DA:4,0
DA:7,0
DA:8,0
DA:9,0
DA:10,0
DA:18,0
DA:19,0
DA:20,0
DA:60,0
DA:61,0
DA:62,0
DA:63,0
DA:64,0
DA:65,0
DA:66,0
DA:67,0
DA:68,0
DA:69,0
DA:70,0
DA:71,0
DA:72,0
DA:73,0
DA:74,0
DA:75,0
DA:76,0
DA:77,0
DA:79,0
DA:80,0
DA:81,0
DA:83,0
DA:84,0
DA:85,0
DA:86,0
DA:87,0
DA:88,0
DA:90,0
DA:91,0
DA:92,0
DA:93,0
DA:94,0
DA:99,0
DA:100,0
DA:101,0
DA:102,0
DA:103,0
DA:105,0
DA:107,0
DA:109,0
DA:111,0
DA:112,0
DA:113,0
DA:114,0
DA:116,0
DA:117,0
DA:118,0
DA:119,0
DA:120,0
DA:122,0
DA:124,0
DA:125,0
DA:126,0
DA:127,0
DA:128,0
DA:129,0
DA:130,0
DA:131,0
DA:132,0
DA:133,0
DA:134,0
DA:135,0
DA:136,0
DA:137,0
DA:138,0
DA:143,0
DA:144,0
DA:145,0
DA:146,0
DA:147,0
DA:149,0
DA:151,0
DA:153,0
DA:155,0
DA:156,0
DA:157,0
DA:158,0
DA:160,0
DA:161,0
DA:162,0
DA:163,0
DA:164,0
DA:166,0
DA:168,0
DA:169,0
DA:170,0
DA:171,0
DA:172,0
DA:173,0
DA:174,0
DA:175,0
DA:176,0
DA:177,0
DA:178,0
DA:179,0
DA:180,0
DA:181,0
DA:182,0
DA:187,0
DA:188,0
DA:189,0
DA:190,0
DA:191,0
DA:192,0
DA:193,0
DA:198,0
DA:199,0
DA:200,0
DA:201,0
DA:202,0
DA:203,0
DA:204,0
DA:206,0
DA:207,0
DA:208,0
DA:209,0
DA:210,0
DA:211,0
DA:213,0
DA:214,0
DA:215,0
DA:216,0
DA:219,0
DA:220,0
DA:221,0
DA:222,0
DA:223,0
DA:224,0
DA:225,0
DA:226,0
DA:227,0
DA:230,0
DA:231,0
DA:232,0
DA:233,0
DA:234,0
DA:235,0
DA:236,0
DA:237,0
DA:238,0
DA:239,0
DA:242,0
DA:243,0
DA:244,0
DA:245,0
DA:246,0
DA:247,0
DA:249,0
LF:157
LH:0
BRDA:1,0,0,1
BRF:1
BRH:1
end_of_record
TN:
SF:app/_components/common/app-sidebar.tsx
FN:200,SidebarMenuItemWithHover
FN:249,handleClick
FN:261,onClick
FN:291,onClick
FN:323,onClick
FN:336,AppSidebar
FN:349,onClick
FNF:7
FNH:7
FNDA:416,SidebarMenuItemWithHover
FNDA:5,handleClick
FNDA:3,onClick
FNDA:1,onClick
FNDA:1,onClick
FNDA:26,AppSidebar
FNDA:1,onClick
DA:3,1
DA:23,1
DA:24,1
DA:25,1
DA:27,1
DA:28,1
DA:33,1
DA:34,1
DA:46,1
DA:69,1
DA:71,1
DA:72,1
DA:73,1
DA:74,1
DA:75,1
DA:76,1
DA:77,1
DA:78,1
DA:79,1
DA:80,1
DA:81,1
DA:82,1
DA:83,1
DA:84,1
DA:85,1
DA:86,1
DA:87,1
DA:88,1
DA:89,1
DA:90,1
DA:91,1
DA:92,1
DA:93,1
DA:94,1
DA:95,1
DA:96,1
DA:97,1
DA:98,1
DA:99,1
DA:100,1
DA:101,1
DA:102,1
DA:103,1
DA:104,1
DA:105,1
DA:106,1
DA:107,1
DA:108,1
DA:109,1
DA:110,1
DA:111,1
DA:112,1
DA:113,1
DA:114,1
DA:115,1
DA:116,1
DA:117,1
DA:118,1
DA:119,1
DA:120,1
DA:121,1
DA:122,1
DA:123,1
DA:124,1
DA:125,1
DA:126,1
DA:127,1
DA:128,1
DA:129,1
DA:130,1
DA:131,1
DA:132,1
DA:133,1
DA:134,1
DA:135,1
DA:136,1
DA:137,1
DA:138,1
DA:139,1
DA:140,1
DA:141,1
DA:142,1
DA:144,1
DA:145,1
DA:146,1
DA:147,1
DA:148,1
DA:149,1
DA:150,1
DA:151,1
DA:152,1
DA:153,1
DA:154,1
DA:155,1
DA:156,1
DA:157,1
DA:158,1
DA:159,1
DA:160,1
DA:162,1
DA:163,1
DA:164,1
DA:165,1
DA:166,1
DA:167,1
DA:168,1
DA:169,1
DA:170,1
DA:171,1
DA:172,1
DA:173,1
DA:174,1
DA:175,1
DA:176,1
DA:177,1
DA:178,1
DA:180,1
DA:181,1
DA:182,1
DA:183,1
DA:184,1
DA:185,1
DA:186,1
DA:187,1
DA:188,1
DA:189,1
DA:190,1
DA:191,1
DA:192,1
DA:193,1
DA:194,1
DA:195,1
DA:196,1
DA:197,1
DA:200,416
DA:201,416
DA:202,416
DA:203,416
DA:204,416
DA:205,416
DA:206,416
DA:209,416
DA:210,416
DA:212,972
DA:214,218
DA:215,218
DA:216,218
DA:217,218
DA:220,972
DA:223,22
DA:226,0
DA:227,0
DA:228,0
DA:230,0
DA:231,0
DA:233,0
DA:234,0
DA:235,972
DA:236,416
DA:237,416
DA:240,416
DA:241,416
DA:242,182
DA:243,234
DA:244,416
DA:247,416
DA:249,416
DA:250,5
DA:251,2
DA:252,2
DA:253,2
DA:254,5
DA:255,3
DA:256,3
DA:257,5
DA:259,416
DA:260,416
DA:261,416
DA:262,416
DA:263,416
DA:264,416
DA:265,416
DA:266,8
DA:267,416
DA:269,416
DA:270,416
DA:271,416
DA:275,416
DA:276,234
DA:277,234
DA:280,416
DA:281,8
DA:282,8
DA:283,8
DA:284,8
DA:285,8
DA:286,48
DA:287,48
DA:288,48
DA:289,48
DA:290,48
DA:291,48
DA:292,48
DA:293,48
DA:294,48
DA:295,8
DA:296,40
DA:297,48
DA:299,48
DA:300,48
DA:302,8
DA:303,8
DA:304,8
DA:306,8
DA:309,174
DA:310,174
DA:311,174
DA:312,174
DA:313,174
DA:314,174
DA:315,174
DA:316,174
DA:317,174
DA:319,174
DA:320,416
DA:321,498
DA:322,498
DA:323,498
DA:324,498
DA:326,498
DA:327,498
DA:328,416
DA:329,416
DA:330,416
DA:331,416
DA:332,416
DA:334,416
DA:336,1
DA:337,26
DA:339,26
DA:340,26
DA:341,26
DA:343,26
DA:344,26
DA:345,26
DA:346,26
DA:347,26
DA:349,26
DA:351,26
DA:352,26
DA:353,26
DA:354,26
DA:355,26
DA:357,26
DA:359,26
DA:360,26
DA:361,26
DA:362,26
DA:363,182
DA:364,26
DA:365,26
DA:366,26
DA:367,26
DA:369,26
DA:372,26
DA:373,26
DA:374,26
DA:375,26
DA:376,78
DA:377,26
DA:378,26
DA:379,26
DA:380,26
DA:382,26
DA:385,26
DA:386,26
DA:387,26
DA:388,26
DA:389,78
DA:390,26
DA:391,26
DA:392,26
DA:393,26
DA:395,26
DA:398,26
DA:399,26
DA:400,26
DA:401,26
DA:402,78
DA:403,26
DA:404,26
DA:405,26
DA:406,26
DA:407,26
DA:409,26
DA:410,26
DA:412,26
LF:297
LH:290
BRDA:200,0,0,416
BRDA:206,1,0,182
BRDA:241,2,0,182
BRDA:242,3,0,234
BRDA:244,4,0,410
BRDA:247,5,0,8
BRDA:265,6,0,8
BRDA:275,7,0,234
BRDA:277,8,0,182
BRDA:280,9,0,8
BRDA:306,10,0,174
BRDA:210,11,0,972
BRDA:212,12,0,754
BRDA:212,13,0,218
BRDA:220,14,0,196
BRDA:220,15,0,22
BRDA:223,16,0,0
BRDA:242,17,0,508
BRDA:249,18,0,5
BRDA:250,19,0,2
BRDA:254,20,0,3
BRDA:261,21,0,3
BRDA:285,22,0,48
BRDA:294,23,0,8
BRDA:295,24,0,40
BRDA:291,25,0,1
BRDA:320,26,0,498
BRDA:323,27,0,1
BRDA:336,28,0,26
BRDA:349,29,0,1
BRDA:362,30,0,182
BRDA:375,31,0,78
BRDA:388,32,0,78
BRDA:401,33,0,78
BRF:34
BRH:33
end_of_record
TN:
SF:app/_components/common/bread-crumb-nav.tsx
FN:23,BreadCrumbNav
FNF:1
FNH:1
FNDA:7,BreadCrumbNav
DA:1,2
DA:3,2
DA:4,1
DA:5,1
DA:6,1
DA:7,1
DA:8,1
DA:9,1
DA:10,1
DA:23,2
DA:24,7
DA:25,7
DA:26,7
DA:27,7
DA:28,7
DA:29,7
DA:30,7
DA:31,7
DA:32,7
DA:33,7
DA:35,4
DA:36,4
DA:37,4
DA:38,7
DA:39,7
DA:40,7
DA:41,7
DA:42,7
DA:43,7
DA:44,7
DA:46,4
DA:47,4
DA:48,4
DA:49,7
DA:50,7
DA:51,7
DA:53,4
DA:54,4
DA:55,4
DA:56,4
DA:57,4
DA:59,7
LF:42
LH:42
BRDA:23,0,0,7
BRDA:1,1,0,0
BRF:2
BRH:1
end_of_record
TN:
SF:app/_components/common/construction.tsx
FN:12,UnderConstruction
FNF:1
FNH:1
FNDA:3,UnderConstruction
DA:1,1
DA:3,1
DA:4,1
DA:5,1
DA:6,1
DA:7,1
DA:8,1
DA:9,1
DA:10,1
DA:12,3
DA:13,3
DA:14,3
DA:15,3
DA:20,3
DA:21,3
DA:22,3
DA:23,3
DA:24,3
DA:25,3
DA:27,3
DA:28,3
DA:30,3
DA:33,3
LF:23
LH:23
BRDA:12,0,0,3
BRF:1
BRH:1
end_of_record
TN:
SF:app/_components/common/data-table-with-actions.tsx
FN:1,(empty-report)
FNF:1
FNH:1
FNDA:1,(empty-report)
DA:3,0
DA:5,0
DA:15,0
DA:16,0
DA:17,0
DA:18,0
DA:26,0
DA:111,0
DA:112,0
DA:113,0
DA:114,0
DA:115,0
DA:116,0
DA:117,0
DA:118,0
DA:119,0
DA:120,0
DA:121,0
DA:122,0
DA:123,0
DA:124,0
DA:125,0
DA:126,0
DA:127,0
DA:128,0
DA:129,0
DA:130,0
DA:131,0
DA:132,0
DA:133,0
DA:134,0
DA:135,0
DA:137,0
DA:139,0
DA:141,0
DA:144,0
DA:145,0
DA:149,0
DA:151,0
DA:152,0
DA:153,0
DA:154,0
DA:155,0
DA:156,0
DA:157,0
DA:160,0
DA:161,0
DA:162,0
DA:163,0
DA:164,0
DA:165,0
DA:166,0
DA:167,0
DA:168,0
DA:171,0
DA:172,0
DA:173,0
DA:175,0
DA:177,0
DA:178,0
DA:179,0
DA:180,0
DA:182,0
DA:183,0
DA:184,0
DA:185,0
DA:186,0
DA:189,0
DA:190,0
DA:191,0
DA:192,0
DA:195,0
DA:196,0
DA:197,0
DA:200,0
DA:202,0
DA:203,0
DA:204,0
DA:205,0
DA:208,0
DA:209,0
DA:210,0
DA:211,0
DA:212,0
DA:213,0
DA:214,0
DA:215,0
DA:216,0
DA:217,0
DA:218,0
DA:221,0
DA:222,0
DA:223,0
DA:226,0
DA:227,0
DA:228,0
DA:229,0
DA:230,0
DA:231,0
DA:237,0
DA:238,0
DA:239,0
DA:240,0
DA:243,0
DA:244,0
DA:245,0
DA:246,0
DA:247,0
DA:249,0
DA:250,0
DA:251,0
DA:252,0
DA:253,0
DA:255,0
DA:256,0
DA:258,0
DA:259,0
DA:262,0
DA:263,0
DA:264,0
DA:265,0
DA:269,0
DA:270,0
DA:271,0
DA:272,0
DA:273,0
DA:274,0
DA:275,0
DA:276,0
DA:277,0
DA:278,0
DA:279,0
DA:280,0
DA:281,0
DA:283,0
DA:284,0
DA:285,0
DA:286,0
DA:287,0
DA:289,0
DA:290,0
DA:291,0
DA:292,0
DA:293,0
DA:294,0
DA:295,0
DA:297,0
DA:298,0
DA:300,0
DA:301,0
DA:303,0
DA:304,0
DA:305,0
DA:306,0
DA:307,0
DA:308,0
DA:310,0
DA:311,0
DA:312,0
DA:313,0
DA:314,0
DA:315,0
DA:316,0
DA:317,0
DA:318,0
DA:320,0
DA:321,0
DA:322,0
DA:324,0
DA:325,0
DA:326,0
DA:327,0
DA:328,0
DA:329,0
DA:331,0
DA:333,0
DA:334,0
DA:335,0
DA:338,0
DA:339,0
DA:340,0
DA:341,0
DA:343,0
DA:344,0
DA:345,0
DA:346,0
DA:347,0
DA:348,0
DA:349,0
DA:351,0
DA:352,0
DA:353,0
DA:354,0
DA:355,0
DA:356,0
DA:357,0
DA:358,0
DA:360,0
DA:361,0
DA:362,0
DA:363,0
DA:365,0
DA:366,0
DA:367,0
DA:368,0
DA:369,0
DA:370,0
DA:371,0
DA:372,0
DA:373,0
DA:374,0
DA:375,0
DA:376,0
DA:377,0
DA:378,0
DA:379,0
DA:381,0
DA:382,0
DA:383,0
DA:384,0
DA:385,0
DA:386,0
DA:388,0
DA:389,0
DA:390,0
DA:391,0
DA:392,0
DA:393,0
DA:395,0
DA:397,0
DA:399,0
DA:400,0
DA:401,0
DA:404,0
DA:405,0
DA:407,0
DA:408,0
DA:409,0
DA:410,0
DA:411,0
DA:412,0
DA:413,0
DA:414,0
DA:415,0
DA:416,0
DA:418,0
DA:419,0
DA:420,0
DA:421,0
DA:422,0
DA:424,0
DA:425,0
DA:427,0
DA:428,0
DA:429,0
DA:430,0
DA:431,0
DA:432,0
DA:433,0
DA:434,0
DA:435,0
DA:436,0
DA:438,0
DA:439,0
DA:440,0
DA:441,0
DA:442,0
DA:443,0
DA:444,0
DA:445,0
DA:446,0
DA:447,0
DA:448,0
DA:450,0
DA:451,0
DA:452,0
DA:453,0
DA:455,0
DA:456,0
DA:457,0
DA:458,0
DA:460,0
DA:464,0
DA:465,0
DA:466,0
DA:467,0
DA:468,0
DA:469,0
DA:470,0
DA:471,0
DA:473,0
DA:474,0
DA:475,0
DA:476,0
DA:477,0
DA:478,0
DA:479,0
DA:480,0
DA:481,0
DA:482,0
DA:483,0
DA:484,0
DA:486,0
DA:488,0
DA:489,0
DA:491,0
DA:495,0
DA:496,0
DA:497,0
DA:498,0
DA:499,0
DA:500,0
DA:501,0
DA:502,0
DA:503,0
DA:504,0
DA:505,0
DA:506,0
DA:508,0
DA:510,0
DA:511,0
DA:512,0
DA:513,0
DA:515,0
LF:324
LH:0
BRDA:1,0,0,1
BRF:1
BRH:1
end_of_record
TN:
SF:app/_components/common/dev-user-switcher.tsx
FN:1,(empty-report)
FNF:1
FNH:1
FNDA:1,(empty-report)
DA:18,0
DA:19,0
DA:21,0
DA:26,0
DA:27,0
DA:28,0
DA:29,0
DA:30,0
DA:31,0
DA:38,0
DA:39,0
DA:40,0
DA:42,0
DA:46,0
DA:48,0
DA:49,0
DA:50,0
DA:51,0
DA:52,0
DA:54,0
DA:56,0
DA:57,0
DA:58,0
DA:59,0
DA:60,0
DA:61,0
DA:62,0
DA:63,0
DA:64,0
DA:65,0
DA:66,0
DA:67,0
DA:69,0
DA:70,0
DA:72,0
DA:74,0
DA:76,0
DA:77,0
DA:78,0
DA:79,0
DA:80,0
DA:85,0
DA:86,0
DA:87,0
DA:88,0
DA:89,0
DA:90,0
DA:93,0
DA:94,0
DA:95,0
DA:97,0
DA:98,0
DA:99,0
DA:100,0
DA:101,0
DA:102,0
DA:103,0
DA:104,0
DA:106,0
DA:107,0
DA:108,0
DA:110,0
DA:111,0
DA:112,0
DA:113,0
DA:115,0
DA:117,0
DA:118,0
DA:119,0
DA:120,0
DA:121,0
DA:123,0
DA:124,0
DA:125,0
DA:127,0
DA:128,0
DA:129,0
DA:130,0
DA:131,0
DA:132,0
DA:134,0
DA:135,0
DA:136,0
DA:137,0
DA:138,0
DA:139,0
DA:140,0
DA:142,0
DA:143,0
DA:144,0
DA:145,0
DA:146,0
DA:147,0
DA:148,0
DA:149,0
DA:150,0
DA:152,0
DA:153,0
DA:154,0
DA:155,0
DA:156,0
DA:157,0
DA:158,0
DA:159,0
DA:161,0
DA:163,0
DA:164,0
DA:166,0
DA:168,0
DA:169,0
DA:170,0
DA:171,0
DA:173,0
DA:174,0
DA:176,0
DA:178,0
DA:180,0
DA:182,0
DA:183,0
DA:185,0
DA:186,0
DA:187,0
DA:189,0
LF:123
LH:0
BRDA:1,0,0,1
BRF:1
BRH:1
end_of_record
TN:
SF:app/_components/common/error-display.tsx
FN:28,ErrorDisplay
FN:91,onClick
FNF:2
FNH:1
FNDA:46,ErrorDisplay
FNDA:0,onClick
DA:3,2
DA:4,2
DA:6,2
DA:7,2
DA:8,2
DA:9,1
DA:10,1
DA:11,1
DA:12,1
DA:13,1
DA:14,1
DA:15,1
DA:28,2
DA:29,46
DA:30,46
DA:31,46
DA:32,46
DA:33,46
DA:34,46
DA:35,46
DA:36,46
DA:37,46
DA:38,46
DA:39,46
DA:40,46
DA:42,46
DA:43,46
DA:45,46
DA:46,46
DA:47,46
DA:48,46
DA:49,46
DA:50,46
DA:51,46
DA:52,46
DA:53,14
DA:54,43
DA:55,20
DA:57,46
DA:58,20
DA:59,20
DA:60,46
DA:61,46
DA:62,46
DA:63,20
DA:64,20
DA:66,46
DA:67,46
DA:68,46
DA:69,46
DA:70,46
DA:71,14
DA:72,32
DA:73,24
DA:74,8
DA:75,20
DA:76,46
DA:77,46
DA:78,14
DA:79,32
DA:80,24
DA:81,8
DA:82,20
DA:83,20
DA:84,20
DA:86,46
DA:87,46
DA:88,28
DA:89,28
DA:90,28
DA:91,28
DA:92,28
DA:94,2
DA:96,46
DA:97,46
DA:98,46
DA:99,46
DA:101,46
DA:102,20
DA:103,20
DA:104,20
DA:105,20
DA:107,46
LF:83
LH:83
BRDA:28,0,0,46
BRDA:52,1,0,14
BRDA:53,2,0,43
BRDA:67,3,0,14
BRDA:67,4,0,32
BRDA:70,5,0,14
BRDA:71,6,0,32
BRDA:72,7,0,24
BRDA:73,8,0,8
BRDA:77,9,0,14
BRDA:78,10,0,32
BRDA:79,11,0,24
BRDA:80,12,0,8
BRDA:87,13,0,28
BRDA:97,14,0,14
BRDA:97,15,0,32
BRDA:4,16,0,0
BRDA:53,17,0,32
BRF:18
BRH:17
end_of_record
TN:
SF:app/_components/common/footer.tsx
FN:4,Footer
FNF:1
FNH:1
FNDA:8,Footer
DA:1,2
DA:2,2
DA:4,8
DA:5,8
DA:7,8
DA:8,8
DA:9,8
DA:10,8
DA:12,8
DA:13,8
DA:14,8
DA:16,7
DA:17,8
DA:18,7
DA:19,8
DA:21,7
DA:22,7
DA:25,8
DA:26,8
DA:27,8
DA:28,8
DA:29,8
DA:30,8
DA:31,8
DA:32,8
DA:34,7
DA:35,7
DA:36,8
DA:37,8
DA:38,8
DA:39,8
DA:40,8
DA:42,7
DA:43,7
DA:44,7
DA:45,7
DA:48,8
DA:49,8
DA:50,8
DA:51,8
DA:52,8
DA:53,8
DA:54,8
DA:55,8
DA:57,7
DA:58,7
DA:59,8
DA:60,8
DA:61,8
DA:62,8
DA:63,8
DA:65,7
DA:66,7
DA:67,8
DA:68,8
DA:69,8
DA:70,8
DA:71,8
DA:73,7
DA:74,7
DA:75,7
DA:76,7
DA:79,8
DA:80,8
DA:81,8
DA:82,8
DA:83,8
DA:84,8
DA:85,8
DA:86,8
DA:87,8
DA:88,7
DA:89,8
DA:90,7
DA:91,7
DA:92,7
DA:95,8
DA:96,8
DA:97,7
DA:98,7
DA:99,7
DA:101,8
LF:82
LH:82
BRDA:4,0,0,8
BRDA:2,1,0,0
BRF:2
BRH:1
end_of_record
TN:
SF:app/_components/common/header.tsx
FN:18,Header
FN:139,onClick
FNF:2
FNH:1
FNDA:9,Header
FNDA:0,onClick
DA:3,1
DA:4,1
DA:5,1
DA:6,1
DA:8,1
DA:9,1
DA:10,1
DA:11,1
DA:16,1
DA:18,9
DA:19,9
DA:21,9
DA:22,9
DA:23,9
DA:25,9
DA:26,9
DA:27,9
DA:28,9
DA:29,9
DA:30,9
DA:31,9
DA:32,9
DA:33,9
DA:34,9
DA:37,9
DA:38,9
DA:39,9
DA:40,9
DA:41,9
DA:44,9
DA:46,9
DA:48,9
DA:51,9
DA:52,9
DA:53,9
DA:54,9
DA:55,9
DA:56,9
DA:57,9
DA:59,9
DA:60,9
DA:61,9
DA:62,9
DA:63,9
DA:64,9
DA:65,9
DA:66,9
DA:67,9
DA:69,9
DA:70,9
DA:71,9
DA:72,9
DA:73,9
DA:74,9
DA:75,9
DA:77,9
DA:78,9
DA:79,9
DA:80,9
DA:81,9
DA:82,9
DA:83,9
DA:85,9
DA:86,9
DA:87,9
DA:88,9
DA:89,9
DA:90,9
DA:91,9
DA:92,9
DA:94,9
DA:95,9
DA:96,9
DA:97,9
DA:98,9
DA:100,9
DA:103,9
DA:104,9
DA:105,9
DA:107,9
DA:108,9
DA:109,9
DA:110,9
DA:111,9
DA:112,9
DA:113,9
DA:114,9
DA:115,9
DA:116,9
DA:118,9
DA:119,9
DA:120,9
DA:121,9
DA:122,9
DA:123,9
DA:124,9
DA:125,9
DA:127,9
DA:128,9
DA:129,9
DA:130,9
DA:131,9
DA:133,9
DA:136,9
DA:137,9
DA:138,9
DA:139,9
DA:140,9
DA:141,9
DA:143,9
DA:144,9
DA:145,9
DA:146,9
DA:147,9
DA:148,9
DA:149,9
DA:151,9
LF:117
LH:117
BRDA:18,0,0,9
BRF:1
BRH:1
end_of_record
TN:
SF:app/_components/common/search-bar.tsx
FN:10,SearchBar
FN:13,handleSearch
FN:29,onChange
FNF:3
FNH:1
FNDA:2,SearchBar
FNDA:0,handleSearch
FNDA:0,onChange
DA:3,1
DA:4,1
DA:5,1
DA:7,1
DA:8,1
DA:10,2
DA:11,2
DA:13,2
DA:14,0
DA:15,0
DA:16,0
DA:18,0
DA:19,0
DA:21,2
DA:22,2
DA:23,2
DA:24,2
DA:25,2
DA:26,2
DA:27,2
DA:28,2
DA:29,2
DA:30,2
DA:33,2
DA:34,2
DA:35,2
DA:36,2
DA:37,2
DA:39,2
DA:40,2
DA:44,2
LF:31
LH:26
BRDA:10,0,0,2
BRF:1
BRH:1
end_of_record
TN:
SF:app/_components/common/stepper.tsx
FNF:0
FNH:0
DA:3,1
DA:5,1
DA:20,1
DA:21,19
DA:22,19
DA:23,19
DA:24,19
DA:25,19
DA:26,71
DA:27,71
DA:28,71
DA:29,71
DA:31,71
DA:32,71
DA:34,71
DA:36,71
DA:37,71
DA:38,71
DA:39,71
DA:41,71
DA:42,71
DA:44,71
DA:45,71
DA:47,71
DA:48,71
DA:49,71
DA:52,71
DA:53,24
DA:54,24
DA:55,24
DA:56,24
DA:58,24
DA:59,24
DA:60,24
DA:61,24
DA:65,71
DA:66,71
DA:72,71
DA:73,71
DA:74,71
DA:75,71
DA:76,71
DA:77,71
DA:79,71
DA:81,71
DA:82,71
DA:83,71
DA:90,71
DA:91,71
DA:92,71
DA:93,71
DA:94,71
DA:95,71
DA:96,71
DA:97,71
DA:98,71
DA:99,71
DA:107,19
DA:111,19
DA:114,1
DA:116,1
LF:61
LH:61
BRDA:3,0,0,1
BRDA:3,1,0,0
BRDA:3,2,0,0
BRDA:3,3,0,0
BRDA:20,4,0,19
BRDA:25,5,0,71
BRDA:48,6,0,52
BRDA:52,7,0,24
BRDA:75,8,0,52
BRDA:76,9,0,52
BRDA:81,10,0,46
BRF:11
BRH:8
end_of_record
TN:
SF:app/_components/common/theme-provider.tsx
FN:6,ThemeProvider
FNF:1
FNH:1
FNDA:211,ThemeProvider
DA:3,1
DA:6,1
DA:7,211
DA:8,211
DA:9,211
DA:10,211
DA:11,211
LF:7
LH:7
BRDA:6,0,0,211
BRF:1
BRH:1
end_of_record
TN:
SF:app/_components/common/user-menu.tsx
FN:45,UserMenu
FN:49,handleSignOut
FNF:2
FNH:1
FNDA:9,UserMenu
FNDA:0,handleSignOut
DA:3,1
DA:4,1
DA:5,1
DA:7,1
DA:8,1
DA:9,1
DA:10,1
DA:11,1
DA:16,1
DA:17,1
DA:18,1
DA:45,9
DA:46,9
DA:47,9
DA:49,9
DA:50,0
DA:51,0
DA:52,0
DA:54,9
DA:55,1
DA:56,1
DA:57,1
DA:58,1
DA:60,1
DA:62,9
DA:63,2
DA:64,2
DA:65,2
DA:66,2
DA:67,2
DA:68,2
DA:69,2
DA:70,2
DA:71,2
DA:73,2
DA:75,6
DA:76,6
DA:77,6
DA:78,6
DA:79,6
DA:80,6
DA:82,6
DA:83,6
DA:84,9
DA:85,9
DA:86,9
DA:87,9
DA:88,9
DA:89,9
DA:90,9
DA:91,9
DA:93,9
DA:94,9
DA:95,9
DA:96,9
DA:97,9
DA:98,9
DA:99,9
DA:100,9
DA:101,9
DA:102,9
DA:103,9
DA:104,9
DA:105,9
DA:106,9
DA:107,9
DA:108,9
DA:109,9
DA:110,9
DA:111,9
DA:112,9
DA:113,9
DA:115,9
DA:116,9
DA:117,9
DA:118,9
DA:120,9
DA:122,9
DA:123,9
DA:124,9
DA:125,9
DA:126,9
DA:128,9
DA:129,9
DA:131,9
DA:132,9
DA:134,9
DA:135,9
DA:136,9
DA:137,9
DA:138,9
DA:140,9
DA:141,9
DA:143,9
DA:144,9
DA:146,9
DA:148,9
DA:149,9
DA:150,9
DA:151,9
DA:152,9
DA:154,9
DA:156,9
DA:157,9
DA:158,9
DA:159,9
DA:161,9
LF:107
LH:104
BRDA:45,0,0,9
BRDA:54,1,0,1
BRDA:60,2,0,8
BRDA:62,3,0,2
BRDA:73,4,0,6
BRDA:84,5,0,2
BRDA:85,6,0,2
BRDA:88,7,0,2
BRDA:102,8,0,2
BRDA:103,9,0,2
BRDA:106,10,0,2
BRF:11
BRH:11
end_of_record
TN:
SF:app/_components/emails/order-confirmation.tsx
FN:45,OrderConfirmationEmail
FN:57,formatDate
FNF:2
FNH:2
FNDA:23,OrderConfirmationEmail
FNDA:48,formatDate
DA:1,2
DA:15,2
DA:45,2
DA:46,23
DA:47,23
DA:48,23
DA:49,23
DA:50,23
DA:51,23
DA:52,23
DA:53,23
DA:54,23
DA:55,23
DA:56,23
DA:57,23
DA:58,48
DA:59,48
DA:60,48
DA:61,48
DA:62,48
DA:63,48
DA:64,48
DA:65,48
DA:66,48
DA:67,48
DA:69,23
DA:70,23
DA:71,23
DA:72,23
DA:73,23
DA:74,23
DA:76,23
DA:77,23
DA:78,23
DA:79,23
DA:82,23
DA:84,23
DA:85,23
DA:86,23
DA:87,23
DA:89,23
DA:92,23
DA:93,23
DA:94,23
DA:95,23
DA:96,23
DA:97,23
DA:98,23
DA:99,23
DA:100,23
DA:101,23
DA:102,23
DA:103,23
DA:104,23
DA:105,23
DA:106,23
DA:107,23
DA:108,23
DA:109,23
DA:110,23
DA:111,23
DA:112,23
DA:113,23
DA:114,23
DA:115,23
DA:116,23
DA:117,23
DA:118,23
DA:119,23
DA:120,23
DA:121,23
DA:122,23
DA:123,23
DA:124,23
DA:127,23
DA:128,1
DA:129,1
DA:130,1
DA:131,1
DA:132,1
DA:133,1
DA:134,1
DA:135,1
DA:136,1
DA:137,1
DA:138,1
DA:139,1
DA:140,1
DA:141,1
DA:142,1
DA:143,1
DA:144,1
DA:145,1
DA:146,1
DA:147,1
DA:148,1
DA:149,1
DA:150,1
DA:151,1
DA:152,1
DA:153,1
DA:154,1
DA:155,1
DA:156,1
DA:157,1
DA:158,1
DA:161,23
DA:164,23
DA:165,23
DA:166,23
DA:167,25
DA:168,25
DA:169,25
DA:170,25
DA:171,25
DA:172,25
DA:173,25
DA:174,25
DA:175,25
DA:176,25
DA:177,23
DA:178,23
DA:180,23
DA:183,23
DA:184,23
DA:185,23
DA:186,23
DA:187,23
DA:188,23
DA:189,23
DA:190,22
DA:191,22
DA:192,22
DA:193,22
DA:194,22
DA:195,22
DA:197,23
DA:198,23
DA:199,23
DA:200,23
DA:201,23
DA:202,23
DA:203,23
DA:204,23
DA:206,23
DA:209,23
DA:210,23
DA:211,23
DA:212,22
DA:213,22
DA:214,22
DA:215,22
DA:217,23
DA:218,22
DA:219,22
DA:220,22
DA:221,22
DA:223,23
DA:226,23
DA:227,23
DA:228,23
DA:230,23
DA:231,23
DA:232,23
DA:233,23
DA:234,23
DA:237,23
DA:238,23
DA:239,23
DA:240,23
DA:241,23
DA:243,23
DA:244,23
DA:245,23
DA:247,23
DA:248,23
DA:249,23
DA:251,23
DA:252,23
DA:253,23
DA:254,23
DA:255,23
DA:256,23
DA:258,23
DA:260,2
DA:261,2
DA:262,2
DA:263,2
DA:264,2
DA:265,2
DA:266,2
DA:267,2
DA:268,2
DA:269,2
DA:270,2
DA:271,2
DA:272,2
DA:273,2
DA:274,2
DA:275,2
DA:276,2
DA:277,2
DA:278,2
DA:279,2
DA:280,2
DA:281,2
DA:282,2
DA:283,2
DA:284,2
DA:285,2
DA:286,2
DA:287,2
DA:288,2
DA:289,2
DA:290,2
DA:291,2
DA:292,2
DA:293,2
DA:294,2
DA:295,2
DA:296,2
DA:298,2
DA:304,2
DA:305,2
DA:306,2
DA:307,2
DA:308,2
DA:309,2
DA:311,2
DA:312,2
DA:313,2
DA:314,2
DA:315,2
DA:316,2
DA:317,2
DA:318,2
DA:320,2
DA:321,2
DA:322,2
DA:323,2
DA:324,2
DA:326,2
DA:327,2
DA:328,2
DA:329,2
DA:330,2
DA:331,2
DA:332,2
DA:334,2
DA:335,2
DA:336,2
DA:337,2
DA:338,2
DA:339,2
DA:340,2
DA:342,2
DA:343,2
DA:344,2
DA:346,2
DA:347,2
DA:348,2
DA:349,2
DA:350,2
DA:351,2
DA:352,2
DA:354,2
DA:355,2
DA:356,2
DA:357,2
DA:358,2
DA:359,2
DA:361,2
DA:362,2
DA:363,2
DA:365,2
DA:366,2
DA:367,2
DA:368,2
DA:369,2
DA:370,2
DA:372,2
DA:373,2
DA:374,2
DA:375,2
DA:376,2
DA:378,2
DA:379,2
DA:380,2
DA:381,2
DA:382,2
DA:383,2
DA:385,2
DA:386,2
DA:387,2
DA:388,2
DA:390,2
DA:391,2
DA:392,2
DA:393,2
DA:394,2
DA:395,2
DA:397,2
DA:398,2
DA:399,2
DA:401,2
DA:402,2
DA:403,2
DA:405,2
DA:406,2
DA:407,2
DA:408,2
DA:409,2
DA:410,2
DA:412,2
DA:413,2
DA:414,2
DA:415,2
DA:416,2
DA:417,2
DA:419,2
DA:420,2
DA:421,2
DA:423,2
DA:424,2
DA:425,2
DA:426,2
DA:427,2
DA:429,2
DA:430,2
DA:431,2
DA:432,2
DA:433,2
DA:435,2
DA:436,2
DA:437,2
DA:438,2
DA:439,2
DA:440,2
DA:442,2
DA:443,2
DA:444,2
DA:445,2
DA:447,2
DA:448,2
DA:449,2
DA:450,2
DA:451,2
DA:452,2
DA:454,2
DA:455,2
DA:456,2
DA:457,2
DA:458,2
DA:459,2
DA:461,2
DA:462,2
DA:463,2
DA:465,2
DA:466,2
DA:467,2
DA:468,2
DA:469,2
DA:470,2
DA:472,2
DA:473,2
DA:474,2
DA:475,2
DA:476,2
DA:477,2
DA:478,2
DA:480,2
DA:481,2
DA:482,2
DA:483,2
DA:484,2
DA:485,2
DA:487,2
DA:488,2
DA:489,2
DA:490,2
DA:491,2
DA:492,2
DA:494,2
DA:495,2
DA:496,2
DA:497,2
DA:498,2
DA:499,2
DA:501,2
DA:502,2
DA:503,2
DA:504,2
DA:505,2
DA:506,2
DA:508,2
DA:509,2
DA:510,2
DA:511,2
DA:512,2
DA:513,2
DA:515,2
DA:516,2
DA:517,2
DA:518,2
DA:519,2
DA:520,2
LF:406
LH:406
BRDA:45,0,0,23
BRDA:85,1,0,22
BRDA:85,2,0,1
BRDA:94,3,0,1
BRDA:94,4,0,22
BRDA:127,5,0,1
BRDA:189,6,0,22
BRDA:211,7,0,22
BRDA:217,8,0,22
BRDA:57,9,0,48
BRDA:166,10,0,25
BRF:11
BRH:11
end_of_record
TN:
SF:app/_components/emails/otp.tsx
FN:17,OtpEmailTemplate
FNF:1
FNH:1
FNDA:1,OtpEmailTemplate
DA:1,2
DA:17,2
DA:18,1
DA:19,1
DA:20,1
DA:21,1
DA:22,1
DA:23,1
DA:25,1
DA:26,1
DA:28,1
DA:30,1
DA:32,1
DA:35,1
DA:36,1
DA:37,1
DA:39,1
DA:42,1
DA:45,1
DA:46,1
DA:47,1
DA:48,1
DA:49,1
DA:51,1
DA:53,1
DA:54,1
DA:55,1
DA:58,1
DA:59,1
DA:60,1
DA:61,1
DA:63,1
DA:64,1
DA:65,1
DA:67,1
DA:68,1
DA:69,1
DA:71,1
DA:72,1
DA:73,1
DA:74,1
DA:75,1
DA:76,1
DA:78,1
DA:80,2
DA:81,2
DA:82,2
DA:84,2
DA:87,2
DA:88,2
DA:89,2
DA:90,2
DA:91,2
DA:92,2
DA:94,2
DA:95,2
DA:96,2
DA:97,2
DA:98,2
DA:99,2
DA:100,2
DA:101,2
DA:103,2
DA:104,2
DA:105,2
DA:107,2
DA:108,2
DA:109,2
DA:110,2
DA:111,2
DA:112,2
DA:113,2
DA:114,2
DA:116,2
DA:117,2
DA:118,2
DA:119,2
DA:120,2
DA:121,2
DA:122,2
DA:123,2
DA:124,2
DA:126,2
DA:127,2
DA:128,2
DA:129,2
DA:130,2
DA:131,2
DA:132,2
DA:134,2
DA:135,2
DA:136,2
DA:137,2
DA:138,2
DA:139,2
DA:140,2
DA:141,2
DA:143,2
DA:144,2
DA:145,2
DA:146,2
DA:147,2
DA:148,2
DA:149,2
DA:150,2
DA:151,2
DA:152,2
DA:154,2
DA:155,2
DA:156,2
DA:157,2
DA:158,2
DA:159,2
DA:160,2
DA:161,2
DA:163,2
DA:164,2
DA:165,2
DA:166,2
DA:168,2
DA:169,2
DA:170,2
DA:172,2
DA:173,2
DA:174,2
DA:175,2
DA:176,2
DA:177,2
DA:178,2
DA:180,2
DA:181,2
DA:182,2
DA:183,2
DA:184,2
DA:186,2
DA:187,2
DA:188,2
DA:189,2
DA:190,2
DA:191,2
DA:193,2
DA:194,2
DA:195,2
DA:196,2
DA:197,2
DA:198,2
DA:200,2
DA:201,2
DA:202,2
DA:203,2
DA:204,2
DA:205,2
DA:207,2
DA:208,2
DA:209,2
DA:210,2
DA:211,2
DA:212,2
LF:158
LH:158
BRDA:17,0,0,1
BRF:1
BRH:1
end_of_record
TN:
SF:app/_components/flights/booking/ancillary-selection.tsx
FN:45,AncillarySelection
FN:51,renderServiceOption
FN:62,onCheckedChange
FN:63,onClick
FN:88,getCategoryIcon
FN:101,getCategoryTitle
FNF:6
FNH:4
FNDA:6,AncillarySelection
FNDA:60,renderServiceOption
FNDA:0,onCheckedChange
FNDA:0,onClick
FNDA:18,getCategoryIcon
FNDA:18,getCategoryTitle
DA:3,1
DA:5,1
DA:6,1
DA:7,1
DA:8,1
DA:9,1
DA:10,1
DA:11,1
DA:12,1
DA:13,1
DA:14,1
DA:16,1
DA:17,1
DA:18,1
DA:45,1
DA:46,6
DA:47,6
DA:48,6
DA:49,6
DA:50,6
DA:51,6
DA:52,60
DA:54,60
DA:55,60
DA:56,60
DA:57,60
DA:59,60
DA:60,60
DA:61,60
DA:62,60
DA:63,60
DA:64,60
DA:66,60
DA:67,60
DA:68,60
DA:69,60
DA:71,60
DA:73,60
DA:74,60
DA:75,60
DA:79,60
DA:80,60
DA:81,60
DA:86,60
DA:88,6
DA:89,18
DA:90,18
DA:91,18
DA:92,18
DA:93,18
DA:94,18
DA:95,18
DA:96,18
DA:97,0
DA:98,18
DA:99,18
DA:101,6
DA:102,18
DA:103,18
DA:104,6
DA:105,18
DA:106,6
DA:107,18
DA:108,6
DA:109,18
DA:110,0
DA:111,18
DA:112,18
DA:114,6
DA:115,6
DA:116,6
DA:117,6
DA:119,6
DA:120,6
DA:121,6
DA:122,6
DA:123,6
DA:126,6
DA:127,6
DA:128,6
DA:129,6
DA:130,6
DA:131,6
DA:135,6
DA:136,6
DA:137,6
DA:138,18
DA:145,6
DA:146,6
DA:147,6
DA:148,6
DA:149,6
DA:150,6
DA:154,6
DA:155,6
DA:156,6
DA:157,18
DA:164,6
DA:165,6
DA:166,6
DA:167,6
DA:168,6
DA:169,6
DA:173,6
DA:174,6
DA:175,6
DA:176,24
DA:185,6
LF:108
LH:106
BRDA:45,0,0,6
BRDA:51,1,0,60
BRDA:88,2,0,18
BRDA:96,3,0,0
BRDA:101,4,0,18
BRDA:103,5,0,6
BRDA:105,6,0,6
BRDA:107,7,0,6
BRDA:109,8,0,0
BRDA:137,9,0,18
BRDA:156,10,0,18
BRDA:175,11,0,24
BRF:12
BRH:10
end_of_record
TN:
SF:app/_components/flights/booking/confirmation-booking-info.tsx
FN:1,(empty-report)
FNF:1
FNH:0
FNDA:0,(empty-report)
DA:1,0
DA:2,0
DA:6,0
DA:7,0
DA:8,0
DA:9,0
DA:10,0
DA:24,0
DA:25,0
DA:26,0
DA:27,0
DA:28,0
DA:29,0
DA:31,0
DA:32,0
DA:33,0
DA:36,0
DA:38,0
DA:39,0
DA:41,0
DA:42,0
DA:43,0
DA:44,0
DA:45,0
DA:46,0
DA:47,0
DA:49,0
DA:50,0
DA:51,0
DA:52,0
DA:53,0
DA:54,0
DA:55,0
DA:56,0
DA:57,0
DA:58,0
DA:59,0
DA:61,0
DA:64,0
DA:65,0
DA:66,0
DA:67,0
DA:68,0
DA:69,0
DA:70,0
DA:71,0
DA:72,0
DA:73,0
DA:74,0
DA:75,0
DA:77,0
DA:78,0
DA:79,0
DA:80,0
DA:81,0
DA:83,0
DA:84,0
DA:87,0
DA:88,0
DA:89,0
DA:90,0
DA:91,0
DA:92,0
DA:93,0
DA:94,0
DA:95,0
DA:96,0
DA:98,0
DA:99,0
DA:100,0
DA:101,0
DA:102,0
DA:103,0
DA:104,0
DA:106,0
DA:108,0
LF:76
LH:0
BRDA:1,0,0,0
BRF:1
BRH:0
end_of_record
TN:
SF:app/_components/flights/booking/confirmation-flight-details.tsx
FN:1,(empty-report)
FNF:1
FNH:0
FNDA:0,(empty-report)
DA:1,0
DA:2,0
DA:4,0
DA:5,0
DA:8,0
DA:9,0
DA:10,0
DA:13,0
DA:14,0
DA:15,0
DA:16,0
DA:17,0
DA:24,0
DA:25,0
DA:26,0
DA:27,0
DA:28,0
DA:29,0
DA:30,0
DA:32,0
DA:33,0
DA:34,0
DA:35,0
DA:36,0
DA:37,0
DA:38,0
DA:39,0
DA:40,0
DA:41,0
DA:42,0
DA:43,0
DA:44,0
DA:45,0
DA:46,0
DA:47,0
DA:48,0
DA:49,0
DA:50,0
DA:52,0
DA:53,0
DA:54,0
DA:55,0
DA:56,0
DA:57,0
DA:58,0
DA:60,0
DA:62,0
DA:63,0
DA:64,0
DA:65,0
DA:66,0
DA:67,0
DA:68,0
DA:69,0
DA:70,0
DA:71,0
DA:72,0
DA:73,0
DA:74,0
DA:75,0
DA:76,0
DA:77,0
DA:78,0
DA:79,0
DA:80,0
DA:81,0
DA:82,0
DA:83,0
DA:84,0
DA:85,0
DA:86,0
DA:87,0
DA:88,0
DA:89,0
DA:90,0
DA:91,0
DA:94,0
DA:95,0
DA:96,0
DA:97,0
DA:98,0
DA:99,0
DA:100,0
DA:101,0
DA:102,0
DA:103,0
DA:104,0
DA:105,0
DA:106,0
DA:107,0
DA:108,0
DA:109,0
DA:110,0
DA:111,0
DA:112,0
DA:113,0
DA:114,0
DA:115,0
DA:116,0
DA:117,0
DA:118,0
DA:119,0
DA:121,0
DA:122,0
DA:123,0
DA:124,0
DA:125,0
DA:126,0
DA:127,0
DA:129,0
DA:131,0
DA:132,0
DA:133,0
DA:134,0
DA:135,0
DA:136,0
DA:137,0
DA:138,0
DA:139,0
DA:140,0
DA:141,0
DA:142,0
DA:143,0
DA:144,0
DA:145,0
DA:146,0
DA:147,0
DA:148,0
DA:149,0
DA:150,0
DA:151,0
DA:152,0
DA:153,0
DA:154,0
DA:155,0
DA:156,0
DA:157,0
DA:158,0
DA:159,0
DA:160,0
DA:161,0
DA:162,0
DA:163,0
DA:164,0
DA:165,0
DA:167,0
DA:169,0
LF:147
LH:0
BRDA:1,0,0,0
BRF:1
BRH:0
end_of_record
TN:
SF:app/_components/flights/booking/confirmation-notice-card.tsx
FN:1,(empty-report)
FNF:1
FNH:0
FNDA:0,(empty-report)
DA:1,0
DA:3,0
DA:4,0
DA:5,0
DA:6,0
DA:7,0
DA:8,0
DA:9,0
DA:11,0
DA:12,0
DA:13,0
DA:14,0
DA:15,0
DA:16,0
DA:17,0
DA:18,0
DA:20,0
LF:17
LH:0
BRDA:1,0,0,0
BRF:1
BRH:0
end_of_record
TN:
SF:app/_components/flights/booking/confirmation-payment-summary.tsx
FN:1,(empty-report)
FNF:1
FNH:0
FNDA:0,(empty-report)
DA:1,0
DA:2,0
DA:4,0
DA:5,0
DA:25,0
DA:26,0
DA:27,0
DA:28,0
DA:29,0
DA:30,0
DA:31,0
DA:32,0
DA:33,0
DA:34,0
DA:35,0
DA:36,0
DA:37,0
DA:38,0
DA:39,0
DA:40,0
DA:41,0
DA:42,0
DA:43,0
DA:45,0
DA:46,0
DA:47,0
DA:48,0
DA:49,0
DA:50,0
DA:51,0
DA:52,0
DA:53,0
DA:55,0
DA:56,0
DA:57,0
DA:58,0
DA:60,0
DA:61,0
DA:63,0
LF:39
LH:0
BRDA:1,0,0,0
BRF:1
BRH:0
end_of_record
TN:
SF:app/_components/flights/booking/confirmation-success-header.tsx
FN:9,ConfirmationSuccessHeader
FNF:1
FNH:1
FNDA:11,ConfirmationSuccessHeader
DA:1,1
DA:3,1
DA:9,1
DA:10,11
DA:11,11
DA:12,11
DA:13,11
DA:14,11
DA:15,11
DA:16,11
DA:17,11
DA:18,11
DA:20,11
DA:21,11
DA:23,11
DA:24,11
DA:25,11
DA:26,11
DA:27,11
DA:28,11
DA:29,11
DA:30,11
DA:31,11
DA:32,11
DA:33,11
DA:35,11
LF:26
LH:26
BRDA:9,0,0,11
BRF:1
BRH:1
end_of_record
TN:
SF:app/_components/flights/booking/contact-info-card.tsx
FN:33,validateContactInfo
FN:66,ContactInfoCard
FN:71,handleMethodChange
FN:75,handleEmailChange
FN:79,handlePhoneChange
FN:100,onValueChange
FN:149,onChange
FN:176,onChange
FN:100,onValueChange
FN:149,onChange
FN:176,onChange
FNF:11
FNH:11
FNDA:27,validateContactInfo
FNDA:37,ContactInfoCard
FNDA:3,handleMethodChange
FNDA:66,handleEmailChange
FNDA:11,handlePhoneChange
FNDA:3,onValueChange
FNDA:66,onChange
FNDA:11,onChange
FNDA:31,onValueChange
FNDA:31,onChange
FNDA:31,onChange
DA:3,2
DA:5,2
DA:6,2
DA:7,2
DA:8,2
DA:9,2
DA:33,2
DA:34,27
DA:35,27
DA:36,27
DA:39,27
DA:40,11
DA:41,2
DA:42,11
DA:43,9
DA:44,9
DA:45,4
DA:46,4
DA:47,9
DA:48,27
DA:49,16
DA:50,2
DA:51,16
DA:52,14
DA:53,14
DA:54,8
DA:55,8
DA:56,14
DA:57,16
DA:59,27
DA:60,27
DA:66,2
DA:67,37
DA:68,37
DA:69,37
DA:70,37
DA:71,37
DA:72,3
DA:73,3
DA:75,37
DA:76,66
DA:77,66
DA:79,37
DA:80,11
DA:81,11
DA:83,37
DA:84,37
DA:85,37
DA:86,37
DA:87,37
DA:89,31
DA:90,31
DA:91,31
DA:92,37
DA:94,37
DA:95,37
DA:96,37
DA:97,31
DA:98,37
DA:99,37
DA:100,37
DA:101,37
DA:103,37
DA:104,37
DA:105,37
DA:106,37
DA:107,37
DA:108,31
DA:109,37
DA:110,37
DA:111,37
DA:113,37
DA:114,37
DA:115,31
DA:116,37
DA:117,31
DA:118,31
DA:119,37
DA:120,37
DA:121,37
DA:122,37
DA:123,37
DA:124,31
DA:125,37
DA:126,37
DA:127,37
DA:129,37
DA:130,37
DA:131,31
DA:132,37
DA:133,31
DA:134,31
DA:135,31
DA:136,31
DA:139,37
DA:140,25
DA:141,25
DA:142,25
DA:143,19
DA:144,25
DA:145,25
DA:146,25
DA:147,25
DA:148,25
DA:149,25
DA:150,25
DA:151,25
DA:152,25
DA:153,19
DA:154,19
DA:155,19
DA:156,25
DA:157,9
DA:158,9
DA:159,9
DA:160,3
DA:162,19
DA:166,37
DA:167,18
DA:168,18
DA:169,18
DA:170,12
DA:171,18
DA:172,18
DA:173,18
DA:174,18
DA:175,18
DA:176,18
DA:177,18
DA:178,18
DA:179,18
DA:180,12
DA:181,12
DA:182,12
DA:183,18
DA:184,8
DA:185,8
DA:186,8
DA:187,2
DA:189,12
DA:191,31
DA:192,31
DA:194,37
LF:143
LH:143
BRDA:33,0,0,27
BRDA:39,1,0,11
BRDA:40,2,0,2
BRDA:42,3,0,9
BRDA:44,4,0,4
BRDA:45,5,0,0
BRDA:48,6,0,16
BRDA:49,7,0,2
BRDA:51,8,0,14
BRDA:53,9,0,8
BRDA:54,10,0,0
BRDA:66,11,0,37
BRDA:139,12,0,25
BRDA:152,13,0,4
BRDA:152,14,0,22
BRDA:156,15,0,9
BRDA:166,16,0,18
BRDA:179,17,0,3
BRDA:179,18,0,16
BRDA:183,19,0,8
BRDA:71,20,0,9
BRDA:75,21,0,72
BRDA:79,22,0,17
BRDA:100,23,0,9
BRDA:149,24,0,72
BRDA:176,25,0,17
BRDA:152,26,0,18
BRDA:179,27,0,12
BRF:28
BRH:26
end_of_record
TN:
SF:app/_components/flights/booking/flight-summary-card.tsx
FN:29,formatFlightTime
FN:39,FlightSegment
FN:122,FlightSummaryCard
FNF:3
FNH:3
FNDA:86,formatFlightTime
FNDA:43,FlightSegment
FNDA:38,FlightSummaryCard
DA:1,2
DA:3,2
DA:4,2
DA:5,2
DA:6,1
DA:7,1
DA:8,1
DA:9,1
DA:10,1
DA:11,1
DA:12,1
DA:29,86
DA:30,86
DA:31,86
DA:32,86
DA:33,86
DA:39,43
DA:41,43
DA:42,43
DA:43,43
DA:44,43
DA:45,43
DA:48,43
DA:49,43
DA:50,35
DA:51,8
DA:52,6
DA:53,2
DA:55,43
DA:56,43
DA:58,43
DA:59,43
DA:60,43
DA:61,36
DA:62,43
DA:63,43
DA:64,36
DA:65,43
DA:66,43
DA:67,43
DA:68,36
DA:69,36
DA:72,43
DA:73,43
DA:74,42
DA:75,42
DA:76,42
DA:77,42
DA:78,35
DA:80,43
DA:81,43
DA:82,36
DA:83,43
DA:84,43
DA:85,43
DA:86,43
DA:87,36
DA:88,36
DA:91,43
DA:92,43
DA:93,43
DA:94,36
DA:95,43
DA:96,43
DA:97,43
DA:98,43
DA:99,36
DA:100,36
DA:101,43
DA:102,43
DA:103,36
DA:104,36
DA:107,43
DA:108,43
DA:109,43
DA:110,36
DA:111,43
DA:112,43
DA:113,36
DA:114,43
DA:115,43
DA:116,36
DA:117,36
DA:118,36
DA:120,43
DA:122,2
DA:123,38
DA:124,38
DA:125,38
DA:126,38
DA:127,38
DA:128,2
DA:129,2
DA:131,36
DA:132,36
DA:133,7
DA:134,29
DA:135,38
DA:136,38
DA:137,38
DA:138,32
DA:139,38
DA:140,38
DA:141,38
DA:142,32
DA:144,38
DA:145,38
DA:146,38
DA:147,38
DA:148,38
DA:150,32
DA:151,32
DA:152,32
DA:153,38
DA:155,38
DA:158,38
DA:159,11
DA:160,11
DA:161,11
DA:162,5
DA:165,38
DA:168,38
DA:169,38
DA:170,38
DA:171,38
DA:172,32
DA:174,38
DA:175,11
DA:176,11
DA:177,11
DA:178,11
DA:179,5
DA:180,5
DA:183,38
DA:184,38
DA:185,38
DA:186,32
DA:188,38
DA:190,38
DA:191,38
DA:192,38
DA:193,38
DA:194,32
DA:195,32
DA:196,32
DA:197,32
DA:198,32
DA:200,38
LF:148
LH:148
BRDA:29,0,0,86
BRDA:39,1,0,43
BRDA:49,2,0,35
BRDA:50,3,0,8
BRDA:51,4,0,6
BRDA:52,5,0,2
BRDA:60,6,0,36
BRDA:60,7,0,7
BRDA:73,8,0,42
BRDA:84,9,0,1
BRDA:122,10,0,38
BRDA:127,11,0,2
BRDA:129,12,0,36
BRDA:132,13,0,7
BRDA:133,14,0,29
BRDA:158,15,0,11
BRDA:174,16,0,11
BRDA:84,17,0,36
BRF:18
BRH:18
end_of_record
TN:
SF:app/_components/flights/booking/passenger-form-card.tsx
FN:38,QuickPassengerSelect
FN:61,onCheckedChange
FN:65,onClick
FN:99,PassengerInfoForm
FN:156,onChange
FN:171,onValueChange
FN:191,onChange
FN:227,onChange
FN:274,PassengerFormCard
FN:309,onChange
FN:310,onRemove
FNF:11
FNH:3
FNDA:3,QuickPassengerSelect
FNDA:0,onCheckedChange
FNDA:0,onClick
FNDA:5,PassengerInfoForm
FNDA:0,onChange
FNDA:0,onValueChange
FNDA:0,onChange
FNDA:0,onChange
FNDA:4,PassengerFormCard
FNDA:0,onChange
FNDA:0,onRemove
DA:3,1
DA:5,1
DA:6,1
DA:7,1
DA:8,1
DA:9,1
DA:10,1
DA:11,1
DA:12,1
DA:13,1
DA:14,1
DA:15,1
DA:16,1
DA:17,1
DA:38,3
DA:39,3
DA:40,3
DA:41,3
DA:42,3
DA:43,3
DA:44,0
DA:45,0
DA:48,3
DA:49,3
DA:51,3
DA:52,3
DA:53,3
DA:55,3
DA:56,3
DA:57,3
DA:59,3
DA:60,3
DA:61,3
DA:63,0
DA:64,0
DA:65,3
DA:66,3
DA:68,3
DA:69,3
DA:73,3
DA:74,3
DA:75,3
DA:76,3
DA:77,3
DA:78,3
DA:80,3
DA:85,3
DA:99,5
DA:100,5
DA:101,5
DA:102,5
DA:103,5
DA:104,5
DA:105,5
DA:106,5
DA:108,5
DA:109,5
DA:110,5
DA:112,5
DA:113,5
DA:114,5
DA:117,5
DA:121,5
DA:123,5
DA:124,5
DA:125,5
DA:126,5
DA:127,5
DA:128,5
DA:132,5
DA:133,5
DA:134,5
DA:135,5
DA:136,5
DA:137,5
DA:139,5
DA:140,5
DA:146,5
DA:147,5
DA:148,5
DA:149,5
DA:150,5
DA:151,5
DA:153,5
DA:154,5
DA:155,5
DA:156,5
DA:157,5
DA:158,5
DA:163,5
DA:164,5
DA:165,5
DA:167,5
DA:168,5
DA:169,5
DA:170,5
DA:171,5
DA:173,5
DA:174,5
DA:175,5
DA:177,5
DA:179,5
DA:180,5
DA:181,5
DA:182,5
DA:187,5
DA:188,5
DA:189,5
DA:190,5
DA:191,5
DA:192,5
DA:193,5
DA:200,5
DA:201,5
DA:202,5
DA:203,5
DA:207,5
DA:208,5
DA:209,5
DA:210,5
DA:211,5
DA:213,5
DA:214,5
DA:215,5
DA:216,5
DA:217,5
DA:218,5
DA:223,5
DA:224,5
DA:225,5
DA:226,5
DA:227,5
DA:228,5
DA:229,5
DA:236,5
DA:237,5
DA:238,5
DA:239,5
DA:240,5
DA:242,5
DA:243,5
DA:244,5
DA:245,5
DA:254,5
DA:274,1
DA:275,4
DA:276,4
DA:277,4
DA:278,4
DA:279,4
DA:280,4
DA:281,4
DA:282,4
DA:283,4
DA:284,4
DA:285,4
DA:286,4
DA:287,4
DA:292,4
DA:294,4
DA:295,4
DA:296,4
DA:297,4
DA:298,4
DA:303,4
DA:304,4
DA:305,4
DA:306,4
DA:307,4
DA:308,4
DA:309,4
DA:310,4
DA:311,4
DA:317,4
DA:318,4
DA:319,4
DA:320,4
DA:321,4
DA:323,4
DA:329,4
LF:180
LH:176
BRDA:38,0,0,3
BRDA:43,1,0,0
BRDA:99,2,0,5
BRDA:132,3,0,3
BRDA:274,4,0,4
BRF:5
BRH:4
end_of_record
TN:
SF:app/_components/flights/booking/payment-countdown-timer.tsx
FN:1,(empty-report)
FNF:1
FNH:1
FNDA:1,(empty-report)
DA:3,0
DA:4,0
DA:6,0
DA:13,0
DA:14,0
DA:15,0
DA:16,0
DA:17,0
DA:20,0
DA:21,0
DA:22,0
DA:23,0
DA:24,0
DA:25,0
DA:26,0
DA:27,0
DA:28,0
DA:29,0
DA:32,0
DA:33,0
DA:35,0
DA:36,0
DA:37,0
DA:38,0
DA:39,0
DA:40,0
DA:41,0
DA:42,0
DA:43,0
DA:44,0
DA:46,0
DA:47,0
DA:49,0
DA:50,0
DA:51,0
DA:52,0
DA:53,0
DA:55,0
DA:56,0
DA:57,0
DA:58,0
DA:59,0
DA:60,0
DA:62,0
DA:63,0
DA:64,0
DA:65,0
DA:66,0
DA:68,0
DA:69,0
DA:70,0
DA:71,0
DA:72,0
DA:74,0
LF:54
LH:0
BRDA:1,0,0,1
BRF:1
BRH:1
end_of_record
TN:
SF:app/_components/flights/booking/payment-method-selector.tsx
FN:1,(empty-report)
FNF:1
FNH:1
FNDA:1,(empty-report)
DA:3,0
DA:5,0
DA:6,0
DA:7,0
DA:8,0
DA:16,0
DA:17,0
DA:18,0
DA:19,0
DA:20,0
DA:21,0
DA:22,0
DA:23,0
DA:24,0
DA:25,0
DA:26,0
DA:27,0
DA:28,0
DA:29,0
DA:30,0
DA:31,0
DA:32,0
DA:34,0
DA:35,0
DA:36,0
DA:37,0
DA:38,0
DA:39,0
DA:40,0
DA:41,0
DA:42,0
DA:43,0
DA:44,0
DA:46,0
DA:47,0
DA:48,0
DA:49,0
DA:50,0
DA:52,0
DA:53,0
DA:54,0
DA:55,0
DA:56,0
DA:57,0
DA:58,0
DA:60,0
DA:61,0
DA:62,0
DA:63,0
DA:64,0
DA:66,0
DA:67,0
DA:68,0
DA:69,0
DA:70,0
DA:71,0
DA:72,0
DA:73,0
DA:74,0
DA:75,0
DA:77,0
LF:61
LH:0
BRDA:1,0,0,1
BRF:1
BRH:1
end_of_record
TN:
SF:app/_components/flights/booking/payment-order-summary.tsx
FN:1,(empty-report)
FNF:1
FNH:0
FNDA:0,(empty-report)
DA:1,0
DA:2,0
DA:3,0
DA:11,0
DA:12,0
DA:13,0
DA:14,0
DA:15,0
DA:16,0
DA:18,0
DA:19,0
DA:20,0
DA:21,0
DA:22,0
DA:23,0
DA:24,0
DA:26,0
DA:28,0
DA:29,0
DA:30,0
DA:32,0
DA:33,0
DA:34,0
DA:35,0
DA:36,0
DA:37,0
DA:39,0
DA:40,0
DA:41,0
DA:42,0
DA:43,0
DA:44,0
DA:45,0
DA:46,0
DA:47,0
DA:48,0
DA:49,0
DA:50,0
DA:51,0
DA:52,0
DA:53,0
DA:54,0
DA:57,0
DA:58,0
DA:59,0
DA:60,0
DA:61,0
DA:62,0
DA:63,0
DA:64,0
DA:65,0
DA:66,0
DA:67,0
DA:68,0
DA:69,0
DA:70,0
DA:71,0
DA:72,0
DA:73,0
DA:74,0
DA:75,0
DA:76,0
DA:79,0
DA:82,0
DA:83,0
DA:84,0
DA:85,0
DA:86,0
DA:87,0
DA:88,0
DA:89,0
DA:91,0
DA:94,0
DA:95,0
DA:96,0
DA:97,0
DA:98,0
DA:99,0
DA:100,0
DA:103,0
DA:104,0
DA:105,0
DA:106,0
DA:107,0
DA:108,0
DA:109,0
DA:110,0
DA:111,0
DA:112,0
DA:114,0
DA:115,0
DA:116,0
DA:117,0
DA:118,0
DA:119,0
DA:120,0
DA:122,0
DA:123,0
DA:125,0
LF:99
LH:0
BRDA:1,0,0,0
BRF:1
BRH:0
end_of_record
TN:
SF:app/_components/flights/booking/payment-price-breakdown.tsx
FN:1,(empty-report)
FNF:1
FNH:0
FNDA:0,(empty-report)
DA:1,0
DA:3,0
DA:4,0
DA:5,0
DA:6,0
DA:17,0
DA:18,0
DA:19,0
DA:20,0
DA:21,0
DA:22,0
DA:23,0
DA:24,0
DA:25,0
DA:27,0
DA:28,0
DA:29,0
DA:30,0
DA:31,0
DA:33,0
DA:34,0
DA:35,0
DA:36,0
DA:37,0
DA:38,0
DA:39,0
DA:40,0
DA:42,0
DA:44,0
DA:45,0
DA:46,0
DA:47,0
DA:49,0
DA:50,0
DA:51,0
DA:52,0
DA:53,0
DA:54,0
DA:55,0
DA:58,0
DA:60,0
DA:61,0
DA:62,0
DA:63,0
DA:64,0
DA:65,0
DA:66,0
DA:68,0
DA:69,0
DA:70,0
DA:71,0
DA:72,0
DA:73,0
DA:74,0
DA:75,0
DA:76,0
DA:77,0
DA:78,0
DA:79,0
DA:80,0
DA:81,0
DA:82,0
DA:83,0
DA:84,0
DA:86,0
DA:87,0
DA:88,0
DA:89,0
DA:90,0
DA:91,0
DA:92,0
DA:93,0
DA:94,0
DA:96,0
DA:98,0
DA:99,0
DA:101,0
LF:77
LH:0
BRDA:1,0,0,0
BRF:1
BRH:0
end_of_record
TN:
SF:app/_components/flights/orders/cancel-order-dialog.tsx
FN:25,CancelOrderDialog
FNF:1
FNH:1
FNDA:18,CancelOrderDialog
DA:1,2
DA:2,1
DA:3,1
DA:4,1
DA:5,1
DA:6,1
DA:7,1
DA:8,1
DA:9,1
DA:10,1
DA:25,2
DA:26,18
DA:27,18
DA:28,18
DA:29,18
DA:30,18
DA:31,18
DA:32,18
DA:33,18
DA:34,18
DA:35,18
DA:36,18
DA:37,17
DA:38,18
DA:39,18
DA:40,18
DA:41,18
DA:42,17
DA:43,17
DA:44,17
DA:45,17
DA:47,18
LF:32
LH:32
BRDA:25,0,0,18
BRDA:41,1,0,3
BRDA:41,2,0,15
BRF:3
BRH:3
end_of_record
TN:
SF:app/_components/flights/orders/order-contact-info.tsx
FN:13,OrderContactInfo
FNF:1
FNH:1
FNDA:17,OrderContactInfo
DA:1,2
DA:13,2
DA:14,17
DA:16,17
DA:17,17
DA:18,17
DA:19,17
DA:20,13
DA:21,17
DA:22,17
DA:23,15
DA:24,15
DA:25,13
DA:26,13
DA:27,13
DA:28,9
DA:30,15
DA:31,13
DA:32,13
DA:33,13
DA:34,9
DA:36,11
DA:43,6
DA:45,13
DA:46,13
DA:48,17
LF:26
LH:26
BRDA:13,0,0,17
BRDA:14,1,0,6
BRDA:22,2,0,15
BRDA:24,3,0,13
BRDA:30,4,0,13
BRDA:36,5,0,6
BRF:6
BRH:6
end_of_record
TN:
SF:app/_components/flights/orders/order-flight-info.tsx
FN:21,formatFlightDate
FN:29,formatTime
FN:37,calculateDuration
FN:54,FlightInfo
FN:181,OrderFlightInfo
FNF:5
FNH:5
FNDA:24,formatFlightDate
FNDA:48,formatTime
FNDA:24,calculateDuration
FNDA:24,FlightInfo
FNDA:20,OrderFlightInfo
DA:1,2
DA:2,2
DA:3,2
DA:4,2
DA:6,2
DA:7,2
DA:8,2
DA:11,2
DA:21,24
DA:22,24
DA:23,24
DA:24,24
DA:29,48
DA:30,48
DA:31,48
DA:32,48
DA:37,24
DA:38,24
DA:39,24
DA:40,18
DA:41,24
DA:42,24
DA:43,24
DA:44,24
DA:45,24
DA:46,24
DA:47,24
DA:54,24
DA:55,24
DA:56,24
DA:57,24
DA:58,18
DA:62,24
DA:63,24
DA:64,24
DA:65,24
DA:66,18
DA:68,24
DA:69,24
DA:71,24
DA:73,24
DA:74,12
DA:75,12
DA:76,6
DA:78,24
DA:79,24
DA:80,18
DA:81,18
DA:83,24
DA:85,24
DA:87,24
DA:89,24
DA:90,24
DA:91,18
DA:94,24
DA:97,24
DA:98,24
DA:99,24
DA:100,24
DA:101,23
DA:103,18
DA:104,18
DA:105,18
DA:108,24
DA:110,24
DA:111,24
DA:112,24
DA:113,18
DA:114,18
DA:117,24
DA:118,24
DA:119,18
DA:122,24
DA:123,18
DA:126,24
DA:128,24
DA:129,24
DA:130,18
DA:133,24
DA:136,24
DA:137,24
DA:138,24
DA:139,24
DA:140,23
DA:142,18
DA:143,18
DA:144,18
DA:145,18
DA:148,24
DA:149,24
DA:151,24
DA:152,6
DA:153,6
DA:154,6
DA:155,6
DA:156,6
DA:157,6
DA:158,0
DA:159,0
DA:161,24
DA:162,24
DA:163,18
DA:164,18
DA:166,24
DA:167,24
DA:168,24
DA:169,18
DA:170,18
DA:171,18
DA:172,18
DA:174,24
DA:181,2
DA:182,20
DA:183,20
DA:184,20
DA:185,20
DA:187,20
DA:188,20
DA:189,20
DA:191,20
DA:192,20
DA:193,20
DA:194,20
DA:195,15
DA:196,20
DA:197,4
DA:199,17
DA:201,20
DA:202,20
DA:203,15
DA:204,15
DA:205,15
DA:206,15
DA:207,20
DA:209,20
DA:210,20
DA:211,20
DA:212,20
DA:213,15
DA:216,20
DA:217,8
DA:218,8
DA:219,8
DA:220,3
DA:222,15
DA:223,15
DA:225,20
LF:147
LH:145
BRDA:21,0,0,24
BRDA:22,1,0,0
BRDA:29,2,0,48
BRDA:30,3,0,0
BRDA:37,4,0,24
BRDA:41,5,0,0
BRDA:42,6,0,0
BRDA:54,7,0,24
BRDA:73,8,0,12
BRDA:100,9,0,23
BRDA:139,10,0,23
BRDA:151,11,0,6
BRDA:181,12,0,20
BRDA:196,13,0,4
BRDA:197,14,0,17
BRDA:216,15,0,8
BRDA:196,16,0,16
BRF:17
BRH:13
end_of_record
TN:
SF:app/_components/flights/orders/order-passenger-info.tsx
FN:18,OrderPassengerInfo
FNF:1
FNH:1
FNDA:16,OrderPassengerInfo
DA:1,2
DA:4,2
DA:18,2
DA:19,16
DA:20,16
DA:21,16
DA:22,16
DA:23,13
DA:24,16
DA:25,16
DA:26,16
DA:27,26
DA:28,26
DA:29,26
DA:30,26
DA:31,23
DA:32,23
DA:33,13
DA:34,13
DA:35,13
DA:36,13
DA:38,16
LF:22
LH:22
BRDA:18,0,0,16
BRDA:26,1,0,26
BRF:2
BRH:2
end_of_record
TN:
SF:app/_components/flights/orders/order-payment-details.tsx
FN:20,OrderPaymentDetails
FNF:1
FNH:1
FNDA:21,OrderPaymentDetails
DA:1,2
DA:2,2
DA:3,2
DA:5,2
DA:6,2
DA:20,2
DA:22,21
DA:23,21
DA:24,21
DA:26,21
DA:27,21
DA:28,21
DA:29,21
DA:30,17
DA:31,21
DA:33,21
DA:34,21
DA:35,21
DA:36,21
DA:37,17
DA:38,21
DA:39,21
DA:40,17
DA:41,17
DA:44,21
DA:46,21
DA:47,21
DA:48,21
DA:49,21
DA:50,21
DA:51,17
DA:52,21
DA:53,21
DA:54,21
DA:55,21
DA:56,21
DA:57,17
DA:58,17
DA:59,17
DA:62,21
DA:63,7
DA:64,7
DA:65,7
DA:66,7
DA:67,7
DA:68,7
DA:69,7
DA:70,3
DA:71,7
DA:72,7
DA:73,7
DA:74,7
DA:75,7
DA:76,3
DA:77,3
DA:78,3
DA:79,3
DA:83,21
DA:84,8
DA:85,8
DA:86,8
DA:87,8
DA:88,11
DA:89,11
DA:90,11
DA:91,11
DA:92,11
DA:93,7
DA:94,7
DA:95,7
DA:96,4
DA:97,4
DA:98,4
DA:100,17
DA:101,17
DA:102,17
DA:104,21
LF:77
LH:77
BRDA:20,0,0,21
BRDA:62,1,0,7
BRDA:83,2,0,8
BRDA:87,3,0,11
BRF:4
BRH:4
end_of_record
TN:
SF:app/_components/flights/orders/order-status-card.tsx
FN:40,OrderStatusCard
FN:82,formatCountdown
FN:89,getStatusConfig
FNF:3
FNH:3
FNDA:31,OrderStatusCard
FNDA:8,formatCountdown
FNDA:31,getStatusConfig
DA:3,2
DA:4,2
DA:6,2
DA:7,2
DA:8,2
DA:40,2
DA:41,31
DA:42,31
DA:43,31
DA:44,31
DA:45,31
DA:46,31
DA:47,31
DA:48,31
DA:49,31
DA:52,31
DA:53,23
DA:54,10
DA:55,10
DA:56,10
DA:57,10
DA:58,10
DA:59,9
DA:60,10
DA:61,10
DA:62,31
DA:65,31
DA:66,31
DA:68,8
DA:69,0
DA:70,0
DA:71,0
DA:72,0
DA:73,0
DA:74,0
DA:75,0
DA:76,8
DA:78,8
DA:79,31
DA:82,31
DA:83,8
DA:84,8
DA:85,8
DA:86,8
DA:89,31
DA:90,31
DA:91,31
DA:92,18
DA:93,18
DA:94,18
DA:95,18
DA:96,18
DA:97,18
DA:98,18
DA:99,31
DA:100,5
DA:101,5
DA:102,5
DA:103,5
DA:104,5
DA:105,5
DA:106,5
DA:107,31
DA:108,4
DA:109,4
DA:110,4
DA:111,4
DA:112,4
DA:113,4
DA:114,4
DA:115,31
DA:116,4
DA:117,4
DA:118,4
DA:119,4
DA:120,4
DA:121,4
DA:122,4
DA:123,31
DA:124,0
DA:125,0
DA:126,0
DA:127,0
DA:128,0
DA:129,0
DA:130,0
DA:131,31
DA:132,31
DA:134,31
DA:135,31
DA:136,31
DA:138,31
DA:139,31
DA:140,31
DA:142,31
DA:143,31
DA:144,31
DA:145,31
DA:146,26
DA:147,31
DA:148,31
DA:149,31
DA:150,26
DA:151,31
DA:152,31
DA:153,26
DA:154,26
DA:155,26
DA:158,31
DA:159,12
DA:160,12
DA:162,7
DA:163,12
DA:164,5
DA:165,5
DA:166,5
DA:167,5
DA:168,5
DA:170,0
DA:172,7
DA:174,31
DA:175,9
DA:176,9
DA:177,9
DA:178,9
DA:179,9
DA:180,9
DA:182,4
DA:183,9
DA:184,5
DA:185,5
DA:186,5
DA:187,5
DA:188,5
DA:190,0
DA:192,4
DA:194,26
DA:197,31
DA:199,31
DA:200,21
DA:201,21
DA:202,21
DA:203,10
DA:204,8
DA:207,21
DA:208,21
DA:209,21
DA:210,10
DA:212,9
DA:214,12
DA:215,12
DA:217,7
DA:218,12
DA:219,12
DA:220,12
DA:221,7
DA:223,12
DA:224,7
DA:225,7
DA:227,16
DA:228,16
DA:232,31
DA:233,9
DA:234,9
DA:235,9
DA:237,4
DA:238,4
DA:242,31
DA:243,8
DA:244,8
DA:245,8
DA:247,3
DA:248,8
DA:249,8
DA:250,3
DA:251,3
DA:252,3
DA:256,31
DA:257,8
DA:258,8
DA:259,8
DA:261,3
DA:262,3
DA:264,26
DA:265,26
DA:266,26
DA:268,31
LF:187
LH:171
BRDA:40,0,0,31
BRDA:136,1,0,18
BRDA:158,2,0,18
BRDA:158,3,0,12
BRDA:163,4,0,5
BRDA:174,5,0,9
BRDA:183,6,0,5
BRDA:199,7,0,21
BRDA:202,8,0,10
BRDA:203,9,0,8
BRDA:209,10,0,10
BRDA:212,11,0,12
BRDA:220,12,0,0
BRDA:232,13,0,9
BRDA:242,14,0,8
BRDA:249,15,0,2
BRDA:256,16,0,8
BRDA:52,17,0,23
BRDA:53,18,0,10
BRDA:65,19,0,31
BRDA:66,20,0,23
BRDA:66,21,0,8
BRDA:78,22,0,8
BRDA:82,23,0,8
BRDA:89,24,0,31
BRDA:91,25,0,18
BRDA:99,26,0,5
BRDA:107,27,0,4
BRDA:115,28,0,4
BRDA:123,29,0,0
BRDA:209,30,0,17
BRF:31
BRH:29
end_of_record
TN:
SF:app/_components/flights/orders/refund-order-dialog.tsx
FN:26,RefundOrderDialog
FNF:1
FNH:1
FNDA:9,RefundOrderDialog
DA:1,2
DA:2,1
DA:3,1
DA:4,1
DA:5,1
DA:6,1
DA:7,1
DA:8,1
DA:9,1
DA:10,1
DA:26,2
DA:27,9
DA:28,9
DA:29,9
DA:30,9
DA:31,9
DA:32,9
DA:33,9
DA:34,9
DA:35,9
DA:36,9
DA:37,9
DA:38,9
DA:39,9
DA:40,9
DA:41,1
DA:42,1
DA:43,1
DA:45,9
DA:47,9
DA:48,9
DA:49,9
DA:50,9
DA:51,9
DA:52,9
DA:53,9
DA:54,9
DA:55,9
DA:56,9
DA:57,9
DA:59,9
LF:41
LH:41
BRDA:26,0,0,9
BRDA:40,1,0,1
BRDA:53,2,0,2
BRDA:53,3,0,7
BRF:4
BRH:4
end_of_record
TN:
SF:app/_components/flights/orders/utils.ts
FN:8,formatTime
FN:17,formatFlightTime
FN:27,formatFlightDate
FN:38,getSeatClassName
FN:50,getIdentityTypeName
FNF:5
FNH:2
FNDA:0,formatTime
FNDA:0,formatFlightTime
FNDA:0,formatFlightDate
FNDA:24,getSeatClassName
FNDA:29,getIdentityTypeName
DA:8,2
DA:9,0
DA:10,0
DA:11,0
DA:12,0
DA:17,2
DA:18,0
DA:19,0
DA:20,0
DA:21,0
DA:22,0
DA:27,2
DA:28,0
DA:29,0
DA:30,0
DA:31,0
DA:32,0
DA:33,0
DA:38,2
DA:39,24
DA:40,24
DA:41,24
DA:42,24
DA:43,24
DA:44,24
DA:45,24
DA:50,2
DA:51,29
DA:52,23
DA:53,29
DA:54,29
DA:55,29
DA:56,29
DA:57,29
DA:58,29
DA:59,29
LF:36
LH:21
BRDA:38,0,0,24
BRDA:44,1,0,0
BRDA:50,2,0,29
BRF:3
BRH:2
end_of_record
TN:
SF:app/_components/flights/results/flight-card-skeleton.tsx
FN:10,FlightCardSkeleton
FNF:1
FNH:1
FNDA:3,FlightCardSkeleton
DA:1,1
DA:2,1
DA:3,1
DA:10,1
DA:11,3
DA:12,3
DA:13,3
DA:14,3
DA:15,3
DA:18,3
DA:19,3
DA:21,3
DA:23,3
DA:26,3
DA:27,3
DA:28,3
DA:33,3
DA:35,3
DA:36,3
DA:37,3
DA:41,3
DA:42,3
DA:43,3
DA:44,3
DA:45,3
DA:46,3
DA:51,3
DA:52,3
DA:53,3
DA:58,3
DA:60,3
DA:63,3
DA:69,3
LF:33
LH:33
BRDA:10,0,0,3
BRF:1
BRH:1
end_of_record
TN:
SF:app/_components/flights/results/flight-card.tsx
FN:62,FlightCard
FN:84,getAirlineInitials
FN:94,getSeatClassName
FN:196,onClick
FN:243,onClick
FNF:5
FNH:5
FNDA:43,FlightCard
FNDA:43,getAirlineInitials
FNDA:18,getSeatClassName
FNDA:7,onClick
FNDA:12,onClick
DA:3,2
DA:4,2
DA:6,2
DA:7,2
DA:8,2
DA:9,2
DA:10,2
DA:62,2
DA:63,43
DA:64,43
DA:65,43
DA:66,43
DA:67,43
DA:68,43
DA:69,43
DA:70,43
DA:71,43
DA:72,43
DA:73,43
DA:74,43
DA:75,43
DA:76,43
DA:77,43
DA:78,43
DA:79,43
DA:80,43
DA:81,43
DA:84,43
DA:85,43
DA:86,43
DA:87,43
DA:88,43
DA:89,43
DA:90,43
DA:91,43
DA:94,43
DA:95,18
DA:96,18
DA:97,6
DA:98,18
DA:99,6
DA:100,18
DA:101,6
DA:102,18
DA:103,0
DA:104,18
DA:105,18
DA:108,43
DA:110,43
DA:112,43
DA:113,43
DA:114,43
DA:115,43
DA:116,43
DA:117,32
DA:119,43
DA:121,43
DA:123,43
DA:125,43
DA:126,43
DA:127,43
DA:128,43
DA:129,32
DA:130,32
DA:133,43
DA:134,43
DA:135,43
DA:136,32
DA:137,43
DA:138,43
DA:139,32
DA:140,32
DA:141,32
DA:144,43
DA:146,43
DA:147,43
DA:148,43
DA:149,32
DA:150,43
DA:151,43
DA:152,32
DA:153,32
DA:156,43
DA:157,43
DA:158,43
DA:159,43
DA:160,43
DA:161,43
DA:162,32
DA:163,32
DA:166,43
DA:167,43
DA:168,43
DA:169,43
DA:170,13
DA:171,13
DA:172,2
[...]
BRDA:64,15,0,3
BRDA:67,16,0,1
BRDA:69,17,0,2
BRDA:71,18,0,1
BRF:19
BRH:17
end_of_record
TN:
SF:src/lib/flights/flight.ts
FN:16,calculateFlightDuration
FN:31,formatDuration
FN:43,formatFlightTime
FN:57,calculateDaysOffset
FN:83,getLowestPrice
FN:101,formatAirportDisplay
FNF:6
FNH:6
FNDA:6,calculateFlightDuration
FNDA:8,formatDuration
FNDA:7,formatFlightTime
FNDA:8,calculateDaysOffset
FNDA:8,getLowestPrice
FNDA:9,formatAirportDisplay
DA:16,1
DA:17,6
DA:18,6
DA:19,6
DA:20,6
DA:21,6
DA:22,6
DA:23,6
DA:31,1
DA:32,8
DA:33,8
DA:34,8
DA:35,8
DA:43,1
DA:44,7
DA:45,7
DA:46,7
DA:47,7
DA:48,7
DA:57,1
DA:58,8
DA:59,8
DA:60,8
DA:61,8
DA:62,8
DA:65,8
DA:66,8
DA:68,8
DA:69,8
DA:71,8
DA:72,8
DA:74,8
DA:75,8
DA:83,1
DA:84,8
DA:85,8
DA:86,8
DA:87,1
DA:88,1
DA:90,7
DA:91,7
DA:92,7
DA:101,1
DA:102,9
DA:103,9
DA:104,9
DA:105,9
DA:106,7
DA:107,7
DA:108,2
DA:109,2
LF:51
LH:51
BRDA:16,0,0,6
BRDA:31,1,0,8
BRDA:43,2,0,7
BRDA:57,3,0,8
BRDA:83,4,0,8
BRDA:86,5,0,1
BRDA:88,6,0,7
BRDA:90,7,0,14
BRDA:101,8,0,9
BRDA:105,9,0,7
BRDA:107,10,0,2
BRF:11
BRH:11
end_of_record
TN:
SF:src/lib/flights/search-params.ts
FN:14,buildFlightSearchUrl
FNF:1
FNH:1
FNDA:2,buildFlightSearchUrl
DA:6,1
DA:14,1
DA:15,2
DA:17,2
DA:18,2
DA:19,2
DA:20,2
DA:21,2
DA:22,2
DA:23,2
DA:25,2
DA:26,1
DA:27,1
DA:29,2
DA:31,2
DA:32,2
LF:16
LH:16
BRDA:14,0,0,2
BRDA:18,1,0,0
BRDA:19,2,0,0
BRDA:22,3,0,0
BRDA:25,4,0,1
BRF:5
BRH:2
end_of_record
TN:
SF:src/lib/format/currency.ts
FN:55,CNY
FN:69,parseCurrency
FN:83,formatCurrency
FN:96,formatCurrencyWithoutSymbol
FN:110,addCurrency
FN:129,subtractCurrency
FN:147,multiplyCurrency
FN:165,divideCurrency
FN:183,toDatabaseValue
FN:197,fromDatabaseValue
FN:213,compareCurrency
FN:237,isEqualCurrency
FN:257,isValidCurrency
FN:295,getCurrencyValue
FNF:14
FNH:14
FNDA:643,CNY
FNDA:110,parseCurrency
FNDA:223,formatCurrency
FNDA:14,formatCurrencyWithoutSymbol
FNDA:43,addCurrency
FNDA:5,subtractCurrency
FNDA:41,multiplyCurrency
FNDA:4,divideCurrency
FNDA:8,toDatabaseValue
FNDA:5,fromDatabaseValue
FNDA:20,compareCurrency
FNDA:4,isEqualCurrency
FNDA:13,isValidCurrency
FNDA:141,getCurrencyValue
DA:17,3
DA:26,3
DA:27,3
DA:28,3
DA:29,3
DA:30,3
DA:31,3
DA:55,643
DA:56,643
DA:57,643
DA:69,3
DA:70,110
DA:71,110
DA:83,3
DA:84,223
DA:85,223
DA:96,3
DA:97,14
DA:98,14
DA:110,3
DA:111,43
DA:112,1
DA:113,1
DA:115,42
DA:116,42
DA:129,3
DA:130,5
DA:131,5
DA:132,5
DA:133,5
DA:134,5
DA:147,3
DA:148,41
DA:149,41
DA:150,36
DA:151,41
DA:152,41
DA:165,3
DA:166,4
DA:167,4
DA:168,4
DA:169,4
DA:170,4
DA:183,3
DA:184,8
DA:185,8
DA:197,3
DA:198,5
DA:199,5
DA:213,3
DA:214,20
DA:215,20
DA:216,9
DA:217,20
DA:218,20
DA:220,20
DA:221,20
DA:222,11
DA:223,11
DA:237,3
DA:238,4
DA:239,4
DA:257,3
DA:259,13
DA:260,2
DA:261,2
DA:264,13
DA:266,4
DA:267,1
DA:268,1
DA:270,3
DA:271,4
DA:272,1
DA:273,1
DA:274,4
DA:276,9
DA:277,9
DA:279,13
DA:280,13
DA:281,0
DA:282,0
DA:283,13
DA:295,3
DA:296,141
DA:297,141
LF:85
LH:83
BRDA:55,0,0,643
BRDA:69,1,0,110
BRDA:83,2,0,223
BRDA:110,3,0,43
BRDA:111,4,0,1
BRDA:115,5,0,85
BRDA:147,6,0,41
BRDA:295,7,0,141
BRDA:96,8,0,14
BRDA:113,9,0,42
BRDA:129,10,0,5
BRDA:165,11,0,4
BRDA:183,12,0,8
BRDA:197,13,0,5
BRDA:213,14,0,20
BRDA:220,15,0,6
BRDA:220,16,0,14
BRDA:221,17,0,3
BRDA:221,18,0,11
BRDA:237,19,0,4
BRDA:257,20,0,13
BRDA:259,21,0,12
BRDA:259,22,0,2
BRDA:261,23,0,11
BRDA:264,24,0,4
BRDA:266,25,0,1
BRDA:268,26,0,3
BRDA:271,27,0,1
BRDA:274,28,0,9
BRDA:279,29,0,6
BRDA:280,30,0,0
BRDA:115,31,0,47
BRF:32
BRH:31
end_of_record
TN:
SF:src/lib/format/date.ts
FN:37,getWeekdayLabel
FN:53,formatDateWithWeekday
FN:72,formatTime
FN:91,dateToLocalDateString
FN:113,localDateStringToDate
FN:132,formatDateString
FN:153,getBookingDateRange
FN:189,getRelativeDateLabel
FN:222,calculateTripDuration
FN:273,calculateQuickSelectDateRange
FN:283,normalizeToUTCStartOfDay
FNF:11
FNH:10
FNDA:151,getWeekdayLabel
FNDA:49,formatDateWithWeekday
FNDA:4,formatTime
FNDA:7,dateToLocalDateString
FNDA:0,localDateStringToDate
FNDA:21,formatDateString
FNDA:7,getBookingDateRange
FNDA:90,getRelativeDateLabel
FNDA:39,calculateTripDuration
FNDA:15,calculateQuickSelectDateRange
FNDA:45,normalizeToUTCStartOfDay
DA:9,3
DA:10,3
DA:15,3
DA:16,3
DA:17,3
DA:18,3
DA:19,3
DA:20,3
DA:21,3
DA:22,3
DA:23,2
DA:37,3
DA:38,151
DA:39,151
DA:53,3
DA:54,49
DA:55,49
DA:56,49
DA:57,49
DA:58,49
DA:72,3
DA:73,4
DA:74,4
DA:91,3
DA:92,7
DA:93,7
DA:94,7
DA:95,7
DA:96,7
DA:113,3
DA:114,0
DA:115,0
DA:116,0
DA:132,3
DA:133,21
DA:134,21
DA:135,21
DA:136,21
DA:137,20
DA:138,4
DA:139,4
DA:153,3
DA:156,5
DA:158,7
DA:159,7
DA:162,7
DA:165,7
DA:168,7
DA:170,7
DA:171,7
DA:189,3
DA:190,90
DA:191,90
DA:192,90
DA:193,88
DA:195,90
DA:196,90
DA:197,2
DA:198,90
DA:199,3
DA:200,90
DA:201,3
DA:202,90
DA:203,82
DA:204,90
DA:205,90
DA:222,3
DA:223,39
DA:224,39
DA:225,37
DA:226,39
DA:227,23
DA:228,23
DA:229,16
DA:230,16
DA:273,3
DA:274,15
DA:275,15
DA:276,15
DA:277,15
DA:278,15
DA:279,15
DA:280,15
DA:283,15
DA:284,45
DA:285,45
DA:286,45
DA:287,45
DA:288,45
DA:291,15
DA:292,15
DA:293,15
DA:296,15
DA:297,15
DA:300,15
DA:301,15
DA:304,15
DA:305,15
DA:306,15
DA:307,15
DA:310,15
DA:311,10
DA:314,10
DA:315,6
DA:316,6
DA:317,6
DA:319,4
DA:320,4
DA:321,4
DA:322,4
DA:323,10
DA:326,15
DA:327,15
DA:328,15
DA:329,98
DA:330,98
DA:331,98
DA:333,15
DA:334,15
DA:335,15
DA:336,15
DA:337,15
DA:338,15
LF:123
LH:120
BRDA:37,0,0,151
BRDA:53,1,0,49
BRDA:132,2,0,21
BRDA:136,3,0,5
BRDA:136,4,0,20
BRDA:137,5,0,4
BRDA:189,6,0,90
BRDA:196,7,0,2
BRDA:198,8,0,3
BRDA:200,9,0,3
BRDA:202,10,0,82
BRDA:222,11,0,39
BRDA:226,12,0,20
BRDA:226,13,0,23
BRDA:228,14,0,16
BRDA:72,15,0,4
BRDA:91,16,0,7
BRDA:136,17,0,16
BRDA:137,18,0,12
BRDA:153,19,0,7
BRDA:226,20,0,35
BRDA:273,21,0,15
BRDA:310,22,0,10
BRDA:314,23,0,6
BRDA:317,24,0,4
BRDA:328,25,0,98
BRDA:283,26,0,45
BRF:27
BRH:27
end_of_record
TN:
SF:src/lib/format/string.ts
FN:6,getInitials
FNF:1
FNH:1
FNDA:39,getInitials
DA:6,3
DA:7,39
DA:8,33
DA:9,33
DA:10,33
DA:11,33
DA:12,33
DA:13,33
DA:14,33
LF:9
LH:9
BRDA:6,0,0,39
BRDA:7,1,0,6
BRDA:7,2,0,33
BRDA:10,3,0,57
BRDA:10,4,0,33
BRF:5
BRH:5
end_of_record
TN:
SF:src/lib/notification/transformers.ts
FN:26,transformOrderDetailToEmailData
FN:58,transformFlightToEmailData
FN:78,transformPassengerToEmailData
FN:94,getSeatClassDisplayName
FN:110,getDocumentTypeDisplayName
FNF:5
FNH:5
FNDA:15,transformOrderDetailToEmailData
FNDA:29,transformFlightToEmailData
FNDA:27,transformPassengerToEmailData
FNDA:29,getSeatClassDisplayName
FNDA:27,getDocumentTypeDisplayName
DA:26,1
DA:27,15
DA:28,15
DA:29,15
DA:30,15
DA:31,15
DA:32,15
DA:33,15
DA:34,15
DA:35,14
DA:36,1
DA:37,15
DA:38,15
DA:39,15
DA:40,15
DA:41,15
DA:42,15
DA:43,15
DA:44,15
DA:45,15
DA:46,15
DA:47,15
DA:48,15
DA:58,29
DA:59,29
DA:60,29
DA:61,29
DA:62,29
DA:63,29
DA:64,29
DA:65,29
DA:66,29
DA:67,29
DA:68,29
DA:69,29
DA:70,29
DA:78,27
DA:79,27
DA:80,27
DA:81,27
DA:82,27
DA:83,27
DA:84,27
DA:85,27
DA:86,27
DA:94,29
DA:95,29
DA:96,29
DA:97,29
DA:98,29
DA:99,29
DA:101,29
DA:102,29
DA:110,27
DA:111,27
DA:112,27
DA:113,27
DA:114,27
DA:115,27
DA:117,27
DA:118,27
LF:61
LH:61
BRDA:26,0,0,15
BRDA:34,1,0,14
BRDA:35,2,0,1
BRDA:58,3,0,29
BRDA:78,4,0,27
BRDA:94,5,0,29
BRDA:101,6,0,1
BRDA:110,7,0,27
BRDA:117,8,0,1
BRF:9
BRH:9
end_of_record
TN:
SF:src/lib/security/mask-data.ts
FN:9,maskDocumentNumber
FN:25,maskPhoneNumber
FN:47,maskEmail
FNF:3
FNH:3
FNDA:6,maskDocumentNumber
FNDA:8,maskPhoneNumber
FNDA:11,maskEmail
DA:9,2
DA:10,6
DA:11,2
DA:12,2
DA:14,4
DA:15,4
DA:16,4
DA:18,4
DA:19,4
DA:25,2
DA:26,8
DA:27,1
DA:28,1
DA:32,8
DA:33,1
DA:34,1
DA:36,6
DA:37,6
DA:38,6
DA:40,6
DA:41,6
DA:47,2
DA:48,11
DA:49,2
DA:50,2
DA:52,9
DA:54,11
DA:55,2
DA:56,2
DA:58,7
DA:59,7
DA:61,7
DA:62,7
LF:33
LH:33
BRDA:9,0,0,6
BRDA:10,1,0,2
BRDA:25,2,0,8
BRDA:26,3,0,1
BRDA:32,4,0,1
BRDA:47,5,0,11
BRDA:48,6,0,2
BRDA:54,7,0,2
BRDA:10,8,0,5
BRDA:12,9,0,4
BRDA:28,10,0,7
BRDA:34,11,0,6
BRDA:48,12,0,10
BRDA:50,13,0,9
BRDA:56,14,0,7
BRF:15
BRH:15
end_of_record
TN:
SF:src/lib/server/uuid.ts
FN:10,generateUUIDFromString
FNF:1
FNH:1
FNDA:5,generateUUIDFromString
DA:1,1
DA:10,1
DA:11,5
DA:12,5
DA:13,5
LF:5
LH:5
BRDA:10,0,0,5
BRF:1
BRH:1
end_of_record
TN:
SF:src/lib/validation/account.ts
FN:6,validateAccount
FNF:1
FNH:1
FNDA:6,validateAccount
DA:1,1
DA:6,1
DA:7,6
DA:8,6
DA:10,6
DA:11,6
DA:12,6
DA:13,6
DA:14,6
DA:15,6
LF:10
LH:10
BRDA:6,0,0,6
BRDA:13,1,0,5
BRF:2
BRH:2
end_of_record
TN:
SF:src/services/auth-events.ts
FN:14,emitAuthEvent
FN:21,onAuthEvent
FN:25,wrappedHandler
FNF:3
FNH:3
FNDA:2,emitAuthEvent
FNDA:2,onAuthEvent
FNDA:2,wrappedHandler
DA:1,1
DA:3,1
DA:10,1
DA:12,1
DA:14,1
DA:15,2
DA:16,2
DA:17,2
DA:18,2
DA:19,2
DA:21,1
DA:22,2
DA:23,2
DA:24,2
DA:25,2
DA:26,2
DA:27,2
DA:28,1
DA:31,1
DA:32,1
DA:33,2
DA:35,2
DA:36,2
DA:37,2
LF:24
LH:24
BRDA:14,0,0,2
BRDA:21,1,0,2
BRDA:25,2,0,2
BRDA:27,3,0,1
BRDA:36,4,0,2
BRF:5
BRH:5
end_of_record
TN:
SF:src/services/auth-workflow.service.ts
FN:1,(empty-report)
FNF:1
FNH:0
FNDA:0,(empty-report)
DA:1,0
DA:2,0
DA:7,0
DA:8,0
DA:11,0
DA:13,0
DA:15,0
DA:16,0
DA:17,0
DA:18,0
DA:19,0
DA:21,0
DA:22,0
DA:23,0
DA:24,0
DA:25,0
DA:26,0
DA:28,0
DA:29,0
DA:31,0
DA:33,0
DA:34,0
DA:35,0
DA:36,0
DA:37,0
DA:38,0
DA:40,0
DA:41,0
DA:42,0
DA:43,0
DA:44,0
DA:45,0
DA:46,0
DA:47,0
DA:48,0
DA:49,0
DA:50,0
DA:51,0
DA:53,0
DA:54,0
DA:55,0
DA:56,0
DA:57,0
DA:58,0
DA:60,0
DA:61,0
DA:62,0
DA:64,0
DA:65,0
DA:67,0
DA:69,0
DA:70,0
DA:71,0
DA:72,0
DA:73,0
DA:75,0
DA:76,0
DA:77,0
DA:78,0
DA:79,0
DA:80,0
DA:81,0
DA:82,0
DA:83,0
DA:84,0
DA:85,0
DA:86,0
LF:67
LH:0
BRDA:1,0,0,0
BRF:1
BRH:0
end_of_record
TN:
SF:src/services/otp-cooldown.service.ts
FN:1,(empty-report)
FNF:1
FNH:0
FNDA:0,(empty-report)
DA:1,0
DA:3,0
DA:5,0
DA:6,0
DA:7,0
DA:13,0
DA:20,0
DA:21,0
DA:22,0
DA:23,0
DA:24,0
DA:25,0
DA:26,0
DA:27,0
DA:28,0
DA:29,0
DA:30,0
DA:32,0
DA:33,0
DA:34,0
DA:35,0
DA:37,0
DA:38,0
DA:39,0
DA:41,0
DA:42,0
DA:43,0
DA:45,0
DA:46,0
DA:47,0
DA:48,0
DA:49,0
DA:51,0
DA:52,0
DA:54,0
DA:55,0
DA:56,0
DA:57,0
DA:58,0
DA:59,0
DA:60,0
DA:61,0
DA:62,0
DA:63,0
DA:64,0
DA:65,0
DA:66,0
DA:67,0
DA:68,0
DA:69,0
LF:50
LH:0
BRDA:1,0,0,0
BRF:1
BRH:0
end_of_record
TN:
SF:src/services/payment-workflow.service.ts
FN:1,(empty-report)
FNF:1
FNH:0
FNDA:0,(empty-report)
DA:1,0
DA:2,0
DA:4,0
DA:5,0
DA:6,0
DA:7,0
DA:8,0
DA:9,0
DA:15,0
DA:24,0
DA:26,0
DA:27,0
DA:28,0
DA:29,0
DA:30,0
DA:31,0
DA:32,0
DA:33,0
DA:34,0
DA:35,0
DA:37,0
DA:38,0
DA:40,0
DA:41,0
DA:42,0
DA:43,0
DA:44,0
DA:45,0
DA:46,0
DA:47,0
DA:48,0
DA:49,0
DA:51,0
DA:52,0
DA:53,0
DA:54,0
DA:55,0
DA:56,0
DA:57,0
DA:59,0
DA:60,0
DA:61,0
DA:63,0
DA:64,0
DA:65,0
DA:66,0
DA:67,0
DA:69,0
DA:70,0
DA:71,0
DA:72,0
DA:73,0
DA:74,0
DA:75,0
DA:76,0
DA:78,0
DA:79,0
DA:80,0
DA:81,0
DA:83,0
DA:84,0
DA:85,0
DA:86,0
DA:87,0
DA:88,0
DA:89,0
DA:91,0
DA:92,0
DA:93,0
DA:95,0
DA:96,0
DA:98,0
DA:99,0
DA:100,0
DA:101,0
DA:102,0
DA:104,0
DA:105,0
DA:106,0
DA:107,0
DA:109,0
DA:110,0
DA:111,0
DA:112,0
DA:113,0
DA:114,0
DA:115,0
DA:117,0
DA:118,0
DA:119,0
DA:120,0
DA:121,0
DA:122,0
DA:123,0
DA:124,0
DA:126,0
DA:127,0
DA:128,0
DA:129,0
DA:130,0
DA:131,0
DA:132,0
DA:133,0
DA:134,0
DA:135,0
DA:136,0
DA:138,0
DA:139,0
DA:140,0
DA:141,0
DA:142,0
DA:143,0
DA:144,0
DA:145,0
DA:146,0
DA:148,0
DA:149,0
DA:150,0
DA:151,0
DA:152,0
DA:153,0
DA:155,0
DA:156,0
DA:157,0
DA:158,0
DA:159,0
DA:161,0
DA:162,0
DA:163,0
DA:164,0
DA:165,0
DA:166,0
DA:167,0
DA:168,0
DA:169,0
DA:171,0
DA:172,0
DA:173,0
DA:174,0
DA:175,0
DA:176,0
DA:177,0
DA:178,0
DA:179,0
DA:180,0
DA:181,0
DA:182,0
DA:183,0
DA:184,0
LF:149
LH:0
BRDA:1,0,0,0
BRF:1
BRH:0
end_of_record
TN:
SF:src/services/dev-tools/dev-users.service.ts
FN:1,(empty-report)
FNF:1
FNH:0
FNDA:0,(empty-report)
DA:1,0
DA:3,0
DA:4,0
DA:5,0
DA:6,0
DA:7,0
DA:11,0
DA:13,0
DA:14,0
DA:15,0
DA:16,0
DA:18,0
DA:19,0
DA:20,0
DA:21,0
DA:22,0
DA:23,0
DA:24,0
DA:25,0
DA:27,0
DA:30,0
DA:31,0
DA:32,0
DA:33,0
DA:35,0
DA:36,0
DA:37,0
DA:38,0
DA:39,0
DA:40,0
DA:42,0
DA:43,0
DA:44,0
DA:46,0
DA:48,0
DA:49,0
DA:50,0
DA:51,0
DA:52,0
DA:53,0
DA:54,0
DA:56,0
DA:58,0
DA:59,0
DA:60,0
DA:61,0
DA:62,0
DA:63,0
DA:65,0
DA:66,0
DA:67,0
DA:69,0
DA:71,0
DA:72,0
DA:73,0
DA:74,0
DA:75,0
DA:76,0
DA:77,0
DA:79,0
DA:80,0
DA:81,0
DA:83,0
DA:84,0
DA:85,0
DA:86,0
DA:87,0
DA:88,0
DA:89,0
DA:90,0
DA:91,0
LF:71
LH:0
BRDA:1,0,0,0
BRF:1
BRH:0
end_of_record
TN:
SF:src/types/common.ts
FN:1,(empty-report)
FNF:1
FNH:1
FNDA:1,(empty-report)
DA:8,0
LF:1
LH:0
BRDA:1,0,0,1
BRF:1
BRH:1
end_of_record
TN:
SF:src/types/http.ts
FN:1,(empty-report)
FNF:1
FNH:1
FNDA:1,(empty-report)
LF:0
LH:0
BRDA:1,0,0,1
BRF:1
BRH:1
end_of_record
TN:
SF:src/types/inkeep-qa-schema.ts
FN:1,(empty-report)
FNF:1
FNH:0
FNDA:0,(empty-report)
DA:1,0
DA:3,0
DA:4,0
DA:5,0
DA:6,0
DA:7,0
DA:8,0
DA:9,0
DA:10,0
DA:11,0
DA:12,0
DA:13,0
DA:15,0
DA:16,0
DA:17,0
DA:18,0
DA:20,0
DA:21,0
DA:22,0
DA:23,0
DA:24,0
DA:25,0
DA:26,0
DA:28,0
DA:30,0
DA:31,0
DA:32,0
DA:34,0
DA:35,0
DA:36,0
DA:37,0
DA:38,0
DA:39,0
DA:40,0
DA:42,0
DA:44,0
DA:45,0
DA:46,0
DA:48,0
DA:49,0
DA:50,0
LF:41
LH:0
BRDA:1,0,0,0
BRF:1
BRH:0
end_of_record
TN:
SF:src/types/result.ts
FN:1,(empty-report)
FNF:1
FNH:1
FNDA:1,(empty-report)
LF:0
LH:0
BRDA:1,0,0,1
BRF:1
BRH:1
end_of_record
TN:
SF:src/types/api/health.ts
FNF:0
FNH:0
DA:1,1
DA:3,1
DA:34,1
DA:35,1
DA:36,1
DA:37,1
DA:38,1
DA:39,1
DA:52,1
DA:53,1
DA:54,1
DA:55,1
DA:56,1
LF:13
LH:13
BRF:0
BRH:0
end_of_record
TN:
SF:src/types/api/response.ts
FN:74,createSuccessResponseSchema
FN:144,createPaginatedResponseSchema
FNF:2
FNH:2
FNDA:3,createSuccessResponseSchema
FNDA:2,createPaginatedResponseSchema
DA:1,1
DA:35,1
DA:36,1
DA:37,1
DA:38,1
DA:48,1
DA:49,1
DA:50,1
DA:51,1
DA:74,1
DA:75,3
DA:76,3
DA:77,3
DA:78,3
DA:79,3
DA:80,3
DA:81,3
DA:82,3
DA:96,1
DA:97,1
DA:98,1
DA:99,1
DA:100,1
DA:101,1
DA:102,1
DA:103,1
DA:104,1
DA:120,1
DA:121,1
DA:122,1
DA:123,1
DA:124,1
DA:125,1
DA:144,1
DA:145,2
DA:146,2
DA:147,2
DA:148,2
DA:149,2
DA:150,2
DA:151,2
DA:152,2
DA:153,2
DA:154,2
DA:155,2
DA:166,1
DA:167,1
DA:168,1
DA:169,1
DA:182,1
DA:183,1
DA:184,1
DA:192,1
DA:193,1
DA:194,1
LF:55
LH:55
BRDA:74,0,0,3
BRDA:144,1,0,2
BRF:2
BRH:2
end_of_record
TN:
SF:src/types/db/airlines.ts
FN:1,(empty-report)
FNF:1
FNH:1
FNDA:1,(empty-report)
LF:0
LH:0
BRDA:1,0,0,1
BRF:1
BRH:1
end_of_record
TN:
SF:src/types/db/airports.ts
FN:1,(empty-report)
FNF:1
FNH:1
FNDA:1,(empty-report)
LF:0
LH:0
BRDA:1,0,0,1
BRF:1
BRH:1
end_of_record
TN:
SF:src/types/db/auth.ts
FN:1,(empty-report)
FNF:1
FNH:1
FNDA:1,(empty-report)
LF:0
LH:0
BRDA:1,0,0,1
BRF:1
BRH:1
end_of_record
TN:
SF:src/types/db/cities.ts
FN:1,(empty-report)
FNF:1
FNH:1
FNDA:1,(empty-report)
LF:0
LH:0
BRDA:1,0,0,1
BRF:1
BRH:1
end_of_record
TN:
SF:src/types/db/flight-search-history.ts
FN:1,(empty-report)
FNF:1
FNH:1
FNDA:1,(empty-report)
LF:0
LH:0
BRDA:1,0,0,1
BRF:1
BRH:1
end_of_record
TN:
SF:src/types/db/flights.ts
FN:1,(empty-report)
FNF:1
FNH:1
FNDA:1,(empty-report)
LF:0
LH:0
BRDA:1,0,0,1
BRF:1
BRH:1
end_of_record
TN:
SF:src/types/db/orders.ts
FN:1,(empty-report)
FNF:1
FNH:1
FNDA:1,(empty-report)
LF:0
LH:0
BRDA:1,0,0,1
BRF:1
BRH:1
end_of_record
TN:
SF:src/types/db/passengers.ts
FN:1,(empty-report)
FNF:1
FNH:1
FNDA:1,(empty-report)
LF:0
LH:0
BRDA:1,0,0,1
BRF:1
BRH:1
end_of_record
TN:
SF:src/types/dto/booking.ts
FN:1,(empty-report)
FNF:1
FNH:1
FNDA:1,(empty-report)
LF:0
LH:0
BRDA:1,0,0,1
BRF:1
BRH:1
end_of_record
TN:
SF:src/types/dto/cities.ts
FN:1,(empty-report)
FNF:1
FNH:1
FNDA:1,(empty-report)
LF:0
LH:0
BRDA:1,0,0,1
BRF:1
BRH:1
end_of_record
TN:
SF:src/types/dto/emails.ts
FN:1,(empty-report)
FNF:1
FNH:1
FNDA:1,(empty-report)
LF:0
LH:0
BRDA:1,0,0,1
BRF:1
BRH:1
end_of_record
TN:
SF:src/types/dto/flight-search-history.ts
FN:1,(empty-report)
FNF:1
FNH:1
FNDA:1,(empty-report)
LF:0
LH:0
BRDA:1,0,0,1
BRF:1
BRH:1
end_of_record
TN:
SF:src/types/dto/flight.ts
FN:1,(empty-report)
FNF:1
FNH:1
FNDA:1,(empty-report)
LF:0
LH:0
BRDA:1,0,0,1
BRF:1
BRH:1
end_of_record
TN:
SF:src/types/dto/orders.ts
FN:1,(empty-report)
FNF:1
FNH:1
FNDA:1,(empty-report)
LF:0
LH:0
BRDA:1,0,0,1
BRF:1
BRH:1
end_of_record
TN:
SF:src/types/dto/passengers.ts
FN:1,(empty-report)
FNF:1
FNH:1
FNDA:1,(empty-report)
LF:0
LH:0
BRDA:1,0,0,1
BRF:1
BRH:1
end_of_record
TN:
SF:src/types/dto/user.ts
FN:1,(empty-report)
FNF:1
FNH:1
FNDA:1,(empty-report)
LF:0
LH:0
BRDA:1,0,0,1
BRF:1
BRH:1
end_of_record
TN:
SF:src/types/services/auth-events.ts
FN:1,(empty-report)
FNF:1
FNH:1
FNDA:1,(empty-report)
LF:0
LH:0
BRDA:1,0,0,1
BRF:1
BRH:1
end_of_record
TN:
SF:src/types/services/payment.ts
FN:1,(empty-report)
FNF:1
FNH:1
FNDA:1,(empty-report)
LF:0
LH:0
BRDA:1,0,0,1
BRF:1
BRH:1
end_of_record
TN:
SF:src/types/validations/auth.ts
FN:51,__vite_ssr_import_0__.z.boolean.refine.message
FN:99,__vite_ssr_import_0__.z.object.refine.message
FN:121,__vite_ssr_import_0__.z.object.refine.message
FN:143,__vite_ssr_import_0__.z.object.refine.message
FN:147,__vite_ssr_import_0__.z.object.refine.refine.message
FN:51,z.boolean.refine.message
FN:99,z.object.refine.message
FN:121,z.object.refine.message
FN:143,z.object.refine.message
FN:147,z.object.refine.refine.message
FNF:10
FNH:8
FNDA:39,__vite_ssr_import_0__.z.boolean.refine.message
FNDA:9,__vite_ssr_import_0__.z.object.refine.message
FNDA:0,__vite_ssr_import_0__.z.object.refine.message
FNDA:1,__vite_ssr_import_0__.z.object.refine.message
FNDA:1,__vite_ssr_import_0__.z.object.refine.refine.message
FNDA:2,z.boolean.refine.message
FNDA:1,z.object.refine.message
FNDA:0,z.object.refine.message
FNDA:1,z.object.refine.message
FNDA:1,z.object.refine.refine.message
DA:1,3
DA:3,3
DA:4,3
DA:5,3
DA:6,3
DA:8,3
DA:11,3
DA:12,3
DA:13,3
DA:14,3
DA:15,3
DA:16,3
DA:17,3
DA:20,3
DA:21,3
DA:22,3
DA:23,3
DA:26,3
DA:27,3
DA:28,3
DA:29,3
DA:31,3
DA:32,3
DA:33,3
DA:34,3
DA:35,29
DA:36,29
DA:38,29
DA:39,6
DA:40,6
DA:41,6
DA:42,6
DA:43,6
DA:44,29
DA:46,3
DA:47,3
DA:48,3
DA:49,3
DA:51,3
DA:52,3
DA:53,3
DA:55,3
DA:56,3
DA:57,3
DA:58,3
DA:59,3
DA:61,3
DA:62,3
DA:63,3
DA:64,3
DA:65,3
DA:67,3
DA:68,3
DA:69,3
DA:70,3
DA:71,3
DA:72,3
DA:73,3
DA:74,3
DA:76,3
DA:77,3
DA:78,3
DA:79,3
DA:80,3
DA:82,3
DA:83,3
DA:84,3
DA:85,3
DA:86,3
DA:88,3
DA:89,3
DA:90,3
DA:91,3
DA:92,3
DA:93,3
DA:94,3
DA:95,3
DA:96,3
DA:97,3
DA:98,3
DA:99,3
DA:100,3
DA:101,3
DA:102,3
DA:105,3
DA:106,3
DA:107,3
DA:109,3
DA:110,3
DA:111,3
DA:112,3
DA:114,3
DA:115,3
DA:116,3
DA:117,3
DA:118,3
DA:119,3
DA:120,3
DA:121,3
DA:122,3
DA:123,3
DA:124,3
DA:127,3
DA:128,3
DA:129,3
DA:130,3
DA:132,3
DA:133,3
DA:134,3
DA:135,3
DA:137,3
DA:138,3
DA:139,3
DA:140,3
DA:141,3
DA:142,3
DA:143,3
DA:144,3
DA:145,3
DA:146,3
DA:147,3
DA:148,3
DA:149,3
DA:150,3
DA:153,3
DA:154,3
DA:155,3
DA:156,3
DA:157,3
DA:159,3
DA:160,3
DA:161,3
DA:162,3
DA:163,3
DA:165,3
DA:166,3
DA:167,3
DA:168,3
DA:169,3
DA:171,3
DA:172,3
DA:173,3
DA:174,3
DA:175,3
LF:144
LH:144
BRDA:34,0,0,29
BRDA:38,1,0,25
BRDA:38,2,0,6
BRDA:51,3,0,39
BRDA:99,4,0,9
BRDA:51,5,0,2
BRDA:99,6,0,1
BRDA:143,7,0,1
BRDA:147,8,0,1
BRF:9
BRH:9
end_of_record
TN:
SF:src/types/validations/flight-search-history.ts
FNF:0
FNH:0
DA:8,3
DA:13,3
DA:14,3
DA:15,3
DA:16,3
DA:17,3
DA:18,3
DA:19,3
DA:20,3
DA:21,3
DA:22,3
DA:23,3
DA:24,3
DA:25,3
DA:26,3
DA:27,3
DA:28,3
DA:29,3
DA:30,3
DA:31,3
DA:32,3
DA:33,3
DA:34,3
DA:35,3
DA:36,3
DA:37,3
DA:38,3
DA:39,3
LF:28
LH:28
BRF:0
BRH:0
end_of_record
TN:
SF:src/types/validations/flights.ts
FNF:0
FNH:0
DA:8,3
DA:13,3
DA:14,3
DA:15,3
DA:20,3
DA:21,3
DA:22,3
DA:27,3
DA:28,3
DA:29,3
DA:34,3
DA:35,3
DA:36,3
DA:37,3
DA:38,3
DA:39,3
DA:40,3
DA:41,3
DA:42,3
DA:43,3
DA:44,3
DA:45,3
DA:46,3
LF:23
LH:23
BRF:0
BRH:0
end_of_record
TN:
SF:src/types/validations/passengers.ts
FNF:0
FNH:0
DA:8,3
DA:10,3
DA:16,3
DA:17,3
DA:18,3
DA:19,3
DA:24,3
DA:25,3
DA:26,3
DA:27,3
DA:28,3
DA:29,3
DA:30,3
DA:31,3
DA:32,3
DA:33,3
DA:34,3
DA:35,3
DA:36,3
DA:37,3
DA:42,3
DA:57,3
DA:58,3
DA:59,3
DA:60,3
DA:61,3
DA:62,3
DA:63,3
DA:64,3
DA:65,3
DA:66,3
DA:67,3
DA:68,3
DA:69,3
DA:70,3
DA:71,3
DA:72,3
DA:73,3
DA:74,3
DA:75,3
LF:40
LH:40
BRF:0
BRH:0
end_of_record
TN:
SF:src/types/validations/user.ts
FNF:0
FNH:0
DA:1,3
DA:37,3
DA:38,3
DA:39,3
DA:40,3
DA:41,3
DA:42,3
DA:43,3
DA:45,3
DA:46,3
DA:47,3
DA:48,3
DA:49,3
DA:50,3
DA:52,3
DA:53,3
DA:54,3
DA:55,3
DA:56,3
DA:58,3
DA:59,3
DA:60,3
DA:61,3
DA:62,3
DA:63,3
DA:64,3
DA:65,3
DA:66,3
DA:90,3
DA:91,3
DA:92,3
DA:93,3
DA:94,3
DA:95,3
DA:96,3
DA:97,3
DA:98,3
LF:37
LH:37
BRF:0
BRH:0
end_of_record
