{"/home/runner/work/nomad/nomad/src/mdx-components.tsx": {"path":"/home/runner/work/nomad/nomad/src/mdx-components.tsx","all":true,"statementMap":{"1":{"start":{"line":2,"column":0},"end":{"line":2,"column":49}},"2":{"start":{"line":3,"column":0},"end":{"line":3,"column":62}},"3":{"start":{"line":4,"column":0},"end":{"line":4,"column":51}},"6":{"start":{"line":7,"column":0},"end":{"line":7,"column":56}},"8":{"start":{"line":9,"column":0},"end":{"line":9,"column":77}},"9":{"start":{"line":10,"column":0},"end":{"line":10,"column":10}},"10":{"start":{"line":11,"column":0},"end":{"line":11,"column":28}},"11":{"start":{"line":12,"column":0},"end":{"line":12,"column":52}},"12":{"start":{"line":13,"column":0},"end":{"line":13,"column":12}},"13":{"start":{"line":14,"column":0},"end":{"line":14,"column":16}},"14":{"start":{"line":15,"column":0},"end":{"line":15,"column":18}},"15":{"start":{"line":16,"column":0},"end":{"line":16,"column":4}},"16":{"start":{"line":17,"column":0},"end":{"line":17,"column":1}}},"s":{"1":0,"2":0,"3":0,"6":0,"8":0,"9":0,"10":0,"11":0,"12":0,"13":0,"14":0,"15":0,"16":0},"branchMap":{"0":{"type":"branch","line":1,"loc":{"start":{"line":1,"column":554},"end":{"line":17,"column":1}},"locations":[{"start":{"line":1,"column":554},"end":{"line":17,"column":1}}]}},"b":{"0":[1]},"fnMap":{"0":{"name":"(empty-report)","decl":{"start":{"line":1,"column":554},"end":{"line":17,"column":1}},"loc":{"start":{"line":1,"column":554},"end":{"line":17,"column":1}},"line":1}},"f":{"0":1}}
,"/home/runner/work/nomad/nomad/src/components/auth/link-button.tsx": {"path":"/home/runner/work/nomad/nomad/src/components/auth/link-button.tsx","all":true,"statementMap":{"2":{"start":{"line":3,"column":0},"end":{"line":3,"column":31}},"4":{"start":{"line":5,"column":0},"end":{"line":5,"column":48}},"5":{"start":{"line":6,"column":0},"end":{"line":6,"column":47}},"32":{"start":{"line":33,"column":0},"end":{"line":33,"column":75}},"37":{"start":{"line":38,"column":0},"end":{"line":38,"column":34}},"38":{"start":{"line":39,"column":0},"end":{"line":39,"column":9}},"40":{"start":{"line":41,"column":0},"end":{"line":41,"column":50}},"41":{"start":{"line":42,"column":0},"end":{"line":42,"column":29}},"42":{"start":{"line":43,"column":0},"end":{"line":43,"column":67}},"43":{"start":{"line":44,"column":0},"end":{"line":44,"column":9}},"45":{"start":{"line":46,"column":0},"end":{"line":46,"column":25}},"46":{"start":{"line":47,"column":0},"end":{"line":47,"column":69}},"47":{"start":{"line":48,"column":0},"end":{"line":48,"column":63}},"48":{"start":{"line":49,"column":0},"end":{"line":49,"column":72}},"49":{"start":{"line":50,"column":0},"end":{"line":50,"column":11}},"50":{"start":{"line":51,"column":0},"end":{"line":51,"column":7}},"52":{"start":{"line":53,"column":0},"end":{"line":53,"column":21}},"53":{"start":{"line":54,"column":0},"end":{"line":54,"column":59}},"54":{"start":{"line":55,"column":0},"end":{"line":55,"column":60}},"55":{"start":{"line":56,"column":0},"end":{"line":56,"column":52}},"56":{"start":{"line":57,"column":0},"end":{"line":57,"column":9}},"57":{"start":{"line":58,"column":0},"end":{"line":58,"column":5}},"58":{"start":{"line":59,"column":0},"end":{"line":59,"column":4}},"60":{"start":{"line":61,"column":0},"end":{"line":61,"column":10}},"61":{"start":{"line":62,"column":0},"end":{"line":62,"column":11}},"62":{"start":{"line":63,"column":0},"end":{"line":63,"column":23}},"63":{"start":{"line":64,"column":0},"end":{"line":64,"column":15}},"64":{"start":{"line":65,"column":0},"end":{"line":65,"column":26}},"65":{"start":{"line":66,"column":0},"end":{"line":66,"column":25}},"66":{"start":{"line":67,"column":0},"end":{"line":67,"column":5}},"68":{"start":{"line":69,"column":0},"end":{"line":69,"column":13}},"70":{"start":{"line":71,"column":0},"end":{"line":71,"column":1}}},"s":{"2":0,"4":0,"5":0,"32":0,"37":0,"38":0,"40":0,"41":0,"42":0,"43":0,"45":0,"46":0,"47":0,"48":0,"49":0,"50":0,"52":0,"53":0,"54":0,"55":0,"56":0,"57":0,"58":0,"60":0,"61":0,"62":0,"63":0,"64":0,"65":0,"66":0,"68":0,"70":0},"branchMap":{"0":{"type":"branch","line":1,"loc":{"start":{"line":1,"column":1916},"end":{"line":71,"column":1}},"locations":[{"start":{"line":1,"column":1916},"end":{"line":71,"column":1}}]}},"b":{"0":[1]},"fnMap":{"0":{"name":"(empty-report)","decl":{"start":{"line":1,"column":1916},"end":{"line":71,"column":1}},"loc":{"start":{"line":1,"column":1916},"end":{"line":71,"column":1}},"line":1}},"f":{"0":1}}
,"/home/runner/work/nomad/nomad/src/components/auth/sign-up-modal.tsx": {"path":"/home/runner/work/nomad/nomad/src/components/auth/sign-up-modal.tsx","all":true,"statementMap":{"2":{"start":{"line":3,"column":0},"end":{"line":3,"column":29}},"4":{"start":{"line":5,"column":0},"end":{"line":5,"column":48}},"5":{"start":{"line":6,"column":0},"end":{"line":6,"column":8}},"21":{"start":{"line":22,"column":0},"end":{"line":22,"column":24}},"22":{"start":{"line":23,"column":0},"end":{"line":23,"column":24}},"23":{"start":{"line":24,"column":0},"end":{"line":24,"column":27}},"24":{"start":{"line":25,"column":0},"end":{"line":25,"column":29}},"25":{"start":{"line":26,"column":0},"end":{"line":26,"column":32}},"26":{"start":{"line":27,"column":0},"end":{"line":27,"column":26}},"27":{"start":{"line":28,"column":0},"end":{"line":28,"column":26}},"28":{"start":{"line":29,"column":0},"end":{"line":29,"column":28}},"29":{"start":{"line":30,"column":0},"end":{"line":30,"column":34}},"30":{"start":{"line":31,"column":0},"end":{"line":31,"column":28}},"31":{"start":{"line":32,"column":0},"end":{"line":32,"column":27}},"32":{"start":{"line":33,"column":0},"end":{"line":33,"column":38}},"33":{"start":{"line":34,"column":0},"end":{"line":34,"column":27}},"34":{"start":{"line":35,"column":0},"end":{"line":35,"column":30}},"35":{"start":{"line":36,"column":0},"end":{"line":36,"column":25}},"36":{"start":{"line":37,"column":0},"end":{"line":37,"column":27}},"37":{"start":{"line":38,"column":0},"end":{"line":38,"column":25}},"38":{"start":{"line":39,"column":0},"end":{"line":39,"column":29}},"39":{"start":{"line":40,"column":0},"end":{"line":40,"column":31}},"40":{"start":{"line":41,"column":0},"end":{"line":41,"column":25}},"41":{"start":{"line":42,"column":0},"end":{"line":42,"column":2}},"43":{"start":{"line":44,"column":0},"end":{"line":44,"column":37}},"44":{"start":{"line":45,"column":0},"end":{"line":45,"column":7}},"45":{"start":{"line":46,"column":0},"end":{"line":46,"column":15}},"46":{"start":{"line":47,"column":0},"end":{"line":47,"column":10}},"47":{"start":{"line":48,"column":0},"end":{"line":48,"column":13}},"48":{"start":{"line":49,"column":0},"end":{"line":49,"column":22}},"49":{"start":{"line":50,"column":0},"end":{"line":50,"column":10}},"50":{"start":{"line":51,"column":0},"end":{"line":51,"column":52}},"51":{"start":{"line":52,"column":0},"end":{"line":52,"column":20}},"52":{"start":{"line":53,"column":0},"end":{"line":53,"column":56}},"53":{"start":{"line":54,"column":0},"end":{"line":54,"column":30}},"55":{"start":{"line":56,"column":0},"end":{"line":56,"column":22}},"56":{"start":{"line":57,"column":0},"end":{"line":57,"column":65}},"58":{"start":{"line":59,"column":0},"end":{"line":59,"column":24}},"59":{"start":{"line":60,"column":0},"end":{"line":60,"column":23}},"61":{"start":{"line":62,"column":0},"end":{"line":62,"column":48}},"62":{"start":{"line":63,"column":0},"end":{"line":63,"column":84}},"66":{"start":{"line":67,"column":0},"end":{"line":67,"column":30}},"68":{"start":{"line":69,"column":0},"end":{"line":69,"column":42}},"69":{"start":{"line":70,"column":0},"end":{"line":70,"column":17}},"70":{"start":{"line":71,"column":0},"end":{"line":71,"column":27}},"71":{"start":{"line":72,"column":0},"end":{"line":72,"column":29}},"72":{"start":{"line":73,"column":0},"end":{"line":73,"column":39}},"73":{"start":{"line":74,"column":0},"end":{"line":74,"column":77}},"74":{"start":{"line":75,"column":0},"end":{"line":75,"column":13}},"76":{"start":{"line":77,"column":0},"end":{"line":77,"column":19}},"77":{"start":{"line":78,"column":0},"end":{"line":78,"column":17}},"78":{"start":{"line":79,"column":0},"end":{"line":79,"column":29}},"79":{"start":{"line":80,"column":0},"end":{"line":80,"column":29}},"80":{"start":{"line":81,"column":0},"end":{"line":81,"column":39}},"81":{"start":{"line":82,"column":0},"end":{"line":82,"column":77}},"82":{"start":{"line":83,"column":0},"end":{"line":83,"column":13}},"84":{"start":{"line":85,"column":0},"end":{"line":85,"column":19}},"85":{"start":{"line":86,"column":0},"end":{"line":86,"column":16}},"87":{"start":{"line":88,"column":0},"end":{"line":88,"column":78}},"88":{"start":{"line":89,"column":0},"end":{"line":89,"column":62}},"89":{"start":{"line":90,"column":0},"end":{"line":90,"column":43}},"90":{"start":{"line":91,"column":0},"end":{"line":91,"column":64}},"91":{"start":{"line":92,"column":0},"end":{"line":92,"column":80}},"92":{"start":{"line":93,"column":0},"end":{"line":93,"column":65}},"93":{"start":{"line":94,"column":0},"end":{"line":94,"column":31}},"94":{"start":{"line":95,"column":0},"end":{"line":95,"column":25}},"95":{"start":{"line":96,"column":0},"end":{"line":96,"column":22}},"96":{"start":{"line":97,"column":0},"end":{"line":97,"column":17}},"97":{"start":{"line":98,"column":0},"end":{"line":98,"column":18}},"98":{"start":{"line":99,"column":0},"end":{"line":99,"column":16}},"99":{"start":{"line":100,"column":0},"end":{"line":100,"column":14}},"101":{"start":{"line":102,"column":0},"end":{"line":102,"column":69}},"102":{"start":{"line":103,"column":0},"end":{"line":103,"column":17}},"103":{"start":{"line":104,"column":0},"end":{"line":104,"column":29}},"104":{"start":{"line":105,"column":0},"end":{"line":105,"column":32}},"105":{"start":{"line":106,"column":0},"end":{"line":106,"column":37}},"106":{"start":{"line":107,"column":0},"end":{"line":107,"column":11}},"108":{"start":{"line":109,"column":0},"end":{"line":109,"column":19}},"109":{"start":{"line":110,"column":0},"end":{"line":110,"column":17}},"110":{"start":{"line":111,"column":0},"end":{"line":111,"column":29}},"111":{"start":{"line":112,"column":0},"end":{"line":112,"column":82}},"112":{"start":{"line":113,"column":0},"end":{"line":113,"column":11}},"114":{"start":{"line":115,"column":0},"end":{"line":115,"column":19}},"115":{"start":{"line":116,"column":0},"end":{"line":116,"column":23}},"116":{"start":{"line":117,"column":0},"end":{"line":117,"column":22}},"117":{"start":{"line":118,"column":0},"end":{"line":118,"column":13}},"119":{"start":{"line":120,"column":0},"end":{"line":120,"column":1}}},"s":{"2":0,"4":0,"5":0,"21":0,"22":0,"23":0,"24":0,"25":0,"26":0,"27":0,"28":0,"29":0,"30":0,"31":0,"32":0,"33":0,"34":0,"35":0,"36":0,"37":0,"38":0,"39":0,"40":0,"41":0,"43":0,"44":0,"45":0,"46":0,"47":0,"48":0,"49":0,"50":0,"51":0,"52":0,"53":0,"55":0,"56":0,"58":0,"59":0,"61":0,"62":0,"66":0,"68":0,"69":0,"70":0,"71":0,"72":0,"73":0,"74":0,"76":0,"77":0,"78":0,"79":0,"80":0,"81":0,"82":0,"84":0,"85":0,"87":0,"88":0,"89":0,"90":0,"91":0,"92":0,"93":0,"94":0,"95":0,"96":0,"97":0,"98":0,"99":0,"101":0,"102":0,"103":0,"104":0,"105":0,"106":0,"108":0,"109":0,"110":0,"111":0,"112":0,"114":0,"115":0,"116":0,"117":0,"119":0},"branchMap":{"0":{"type":"branch","line":1,"loc":{"start":{"line":1,"column":3339},"end":{"line":120,"column":1}},"locations":[{"start":{"line":1,"column":3339},"end":{"line":120,"column":1}}]}},"b":{"0":[1]},"fnMap":{"0":{"name":"(empty-report)","decl":{"start":{"line":1,"column":3339},"end":{"line":120,"column":1}},"loc":{"start":{"line":1,"column":3339},"end":{"line":120,"column":1}},"line":1}},"f":{"0":1}}
,"/home/runner/work/nomad/nomad/src/components/auth/social-account-card.tsx": {"path":"/home/runner/work/nomad/nomad/src/components/auth/social-account-card.tsx","all":false,"statementMap":{"2":{"start":{"line":3,"column":0},"end":{"line":3,"column":37}},"3":{"start":{"line":4,"column":0},"end":{"line":4,"column":33}},"5":{"start":{"line":6,"column":0},"end":{"line":6,"column":44}},"28":{"start":{"line":29,"column":0},"end":{"line":29,"column":60}},"29":{"start":{"line":30,"column":0},"end":{"line":30,"column":10}},"30":{"start":{"line":31,"column":0},"end":{"line":31,"column":8}},"31":{"start":{"line":32,"column":0},"end":{"line":32,"column":25}},"32":{"start":{"line":33,"column":0},"end":{"line":33,"column":25}},"33":{"start":{"line":34,"column":0},"end":{"line":34,"column":27}},"34":{"start":{"line":35,"column":0},"end":{"line":35,"column":24}},"36":{"start":{"line":37,"column":0},"end":{"line":37,"column":732}},"39":{"start":{"line":40,"column":0},"end":{"line":40,"column":1}},"44":{"start":{"line":45,"column":0},"end":{"line":45,"column":60}},"45":{"start":{"line":46,"column":0},"end":{"line":46,"column":10}},"46":{"start":{"line":47,"column":0},"end":{"line":47,"column":70}},"47":{"start":{"line":48,"column":0},"end":{"line":48,"column":11}},"48":{"start":{"line":49,"column":0},"end":{"line":49,"column":131}},"49":{"start":{"line":50,"column":0},"end":{"line":50,"column":22}},"51":{"start":{"line":52,"column":0},"end":{"line":52,"column":11}},"52":{"start":{"line":53,"column":0},"end":{"line":53,"column":145}},"53":{"start":{"line":54,"column":0},"end":{"line":54,"column":22}},"55":{"start":{"line":56,"column":0},"end":{"line":56,"column":11}},"56":{"start":{"line":57,"column":0},"end":{"line":57,"column":137}},"57":{"start":{"line":58,"column":0},"end":{"line":58,"column":22}},"59":{"start":{"line":60,"column":0},"end":{"line":60,"column":11}},"60":{"start":{"line":61,"column":0},"end":{"line":61,"column":143}},"61":{"start":{"line":62,"column":0},"end":{"line":62,"column":22}},"65":{"start":{"line":66,"column":0},"end":{"line":66,"column":1}},"90":{"start":{"line":91,"column":0},"end":{"line":91,"column":43}},"91":{"start":{"line":92,"column":0},"end":{"line":92,"column":11}},"92":{"start":{"line":93,"column":0},"end":{"line":93,"column":15}},"93":{"start":{"line":94,"column":0},"end":{"line":94,"column":11}},"94":{"start":{"line":95,"column":0},"end":{"line":95,"column":13}},"95":{"start":{"line":96,"column":0},"end":{"line":96,"column":15}},"96":{"start":{"line":97,"column":0},"end":{"line":97,"column":28}},"97":{"start":{"line":98,"column":0},"end":{"line":98,"column":52}},"98":{"start":{"line":99,"column":0},"end":{"line":99,"column":63}},"100":{"start":{"line":101,"column":0},"end":{"line":101,"column":10}},"101":{"start":{"line":102,"column":0},"end":{"line":102,"column":9}},"102":{"start":{"line":103,"column":0},"end":{"line":103,"column":73}},"103":{"start":{"line":104,"column":0},"end":{"line":104,"column":45}},"104":{"start":{"line":105,"column":0},"end":{"line":105,"column":46}},"106":{"start":{"line":107,"column":0},"end":{"line":107,"column":37}},"108":{"start":{"line":109,"column":0},"end":{"line":109,"column":45}},"109":{"start":{"line":110,"column":0},"end":{"line":110,"column":83}},"110":{"start":{"line":111,"column":0},"end":{"line":111,"column":54}},"115":{"start":{"line":116,"column":0},"end":{"line":116,"column":63}},"118":{"start":{"line":119,"column":0},"end":{"line":119,"column":66}},"119":{"start":{"line":120,"column":0},"end":{"line":120,"column":23}},"121":{"start":{"line":122,"column":0},"end":{"line":122,"column":25}},"124":{"start":{"line":125,"column":0},"end":{"line":125,"column":72}},"125":{"start":{"line":126,"column":0},"end":{"line":126,"column":45}},"126":{"start":{"line":127,"column":0},"end":{"line":127,"column":64}},"131":{"start":{"line":132,"column":0},"end":{"line":132,"column":22}},"137":{"start":{"line":138,"column":0},"end":{"line":138,"column":1}}},"s":{"2":1,"3":1,"5":1,"28":2,"29":2,"30":2,"31":2,"32":2,"33":2,"34":2,"36":2,"39":2,"44":2,"45":2,"46":2,"47":2,"48":2,"49":2,"51":2,"52":2,"53":2,"55":2,"56":2,"57":2,"59":2,"60":2,"61":2,"65":2,"90":4,"91":4,"92":4,"93":4,"94":4,"95":4,"96":4,"97":4,"98":4,"100":4,"101":4,"102":4,"103":4,"104":4,"106":4,"108":4,"109":4,"110":4,"115":4,"118":4,"119":4,"121":4,"124":4,"125":4,"126":4,"131":4,"137":4},"branchMap":{"0":{"type":"branch","line":29,"loc":{"start":{"line":29,"column":0},"end":{"line":40,"column":1}},"locations":[{"start":{"line":29,"column":0},"end":{"line":40,"column":1}}]},"1":{"type":"branch","line":45,"loc":{"start":{"line":45,"column":0},"end":{"line":66,"column":1}},"locations":[{"start":{"line":45,"column":0},"end":{"line":66,"column":1}}]},"2":{"type":"branch","line":91,"loc":{"start":{"line":91,"column":0},"end":{"line":138,"column":1}},"locations":[{"start":{"line":91,"column":0},"end":{"line":138,"column":1}}]},"3":{"type":"branch","line":99,"loc":{"start":{"line":99,"column":28},"end":{"line":99,"column":52}},"locations":[{"start":{"line":99,"column":28},"end":{"line":99,"column":52}}]},"4":{"type":"branch","line":99,"loc":{"start":{"line":99,"column":39},"end":{"line":99,"column":63}},"locations":[{"start":{"line":99,"column":39},"end":{"line":99,"column":63}}]},"5":{"type":"branch","line":122,"loc":{"start":{"line":122,"column":12},"end":{"line":122,"column":25}},"locations":[{"start":{"line":122,"column":12},"end":{"line":122,"column":25}}]}},"b":{"0":[2],"1":[2],"2":[4],"3":[2],"4":[2],"5":[0]},"fnMap":{"0":{"name":"GithubIcon","decl":{"start":{"line":29,"column":0},"end":{"line":40,"column":1}},"loc":{"start":{"line":29,"column":0},"end":{"line":40,"column":1}},"line":29},"1":{"name":"GoogleIcon","decl":{"start":{"line":45,"column":0},"end":{"line":66,"column":1}},"loc":{"start":{"line":45,"column":0},"end":{"line":66,"column":1}},"line":45},"2":{"name":"SocialAccountCard","decl":{"start":{"line":91,"column":0},"end":{"line":138,"column":1}},"loc":{"start":{"line":91,"column":0},"end":{"line":138,"column":1}},"line":91},"3":{"name":"onMouseEnter","decl":{"start":{"line":104,"column":20},"end":{"line":104,"column":45}},"loc":{"start":{"line":104,"column":20},"end":{"line":104,"column":45}},"line":104},"4":{"name":"onMouseLeave","decl":{"start":{"line":105,"column":20},"end":{"line":105,"column":46}},"loc":{"start":{"line":105,"column":20},"end":{"line":105,"column":46}},"line":105}},"f":{"0":2,"1":2,"2":4,"3":0,"4":0}}
,"/home/runner/work/nomad/nomad/src/components/auth/unlink-button.tsx": {"path":"/home/runner/work/nomad/nomad/src/components/auth/unlink-button.tsx","all":true,"statementMap":{"2":{"start":{"line":3,"column":0},"end":{"line":3,"column":38}},"3":{"start":{"line":4,"column":0},"end":{"line":4,"column":31}},"5":{"start":{"line":6,"column":0},"end":{"line":6,"column":48}},"6":{"start":{"line":7,"column":0},"end":{"line":7,"column":57}},"32":{"start":{"line":33,"column":0},"end":{"line":33,"column":65}},"33":{"start":{"line":34,"column":0},"end":{"line":34,"column":55}},"39":{"start":{"line":40,"column":0},"end":{"line":40,"column":30}},"40":{"start":{"line":41,"column":0},"end":{"line":41,"column":33}},"41":{"start":{"line":42,"column":0},"end":{"line":42,"column":59}},"43":{"start":{"line":44,"column":0},"end":{"line":44,"column":27}},"44":{"start":{"line":45,"column":0},"end":{"line":45,"column":38}},"45":{"start":{"line":46,"column":0},"end":{"line":46,"column":14}},"46":{"start":{"line":47,"column":0},"end":{"line":47,"column":34}},"47":{"start":{"line":48,"column":0},"end":{"line":48,"column":7}},"48":{"start":{"line":49,"column":0},"end":{"line":49,"column":7}},"49":{"start":{"line":50,"column":0},"end":{"line":50,"column":4}},"51":{"start":{"line":52,"column":0},"end":{"line":52,"column":10}},"52":{"start":{"line":53,"column":0},"end":{"line":53,"column":11}},"53":{"start":{"line":54,"column":0},"end":{"line":54,"column":23}},"54":{"start":{"line":55,"column":0},"end":{"line":55,"column":15}},"55":{"start":{"line":56,"column":0},"end":{"line":56,"column":28}},"56":{"start":{"line":57,"column":0},"end":{"line":57,"column":26}},"57":{"start":{"line":58,"column":0},"end":{"line":58,"column":25}},"59":{"start":{"line":60,"column":0},"end":{"line":60,"column":37}},"60":{"start":{"line":61,"column":0},"end":{"line":61,"column":13}},"62":{"start":{"line":63,"column":0},"end":{"line":63,"column":1}}},"s":{"2":0,"3":0,"5":0,"6":0,"32":0,"33":0,"39":0,"40":0,"41":0,"43":0,"44":0,"45":0,"46":0,"47":0,"48":0,"49":0,"51":0,"52":0,"53":0,"54":0,"55":0,"56":0,"57":0,"59":0,"60":0,"62":0},"branchMap":{"0":{"type":"branch","line":1,"loc":{"start":{"line":1,"column":1484},"end":{"line":63,"column":1}},"locations":[{"start":{"line":1,"column":1484},"end":{"line":63,"column":1}}]}},"b":{"0":[1]},"fnMap":{"0":{"name":"(empty-report)","decl":{"start":{"line":1,"column":1484},"end":{"line":63,"column":1}},"loc":{"start":{"line":1,"column":1484},"end":{"line":63,"column":1}},"line":1}},"f":{"0":1}}
,"/home/runner/work/nomad/nomad/src/components/auth/forms/email-login.tsx": {"path":"/home/runner/work/nomad/nomad/src/components/auth/forms/email-login.tsx","all":false,"statementMap":{"2":{"start":{"line":3,"column":0},"end":{"line":3,"column":54}},"3":{"start":{"line":4,"column":0},"end":{"line":4,"column":29}},"4":{"start":{"line":5,"column":0},"end":{"line":5,"column":42}},"6":{"start":{"line":7,"column":0},"end":{"line":7,"column":48}},"7":{"start":{"line":8,"column":0},"end":{"line":8,"column":52}},"8":{"start":{"line":9,"column":0},"end":{"line":9,"column":8}},"16":{"start":{"line":17,"column":0},"end":{"line":17,"column":46}},"17":{"start":{"line":18,"column":0},"end":{"line":18,"column":69}},"24":{"start":{"line":25,"column":0},"end":{"line":25,"column":40}},"25":{"start":{"line":26,"column":0},"end":{"line":26,"column":11}},"26":{"start":{"line":27,"column":0},"end":{"line":27,"column":20}},"27":{"start":{"line":28,"column":0},"end":{"line":28,"column":25}},"28":{"start":{"line":29,"column":0},"end":{"line":29,"column":40}},"29":{"start":{"line":30,"column":0},"end":{"line":30,"column":44}},"30":{"start":{"line":31,"column":0},"end":{"line":31,"column":20}},"31":{"start":{"line":32,"column":0},"end":{"line":32,"column":16}},"32":{"start":{"line":33,"column":0},"end":{"line":33,"column":19}},"33":{"start":{"line":34,"column":0},"end":{"line":34,"column":27}},"34":{"start":{"line":35,"column":0},"end":{"line":35,"column":6}},"35":{"start":{"line":36,"column":0},"end":{"line":36,"column":5}},"37":{"start":{"line":38,"column":0},"end":{"line":38,"column":50}},"38":{"start":{"line":39,"column":0},"end":{"line":39,"column":19}},"39":{"start":{"line":40,"column":0},"end":{"line":40,"column":4}},"41":{"start":{"line":42,"column":0},"end":{"line":42,"column":10}},"42":{"start":{"line":43,"column":0},"end":{"line":43,"column":20}},"43":{"start":{"line":44,"column":0},"end":{"line":44,"column":77}},"44":{"start":{"line":45,"column":0},"end":{"line":45,"column":35}},"46":{"start":{"line":47,"column":0},"end":{"line":47,"column":20}},"47":{"start":{"line":48,"column":0},"end":{"line":48,"column":34}},"48":{"start":{"line":49,"column":0},"end":{"line":49,"column":24}},"49":{"start":{"line":50,"column":0},"end":{"line":50,"column":36}},"50":{"start":{"line":51,"column":0},"end":{"line":51,"column":24}},"51":{"start":{"line":52,"column":0},"end":{"line":52,"column":73}},"53":{"start":{"line":54,"column":0},"end":{"line":54,"column":28}},"54":{"start":{"line":55,"column":0},"end":{"line":55,"column":29}},"55":{"start":{"line":56,"column":0},"end":{"line":56,"column":24}},"56":{"start":{"line":57,"column":0},"end":{"line":57,"column":30}},"57":{"start":{"line":58,"column":0},"end":{"line":58,"column":32}},"58":{"start":{"line":59,"column":0},"end":{"line":59,"column":41}},"59":{"start":{"line":60,"column":0},"end":{"line":60,"column":36}},"60":{"start":{"line":61,"column":0},"end":{"line":61,"column":20}},"61":{"start":{"line":62,"column":0},"end":{"line":62,"column":30}},"62":{"start":{"line":63,"column":0},"end":{"line":63,"column":31}},"63":{"start":{"line":64,"column":0},"end":{"line":64,"column":25}},"65":{"start":{"line":66,"column":0},"end":{"line":66,"column":12}},"68":{"start":{"line":69,"column":0},"end":{"line":69,"column":20}},"69":{"start":{"line":70,"column":0},"end":{"line":70,"column":34}},"70":{"start":{"line":71,"column":0},"end":{"line":71,"column":27}},"71":{"start":{"line":72,"column":0},"end":{"line":72,"column":36}},"72":{"start":{"line":73,"column":0},"end":{"line":73,"column":24}},"73":{"start":{"line":74,"column":0},"end":{"line":74,"column":73}},"75":{"start":{"line":76,"column":0},"end":{"line":76,"column":28}},"76":{"start":{"line":77,"column":0},"end":{"line":77,"column":29}},"77":{"start":{"line":78,"column":0},"end":{"line":78,"column":24}},"78":{"start":{"line":79,"column":0},"end":{"line":79,"column":30}},"79":{"start":{"line":80,"column":0},"end":{"line":80,"column":35}},"80":{"start":{"line":81,"column":0},"end":{"line":81,"column":39}},"81":{"start":{"line":82,"column":0},"end":{"line":82,"column":36}},"82":{"start":{"line":83,"column":0},"end":{"line":83,"column":20}},"83":{"start":{"line":84,"column":0},"end":{"line":84,"column":30}},"84":{"start":{"line":85,"column":0},"end":{"line":85,"column":31}},"85":{"start":{"line":86,"column":0},"end":{"line":86,"column":25}},"87":{"start":{"line":88,"column":0},"end":{"line":88,"column":12}},"88":{"start":{"line":89,"column":0},"end":{"line":89,"column":14}},"91":{"start":{"line":92,"column":0},"end":{"line":92,"column":18}},"92":{"start":{"line":93,"column":0},"end":{"line":93,"column":32}},"93":{"start":{"line":94,"column":0},"end":{"line":94,"column":30}},"94":{"start":{"line":95,"column":0},"end":{"line":95,"column":34}},"95":{"start":{"line":96,"column":0},"end":{"line":96,"column":80}},"96":{"start":{"line":97,"column":0},"end":{"line":97,"column":27}},"97":{"start":{"line":98,"column":0},"end":{"line":98,"column":25}},"98":{"start":{"line":99,"column":0},"end":{"line":99,"column":39}},"99":{"start":{"line":100,"column":0},"end":{"line":100,"column":50}},"100":{"start":{"line":101,"column":0},"end":{"line":101,"column":18}},"101":{"start":{"line":102,"column":0},"end":{"line":102,"column":28}},"102":{"start":{"line":103,"column":0},"end":{"line":103,"column":54}},"103":{"start":{"line":104,"column":0},"end":{"line":104,"column":61}},"105":{"start":{"line":106,"column":0},"end":{"line":106,"column":23}},"106":{"start":{"line":107,"column":0},"end":{"line":107,"column":33}},"107":{"start":{"line":108,"column":0},"end":{"line":108,"column":35}},"108":{"start":{"line":109,"column":0},"end":{"line":109,"column":45}},"109":{"start":{"line":110,"column":0},"end":{"line":110,"column":66}},"110":{"start":{"line":111,"column":0},"end":{"line":111,"column":19}},"112":{"start":{"line":113,"column":0},"end":{"line":113,"column":25}},"114":{"start":{"line":115,"column":0},"end":{"line":115,"column":23}},"115":{"start":{"line":116,"column":0},"end":{"line":116,"column":35}},"116":{"start":{"line":117,"column":0},"end":{"line":117,"column":35}},"117":{"start":{"line":118,"column":0},"end":{"line":118,"column":45}},"118":{"start":{"line":119,"column":0},"end":{"line":119,"column":66}},"119":{"start":{"line":120,"column":0},"end":{"line":120,"column":19}},"121":{"start":{"line":122,"column":0},"end":{"line":122,"column":25}},"122":{"start":{"line":123,"column":0},"end":{"line":123,"column":28}},"123":{"start":{"line":124,"column":0},"end":{"line":124,"column":31}},"124":{"start":{"line":125,"column":0},"end":{"line":125,"column":20}},"125":{"start":{"line":126,"column":0},"end":{"line":126,"column":23}},"127":{"start":{"line":128,"column":0},"end":{"line":128,"column":10}},"130":{"start":{"line":131,"column":0},"end":{"line":131,"column":15}},"131":{"start":{"line":132,"column":0},"end":{"line":132,"column":23}},"132":{"start":{"line":133,"column":0},"end":{"line":133,"column":74}},"133":{"start":{"line":134,"column":0},"end":{"line":134,"column":30}},"135":{"start":{"line":136,"column":0},"end":{"line":136,"column":39}},"136":{"start":{"line":137,"column":0},"end":{"line":137,"column":17}},"137":{"start":{"line":138,"column":0},"end":{"line":138,"column":13}},"138":{"start":{"line":139,"column":0},"end":{"line":139,"column":11}},"140":{"start":{"line":141,"column":0},"end":{"line":141,"column":1}}},"s":{"2":1,"3":1,"4":1,"6":1,"7":1,"8":1,"16":1,"17":1,"24":10,"25":10,"26":10,"27":10,"28":10,"29":10,"30":10,"31":10,"32":10,"33":10,"34":10,"35":10,"37":10,"38":1,"39":1,"41":10,"42":10,"43":10,"44":10,"46":10,"47":10,"48":10,"49":10,"50":61,"51":61,"53":61,"54":61,"55":61,"56":61,"57":61,"58":61,"59":61,"60":61,"61":61,"62":61,"63":61,"65":10,"68":10,"69":10,"70":10,"71":10,"72":46,"73":46,"75":46,"76":46,"77":46,"78":46,"79":46,"80":46,"81":46,"82":46,"83":46,"84":46,"85":46,"87":10,"88":10,"91":10,"92":10,"93":10,"94":10,"95":13,"96":13,"97":13,"98":13,"99":13,"100":13,"101":13,"102":13,"103":13,"105":13,"106":13,"107":13,"108":13,"109":13,"110":13,"112":13,"114":13,"115":13,"116":13,"117":13,"118":13,"119":13,"121":13,"122":13,"123":13,"124":13,"125":13,"127":10,"130":10,"131":10,"132":10,"133":10,"135":10,"136":10,"137":10,"138":10,"140":10},"branchMap":{"0":{"type":"branch","line":25,"loc":{"start":{"line":25,"column":0},"end":{"line":141,"column":1}},"locations":[{"start":{"line":25,"column":0},"end":{"line":141,"column":1}}]},"1":{"type":"branch","line":136,"loc":{"start":{"line":136,"column":11},"end":{"line":136,"column":34}},"locations":[{"start":{"line":136,"column":11},"end":{"line":136,"column":34}}]},"2":{"type":"branch","line":38,"loc":{"start":{"line":38,"column":23},"end":{"line":40,"column":4}},"locations":[{"start":{"line":38,"column":23},"end":{"line":40,"column":4}}]},"3":{"type":"branch","line":50,"loc":{"start":{"line":50,"column":20},"end":{"line":64,"column":25}},"locations":[{"start":{"line":50,"column":20},"end":{"line":64,"column":25}}]},"4":{"type":"branch","line":72,"loc":{"start":{"line":72,"column":20},"end":{"line":86,"column":25}},"locations":[{"start":{"line":72,"column":20},"end":{"line":86,"column":25}}]},"5":{"type":"branch","line":95,"loc":{"start":{"line":95,"column":18},"end":{"line":126,"column":23}},"locations":[{"start":{"line":95,"column":18},"end":{"line":126,"column":23}}]}},"b":{"0":[10],"1":[0],"2":[1],"3":[61],"4":[46],"5":[13]},"fnMap":{"0":{"name":"EmailLoginForm","decl":{"start":{"line":25,"column":0},"end":{"line":141,"column":1}},"loc":{"start":{"line":25,"column":0},"end":{"line":141,"column":1}},"line":25},"1":{"name":"handleSubmit","decl":{"start":{"line":38,"column":23},"end":{"line":40,"column":4}},"loc":{"start":{"line":38,"column":23},"end":{"line":40,"column":4}},"line":38},"2":{"name":"render","decl":{"start":{"line":50,"column":20},"end":{"line":64,"column":25}},"loc":{"start":{"line":50,"column":20},"end":{"line":64,"column":25}},"line":50},"3":{"name":"render","decl":{"start":{"line":72,"column":20},"end":{"line":86,"column":25}},"loc":{"start":{"line":72,"column":20},"end":{"line":86,"column":25}},"line":72},"4":{"name":"render","decl":{"start":{"line":95,"column":18},"end":{"line":126,"column":23}},"loc":{"start":{"line":95,"column":18},"end":{"line":126,"column":23}},"line":95}},"f":{"0":10,"1":1,"2":61,"3":46,"4":13}}
,"/home/runner/work/nomad/nomad/src/components/auth/forms/email-otp-login.tsx": {"path":"/home/runner/work/nomad/nomad/src/components/auth/forms/email-otp-login.tsx","all":false,"statementMap":{"2":{"start":{"line":3,"column":0},"end":{"line":3,"column":54}},"3":{"start":{"line":4,"column":0},"end":{"line":4,"column":29}},"4":{"start":{"line":5,"column":0},"end":{"line":5,"column":34}},"5":{"start":{"line":6,"column":0},"end":{"line":6,"column":42}},"7":{"start":{"line":8,"column":0},"end":{"line":8,"column":48}},"8":{"start":{"line":9,"column":0},"end":{"line":9,"column":52}},"9":{"start":{"line":10,"column":0},"end":{"line":10,"column":8}},"17":{"start":{"line":18,"column":0},"end":{"line":18,"column":46}},"18":{"start":{"line":19,"column":0},"end":{"line":19,"column":75}},"28":{"start":{"line":29,"column":0},"end":{"line":29,"column":43}},"29":{"start":{"line":30,"column":0},"end":{"line":30,"column":11}},"30":{"start":{"line":31,"column":0},"end":{"line":31,"column":20}},"31":{"start":{"line":32,"column":0},"end":{"line":32,"column":12}},"32":{"start":{"line":33,"column":0},"end":{"line":33,"column":16}},"33":{"start":{"line":34,"column":0},"end":{"line":34,"column":16}},"34":{"start":{"line":35,"column":0},"end":{"line":35,"column":28}},"35":{"start":{"line":36,"column":0},"end":{"line":36,"column":43}},"36":{"start":{"line":37,"column":0},"end":{"line":37,"column":47}},"37":{"start":{"line":38,"column":0},"end":{"line":38,"column":20}},"38":{"start":{"line":39,"column":0},"end":{"line":39,"column":16}},"39":{"start":{"line":40,"column":0},"end":{"line":40,"column":14}},"40":{"start":{"line":41,"column":0},"end":{"line":41,"column":27}},"41":{"start":{"line":42,"column":0},"end":{"line":42,"column":6}},"42":{"start":{"line":43,"column":0},"end":{"line":43,"column":5}},"45":{"start":{"line":46,"column":0},"end":{"line":46,"column":43}},"47":{"start":{"line":48,"column":0},"end":{"line":48,"column":19}},"48":{"start":{"line":49,"column":0},"end":{"line":49,"column":40}},"49":{"start":{"line":50,"column":0},"end":{"line":50,"column":34}},"50":{"start":{"line":51,"column":0},"end":{"line":51,"column":5}},"51":{"start":{"line":52,"column":0},"end":{"line":52,"column":36}},"53":{"start":{"line":54,"column":0},"end":{"line":54,"column":53}},"54":{"start":{"line":55,"column":0},"end":{"line":55,"column":19}},"55":{"start":{"line":56,"column":0},"end":{"line":56,"column":4}},"57":{"start":{"line":58,"column":0},"end":{"line":58,"column":31}},"58":{"start":{"line":59,"column":0},"end":{"line":59,"column":20}},"59":{"start":{"line":60,"column":0},"end":{"line":60,"column":18}},"60":{"start":{"line":61,"column":0},"end":{"line":61,"column":5}},"61":{"start":{"line":62,"column":0},"end":{"line":62,"column":4}},"63":{"start":{"line":64,"column":0},"end":{"line":64,"column":10}},"64":{"start":{"line":65,"column":0},"end":{"line":65,"column":20}},"65":{"start":{"line":66,"column":0},"end":{"line":66,"column":77}},"66":{"start":{"line":67,"column":0},"end":{"line":67,"column":35}},"68":{"start":{"line":69,"column":0},"end":{"line":69,"column":15}},"69":{"start":{"line":70,"column":0},"end":{"line":70,"column":80}},"71":{"start":{"line":72,"column":0},"end":{"line":72,"column":24}},"72":{"start":{"line":73,"column":0},"end":{"line":73,"column":22}},"73":{"start":{"line":74,"column":0},"end":{"line":74,"column":36}},"74":{"start":{"line":75,"column":0},"end":{"line":75,"column":26}},"75":{"start":{"line":76,"column":0},"end":{"line":76,"column":38}},"76":{"start":{"line":77,"column":0},"end":{"line":77,"column":26}},"77":{"start":{"line":78,"column":0},"end":{"line":78,"column":31}},"78":{"start":{"line":79,"column":0},"end":{"line":79,"column":26}},"79":{"start":{"line":80,"column":0},"end":{"line":80,"column":32}},"80":{"start":{"line":81,"column":0},"end":{"line":81,"column":34}},"81":{"start":{"line":82,"column":0},"end":{"line":82,"column":43}},"82":{"start":{"line":83,"column":0},"end":{"line":83,"column":38}},"83":{"start":{"line":84,"column":0},"end":{"line":84,"column":22}},"84":{"start":{"line":85,"column":0},"end":{"line":85,"column":32}},"85":{"start":{"line":86,"column":0},"end":{"line":86,"column":33}},"86":{"start":{"line":87,"column":0},"end":{"line":87,"column":27}},"88":{"start":{"line":89,"column":0},"end":{"line":89,"column":14}},"89":{"start":{"line":90,"column":0},"end":{"line":90,"column":16}},"92":{"start":{"line":93,"column":0},"end":{"line":93,"column":15}},"93":{"start":{"line":94,"column":0},"end":{"line":94,"column":80}},"95":{"start":{"line":96,"column":0},"end":{"line":96,"column":24}},"96":{"start":{"line":97,"column":0},"end":{"line":97,"column":40}},"98":{"start":{"line":99,"column":0},"end":{"line":99,"column":24}},"99":{"start":{"line":100,"column":0},"end":{"line":100,"column":38}},"100":{"start":{"line":101,"column":0},"end":{"line":101,"column":26}},"101":{"start":{"line":102,"column":0},"end":{"line":102,"column":40}},"102":{"start":{"line":103,"column":0},"end":{"line":103,"column":47}},"103":{"start":{"line":104,"column":0},"end":{"line":104,"column":33}},"104":{"start":{"line":105,"column":0},"end":{"line":105,"column":28}},"105":{"start":{"line":106,"column":0},"end":{"line":106,"column":34}},"106":{"start":{"line":107,"column":0},"end":{"line":107,"column":42}},"107":{"start":{"line":108,"column":0},"end":{"line":108,"column":40}},"108":{"start":{"line":109,"column":0},"end":{"line":109,"column":37}},"109":{"start":{"line":110,"column":0},"end":{"line":110,"column":24}},"110":{"start":{"line":111,"column":0},"end":{"line":111,"column":34}},"111":{"start":{"line":112,"column":0},"end":{"line":112,"column":35}},"112":{"start":{"line":113,"column":0},"end":{"line":113,"column":29}},"114":{"start":{"line":115,"column":0},"end":{"line":115,"column":16}},"117":{"start":{"line":118,"column":0},"end":{"line":118,"column":21}},"118":{"start":{"line":119,"column":0},"end":{"line":119,"column":29}},"119":{"start":{"line":120,"column":0},"end":{"line":120,"column":33}},"120":{"start":{"line":121,"column":0},"end":{"line":121,"column":84}},"121":{"start":{"line":122,"column":0},"end":{"line":122,"column":39}},"122":{"start":{"line":123,"column":0},"end":{"line":123,"column":53}},"124":{"start":{"line":125,"column":0},"end":{"line":125,"column":59}},"125":{"start":{"line":126,"column":0},"end":{"line":126,"column":23}},"126":{"start":{"line":127,"column":0},"end":{"line":127,"column":18}},"127":{"start":{"line":128,"column":0},"end":{"line":128,"column":16}},"128":{"start":{"line":129,"column":0},"end":{"line":129,"column":14}},"131":{"start":{"line":132,"column":0},"end":{"line":132,"column":18}},"132":{"start":{"line":133,"column":0},"end":{"line":133,"column":32}},"133":{"start":{"line":134,"column":0},"end":{"line":134,"column":30}},"134":{"start":{"line":135,"column":0},"end":{"line":135,"column":34}},"135":{"start":{"line":136,"column":0},"end":{"line":136,"column":80}},"136":{"start":{"line":137,"column":0},"end":{"line":137,"column":27}},"137":{"start":{"line":138,"column":0},"end":{"line":138,"column":25}},"138":{"start":{"line":139,"column":0},"end":{"line":139,"column":39}},"139":{"start":{"line":140,"column":0},"end":{"line":140,"column":50}},"140":{"start":{"line":141,"column":0},"end":{"line":141,"column":18}},"141":{"start":{"line":142,"column":0},"end":{"line":142,"column":28}},"142":{"start":{"line":143,"column":0},"end":{"line":143,"column":54}},"143":{"start":{"line":144,"column":0},"end":{"line":144,"column":61}},"145":{"start":{"line":146,"column":0},"end":{"line":146,"column":23}},"146":{"start":{"line":147,"column":0},"end":{"line":147,"column":33}},"147":{"start":{"line":148,"column":0},"end":{"line":148,"column":35}},"148":{"start":{"line":149,"column":0},"end":{"line":149,"column":45}},"149":{"start":{"line":150,"column":0},"end":{"line":150,"column":66}},"150":{"start":{"line":151,"column":0},"end":{"line":151,"column":19}},"152":{"start":{"line":153,"column":0},"end":{"line":153,"column":25}},"154":{"start":{"line":155,"column":0},"end":{"line":155,"column":23}},"155":{"start":{"line":156,"column":0},"end":{"line":156,"column":35}},"156":{"start":{"line":157,"column":0},"end":{"line":157,"column":35}},"157":{"start":{"line":158,"column":0},"end":{"line":158,"column":45}},"158":{"start":{"line":159,"column":0},"end":{"line":159,"column":66}},"159":{"start":{"line":160,"column":0},"end":{"line":160,"column":19}},"161":{"start":{"line":162,"column":0},"end":{"line":162,"column":25}},"162":{"start":{"line":163,"column":0},"end":{"line":163,"column":28}},"163":{"start":{"line":164,"column":0},"end":{"line":164,"column":31}},"164":{"start":{"line":165,"column":0},"end":{"line":165,"column":20}},"165":{"start":{"line":166,"column":0},"end":{"line":166,"column":23}},"167":{"start":{"line":168,"column":0},"end":{"line":168,"column":10}},"170":{"start":{"line":171,"column":0},"end":{"line":171,"column":15}},"171":{"start":{"line":172,"column":0},"end":{"line":172,"column":23}},"172":{"start":{"line":173,"column":0},"end":{"line":173,"column":74}},"173":{"start":{"line":174,"column":0},"end":{"line":174,"column":30}},"175":{"start":{"line":176,"column":0},"end":{"line":176,"column":39}},"176":{"start":{"line":177,"column":0},"end":{"line":177,"column":17}},"177":{"start":{"line":178,"column":0},"end":{"line":178,"column":13}},"178":{"start":{"line":179,"column":0},"end":{"line":179,"column":11}},"180":{"start":{"line":181,"column":0},"end":{"line":181,"column":1}}},"s":{"2":1,"3":1,"4":1,"5":1,"7":1,"8":1,"9":1,"17":1,"18":1,"28":58,"29":58,"30":58,"31":58,"32":58,"33":58,"34":58,"35":58,"36":58,"37":58,"38":58,"39":58,"40":58,"41":58,"42":58,"45":58,"47":58,"48":53,"49":0,"50":0,"51":58,"53":58,"54":1,"55":1,"57":58,"58":1,"59":1,"60":1,"61":1,"63":58,"64":58,"65":58,"66":58,"68":58,"69":58,"71":58,"72":58,"73":58,"74":58,"75":58,"76":61,"77":61,"78":61,"79":61,"80":61,"81":61,"82":61,"83":61,"84":61,"85":61,"86":61,"88":58,"89":58,"92":58,"93":58,"95":58,"96":58,"98":58,"99":58,"100":58,"101":58,"102":76,"103":76,"104":76,"105":76,"106":76,"107":76,"108":76,"109":76,"110":76,"111":76,"112":76,"114":58,"117":58,"118":58,"119":58,"120":58,"121":58,"122":58,"124":58,"125":58,"126":58,"127":58,"128":58,"131":58,"132":58,"133":58,"134":58,"135":61,"136":61,"137":61,"138":61,"139":61,"140":61,"141":61,"142":61,"143":61,"145":61,"146":61,"147":61,"148":61,"149":61,"150":61,"152":61,"154":61,"155":61,"156":61,"157":61,"158":61,"159":61,"161":61,"162":61,"163":61,"164":61,"165":61,"167":58,"170":58,"171":58,"172":58,"173":58,"175":58,"176":58,"177":58,"178":58,"180":58},"branchMap":{"0":{"type":"branch","line":29,"loc":{"start":{"line":29,"column":0},"end":{"line":181,"column":1}},"locations":[{"start":{"line":29,"column":0},"end":{"line":181,"column":1}}]},"1":{"type":"branch","line":123,"loc":{"start":{"line":123,"column":38},"end":{"line":123,"column":53}},"locations":[{"start":{"line":123,"column":38},"end":{"line":123,"column":53}}]},"2":{"type":"branch","line":125,"loc":{"start":{"line":125,"column":29},"end":{"line":125,"column":51}},"locations":[{"start":{"line":125,"column":29},"end":{"line":125,"column":51}}]},"3":{"type":"branch","line":125,"loc":{"start":{"line":125,"column":45},"end":{"line":125,"column":59}},"locations":[{"start":{"line":125,"column":45},"end":{"line":125,"column":59}}]},"4":{"type":"branch","line":176,"loc":{"start":{"line":176,"column":11},"end":{"line":176,"column":34}},"locations":[{"start":{"line":176,"column":11},"end":{"line":176,"column":34}}]},"5":{"type":"branch","line":48,"loc":{"start":{"line":48,"column":12},"end":{"line":52,"column":5}},"locations":[{"start":{"line":48,"column":12},"end":{"line":52,"column":5}}]},"6":{"type":"branch","line":49,"loc":{"start":{"line":49,"column":8},"end":{"line":49,"column":39}},"locations":[{"start":{"line":49,"column":8},"end":{"line":49,"column":39}}]},"7":{"type":"branch","line":49,"loc":{"start":{"line":49,"column":39},"end":{"line":51,"column":5}},"locations":[{"start":{"line":49,"column":39},"end":{"line":51,"column":5}}]},"8":{"type":"branch","line":54,"loc":{"start":{"line":54,"column":23},"end":{"line":56,"column":4}},"locations":[{"start":{"line":54,"column":23},"end":{"line":56,"column":4}}]},"9":{"type":"branch","line":58,"loc":{"start":{"line":58,"column":24},"end":{"line":62,"column":4}},"locations":[{"start":{"line":58,"column":24},"end":{"line":62,"column":4}}]},"10":{"type":"branch","line":76,"loc":{"start":{"line":76,"column":22},"end":{"line":87,"column":27}},"locations":[{"start":{"line":76,"column":22},"end":{"line":87,"column":27}}]},"11":{"type":"branch","line":102,"loc":{"start":{"line":102,"column":24},"end":{"line":113,"column":29}},"locations":[{"start":{"line":102,"column":24},"end":{"line":113,"column":29}}]},"12":{"type":"branch","line":135,"loc":{"start":{"line":135,"column":18},"end":{"line":166,"column":23}},"locations":[{"start":{"line":135,"column":18},"end":{"line":166,"column":23}}]}},"b":{"0":[58],"1":[56],"2":[2],"3":[56],"4":[0],"5":[53],"6":[0],"7":[0],"8":[1],"9":[1],"10":[61],"11":[76],"12":[61]},"fnMap":{"0":{"name":"EmailOtpLoginForm","decl":{"start":{"line":29,"column":0},"end":{"line":181,"column":1}},"loc":{"start":{"line":29,"column":0},"end":{"line":181,"column":1}},"line":29},"1":{"name":"handleSubmit","decl":{"start":{"line":54,"column":23},"end":{"line":56,"column":4}},"loc":{"start":{"line":54,"column":23},"end":{"line":56,"column":4}},"line":54},"2":{"name":"handleSendOtp","decl":{"start":{"line":58,"column":24},"end":{"line":62,"column":4}},"loc":{"start":{"line":58,"column":24},"end":{"line":62,"column":4}},"line":58},"3":{"name":"render","decl":{"start":{"line":76,"column":22},"end":{"line":87,"column":27}},"loc":{"start":{"line":76,"column":22},"end":{"line":87,"column":27}},"line":76},"4":{"name":"render","decl":{"start":{"line":102,"column":24},"end":{"line":113,"column":29}},"loc":{"start":{"line":102,"column":24},"end":{"line":113,"column":29}},"line":102},"5":{"name":"render","decl":{"start":{"line":135,"column":18},"end":{"line":166,"column":23}},"loc":{"start":{"line":135,"column":18},"end":{"line":166,"column":23}},"line":135}},"f":{"0":58,"1":1,"2":1,"3":61,"4":76,"5":61}}
,"/home/runner/work/nomad/nomad/src/components/auth/forms/email-verification.tsx": {"path":"/home/runner/work/nomad/nomad/src/components/auth/forms/email-verification.tsx","all":false,"statementMap":{"2":{"start":{"line":3,"column":0},"end":{"line":3,"column":54}},"3":{"start":{"line":4,"column":0},"end":{"line":4,"column":34}},"4":{"start":{"line":5,"column":0},"end":{"line":5,"column":42}},"6":{"start":{"line":7,"column":0},"end":{"line":7,"column":48}},"7":{"start":{"line":8,"column":0},"end":{"line":8,"column":52}},"8":{"start":{"line":9,"column":0},"end":{"line":9,"column":8}},"16":{"start":{"line":17,"column":0},"end":{"line":17,"column":46}},"17":{"start":{"line":18,"column":0},"end":{"line":18,"column":8}},"30":{"start":{"line":31,"column":0},"end":{"line":31,"column":47}},"31":{"start":{"line":32,"column":0},"end":{"line":32,"column":11}},"32":{"start":{"line":33,"column":0},"end":{"line":33,"column":20}},"33":{"start":{"line":34,"column":0},"end":{"line":34,"column":12}},"34":{"start":{"line":35,"column":0},"end":{"line":35,"column":16}},"35":{"start":{"line":36,"column":0},"end":{"line":36,"column":16}},"36":{"start":{"line":37,"column":0},"end":{"line":37,"column":32}},"37":{"start":{"line":38,"column":0},"end":{"line":38,"column":47}},"38":{"start":{"line":39,"column":0},"end":{"line":39,"column":51}},"39":{"start":{"line":40,"column":0},"end":{"line":40,"column":20}},"40":{"start":{"line":41,"column":0},"end":{"line":41,"column":16}},"41":{"start":{"line":42,"column":0},"end":{"line":42,"column":14}},"42":{"start":{"line":43,"column":0},"end":{"line":43,"column":27}},"43":{"start":{"line":44,"column":0},"end":{"line":44,"column":6}},"44":{"start":{"line":45,"column":0},"end":{"line":45,"column":5}},"47":{"start":{"line":48,"column":0},"end":{"line":48,"column":43}},"49":{"start":{"line":50,"column":0},"end":{"line":50,"column":19}},"50":{"start":{"line":51,"column":0},"end":{"line":51,"column":40}},"51":{"start":{"line":52,"column":0},"end":{"line":52,"column":34}},"52":{"start":{"line":53,"column":0},"end":{"line":53,"column":5}},"53":{"start":{"line":54,"column":0},"end":{"line":54,"column":36}},"55":{"start":{"line":56,"column":0},"end":{"line":56,"column":57}},"56":{"start":{"line":57,"column":0},"end":{"line":57,"column":19}},"57":{"start":{"line":58,"column":0},"end":{"line":58,"column":4}},"59":{"start":{"line":60,"column":0},"end":{"line":60,"column":31}},"60":{"start":{"line":61,"column":0},"end":{"line":61,"column":20}},"61":{"start":{"line":62,"column":0},"end":{"line":62,"column":18}},"62":{"start":{"line":63,"column":0},"end":{"line":63,"column":5}},"63":{"start":{"line":64,"column":0},"end":{"line":64,"column":4}},"65":{"start":{"line":66,"column":0},"end":{"line":66,"column":10}},"66":{"start":{"line":67,"column":0},"end":{"line":67,"column":20}},"67":{"start":{"line":68,"column":0},"end":{"line":68,"column":77}},"68":{"start":{"line":69,"column":0},"end":{"line":69,"column":35}},"70":{"start":{"line":71,"column":0},"end":{"line":71,"column":15}},"71":{"start":{"line":72,"column":0},"end":{"line":72,"column":80}},"73":{"start":{"line":74,"column":0},"end":{"line":74,"column":24}},"74":{"start":{"line":75,"column":0},"end":{"line":75,"column":22}},"75":{"start":{"line":76,"column":0},"end":{"line":76,"column":36}},"76":{"start":{"line":77,"column":0},"end":{"line":77,"column":26}},"77":{"start":{"line":78,"column":0},"end":{"line":78,"column":38}},"78":{"start":{"line":79,"column":0},"end":{"line":79,"column":26}},"79":{"start":{"line":80,"column":0},"end":{"line":80,"column":31}},"80":{"start":{"line":81,"column":0},"end":{"line":81,"column":26}},"81":{"start":{"line":82,"column":0},"end":{"line":82,"column":32}},"82":{"start":{"line":83,"column":0},"end":{"line":83,"column":34}},"83":{"start":{"line":84,"column":0},"end":{"line":84,"column":43}},"84":{"start":{"line":85,"column":0},"end":{"line":85,"column":38}},"85":{"start":{"line":86,"column":0},"end":{"line":86,"column":22}},"86":{"start":{"line":87,"column":0},"end":{"line":87,"column":32}},"87":{"start":{"line":88,"column":0},"end":{"line":88,"column":33}},"88":{"start":{"line":89,"column":0},"end":{"line":89,"column":27}},"90":{"start":{"line":91,"column":0},"end":{"line":91,"column":14}},"91":{"start":{"line":92,"column":0},"end":{"line":92,"column":16}},"94":{"start":{"line":95,"column":0},"end":{"line":95,"column":15}},"95":{"start":{"line":96,"column":0},"end":{"line":96,"column":80}},"97":{"start":{"line":98,"column":0},"end":{"line":98,"column":24}},"98":{"start":{"line":99,"column":0},"end":{"line":99,"column":40}},"100":{"start":{"line":101,"column":0},"end":{"line":101,"column":24}},"101":{"start":{"line":102,"column":0},"end":{"line":102,"column":38}},"102":{"start":{"line":103,"column":0},"end":{"line":103,"column":26}},"103":{"start":{"line":104,"column":0},"end":{"line":104,"column":40}},"104":{"start":{"line":105,"column":0},"end":{"line":105,"column":47}},"105":{"start":{"line":106,"column":0},"end":{"line":106,"column":33}},"106":{"start":{"line":107,"column":0},"end":{"line":107,"column":28}},"107":{"start":{"line":108,"column":0},"end":{"line":108,"column":34}},"108":{"start":{"line":109,"column":0},"end":{"line":109,"column":42}},"109":{"start":{"line":110,"column":0},"end":{"line":110,"column":40}},"110":{"start":{"line":111,"column":0},"end":{"line":111,"column":37}},"111":{"start":{"line":112,"column":0},"end":{"line":112,"column":24}},"112":{"start":{"line":113,"column":0},"end":{"line":113,"column":34}},"113":{"start":{"line":114,"column":0},"end":{"line":114,"column":35}},"114":{"start":{"line":115,"column":0},"end":{"line":115,"column":29}},"116":{"start":{"line":117,"column":0},"end":{"line":117,"column":16}},"119":{"start":{"line":120,"column":0},"end":{"line":120,"column":21}},"120":{"start":{"line":121,"column":0},"end":{"line":121,"column":29}},"121":{"start":{"line":122,"column":0},"end":{"line":122,"column":33}},"122":{"start":{"line":123,"column":0},"end":{"line":123,"column":84}},"123":{"start":{"line":124,"column":0},"end":{"line":124,"column":39}},"124":{"start":{"line":125,"column":0},"end":{"line":125,"column":53}},"126":{"start":{"line":127,"column":0},"end":{"line":127,"column":59}},"127":{"start":{"line":128,"column":0},"end":{"line":128,"column":23}},"128":{"start":{"line":129,"column":0},"end":{"line":129,"column":18}},"129":{"start":{"line":130,"column":0},"end":{"line":130,"column":16}},"132":{"start":{"line":133,"column":0},"end":{"line":133,"column":20}},"133":{"start":{"line":134,"column":0},"end":{"line":134,"column":34}},"134":{"start":{"line":135,"column":0},"end":{"line":135,"column":32}},"135":{"start":{"line":136,"column":0},"end":{"line":136,"column":36}},"136":{"start":{"line":137,"column":0},"end":{"line":137,"column":82}},"137":{"start":{"line":138,"column":0},"end":{"line":138,"column":29}},"138":{"start":{"line":139,"column":0},"end":{"line":139,"column":27}},"139":{"start":{"line":140,"column":0},"end":{"line":140,"column":41}},"140":{"start":{"line":141,"column":0},"end":{"line":141,"column":52}},"141":{"start":{"line":142,"column":0},"end":{"line":142,"column":20}},"142":{"start":{"line":143,"column":0},"end":{"line":143,"column":30}},"143":{"start":{"line":144,"column":0},"end":{"line":144,"column":56}},"144":{"start":{"line":145,"column":0},"end":{"line":145,"column":63}},"146":{"start":{"line":147,"column":0},"end":{"line":147,"column":27}},"147":{"start":{"line":148,"column":0},"end":{"line":148,"column":35}},"148":{"start":{"line":149,"column":0},"end":{"line":149,"column":77}},"149":{"start":{"line":150,"column":0},"end":{"line":150,"column":21}},"151":{"start":{"line":152,"column":0},"end":{"line":152,"column":29}},"153":{"start":{"line":154,"column":0},"end":{"line":154,"column":27}},"154":{"start":{"line":155,"column":0},"end":{"line":155,"column":35}},"155":{"start":{"line":156,"column":0},"end":{"line":156,"column":77}},"156":{"start":{"line":157,"column":0},"end":{"line":157,"column":21}},"158":{"start":{"line":159,"column":0},"end":{"line":159,"column":29}},"160":{"start":{"line":161,"column":0},"end":{"line":161,"column":30}},"161":{"start":{"line":162,"column":0},"end":{"line":162,"column":33}},"162":{"start":{"line":163,"column":0},"end":{"line":163,"column":22}},"163":{"start":{"line":164,"column":0},"end":{"line":164,"column":25}},"165":{"start":{"line":166,"column":0},"end":{"line":166,"column":12}},"166":{"start":{"line":167,"column":0},"end":{"line":167,"column":14}},"169":{"start":{"line":170,"column":0},"end":{"line":170,"column":15}},"170":{"start":{"line":171,"column":0},"end":{"line":171,"column":23}},"171":{"start":{"line":172,"column":0},"end":{"line":172,"column":90}},"172":{"start":{"line":173,"column":0},"end":{"line":173,"column":30}},"174":{"start":{"line":175,"column":0},"end":{"line":175,"column":45}},"175":{"start":{"line":176,"column":0},"end":{"line":176,"column":17}},"178":{"start":{"line":179,"column":0},"end":{"line":179,"column":37}},"179":{"start":{"line":180,"column":0},"end":{"line":180,"column":17}},"180":{"start":{"line":181,"column":0},"end":{"line":181,"column":25}},"181":{"start":{"line":182,"column":0},"end":{"line":182,"column":75}},"182":{"start":{"line":183,"column":0},"end":{"line":183,"column":11}},"184":{"start":{"line":185,"column":0},"end":{"line":185,"column":19}},"185":{"start":{"line":186,"column":0},"end":{"line":186,"column":14}},"186":{"start":{"line":187,"column":0},"end":{"line":187,"column":13}},"187":{"start":{"line":188,"column":0},"end":{"line":188,"column":11}},"189":{"start":{"line":190,"column":0},"end":{"line":190,"column":1}}},"s":{"2":1,"3":1,"4":1,"6":1,"7":1,"8":1,"16":1,"17":1,"30":56,"31":56,"32":56,"33":56,"34":56,"35":56,"36":56,"37":56,"38":56,"39":56,"40":56,"41":56,"42":56,"43":56,"44":56,"47":56,"49":56,"50":52,"51":0,"52":0,"53":56,"55":56,"56":1,"57":1,"59":56,"60":1,"61":1,"62":1,"63":1,"65":56,"66":56,"67":56,"68":56,"70":56,"71":56,"73":56,"74":56,"75":56,"76":56,"77":56,"78":59,"79":59,"80":59,"81":59,"82":59,"83":59,"84":59,"85":59,"86":59,"87":59,"88":59,"90":56,"91":56,"94":56,"95":56,"97":56,"98":56,"100":56,"101":56,"102":56,"103":56,"104":74,"105":74,"106":74,"107":74,"108":74,"109":74,"110":74,"111":74,"112":74,"113":74,"114":74,"116":56,"119":56,"120":56,"121":56,"122":56,"123":56,"124":56,"126":56,"127":56,"128":56,"129":56,"132":56,"133":56,"134":56,"135":56,"136":59,"137":59,"138":59,"139":59,"140":59,"141":59,"142":59,"143":59,"144":59,"146":59,"147":59,"148":59,"149":59,"151":59,"153":59,"154":59,"155":59,"156":59,"158":59,"160":59,"161":59,"162":59,"163":59,"165":56,"166":56,"169":56,"170":56,"171":56,"172":56,"174":56,"175":56,"178":56,"179":56,"180":56,"181":56,"182":56,"184":56,"185":56,"186":56,"187":56,"189":56},"branchMap":{"0":{"type":"branch","line":31,"loc":{"start":{"line":31,"column":0},"end":{"line":190,"column":1}},"locations":[{"start":{"line":31,"column":0},"end":{"line":190,"column":1}}]},"1":{"type":"branch","line":127,"loc":{"start":{"line":127,"column":29},"end":{"line":127,"column":51}},"locations":[{"start":{"line":127,"column":29},"end":{"line":127,"column":51}}]},"2":{"type":"branch","line":175,"loc":{"start":{"line":175,"column":11},"end":{"line":175,"column":34}},"locations":[{"start":{"line":175,"column":11},"end":{"line":175,"column":34}}]},"3":{"type":"branch","line":50,"loc":{"start":{"line":50,"column":12},"end":{"line":54,"column":5}},"locations":[{"start":{"line":50,"column":12},"end":{"line":54,"column":5}}]},"4":{"type":"branch","line":51,"loc":{"start":{"line":51,"column":8},"end":{"line":51,"column":39}},"locations":[{"start":{"line":51,"column":8},"end":{"line":51,"column":39}}]},"5":{"type":"branch","line":51,"loc":{"start":{"line":51,"column":39},"end":{"line":53,"column":5}},"locations":[{"start":{"line":51,"column":39},"end":{"line":53,"column":5}}]},"6":{"type":"branch","line":56,"loc":{"start":{"line":56,"column":23},"end":{"line":58,"column":4}},"locations":[{"start":{"line":56,"column":23},"end":{"line":58,"column":4}}]},"7":{"type":"branch","line":60,"loc":{"start":{"line":60,"column":24},"end":{"line":64,"column":4}},"locations":[{"start":{"line":60,"column":24},"end":{"line":64,"column":4}}]},"8":{"type":"branch","line":78,"loc":{"start":{"line":78,"column":22},"end":{"line":89,"column":27}},"locations":[{"start":{"line":78,"column":22},"end":{"line":89,"column":27}}]},"9":{"type":"branch","line":104,"loc":{"start":{"line":104,"column":24},"end":{"line":115,"column":29}},"locations":[{"start":{"line":104,"column":24},"end":{"line":115,"column":29}}]},"10":{"type":"branch","line":136,"loc":{"start":{"line":136,"column":20},"end":{"line":164,"column":25}},"locations":[{"start":{"line":136,"column":20},"end":{"line":164,"column":25}}]}},"b":{"0":[56],"1":[0],"2":[0],"3":[52],"4":[0],"5":[0],"6":[1],"7":[1],"8":[59],"9":[74],"10":[59]},"fnMap":{"0":{"name":"EmailVerificationForm","decl":{"start":{"line":31,"column":0},"end":{"line":190,"column":1}},"loc":{"start":{"line":31,"column":0},"end":{"line":190,"column":1}},"line":31},"1":{"name":"handleSubmit","decl":{"start":{"line":56,"column":23},"end":{"line":58,"column":4}},"loc":{"start":{"line":56,"column":23},"end":{"line":58,"column":4}},"line":56},"2":{"name":"handleSendOtp","decl":{"start":{"line":60,"column":24},"end":{"line":64,"column":4}},"loc":{"start":{"line":60,"column":24},"end":{"line":64,"column":4}},"line":60},"3":{"name":"render","decl":{"start":{"line":78,"column":22},"end":{"line":89,"column":27}},"loc":{"start":{"line":78,"column":22},"end":{"line":89,"column":27}},"line":78},"4":{"name":"render","decl":{"start":{"line":104,"column":24},"end":{"line":115,"column":29}},"loc":{"start":{"line":104,"column":24},"end":{"line":115,"column":29}},"line":104},"5":{"name":"render","decl":{"start":{"line":136,"column":20},"end":{"line":164,"column":25}},"loc":{"start":{"line":136,"column":20},"end":{"line":164,"column":25}},"line":136}},"f":{"0":56,"1":1,"2":1,"3":59,"4":74,"5":59}}
,"/home/runner/work/nomad/nomad/src/components/auth/forms/password-setup.tsx": {"path":"/home/runner/work/nomad/nomad/src/components/auth/forms/password-setup.tsx","all":false,"statementMap":{"2":{"start":{"line":3,"column":0},"end":{"line":3,"column":54}},"3":{"start":{"line":4,"column":0},"end":{"line":4,"column":53}},"4":{"start":{"line":5,"column":0},"end":{"line":5,"column":33}},"5":{"start":{"line":6,"column":0},"end":{"line":6,"column":42}},"6":{"start":{"line":7,"column":0},"end":{"line":7,"column":28}},"8":{"start":{"line":9,"column":0},"end":{"line":9,"column":48}},"9":{"start":{"line":10,"column":0},"end":{"line":10,"column":8}},"17":{"start":{"line":18,"column":0},"end":{"line":18,"column":46}},"18":{"start":{"line":19,"column":0},"end":{"line":19,"column":75}},"37":{"start":{"line":38,"column":0},"end":{"line":38,"column":43}},"38":{"start":{"line":39,"column":0},"end":{"line":39,"column":11}},"39":{"start":{"line":40,"column":0},"end":{"line":40,"column":20}},"40":{"start":{"line":41,"column":0},"end":{"line":41,"column":19}},"41":{"start":{"line":42,"column":0},"end":{"line":42,"column":28}},"43":{"start":{"line":44,"column":0},"end":{"line":44,"column":43}},"44":{"start":{"line":45,"column":0},"end":{"line":45,"column":47}},"45":{"start":{"line":46,"column":0},"end":{"line":46,"column":20}},"46":{"start":{"line":47,"column":0},"end":{"line":47,"column":19}},"47":{"start":{"line":48,"column":0},"end":{"line":48,"column":26}},"48":{"start":{"line":49,"column":0},"end":{"line":49,"column":6}},"49":{"start":{"line":50,"column":0},"end":{"line":50,"column":5}},"51":{"start":{"line":52,"column":0},"end":{"line":52,"column":73}},"53":{"start":{"line":54,"column":0},"end":{"line":54,"column":58}},"54":{"start":{"line":55,"column":0},"end":{"line":55,"column":72}},"57":{"start":{"line":58,"column":0},"end":{"line":58,"column":53}},"58":{"start":{"line":59,"column":0},"end":{"line":59,"column":19}},"59":{"start":{"line":60,"column":0},"end":{"line":60,"column":4}},"62":{"start":{"line":63,"column":0},"end":{"line":63,"column":42}},"65":{"start":{"line":66,"column":0},"end":{"line":66,"column":34}},"66":{"start":{"line":67,"column":0},"end":{"line":67,"column":37}},"70":{"start":{"line":71,"column":0},"end":{"line":71,"column":24}},"71":{"start":{"line":72,"column":0},"end":{"line":72,"column":5}},"72":{"start":{"line":73,"column":0},"end":{"line":73,"column":42}},"73":{"start":{"line":74,"column":0},"end":{"line":74,"column":57}},"74":{"start":{"line":75,"column":0},"end":{"line":75,"column":6}},"75":{"start":{"line":76,"column":0},"end":{"line":76,"column":5}},"76":{"start":{"line":77,"column":0},"end":{"line":77,"column":68}},"77":{"start":{"line":78,"column":0},"end":{"line":78,"column":34}},"78":{"start":{"line":79,"column":0},"end":{"line":79,"column":6}},"79":{"start":{"line":80,"column":0},"end":{"line":80,"column":5}},"80":{"start":{"line":81,"column":0},"end":{"line":81,"column":68}},"81":{"start":{"line":82,"column":0},"end":{"line":82,"column":34}},"82":{"start":{"line":83,"column":0},"end":{"line":83,"column":6}},"83":{"start":{"line":84,"column":0},"end":{"line":84,"column":5}},"84":{"start":{"line":85,"column":0},"end":{"line":85,"column":71}},"85":{"start":{"line":86,"column":0},"end":{"line":86,"column":34}},"86":{"start":{"line":87,"column":0},"end":{"line":87,"column":21}},"87":{"start":{"line":88,"column":0},"end":{"line":88,"column":6}},"88":{"start":{"line":89,"column":0},"end":{"line":89,"column":5}},"89":{"start":{"line":90,"column":0},"end":{"line":90,"column":95}},"90":{"start":{"line":91,"column":0},"end":{"line":91,"column":66}},"91":{"start":{"line":92,"column":0},"end":{"line":92,"column":21}},"92":{"start":{"line":93,"column":0},"end":{"line":93,"column":6}},"93":{"start":{"line":94,"column":0},"end":{"line":94,"column":4}},"95":{"start":{"line":96,"column":0},"end":{"line":96,"column":10}},"96":{"start":{"line":97,"column":0},"end":{"line":97,"column":20}},"97":{"start":{"line":98,"column":0},"end":{"line":98,"column":77}},"99":{"start":{"line":100,"column":0},"end":{"line":100,"column":30}},"100":{"start":{"line":101,"column":0},"end":{"line":101,"column":76}},"101":{"start":{"line":102,"column":0},"end":{"line":102,"column":49}},"102":{"start":{"line":103,"column":0},"end":{"line":103,"column":56}},"103":{"start":{"line":104,"column":0},"end":{"line":104,"column":67}},"104":{"start":{"line":105,"column":0},"end":{"line":105,"column":16}},"105":{"start":{"line":106,"column":0},"end":{"line":106,"column":16}},"108":{"start":{"line":109,"column":0},"end":{"line":109,"column":35}},"110":{"start":{"line":111,"column":0},"end":{"line":111,"column":20}},"111":{"start":{"line":112,"column":0},"end":{"line":112,"column":34}},"112":{"start":{"line":113,"column":0},"end":{"line":113,"column":27}},"113":{"start":{"line":114,"column":0},"end":{"line":114,"column":36}},"114":{"start":{"line":115,"column":0},"end":{"line":115,"column":24}},"115":{"start":{"line":116,"column":0},"end":{"line":116,"column":73}},"117":{"start":{"line":118,"column":0},"end":{"line":118,"column":28}},"118":{"start":{"line":119,"column":0},"end":{"line":119,"column":42}},"119":{"start":{"line":120,"column":0},"end":{"line":120,"column":31}},"120":{"start":{"line":121,"column":0},"end":{"line":121,"column":26}},"121":{"start":{"line":122,"column":0},"end":{"line":122,"column":32}},"122":{"start":{"line":123,"column":0},"end":{"line":123,"column":63}},"123":{"start":{"line":124,"column":0},"end":{"line":124,"column":66}},"124":{"start":{"line":125,"column":0},"end":{"line":125,"column":44}},"125":{"start":{"line":126,"column":0},"end":{"line":126,"column":22}},"126":{"start":{"line":127,"column":0},"end":{"line":127,"column":32}},"127":{"start":{"line":128,"column":0},"end":{"line":128,"column":25}},"128":{"start":{"line":129,"column":0},"end":{"line":129,"column":33}},"129":{"start":{"line":130,"column":0},"end":{"line":130,"column":107}},"130":{"start":{"line":131,"column":0},"end":{"line":131,"column":35}},"131":{"start":{"line":132,"column":0},"end":{"line":132,"column":41}},"132":{"start":{"line":133,"column":0},"end":{"line":133,"column":53}},"133":{"start":{"line":134,"column":0},"end":{"line":134,"column":22}},"134":{"start":{"line":135,"column":0},"end":{"line":135,"column":63}},"136":{"start":{"line":137,"column":0},"end":{"line":137,"column":37}},"137":{"start":{"line":138,"column":0},"end":{"line":138,"column":66}},"139":{"start":{"line":140,"column":0},"end":{"line":140,"column":63}},"141":{"start":{"line":142,"column":0},"end":{"line":142,"column":27}},"142":{"start":{"line":143,"column":0},"end":{"line":143,"column":22}},"143":{"start":{"line":144,"column":0},"end":{"line":144,"column":31}},"144":{"start":{"line":145,"column":0},"end":{"line":145,"column":25}},"146":{"start":{"line":147,"column":0},"end":{"line":147,"column":12}},"149":{"start":{"line":150,"column":0},"end":{"line":150,"column":20}},"150":{"start":{"line":151,"column":0},"end":{"line":151,"column":34}},"151":{"start":{"line":152,"column":0},"end":{"line":152,"column":34}},"152":{"start":{"line":153,"column":0},"end":{"line":153,"column":36}},"153":{"start":{"line":154,"column":0},"end":{"line":154,"column":24}},"154":{"start":{"line":155,"column":0},"end":{"line":155,"column":73}},"156":{"start":{"line":157,"column":0},"end":{"line":157,"column":28}},"157":{"start":{"line":158,"column":0},"end":{"line":158,"column":42}},"158":{"start":{"line":159,"column":0},"end":{"line":159,"column":31}},"159":{"start":{"line":160,"column":0},"end":{"line":160,"column":26}},"160":{"start":{"line":161,"column":0},"end":{"line":161,"column":32}},"161":{"start":{"line":162,"column":0},"end":{"line":162,"column":70}},"162":{"start":{"line":163,"column":0},"end":{"line":163,"column":74}},"163":{"start":{"line":164,"column":0},"end":{"line":164,"column":44}},"164":{"start":{"line":165,"column":0},"end":{"line":165,"column":22}},"165":{"start":{"line":166,"column":0},"end":{"line":166,"column":32}},"166":{"start":{"line":167,"column":0},"end":{"line":167,"column":25}},"167":{"start":{"line":168,"column":0},"end":{"line":168,"column":33}},"168":{"start":{"line":169,"column":0},"end":{"line":169,"column":107}},"169":{"start":{"line":170,"column":0},"end":{"line":170,"column":35}},"170":{"start":{"line":171,"column":0},"end":{"line":171,"column":41}},"171":{"start":{"line":172,"column":0},"end":{"line":172,"column":67}},"172":{"start":{"line":173,"column":0},"end":{"line":173,"column":22}},"173":{"start":{"line":174,"column":0},"end":{"line":174,"column":70}},"175":{"start":{"line":176,"column":0},"end":{"line":176,"column":44}},"176":{"start":{"line":177,"column":0},"end":{"line":177,"column":66}},"178":{"start":{"line":179,"column":0},"end":{"line":179,"column":63}},"180":{"start":{"line":181,"column":0},"end":{"line":181,"column":27}},"181":{"start":{"line":182,"column":0},"end":{"line":182,"column":22}},"182":{"start":{"line":183,"column":0},"end":{"line":183,"column":31}},"183":{"start":{"line":184,"column":0},"end":{"line":184,"column":25}},"185":{"start":{"line":186,"column":0},"end":{"line":186,"column":12}},"188":{"start":{"line":189,"column":0},"end":{"line":189,"column":45}},"189":{"start":{"line":190,"column":0},"end":{"line":190,"column":53}},"191":{"start":{"line":192,"column":0},"end":{"line":192,"column":16}},"192":{"start":{"line":193,"column":0},"end":{"line":193,"column":38}},"193":{"start":{"line":194,"column":0},"end":{"line":194,"column":57}},"194":{"start":{"line":195,"column":0},"end":{"line":195,"column":76}},"195":{"start":{"line":196,"column":0},"end":{"line":196,"column":43}},"196":{"start":{"line":197,"column":0},"end":{"line":197,"column":39}},"197":{"start":{"line":198,"column":0},"end":{"line":198,"column":66}},"198":{"start":{"line":199,"column":0},"end":{"line":199,"column":28}},"199":{"start":{"line":200,"column":0},"end":{"line":200,"column":41}},"200":{"start":{"line":201,"column":0},"end":{"line":201,"column":64}},"202":{"start":{"line":203,"column":0},"end":{"line":203,"column":59}},"205":{"start":{"line":206,"column":0},"end":{"line":206,"column":23}},"206":{"start":{"line":207,"column":0},"end":{"line":207,"column":31}},"207":{"start":{"line":208,"column":0},"end":{"line":208,"column":37}},"208":{"start":{"line":209,"column":0},"end":{"line":209,"column":42}},"209":{"start":{"line":210,"column":0},"end":{"line":210,"column":46}},"210":{"start":{"line":211,"column":0},"end":{"line":211,"column":43}},"211":{"start":{"line":212,"column":0},"end":{"line":212,"column":43}},"214":{"start":{"line":215,"column":0},"end":{"line":215,"column":39}},"215":{"start":{"line":216,"column":0},"end":{"line":216,"column":25}},"216":{"start":{"line":217,"column":0},"end":{"line":217,"column":21}},"217":{"start":{"line":218,"column":0},"end":{"line":218,"column":17}},"218":{"start":{"line":219,"column":0},"end":{"line":219,"column":17}},"219":{"start":{"line":220,"column":0},"end":{"line":220,"column":34}},"220":{"start":{"line":221,"column":0},"end":{"line":221,"column":64}},"221":{"start":{"line":222,"column":0},"end":{"line":222,"column":60}},"222":{"start":{"line":223,"column":0},"end":{"line":223,"column":69}},"223":{"start":{"line":224,"column":0},"end":{"line":224,"column":22}},"224":{"start":{"line":225,"column":0},"end":{"line":225,"column":79}},"225":{"start":{"line":226,"column":0},"end":{"line":226,"column":41}},"226":{"start":{"line":227,"column":0},"end":{"line":227,"column":42}},"227":{"start":{"line":228,"column":0},"end":{"line":228,"column":45}},"228":{"start":{"line":229,"column":0},"end":{"line":229,"column":46}},"229":{"start":{"line":230,"column":0},"end":{"line":230,"column":47}},"230":{"start":{"line":231,"column":0},"end":{"line":231,"column":51}},"231":{"start":{"line":232,"column":0},"end":{"line":232,"column":49}},"232":{"start":{"line":233,"column":0},"end":{"line":233,"column":53}},"233":{"start":{"line":234,"column":0},"end":{"line":234,"column":53}},"234":{"start":{"line":235,"column":0},"end":{"line":235,"column":23}},"235":{"start":{"line":236,"column":0},"end":{"line":236,"column":25}},"236":{"start":{"line":237,"column":0},"end":{"line":237,"column":22}},"237":{"start":{"line":238,"column":0},"end":{"line":238,"column":21}},"238":{"start":{"line":239,"column":0},"end":{"line":239,"column":52}},"239":{"start":{"line":240,"column":0},"end":{"line":240,"column":38}},"240":{"start":{"line":241,"column":0},"end":{"line":241,"column":38}},"241":{"start":{"line":242,"column":0},"end":{"line":242,"column":43}},"242":{"start":{"line":243,"column":0},"end":{"line":243,"column":43}},"243":{"start":{"line":244,"column":0},"end":{"line":244,"column":42}},"244":{"start":{"line":245,"column":0},"end":{"line":245,"column":21}},"246":{"start":{"line":247,"column":0},"end":{"line":247,"column":37}},"247":{"start":{"line":248,"column":0},"end":{"line":248,"column":25}},"248":{"start":{"line":249,"column":0},"end":{"line":249,"column":41}},"249":{"start":{"line":250,"column":0},"end":{"line":250,"column":27}},"250":{"start":{"line":251,"column":0},"end":{"line":251,"column":28}},"251":{"start":{"line":252,"column":0},"end":{"line":252,"column":23}},"252":{"start":{"line":253,"column":0},"end":{"line":253,"column":20}},"253":{"start":{"line":254,"column":0},"end":{"line":254,"column":18}},"254":{"start":{"line":255,"column":0},"end":{"line":255,"column":16}},"255":{"start":{"line":256,"column":0},"end":{"line":256,"column":14}},"258":{"start":{"line":259,"column":0},"end":{"line":259,"column":15}},"259":{"start":{"line":260,"column":0},"end":{"line":260,"column":23}},"260":{"start":{"line":261,"column":0},"end":{"line":261,"column":90}},"261":{"start":{"line":262,"column":0},"end":{"line":262,"column":30}},"263":{"start":{"line":264,"column":0},"end":{"line":264,"column":46}},"265":{"start":{"line":266,"column":0},"end":{"line":266,"column":17}},"267":{"start":{"line":268,"column":0},"end":{"line":268,"column":42}},"268":{"start":{"line":269,"column":0},"end":{"line":269,"column":72}},"270":{"start":{"line":271,"column":0},"end":{"line":271,"column":14}},"271":{"start":{"line":272,"column":0},"end":{"line":272,"column":14}},"272":{"start":{"line":273,"column":0},"end":{"line":273,"column":13}},"273":{"start":{"line":274,"column":0},"end":{"line":274,"column":11}},"275":{"start":{"line":276,"column":0},"end":{"line":276,"column":1}}},"s":{"2":1,"3":1,"4":1,"5":1,"6":1,"8":1,"9":1,"17":1,"18":1,"37":72,"38":72,"39":72,"40":72,"41":72,"43":72,"44":72,"45":72,"46":72,"47":72,"48":72,"49":72,"51":72,"53":72,"54":72,"57":72,"58":1,"59":1,"62":72,"65":72,"66":72,"70":72,"71":72,"72":72,"73":72,"74":72,"75":72,"76":72,"77":72,"78":72,"79":72,"80":72,"81":72,"82":72,"83":72,"84":72,"85":72,"86":72,"87":72,"88":72,"89":72,"90":72,"91":72,"92":72,"93":72,"95":72,"96":72,"97":72,"99":72,"100":2,"101":2,"102":2,"103":2,"104":2,"105":2,"108":72,"110":72,"111":72,"112":72,"113":72,"114":77,"115":77,"117":77,"118":77,"119":77,"120":77,"121":77,"122":77,"123":77,"124":77,"125":77,"126":77,"127":77,"128":77,"129":77,"130":77,"131":1,"132":1,"133":1,"134":77,"136":77,"137":1,"139":76,"141":77,"142":77,"143":77,"144":77,"146":72,"149":72,"150":72,"151":72,"152":72,"153":138,"154":138,"156":138,"157":138,"158":138,"159":138,"160":138,"161":138,"162":138,"163":138,"164":138,"165":138,"166":138,"167":138,"168":138,"169":138,"170":0,"171":0,"172":0,"173":138,"175":138,"176":0,"178":138,"180":138,"181":138,"182":138,"183":138,"185":72,"188":72,"189":72,"191":72,"192":72,"193":72,"194":360,"195":360,"196":144,"197":13,"198":131,"199":216,"200":89,"202":127,"205":360,"206":360,"207":360,"208":102,"209":258,"210":131,"211":127,"214":360,"215":360,"216":360,"217":72,"218":72,"219":72,"220":72,"221":72,"222":72,"223":72,"224":72,"225":72,"226":52,"227":20,"228":20,"229":0,"230":0,"231":0,"232":0,"233":0,"234":72,"235":72,"236":72,"237":72,"238":72,"239":72,"240":72,"241":0,"242":0,"243":0,"244":72,"246":72,"247":72,"248":0,"249":0,"250":0,"251":72,"252":72,"253":72,"254":72,"255":72,"258":72,"259":72,"260":72,"261":72,"263":72,"265":72,"267":72,"268":72,"270":72,"271":72,"272":72,"273":72,"275":72},"branchMap":{"0":{"type":"branch","line":38,"loc":{"start":{"line":38,"column":0},"end":{"line":276,"column":1}},"locations":[{"start":{"line":38,"column":0},"end":{"line":276,"column":1}}]},"1":{"type":"branch","line":74,"loc":{"start":{"line":74,"column":30},"end":{"line":74,"column":57}},"locations":[{"start":{"line":74,"column":30},"end":{"line":74,"column":57}}]},"2":{"type":"branch","line":100,"loc":{"start":{"line":100,"column":9},"end":{"line":106,"column":16}},"locations":[{"start":{"line":100,"column":9},"end":{"line":106,"column":16}}]},"3":{"type":"branch","line":226,"loc":{"start":{"line":226,"column":40},"end":{"line":227,"column":42}},"locations":[{"start":{"line":226,"column":40},"end":{"line":227,"column":42}}]},"4":{"type":"branch","line":227,"loc":{"start":{"line":227,"column":26},"end":{"line":234,"column":53}},"locations":[{"start":{"line":227,"column":26},"end":{"line":234,"column":53}}]},"5":{"type":"branch","line":229,"loc":{"start":{"line":229,"column":28},"end":{"line":234,"column":53}},"locations":[{"start":{"line":229,"column":28},"end":{"line":234,"column":53}}]},"6":{"type":"branch","line":241,"loc":{"start":{"line":241,"column":24},"end":{"line":244,"column":42}},"locations":[{"start":{"line":241,"column":24},"end":{"line":244,"column":42}}]},"7":{"type":"branch","line":248,"loc":{"start":{"line":248,"column":22},"end":{"line":251,"column":28}},"locations":[{"start":{"line":248,"column":22},"end":{"line":251,"column":28}}]},"8":{"type":"branch","line":264,"loc":{"start":{"line":264,"column":11},"end":{"line":264,"column":34}},"locations":[{"start":{"line":264,"column":11},"end":{"line":264,"column":34}}]},"9":{"type":"branch","line":264,"loc":{"start":{"line":264,"column":23},"end":{"line":264,"column":42}},"locations":[{"start":{"line":264,"column":23},"end":{"line":264,"column":42}}]},"10":{"type":"branch","line":58,"loc":{"start":{"line":58,"column":23},"end":{"line":60,"column":4}},"locations":[{"start":{"line":58,"column":23},"end":{"line":60,"column":4}}]},"11":{"type":"branch","line":114,"loc":{"start":{"line":114,"column":20},"end":{"line":145,"column":25}},"locations":[{"start":{"line":114,"column":20},"end":{"line":145,"column":25}}]},"12":{"type":"branch","line":123,"loc":{"start":{"line":123,"column":28},"end":{"line":123,"column":52}},"locations":[{"start":{"line":123,"column":28},"end":{"line":123,"column":52}}]},"13":{"type":"branch","line":123,"loc":{"start":{"line":123,"column":43},"end":{"line":123,"column":63}},"locations":[{"start":{"line":123,"column":43},"end":{"line":123,"column":63}}]},"14":{"type":"branch","line":135,"loc":{"start":{"line":135,"column":32},"end":{"line":135,"column":56}},"locations":[{"start":{"line":135,"column":32},"end":{"line":135,"column":56}}]},"15":{"type":"branch","line":135,"loc":{"start":{"line":135,"column":47},"end":{"line":135,"column":63}},"locations":[{"start":{"line":135,"column":47},"end":{"line":135,"column":63}}]},"16":{"type":"branch","line":137,"loc":{"start":{"line":137,"column":21},"end":{"line":138,"column":66}},"locations":[{"start":{"line":137,"column":21},"end":{"line":138,"column":66}}]},"17":{"type":"branch","line":138,"loc":{"start":{"line":138,"column":64},"end":{"line":140,"column":63}},"locations":[{"start":{"line":138,"column":64},"end":{"line":140,"column":63}}]},"18":{"type":"branch","line":131,"loc":{"start":{"line":131,"column":29},"end":{"line":134,"column":22}},"locations":[{"start":{"line":131,"column":29},"end":{"line":134,"column":22}}]},"19":{"type":"branch","line":153,"loc":{"start":{"line":153,"column":20},"end":{"line":184,"column":25}},"locations":[{"start":{"line":153,"column":20},"end":{"line":184,"column":25}}]},"20":{"type":"branch","line":162,"loc":{"start":{"line":162,"column":28},"end":{"line":162,"column":59}},"locations":[{"start":{"line":162,"column":28},"end":{"line":162,"column":59}}]},"21":{"type":"branch","line":174,"loc":{"start":{"line":174,"column":32},"end":{"line":174,"column":63}},"locations":[{"start":{"line":174,"column":32},"end":{"line":174,"column":63}}]},"22":{"type":"branch","line":176,"loc":{"start":{"line":176,"column":21},"end":{"line":177,"column":66}},"locations":[{"start":{"line":176,"column":21},"end":{"line":177,"column":66}}]},"23":{"type":"branch","line":194,"loc":{"start":{"line":194,"column":32},"end":{"line":217,"column":21}},"locations":[{"start":{"line":194,"column":32},"end":{"line":217,"column":21}}]},"24":{"type":"branch","line":196,"loc":{"start":{"line":196,"column":31},"end":{"line":199,"column":28}},"locations":[{"start":{"line":196,"column":31},"end":{"lin
[...]
1,"28":20,"29":4,"30":4,"31":2,"32":5,"33":5,"34":5,"35":5,"36":5,"37":5,"38":5,"39":5,"40":2,"41":15,"42":15,"43":15,"44":15,"45":15,"46":15,"47":15,"48":15,"49":45,"50":45,"51":45,"52":45,"53":45,"54":15,"55":15,"56":15,"57":15,"58":15,"59":15,"60":15,"61":15,"62":15,"63":15,"64":15,"65":15,"66":10,"67":10,"68":6,"69":6,"70":6,"71":4,"72":4,"73":4,"74":4,"75":10,"76":15,"77":15,"78":15,"79":98,"80":98,"81":98,"82":15,"83":15,"84":15,"85":15,"86":15,"87":15},"branchMap":{"0":{"type":"branch","line":37,"loc":{"start":{"line":37,"column":7},"end":{"line":39,"column":1}},"locations":[{"start":{"line":37,"column":7},"end":{"line":39,"column":1}}]},"1":{"type":"branch","line":53,"loc":{"start":{"line":53,"column":7},"end":{"line":58,"column":1}},"locations":[{"start":{"line":53,"column":7},"end":{"line":58,"column":1}}]},"2":{"type":"branch","line":72,"loc":{"start":{"line":72,"column":7},"end":{"line":74,"column":1}},"locations":[{"start":{"line":72,"column":7},"end":{"line":74,"column":1}}]},"3":{"type":"branch","line":90,"loc":{"start":{"line":90,"column":7},"end":{"line":97,"column":1}},"locations":[{"start":{"line":90,"column":7},"end":{"line":97,"column":1}}]},"4":{"type":"branch","line":94,"loc":{"start":{"line":94,"column":13},"end":{"line":94,"column":29}},"locations":[{"start":{"line":94,"column":13},"end":{"line":94,"column":29}}]},"5":{"type":"branch","line":94,"loc":{"start":{"line":94,"column":20},"end":{"line":95,"column":44}},"locations":[{"start":{"line":94,"column":20},"end":{"line":95,"column":44}}]},"6":{"type":"branch","line":94,"loc":{"start":{"line":94,"column":20},"end":{"line":95,"column":39}},"locations":[{"start":{"line":94,"column":20},"end":{"line":95,"column":39}}]},"7":{"type":"branch","line":95,"loc":{"start":{"line":95,"column":32},"end":{"line":95,"column":44}},"locations":[{"start":{"line":95,"column":32},"end":{"line":95,"column":44}}]},"8":{"type":"branch","line":95,"loc":{"start":{"line":95,"column":39},"end":{"line":97,"column":1}},"locations":[{"start":{"line":95,"column":39},"end":{"line":97,"column":1}}]},"9":{"type":"branch","line":111,"loc":{"start":{"line":111,"column":7},"end":{"line":129,"column":1}},"locations":[{"start":{"line":111,"column":7},"end":{"line":129,"column":1}}]},"10":{"type":"branch","line":172,"loc":{"start":{"line":172,"column":7},"end":{"line":237,"column":1}},"locations":[{"start":{"line":172,"column":7},"end":{"line":237,"column":1}}]},"11":{"type":"branch","line":209,"loc":{"start":{"line":209,"column":33},"end":{"line":222,"column":3}},"locations":[{"start":{"line":209,"column":33},"end":{"line":222,"column":3}}]},"12":{"type":"branch","line":213,"loc":{"start":{"line":213,"column":56},"end":{"line":216,"column":5}},"locations":[{"start":{"line":213,"column":56},"end":{"line":216,"column":5}}]},"13":{"type":"branch","line":216,"loc":{"start":{"line":216,"column":4},"end":{"line":221,"column":5}},"locations":[{"start":{"line":216,"column":4},"end":{"line":221,"column":5}}]},"14":{"type":"branch","line":227,"loc":{"start":{"line":227,"column":34},"end":{"line":230,"column":3}},"locations":[{"start":{"line":227,"column":34},"end":{"line":230,"column":3}}]},"15":{"type":"branch","line":182,"loc":{"start":{"line":182,"column":35},"end":{"line":187,"column":4}},"locations":[{"start":{"line":182,"column":35},"end":{"line":187,"column":4}}]}},"b":{"0":[23],"1":[6],"2":[4],"3":[21],"4":[5],"5":[20],"6":[16],"7":[12],"8":[4],"9":[5],"10":[15],"11":[10],"12":[6],"13":[4],"14":[98],"15":[45]},"fnMap":{"0":{"name":"getWeekdayLabel","decl":{"start":{"line":37,"column":7},"end":{"line":39,"column":1}},"loc":{"start":{"line":37,"column":7},"end":{"line":39,"column":1}},"line":37},"1":{"name":"formatDateWithWeekday","decl":{"start":{"line":53,"column":7},"end":{"line":58,"column":1}},"loc":{"start":{"line":53,"column":7},"end":{"line":58,"column":1}},"line":53},"2":{"name":"formatTime","decl":{"start":{"line":72,"column":7},"end":{"line":74,"column":1}},"loc":{"start":{"line":72,"column":7},"end":{"line":74,"column":1}},"line":72},"3":{"name":"formatDateString","decl":{"start":{"line":90,"column":7},"end":{"line":97,"column":1}},"loc":{"start":{"line":90,"column":7},"end":{"line":97,"column":1}},"line":90},"4":{"name":"getBookingDateRange","decl":{"start":{"line":111,"column":7},"end":{"line":129,"column":1}},"loc":{"start":{"line":111,"column":7},"end":{"line":129,"column":1}},"line":111},"5":{"name":"calculateQuickSelectDateRange","decl":{"start":{"line":172,"column":7},"end":{"line":237,"column":1}},"loc":{"start":{"line":172,"column":7},"end":{"line":237,"column":1}},"line":172},"6":{"name":"normalizeToUTCStartOfDay","decl":{"start":{"line":182,"column":35},"end":{"line":187,"column":4}},"loc":{"start":{"line":182,"column":35},"end":{"line":187,"column":4}},"line":182}},"f":{"0":23,"1":6,"2":4,"3":21,"4":5,"5":15,"6":45}}
,"/home/runner/work/nomad/nomad/src/utils/flight.ts": {"path":"/home/runner/work/nomad/nomad/src/utils/flight.ts","all":true,"statementMap":{"15":{"start":{"line":16,"column":0},"end":{"line":16,"column":40}},"16":{"start":{"line":17,"column":0},"end":{"line":17,"column":24}},"17":{"start":{"line":18,"column":0},"end":{"line":18,"column":21}},"18":{"start":{"line":19,"column":0},"end":{"line":19,"column":11}},"19":{"start":{"line":20,"column":0},"end":{"line":20,"column":44}},"20":{"start":{"line":21,"column":0},"end":{"line":21,"column":40}},"21":{"start":{"line":22,"column":0},"end":{"line":22,"column":77}},"22":{"start":{"line":23,"column":0},"end":{"line":23,"column":1}},"30":{"start":{"line":31,"column":0},"end":{"line":31,"column":57}},"31":{"start":{"line":32,"column":0},"end":{"line":32,"column":41}},"32":{"start":{"line":33,"column":0},"end":{"line":33,"column":28}},"33":{"start":{"line":34,"column":0},"end":{"line":34,"column":30}},"34":{"start":{"line":35,"column":0},"end":{"line":35,"column":1}},"42":{"start":{"line":43,"column":0},"end":{"line":43,"column":60}},"43":{"start":{"line":44,"column":0},"end":{"line":44,"column":34}},"44":{"start":{"line":45,"column":0},"end":{"line":45,"column":60}},"45":{"start":{"line":46,"column":0},"end":{"line":46,"column":64}},"46":{"start":{"line":47,"column":0},"end":{"line":47,"column":31}},"47":{"start":{"line":48,"column":0},"end":{"line":48,"column":1}},"56":{"start":{"line":57,"column":0},"end":{"line":57,"column":36}},"57":{"start":{"line":58,"column":0},"end":{"line":58,"column":24}},"58":{"start":{"line":59,"column":0},"end":{"line":59,"column":21}},"59":{"start":{"line":60,"column":0},"end":{"line":60,"column":11}},"60":{"start":{"line":61,"column":0},"end":{"line":61,"column":44}},"61":{"start":{"line":62,"column":0},"end":{"line":62,"column":40}},"64":{"start":{"line":65,"column":0},"end":{"line":65,"column":44}},"65":{"start":{"line":66,"column":0},"end":{"line":66,"column":37}},"67":{"start":{"line":68,"column":0},"end":{"line":68,"column":40}},"68":{"start":{"line":69,"column":0},"end":{"line":69,"column":35}},"70":{"start":{"line":71,"column":0},"end":{"line":71,"column":67}},"71":{"start":{"line":72,"column":0},"end":{"line":72,"column":64}},"73":{"start":{"line":74,"column":0},"end":{"line":74,"column":18}},"74":{"start":{"line":75,"column":0},"end":{"line":75,"column":1}},"82":{"start":{"line":83,"column":0},"end":{"line":83,"column":31}},"83":{"start":{"line":84,"column":0},"end":{"line":84,"column":48}},"84":{"start":{"line":85,"column":0},"end":{"line":85,"column":11}},"85":{"start":{"line":86,"column":0},"end":{"line":86,"column":49}},"86":{"start":{"line":87,"column":0},"end":{"line":87,"column":13}},"87":{"start":{"line":88,"column":0},"end":{"line":88,"column":3}},"89":{"start":{"line":90,"column":0},"end":{"line":90,"column":61}},"90":{"start":{"line":91,"column":0},"end":{"line":91,"column":29}},"91":{"start":{"line":92,"column":0},"end":{"line":92,"column":1}},"100":{"start":{"line":101,"column":0},"end":{"line":101,"column":37}},"101":{"start":{"line":102,"column":0},"end":{"line":102,"column":22}},"102":{"start":{"line":103,"column":0},"end":{"line":103,"column":25}},"103":{"start":{"line":104,"column":0},"end":{"line":104,"column":11}},"104":{"start":{"line":105,"column":0},"end":{"line":105,"column":17}},"105":{"start":{"line":106,"column":0},"end":{"line":106,"column":40}},"106":{"start":{"line":107,"column":0},"end":{"line":107,"column":3}},"107":{"start":{"line":108,"column":0},"end":{"line":108,"column":21}},"108":{"start":{"line":109,"column":0},"end":{"line":109,"column":1}}},"s":{"15":0,"16":0,"17":0,"18":0,"19":0,"20":0,"21":0,"22":0,"30":0,"31":0,"32":0,"33":0,"34":0,"42":0,"43":0,"44":0,"45":0,"46":0,"47":0,"56":0,"57":0,"58":0,"59":0,"60":0,"61":0,"64":0,"65":0,"67":0,"68":0,"70":0,"71":0,"73":0,"74":0,"82":0,"83":0,"84":0,"85":0,"86":0,"87":0,"89":0,"90":0,"91":0,"100":0,"101":0,"102":0,"103":0,"104":0,"105":0,"106":0,"107":0,"108":0},"branchMap":{"0":{"type":"branch","line":1,"loc":{"start":{"line":1,"column":2955},"end":{"line":109,"column":1}},"locations":[{"start":{"line":1,"column":2955},"end":{"line":109,"column":1}}]}},"b":{"0":[1]},"fnMap":{"0":{"name":"(empty-report)","decl":{"start":{"line":1,"column":2955},"end":{"line":109,"column":1}},"loc":{"start":{"line":1,"column":2955},"end":{"line":109,"column":1}},"line":1}},"f":{"0":1}}
,"/home/runner/work/nomad/nomad/src/utils/logger.ts": {"path":"/home/runner/work/nomad/nomad/src/utils/logger.ts","all":true,"statementMap":{"0":{"start":{"line":1,"column":0},"end":{"line":1,"column":24}},"1":{"start":{"line":2,"column":0},"end":{"line":2,"column":33}},"4":{"start":{"line":5,"column":0},"end":{"line":5,"column":61}},"5":{"start":{"line":6,"column":0},"end":{"line":6,"column":59}},"6":{"start":{"line":7,"column":0},"end":{"line":7,"column":47}},"8":{"start":{"line":9,"column":0},"end":{"line":9,"column":50}},"9":{"start":{"line":10,"column":0},"end":{"line":10,"column":10}},"10":{"start":{"line":11,"column":0},"end":{"line":11,"column":10}},"11":{"start":{"line":12,"column":0},"end":{"line":12,"column":9}},"12":{"start":{"line":13,"column":0},"end":{"line":13,"column":9}},"13":{"start":{"line":14,"column":0},"end":{"line":14,"column":10}},"14":{"start":{"line":15,"column":0},"end":{"line":15,"column":10}},"15":{"start":{"line":16,"column":0},"end":{"line":16,"column":11}},"16":{"start":{"line":17,"column":0},"end":{"line":17,"column":2}},"29":{"start":{"line":30,"column":0},"end":{"line":30,"column":49}},"30":{"start":{"line":31,"column":0},"end":{"line":31,"column":30}},"31":{"start":{"line":32,"column":0},"end":{"line":32,"column":30}},"32":{"start":{"line":33,"column":0},"end":{"line":33,"column":67}},"34":{"start":{"line":35,"column":0},"end":{"line":35,"column":46}},"35":{"start":{"line":36,"column":0},"end":{"line":36,"column":22}},"36":{"start":{"line":37,"column":0},"end":{"line":37,"column":5}},"37":{"start":{"line":38,"column":0},"end":{"line":38,"column":79}},"38":{"start":{"line":39,"column":0},"end":{"line":39,"column":3}},"39":{"start":{"line":40,"column":0},"end":{"line":40,"column":42}},"40":{"start":{"line":41,"column":0},"end":{"line":41,"column":2}},"43":{"start":{"line":44,"column":0},"end":{"line":44,"column":41}},"44":{"start":{"line":45,"column":0},"end":{"line":45,"column":23}},"48":{"start":{"line":49,"column":0},"end":{"line":49,"column":23}},"49":{"start":{"line":50,"column":0},"end":{"line":50,"column":17}},"51":{"start":{"line":52,"column":0},"end":{"line":52,"column":41}},"52":{"start":{"line":53,"column":0},"end":{"line":53,"column":6}},"54":{"start":{"line":55,"column":0},"end":{"line":55,"column":45}},"55":{"start":{"line":56,"column":0},"end":{"line":56,"column":5}},"59":{"start":{"line":60,"column":0},"end":{"line":60,"column":24}},"60":{"start":{"line":61,"column":0},"end":{"line":61,"column":18}},"61":{"start":{"line":62,"column":0},"end":{"line":62,"column":62}},"62":{"start":{"line":63,"column":0},"end":{"line":63,"column":63}},"63":{"start":{"line":64,"column":0},"end":{"line":64,"column":62}},"64":{"start":{"line":65,"column":0},"end":{"line":65,"column":6}},"65":{"start":{"line":66,"column":0},"end":{"line":66,"column":5}},"66":{"start":{"line":67,"column":0},"end":{"line":67,"column":2}},"73":{"start":{"line":74,"column":0},"end":{"line":74,"column":34}},"74":{"start":{"line":75,"column":0},"end":{"line":75,"column":33}},"76":{"start":{"line":77,"column":0},"end":{"line":77,"column":19}},"77":{"start":{"line":78,"column":0},"end":{"line":78,"column":49}},"78":{"start":{"line":79,"column":0},"end":{"line":79,"column":80}},"79":{"start":{"line":80,"column":0},"end":{"line":80,"column":78}},"80":{"start":{"line":81,"column":0},"end":{"line":81,"column":72}},"81":{"start":{"line":82,"column":0},"end":{"line":82,"column":59}},"82":{"start":{"line":83,"column":0},"end":{"line":83,"column":7}},"83":{"start":{"line":84,"column":0},"end":{"line":84,"column":3}},"86":{"start":{"line":87,"column":0},"end":{"line":87,"column":24}},"87":{"start":{"line":88,"column":0},"end":{"line":88,"column":2}},"109":{"start":{"line":110,"column":0},"end":{"line":110,"column":55}},"111":{"start":{"line":112,"column":0},"end":{"line":112,"column":22}}},"s":{"0":0,"1":0,"4":0,"5":0,"6":0,"8":0,"9":0,"10":0,"11":0,"12":0,"13":0,"14":0,"15":0,"16":0,"29":0,"30":0,"31":0,"32":0,"34":0,"35":0,"36":0,"37":0,"38":0,"39":0,"40":0,"43":0,"44":0,"48":0,"49":0,"51":0,"52":0,"54":0,"55":0,"59":0,"60":0,"61":0,"62":0,"63":0,"64":0,"65":0,"66":0,"73":0,"74":0,"76":0,"77":0,"78":0,"79":0,"80":0,"81":0,"82":0,"83":0,"86":0,"87":0,"109":0,"111":0},"branchMap":{"0":{"type":"branch","line":1,"loc":{"start":{"line":1,"column":3689},"end":{"line":112,"column":22}},"locations":[{"start":{"line":1,"column":3689},"end":{"line":112,"column":22}}]}},"b":{"0":[0]},"fnMap":{"0":{"name":"(empty-report)","decl":{"start":{"line":1,"column":3689},"end":{"line":112,"column":22}},"loc":{"start":{"line":1,"column":3689},"end":{"line":112,"column":22}},"line":1}},"f":{"0":0}}
,"/home/runner/work/nomad/nomad/src/utils/mask-data.ts": {"path":"/home/runner/work/nomad/nomad/src/utils/mask-data.ts","all":false,"statementMap":{"8":{"start":{"line":9,"column":0},"end":{"line":9,"column":68}},"9":{"start":{"line":10,"column":0},"end":{"line":10,"column":54}},"10":{"start":{"line":11,"column":0},"end":{"line":11,"column":26}},"11":{"start":{"line":12,"column":0},"end":{"line":12,"column":3}},"13":{"start":{"line":14,"column":0},"end":{"line":14,"column":47}},"14":{"start":{"line":15,"column":0},"end":{"line":15,"column":44}},"15":{"start":{"line":16,"column":0},"end":{"line":16,"column":61}},"17":{"start":{"line":18,"column":0},"end":{"line":18,"column":50}},"18":{"start":{"line":19,"column":0},"end":{"line":19,"column":1}},"25":{"start":{"line":26,"column":0},"end":{"line":26,"column":56}},"26":{"start":{"line":27,"column":0},"end":{"line":27,"column":15}},"27":{"start":{"line":28,"column":0},"end":{"line":28,"column":17}},"28":{"start":{"line":29,"column":0},"end":{"line":29,"column":3}},"31":{"start":{"line":32,"column":0},"end":{"line":32,"column":52}},"33":{"start":{"line":34,"column":0},"end":{"line":34,"column":31}},"34":{"start":{"line":35,"column":0},"end":{"line":35,"column":22}},"35":{"start":{"line":36,"column":0},"end":{"line":36,"column":3}},"37":{"start":{"line":38,"column":0},"end":{"line":38,"column":43}},"38":{"start":{"line":39,"column":0},"end":{"line":39,"column":40}},"39":{"start":{"line":40,"column":0},"end":{"line":40,"column":57}},"41":{"start":{"line":42,"column":0},"end":{"line":42,"column":50}},"42":{"start":{"line":43,"column":0},"end":{"line":43,"column":1}},"48":{"start":{"line":49,"column":0},"end":{"line":49,"column":50}},"49":{"start":{"line":50,"column":0},"end":{"line":50,"column":39}},"50":{"start":{"line":51,"column":0},"end":{"line":51,"column":17}},"51":{"start":{"line":52,"column":0},"end":{"line":52,"column":3}},"53":{"start":{"line":54,"column":0},"end":{"line":54,"column":47}},"55":{"start":{"line":56,"column":0},"end":{"line":56,"column":30}},"56":{"start":{"line":57,"column":0},"end":{"line":57,"column":17}},"57":{"start":{"line":58,"column":0},"end":{"line":58,"column":3}},"59":{"start":{"line":60,"column":0},"end":{"line":60,"column":44}},"60":{"start":{"line":61,"column":0},"end":{"line":61,"column":27}},"62":{"start":{"line":63,"column":0},"end":{"line":63,"column":49}},"63":{"start":{"line":64,"column":0},"end":{"line":64,"column":1}}},"s":{"8":1,"9":5,"10":2,"11":2,"13":3,"14":3,"15":3,"17":3,"18":3,"25":1,"26":5,"27":1,"28":1,"31":4,"33":5,"34":1,"35":1,"37":3,"38":3,"39":3,"41":3,"42":3,"48":1,"49":7,"50":2,"51":2,"53":5,"55":7,"56":2,"57":2,"59":3,"60":3,"62":3,"63":3},"branchMap":{"0":{"type":"branch","line":9,"loc":{"start":{"line":9,"column":7},"end":{"line":19,"column":1}},"locations":[{"start":{"line":9,"column":7},"end":{"line":19,"column":1}}]},"1":{"type":"branch","line":10,"loc":{"start":{"line":10,"column":7},"end":{"line":10,"column":53}},"locations":[{"start":{"line":10,"column":7},"end":{"line":10,"column":53}}]},"2":{"type":"branch","line":10,"loc":{"start":{"line":10,"column":53},"end":{"line":12,"column":3}},"locations":[{"start":{"line":10,"column":53},"end":{"line":12,"column":3}}]},"3":{"type":"branch","line":12,"loc":{"start":{"line":12,"column":2},"end":{"line":19,"column":1}},"locations":[{"start":{"line":12,"column":2},"end":{"line":19,"column":1}}]},"4":{"type":"branch","line":26,"loc":{"start":{"line":26,"column":7},"end":{"line":43,"column":1}},"locations":[{"start":{"line":26,"column":7},"end":{"line":43,"column":1}}]},"5":{"type":"branch","line":27,"loc":{"start":{"line":27,"column":14},"end":{"line":29,"column":3}},"locations":[{"start":{"line":27,"column":14},"end":{"line":29,"column":3}}]},"6":{"type":"branch","line":29,"loc":{"start":{"line":29,"column":2},"end":{"line":34,"column":30}},"locations":[{"start":{"line":29,"column":2},"end":{"line":34,"column":30}}]},"7":{"type":"branch","line":34,"loc":{"start":{"line":34,"column":30},"end":{"line":36,"column":3}},"locations":[{"start":{"line":34,"column":30},"end":{"line":36,"column":3}}]},"8":{"type":"branch","line":36,"loc":{"start":{"line":36,"column":2},"end":{"line":43,"column":1}},"locations":[{"start":{"line":36,"column":2},"end":{"line":43,"column":1}}]},"9":{"type":"branch","line":49,"loc":{"start":{"line":49,"column":7},"end":{"line":64,"column":1}},"locations":[{"start":{"line":49,"column":7},"end":{"line":64,"column":1}}]},"10":{"type":"branch","line":50,"loc":{"start":{"line":50,"column":7},"end":{"line":50,"column":38}},"locations":[{"start":{"line":50,"column":7},"end":{"line":50,"column":38}}]},"11":{"type":"branch","line":50,"loc":{"start":{"line":50,"column":38},"end":{"line":52,"column":3}},"locations":[{"start":{"line":50,"column":38},"end":{"line":52,"column":3}}]},"12":{"type":"branch","line":52,"loc":{"start":{"line":52,"column":2},"end":{"line":56,"column":29}},"locations":[{"start":{"line":52,"column":2},"end":{"line":56,"column":29}}]},"13":{"type":"branch","line":56,"loc":{"start":{"line":56,"column":29},"end":{"line":58,"column":3}},"locations":[{"start":{"line":56,"column":29},"end":{"line":58,"column":3}}]},"14":{"type":"branch","line":58,"loc":{"start":{"line":58,"column":2},"end":{"line":64,"column":1}},"locations":[{"start":{"line":58,"column":2},"end":{"line":64,"column":1}}]}},"b":{"0":[5],"1":[4],"2":[2],"3":[3],"4":[5],"5":[1],"6":[4],"7":[1],"8":[3],"9":[7],"10":[6],"11":[2],"12":[5],"13":[2],"14":[3]},"fnMap":{"0":{"name":"maskDocumentNumber","decl":{"start":{"line":9,"column":7},"end":{"line":19,"column":1}},"loc":{"start":{"line":9,"column":7},"end":{"line":19,"column":1}},"line":9},"1":{"name":"maskPhoneNumber","decl":{"start":{"line":26,"column":7},"end":{"line":43,"column":1}},"loc":{"start":{"line":26,"column":7},"end":{"line":43,"column":1}},"line":26},"2":{"name":"maskEmail","decl":{"start":{"line":49,"column":7},"end":{"line":64,"column":1}},"loc":{"start":{"line":49,"column":7},"end":{"line":64,"column":1}},"line":49}},"f":{"0":5,"1":5,"2":7}}
}
