{"/home/runner/work/nomad/nomad/src/mdx-components.tsx": {"path":"/home/runner/work/nomad/nomad/src/mdx-components.tsx","all":true,"statementMap":{"1":{"start":{"line":2,"column":0},"end":{"line":2,"column":49}},"2":{"start":{"line":3,"column":0},"end":{"line":3,"column":62}},"3":{"start":{"line":4,"column":0},"end":{"line":4,"column":51}},"6":{"start":{"line":7,"column":0},"end":{"line":7,"column":56}},"8":{"start":{"line":9,"column":0},"end":{"line":9,"column":77}},"9":{"start":{"line":10,"column":0},"end":{"line":10,"column":10}},"10":{"start":{"line":11,"column":0},"end":{"line":11,"column":28}},"11":{"start":{"line":12,"column":0},"end":{"line":12,"column":52}},"12":{"start":{"line":13,"column":0},"end":{"line":13,"column":12}},"13":{"start":{"line":14,"column":0},"end":{"line":14,"column":16}},"14":{"start":{"line":15,"column":0},"end":{"line":15,"column":18}},"15":{"start":{"line":16,"column":0},"end":{"line":16,"column":4}},"16":{"start":{"line":17,"column":0},"end":{"line":17,"column":1}}},"s":{"1":0,"2":0,"3":0,"6":0,"8":0,"9":0,"10":0,"11":0,"12":0,"13":0,"14":0,"15":0,"16":0},"branchMap":{"0":{"type":"branch","line":1,"loc":{"start":{"line":1,"column":554},"end":{"line":17,"column":1}},"locations":[{"start":{"line":1,"column":554},"end":{"line":17,"column":1}}]}},"b":{"0":[1]},"fnMap":{"0":{"name":"(empty-report)","decl":{"start":{"line":1,"column":554},"end":{"line":17,"column":1}},"loc":{"start":{"line":1,"column":554},"end":{"line":17,"column":1}},"line":1}},"f":{"0":1}}
,"/home/runner/work/nomad/nomad/src/components/auth/link-button.tsx": {"path":"/home/runner/work/nomad/nomad/src/components/auth/link-button.tsx","all":true,"statementMap":{"2":{"start":{"line":3,"column":0},"end":{"line":3,"column":31}},"4":{"start":{"line":5,"column":0},"end":{"line":5,"column":48}},"5":{"start":{"line":6,"column":0},"end":{"line":6,"column":47}},"32":{"start":{"line":33,"column":0},"end":{"line":33,"column":75}},"37":{"start":{"line":38,"column":0},"end":{"line":38,"column":34}},"38":{"start":{"line":39,"column":0},"end":{"line":39,"column":9}},"40":{"start":{"line":41,"column":0},"end":{"line":41,"column":50}},"41":{"start":{"line":42,"column":0},"end":{"line":42,"column":29}},"42":{"start":{"line":43,"column":0},"end":{"line":43,"column":67}},"43":{"start":{"line":44,"column":0},"end":{"line":44,"column":9}},"45":{"start":{"line":46,"column":0},"end":{"line":46,"column":25}},"46":{"start":{"line":47,"column":0},"end":{"line":47,"column":69}},"47":{"start":{"line":48,"column":0},"end":{"line":48,"column":63}},"48":{"start":{"line":49,"column":0},"end":{"line":49,"column":72}},"49":{"start":{"line":50,"column":0},"end":{"line":50,"column":11}},"50":{"start":{"line":51,"column":0},"end":{"line":51,"column":7}},"52":{"start":{"line":53,"column":0},"end":{"line":53,"column":21}},"53":{"start":{"line":54,"column":0},"end":{"line":54,"column":59}},"54":{"start":{"line":55,"column":0},"end":{"line":55,"column":60}},"55":{"start":{"line":56,"column":0},"end":{"line":56,"column":52}},"56":{"start":{"line":57,"column":0},"end":{"line":57,"column":9}},"57":{"start":{"line":58,"column":0},"end":{"line":58,"column":5}},"58":{"start":{"line":59,"column":0},"end":{"line":59,"column":4}},"60":{"start":{"line":61,"column":0},"end":{"line":61,"column":10}},"61":{"start":{"line":62,"column":0},"end":{"line":62,"column":11}},"62":{"start":{"line":63,"column":0},"end":{"line":63,"column":23}},"63":{"start":{"line":64,"column":0},"end":{"line":64,"column":15}},"64":{"start":{"line":65,"column":0},"end":{"line":65,"column":26}},"65":{"start":{"line":66,"column":0},"end":{"line":66,"column":25}},"66":{"start":{"line":67,"column":0},"end":{"line":67,"column":5}},"68":{"start":{"line":69,"column":0},"end":{"line":69,"column":13}},"70":{"start":{"line":71,"column":0},"end":{"line":71,"column":1}}},"s":{"2":0,"4":0,"5":0,"32":0,"37":0,"38":0,"40":0,"41":0,"42":0,"43":0,"45":0,"46":0,"47":0,"48":0,"49":0,"50":0,"52":0,"53":0,"54":0,"55":0,"56":0,"57":0,"58":0,"60":0,"61":0,"62":0,"63":0,"64":0,"65":0,"66":0,"68":0,"70":0},"branchMap":{"0":{"type":"branch","line":1,"loc":{"start":{"line":1,"column":1916},"end":{"line":71,"column":1}},"locations":[{"start":{"line":1,"column":1916},"end":{"line":71,"column":1}}]}},"b":{"0":[1]},"fnMap":{"0":{"name":"(empty-report)","decl":{"start":{"line":1,"column":1916},"end":{"line":71,"column":1}},"loc":{"start":{"line":1,"column":1916},"end":{"line":71,"column":1}},"line":1}},"f":{"0":1}}
,"/home/runner/work/nomad/nomad/src/components/auth/sign-up-modal.tsx": {"path":"/home/runner/work/nomad/nomad/src/components/auth/sign-up-modal.tsx","all":true,"statementMap":{"2":{"start":{"line":3,"column":0},"end":{"line":3,"column":29}},"4":{"start":{"line":5,"column":0},"end":{"line":5,"column":48}},"5":{"start":{"line":6,"column":0},"end":{"line":6,"column":8}},"21":{"start":{"line":22,"column":0},"end":{"line":22,"column":24}},"22":{"start":{"line":23,"column":0},"end":{"line":23,"column":24}},"23":{"start":{"line":24,"column":0},"end":{"line":24,"column":27}},"24":{"start":{"line":25,"column":0},"end":{"line":25,"column":29}},"25":{"start":{"line":26,"column":0},"end":{"line":26,"column":32}},"26":{"start":{"line":27,"column":0},"end":{"line":27,"column":26}},"27":{"start":{"line":28,"column":0},"end":{"line":28,"column":26}},"28":{"start":{"line":29,"column":0},"end":{"line":29,"column":28}},"29":{"start":{"line":30,"column":0},"end":{"line":30,"column":34}},"30":{"start":{"line":31,"column":0},"end":{"line":31,"column":28}},"31":{"start":{"line":32,"column":0},"end":{"line":32,"column":27}},"32":{"start":{"line":33,"column":0},"end":{"line":33,"column":38}},"33":{"start":{"line":34,"column":0},"end":{"line":34,"column":27}},"34":{"start":{"line":35,"column":0},"end":{"line":35,"column":30}},"35":{"start":{"line":36,"column":0},"end":{"line":36,"column":25}},"36":{"start":{"line":37,"column":0},"end":{"line":37,"column":27}},"37":{"start":{"line":38,"column":0},"end":{"line":38,"column":25}},"38":{"start":{"line":39,"column":0},"end":{"line":39,"column":29}},"39":{"start":{"line":40,"column":0},"end":{"line":40,"column":31}},"40":{"start":{"line":41,"column":0},"end":{"line":41,"column":25}},"41":{"start":{"line":42,"column":0},"end":{"line":42,"column":2}},"43":{"start":{"line":44,"column":0},"end":{"line":44,"column":37}},"44":{"start":{"line":45,"column":0},"end":{"line":45,"column":7}},"45":{"start":{"line":46,"column":0},"end":{"line":46,"column":15}},"46":{"start":{"line":47,"column":0},"end":{"line":47,"column":10}},"47":{"start":{"line":48,"column":0},"end":{"line":48,"column":13}},"48":{"start":{"line":49,"column":0},"end":{"line":49,"column":22}},"49":{"start":{"line":50,"column":0},"end":{"line":50,"column":10}},"50":{"start":{"line":51,"column":0},"end":{"line":51,"column":52}},"51":{"start":{"line":52,"column":0},"end":{"line":52,"column":20}},"52":{"start":{"line":53,"column":0},"end":{"line":53,"column":56}},"53":{"start":{"line":54,"column":0},"end":{"line":54,"column":30}},"55":{"start":{"line":56,"column":0},"end":{"line":56,"column":22}},"56":{"start":{"line":57,"column":0},"end":{"line":57,"column":65}},"58":{"start":{"line":59,"column":0},"end":{"line":59,"column":24}},"59":{"start":{"line":60,"column":0},"end":{"line":60,"column":23}},"61":{"start":{"line":62,"column":0},"end":{"line":62,"column":48}},"62":{"start":{"line":63,"column":0},"end":{"line":63,"column":84}},"66":{"start":{"line":67,"column":0},"end":{"line":67,"column":30}},"68":{"start":{"line":69,"column":0},"end":{"line":69,"column":42}},"69":{"start":{"line":70,"column":0},"end":{"line":70,"column":17}},"70":{"start":{"line":71,"column":0},"end":{"line":71,"column":27}},"71":{"start":{"line":72,"column":0},"end":{"line":72,"column":29}},"72":{"start":{"line":73,"column":0},"end":{"line":73,"column":39}},"73":{"start":{"line":74,"column":0},"end":{"line":74,"column":77}},"74":{"start":{"line":75,"column":0},"end":{"line":75,"column":13}},"76":{"start":{"line":77,"column":0},"end":{"line":77,"column":19}},"77":{"start":{"line":78,"column":0},"end":{"line":78,"column":17}},"78":{"start":{"line":79,"column":0},"end":{"line":79,"column":29}},"79":{"start":{"line":80,"column":0},"end":{"line":80,"column":29}},"80":{"start":{"line":81,"column":0},"end":{"line":81,"column":39}},"81":{"start":{"line":82,"column":0},"end":{"line":82,"column":77}},"82":{"start":{"line":83,"column":0},"end":{"line":83,"column":13}},"84":{"start":{"line":85,"column":0},"end":{"line":85,"column":19}},"85":{"start":{"line":86,"column":0},"end":{"line":86,"column":16}},"87":{"start":{"line":88,"column":0},"end":{"line":88,"column":78}},"88":{"start":{"line":89,"column":0},"end":{"line":89,"column":62}},"89":{"start":{"line":90,"column":0},"end":{"line":90,"column":43}},"90":{"start":{"line":91,"column":0},"end":{"line":91,"column":64}},"91":{"start":{"line":92,"column":0},"end":{"line":92,"column":80}},"92":{"start":{"line":93,"column":0},"end":{"line":93,"column":65}},"93":{"start":{"line":94,"column":0},"end":{"line":94,"column":31}},"94":{"start":{"line":95,"column":0},"end":{"line":95,"column":25}},"95":{"start":{"line":96,"column":0},"end":{"line":96,"column":22}},"96":{"start":{"line":97,"column":0},"end":{"line":97,"column":17}},"97":{"start":{"line":98,"column":0},"end":{"line":98,"column":18}},"98":{"start":{"line":99,"column":0},"end":{"line":99,"column":16}},"99":{"start":{"line":100,"column":0},"end":{"line":100,"column":14}},"101":{"start":{"line":102,"column":0},"end":{"line":102,"column":69}},"102":{"start":{"line":103,"column":0},"end":{"line":103,"column":17}},"103":{"start":{"line":104,"column":0},"end":{"line":104,"column":29}},"104":{"start":{"line":105,"column":0},"end":{"line":105,"column":32}},"105":{"start":{"line":106,"column":0},"end":{"line":106,"column":37}},"106":{"start":{"line":107,"column":0},"end":{"line":107,"column":11}},"108":{"start":{"line":109,"column":0},"end":{"line":109,"column":19}},"109":{"start":{"line":110,"column":0},"end":{"line":110,"column":17}},"110":{"start":{"line":111,"column":0},"end":{"line":111,"column":29}},"111":{"start":{"line":112,"column":0},"end":{"line":112,"column":82}},"112":{"start":{"line":113,"column":0},"end":{"line":113,"column":11}},"114":{"start":{"line":115,"column":0},"end":{"line":115,"column":19}},"115":{"start":{"line":116,"column":0},"end":{"line":116,"column":23}},"116":{"start":{"line":117,"column":0},"end":{"line":117,"column":22}},"117":{"start":{"line":118,"column":0},"end":{"line":118,"column":13}},"119":{"start":{"line":120,"column":0},"end":{"line":120,"column":1}}},"s":{"2":0,"4":0,"5":0,"21":0,"22":0,"23":0,"24":0,"25":0,"26":0,"27":0,"28":0,"29":0,"30":0,"31":0,"32":0,"33":0,"34":0,"35":0,"36":0,"37":0,"38":0,"39":0,"40":0,"41":0,"43":0,"44":0,"45":0,"46":0,"47":0,"48":0,"49":0,"50":0,"51":0,"52":0,"53":0,"55":0,"56":0,"58":0,"59":0,"61":0,"62":0,"66":0,"68":0,"69":0,"70":0,"71":0,"72":0,"73":0,"74":0,"76":0,"77":0,"78":0,"79":0,"80":0,"81":0,"82":0,"84":0,"85":0,"87":0,"88":0,"89":0,"90":0,"91":0,"92":0,"93":0,"94":0,"95":0,"96":0,"97":0,"98":0,"99":0,"101":0,"102":0,"103":0,"104":0,"105":0,"106":0,"108":0,"109":0,"110":0,"111":0,"112":0,"114":0,"115":0,"116":0,"117":0,"119":0},"branchMap":{"0":{"type":"branch","line":1,"loc":{"start":{"line":1,"column":3339},"end":{"line":120,"column":1}},"locations":[{"start":{"line":1,"column":3339},"end":{"line":120,"column":1}}]}},"b":{"0":[1]},"fnMap":{"0":{"name":"(empty-report)","decl":{"start":{"line":1,"column":3339},"end":{"line":120,"column":1}},"loc":{"start":{"line":1,"column":3339},"end":{"line":120,"column":1}},"line":1}},"f":{"0":1}}
,"/home/runner/work/nomad/nomad/src/components/auth/social-account-card.tsx": {"path":"/home/runner/work/nomad/nomad/src/components/auth/social-account-card.tsx","all":false,"statementMap":{"2":{"start":{"line":3,"column":0},"end":{"line":3,"column":37}},"3":{"start":{"line":4,"column":0},"end":{"line":4,"column":33}},"5":{"start":{"line":6,"column":0},"end":{"line":6,"column":44}},"28":{"start":{"line":29,"column":0},"end":{"line":29,"column":60}},"29":{"start":{"line":30,"column":0},"end":{"line":30,"column":10}},"30":{"start":{"line":31,"column":0},"end":{"line":31,"column":8}},"31":{"start":{"line":32,"column":0},"end":{"line":32,"column":25}},"32":{"start":{"line":33,"column":0},"end":{"line":33,"column":25}},"33":{"start":{"line":34,"column":0},"end":{"line":34,"column":27}},"34":{"start":{"line":35,"column":0},"end":{"line":35,"column":24}},"36":{"start":{"line":37,"column":0},"end":{"line":37,"column":732}},"39":{"start":{"line":40,"column":0},"end":{"line":40,"column":1}},"44":{"start":{"line":45,"column":0},"end":{"line":45,"column":60}},"45":{"start":{"line":46,"column":0},"end":{"line":46,"column":10}},"46":{"start":{"line":47,"column":0},"end":{"line":47,"column":70}},"47":{"start":{"line":48,"column":0},"end":{"line":48,"column":11}},"48":{"start":{"line":49,"column":0},"end":{"line":49,"column":131}},"49":{"start":{"line":50,"column":0},"end":{"line":50,"column":22}},"51":{"start":{"line":52,"column":0},"end":{"line":52,"column":11}},"52":{"start":{"line":53,"column":0},"end":{"line":53,"column":145}},"53":{"start":{"line":54,"column":0},"end":{"line":54,"column":22}},"55":{"start":{"line":56,"column":0},"end":{"line":56,"column":11}},"56":{"start":{"line":57,"column":0},"end":{"line":57,"column":137}},"57":{"start":{"line":58,"column":0},"end":{"line":58,"column":22}},"59":{"start":{"line":60,"column":0},"end":{"line":60,"column":11}},"60":{"start":{"line":61,"column":0},"end":{"line":61,"column":143}},"61":{"start":{"line":62,"column":0},"end":{"line":62,"column":22}},"65":{"start":{"line":66,"column":0},"end":{"line":66,"column":1}},"90":{"start":{"line":91,"column":0},"end":{"line":91,"column":43}},"91":{"start":{"line":92,"column":0},"end":{"line":92,"column":11}},"92":{"start":{"line":93,"column":0},"end":{"line":93,"column":15}},"93":{"start":{"line":94,"column":0},"end":{"line":94,"column":11}},"94":{"start":{"line":95,"column":0},"end":{"line":95,"column":13}},"95":{"start":{"line":96,"column":0},"end":{"line":96,"column":15}},"96":{"start":{"line":97,"column":0},"end":{"line":97,"column":28}},"97":{"start":{"line":98,"column":0},"end":{"line":98,"column":52}},"98":{"start":{"line":99,"column":0},"end":{"line":99,"column":63}},"100":{"start":{"line":101,"column":0},"end":{"line":101,"column":10}},"101":{"start":{"line":102,"column":0},"end":{"line":102,"column":9}},"102":{"start":{"line":103,"column":0},"end":{"line":103,"column":73}},"103":{"start":{"line":104,"column":0},"end":{"line":104,"column":45}},"104":{"start":{"line":105,"column":0},"end":{"line":105,"column":46}},"106":{"start":{"line":107,"column":0},"end":{"line":107,"column":37}},"108":{"start":{"line":109,"column":0},"end":{"line":109,"column":45}},"109":{"start":{"line":110,"column":0},"end":{"line":110,"column":83}},"110":{"start":{"line":111,"column":0},"end":{"line":111,"column":54}},"115":{"start":{"line":116,"column":0},"end":{"line":116,"column":63}},"118":{"start":{"line":119,"column":0},"end":{"line":119,"column":66}},"119":{"start":{"line":120,"column":0},"end":{"line":120,"column":23}},"121":{"start":{"line":122,"column":0},"end":{"line":122,"column":25}},"124":{"start":{"line":125,"column":0},"end":{"line":125,"column":72}},"125":{"start":{"line":126,"column":0},"end":{"line":126,"column":45}},"126":{"start":{"line":127,"column":0},"end":{"line":127,"column":64}},"131":{"start":{"line":132,"column":0},"end":{"line":132,"column":22}},"137":{"start":{"line":138,"column":0},"end":{"line":138,"column":1}}},"s":{"2":1,"3":1,"5":1,"28":2,"29":2,"30":2,"31":2,"32":2,"33":2,"34":2,"36":2,"39":2,"44":2,"45":2,"46":2,"47":2,"48":2,"49":2,"51":2,"52":2,"53":2,"55":2,"56":2,"57":2,"59":2,"60":2,"61":2,"65":2,"90":4,"91":4,"92":4,"93":4,"94":4,"95":4,"96":4,"97":4,"98":4,"100":4,"101":4,"102":4,"103":4,"104":4,"106":4,"108":4,"109":4,"110":4,"115":4,"118":4,"119":4,"121":4,"124":4,"125":4,"126":4,"131":4,"137":4},"branchMap":{"0":{"type":"branch","line":29,"loc":{"start":{"line":29,"column":0},"end":{"line":40,"column":1}},"locations":[{"start":{"line":29,"column":0},"end":{"line":40,"column":1}}]},"1":{"type":"branch","line":45,"loc":{"start":{"line":45,"column":0},"end":{"line":66,"column":1}},"locations":[{"start":{"line":45,"column":0},"end":{"line":66,"column":1}}]},"2":{"type":"branch","line":91,"loc":{"start":{"line":91,"column":0},"end":{"line":138,"column":1}},"locations":[{"start":{"line":91,"column":0},"end":{"line":138,"column":1}}]},"3":{"type":"branch","line":99,"loc":{"start":{"line":99,"column":28},"end":{"line":99,"column":52}},"locations":[{"start":{"line":99,"column":28},"end":{"line":99,"column":52}}]},"4":{"type":"branch","line":99,"loc":{"start":{"line":99,"column":39},"end":{"line":99,"column":63}},"locations":[{"start":{"line":99,"column":39},"end":{"line":99,"column":63}}]},"5":{"type":"branch","line":122,"loc":{"start":{"line":122,"column":12},"end":{"line":122,"column":25}},"locations":[{"start":{"line":122,"column":12},"end":{"line":122,"column":25}}]}},"b":{"0":[2],"1":[2],"2":[4],"3":[2],"4":[2],"5":[0]},"fnMap":{"0":{"name":"GithubIcon","decl":{"start":{"line":29,"column":0},"end":{"line":40,"column":1}},"loc":{"start":{"line":29,"column":0},"end":{"line":40,"column":1}},"line":29},"1":{"name":"GoogleIcon","decl":{"start":{"line":45,"column":0},"end":{"line":66,"column":1}},"loc":{"start":{"line":45,"column":0},"end":{"line":66,"column":1}},"line":45},"2":{"name":"SocialAccountCard","decl":{"start":{"line":91,"column":0},"end":{"line":138,"column":1}},"loc":{"start":{"line":91,"column":0},"end":{"line":138,"column":1}},"line":91},"3":{"name":"onMouseEnter","decl":{"start":{"line":104,"column":20},"end":{"line":104,"column":45}},"loc":{"start":{"line":104,"column":20},"end":{"line":104,"column":45}},"line":104},"4":{"name":"onMouseLeave","decl":{"start":{"line":105,"column":20},"end":{"line":105,"column":46}},"loc":{"start":{"line":105,"column":20},"end":{"line":105,"column":46}},"line":105}},"f":{"0":2,"1":2,"2":4,"3":0,"4":0}}
,"/home/runner/work/nomad/nomad/src/components/auth/unlink-button.tsx": {"path":"/home/runner/work/nomad/nomad/src/components/auth/unlink-button.tsx","all":true,"statementMap":{"2":{"start":{"line":3,"column":0},"end":{"line":3,"column":38}},"3":{"start":{"line":4,"column":0},"end":{"line":4,"column":31}},"5":{"start":{"line":6,"column":0},"end":{"line":6,"column":48}},"6":{"start":{"line":7,"column":0},"end":{"line":7,"column":57}},"32":{"start":{"line":33,"column":0},"end":{"line":33,"column":65}},"33":{"start":{"line":34,"column":0},"end":{"line":34,"column":55}},"39":{"start":{"line":40,"column":0},"end":{"line":40,"column":30}},"40":{"start":{"line":41,"column":0},"end":{"line":41,"column":33}},"41":{"start":{"line":42,"column":0},"end":{"line":42,"column":59}},"43":{"start":{"line":44,"column":0},"end":{"line":44,"column":27}},"44":{"start":{"line":45,"column":0},"end":{"line":45,"column":38}},"45":{"start":{"line":46,"column":0},"end":{"line":46,"column":14}},"46":{"start":{"line":47,"column":0},"end":{"line":47,"column":34}},"47":{"start":{"line":48,"column":0},"end":{"line":48,"column":7}},"48":{"start":{"line":49,"column":0},"end":{"line":49,"column":7}},"49":{"start":{"line":50,"column":0},"end":{"line":50,"column":4}},"51":{"start":{"line":52,"column":0},"end":{"line":52,"column":10}},"52":{"start":{"line":53,"column":0},"end":{"line":53,"column":11}},"53":{"start":{"line":54,"column":0},"end":{"line":54,"column":23}},"54":{"start":{"line":55,"column":0},"end":{"line":55,"column":15}},"55":{"start":{"line":56,"column":0},"end":{"line":56,"column":28}},"56":{"start":{"line":57,"column":0},"end":{"line":57,"column":26}},"57":{"start":{"line":58,"column":0},"end":{"line":58,"column":25}},"59":{"start":{"line":60,"column":0},"end":{"line":60,"column":37}},"60":{"start":{"line":61,"column":0},"end":{"line":61,"column":13}},"62":{"start":{"line":63,"column":0},"end":{"line":63,"column":1}}},"s":{"2":0,"3":0,"5":0,"6":0,"32":0,"33":0,"39":0,"40":0,"41":0,"43":0,"44":0,"45":0,"46":0,"47":0,"48":0,"49":0,"51":0,"52":0,"53":0,"54":0,"55":0,"56":0,"57":0,"59":0,"60":0,"62":0},"branchMap":{"0":{"type":"branch","line":1,"loc":{"start":{"line":1,"column":1484},"end":{"line":63,"column":1}},"locations":[{"start":{"line":1,"column":1484},"end":{"line":63,"column":1}}]}},"b":{"0":[1]},"fnMap":{"0":{"name":"(empty-report)","decl":{"start":{"line":1,"column":1484},"end":{"line":63,"column":1}},"loc":{"start":{"line":1,"column":1484},"end":{"line":63,"column":1}},"line":1}},"f":{"0":1}}
,"/home/runner/work/nomad/nomad/src/components/auth/user-sidebar.tsx": {"path":"/home/runner/work/nomad/nomad/src/components/auth/user-sidebar.tsx","all":true,"statementMap":{"2":{"start":{"line":3,"column":0},"end":{"line":3,"column":43}},"3":{"start":{"line":4,"column":0},"end":{"line":4,"column":29}},"4":{"start":{"line":5,"column":0},"end":{"line":5,"column":46}},"6":{"start":{"line":7,"column":0},"end":{"line":7,"column":31}},"8":{"start":{"line":9,"column":0},"end":{"line":9,"column":48}},"9":{"start":{"line":10,"column":0},"end":{"line":10,"column":8}},"23":{"start":{"line":24,"column":0},"end":{"line":24,"column":31}},"24":{"start":{"line":25,"column":0},"end":{"line":25,"column":37}},"25":{"start":{"line":26,"column":0},"end":{"line":26,"column":40}},"26":{"start":{"line":27,"column":0},"end":{"line":27,"column":64}},"27":{"start":{"line":28,"column":0},"end":{"line":28,"column":3}},"28":{"start":{"line":29,"column":0},"end":{"line":29,"column":16}},"29":{"start":{"line":30,"column":0},"end":{"line":30,"column":15}},"30":{"start":{"line":31,"column":0},"end":{"line":31,"column":67}},"31":{"start":{"line":32,"column":0},"end":{"line":32,"column":7}},"32":{"start":{"line":33,"column":0},"end":{"line":33,"column":24}},"33":{"start":{"line":34,"column":0},"end":{"line":34,"column":39}},"34":{"start":{"line":35,"column":0},"end":{"line":35,"column":27}},"35":{"start":{"line":36,"column":0},"end":{"line":36,"column":8}},"36":{"start":{"line":37,"column":0},"end":{"line":37,"column":6}},"37":{"start":{"line":38,"column":0},"end":{"line":38,"column":4}},"38":{"start":{"line":39,"column":0},"end":{"line":39,"column":65}},"39":{"start":{"line":40,"column":0},"end":{"line":40,"column":62}},"40":{"start":{"line":41,"column":0},"end":{"line":41,"column":60}},"41":{"start":{"line":42,"column":0},"end":{"line":42,"column":65}},"42":{"start":{"line":43,"column":0},"end":{"line":43,"column":3}},"43":{"start":{"line":44,"column":0},"end":{"line":44,"column":18}},"44":{"start":{"line":45,"column":0},"end":{"line":45,"column":15}},"45":{"start":{"line":46,"column":0},"end":{"line":46,"column":52}},"46":{"start":{"line":47,"column":0},"end":{"line":47,"column":69}},"47":{"start":{"line":48,"column":0},"end":{"line":48,"column":70}},"48":{"start":{"line":49,"column":0},"end":{"line":49,"column":69}},"49":{"start":{"line":50,"column":0},"end":{"line":50,"column":6}},"50":{"start":{"line":51,"column":0},"end":{"line":51,"column":4}},"51":{"start":{"line":52,"column":0},"end":{"line":52,"column":3}},"52":{"start":{"line":53,"column":0},"end":{"line":53,"column":18}},"53":{"start":{"line":54,"column":0},"end":{"line":54,"column":15}},"54":{"start":{"line":55,"column":0},"end":{"line":55,"column":44}},"55":{"start":{"line":56,"column":0},"end":{"line":56,"column":49}},"56":{"start":{"line":57,"column":0},"end":{"line":57,"column":48}},"57":{"start":{"line":58,"column":0},"end":{"line":58,"column":71}},"58":{"start":{"line":59,"column":0},"end":{"line":59,"column":6}},"59":{"start":{"line":60,"column":0},"end":{"line":60,"column":4}},"60":{"start":{"line":61,"column":0},"end":{"line":61,"column":2}},"62":{"start":{"line":63,"column":0},"end":{"line":63,"column":39}},"63":{"start":{"line":64,"column":0},"end":{"line":64,"column":33}},"66":{"start":{"line":67,"column":0},"end":{"line":67,"column":53}},"67":{"start":{"line":68,"column":0},"end":{"line":68,"column":37}},"68":{"start":{"line":69,"column":0},"end":{"line":69,"column":64}},"69":{"start":{"line":70,"column":0},"end":{"line":70,"column":4}},"72":{"start":{"line":73,"column":0},"end":{"line":73,"column":55}},"73":{"start":{"line":74,"column":0},"end":{"line":74,"column":25}},"74":{"start":{"line":75,"column":0},"end":{"line":75,"column":44}},"75":{"start":{"line":76,"column":0},"end":{"line":76,"column":7}},"76":{"start":{"line":77,"column":0},"end":{"line":77,"column":4}},"79":{"start":{"line":80,"column":0},"end":{"line":80,"column":63}},"80":{"start":{"line":81,"column":0},"end":{"line":81,"column":66}},"82":{"start":{"line":83,"column":0},"end":{"line":83,"column":22}},"83":{"start":{"line":84,"column":0},"end":{"line":84,"column":40}},"86":{"start":{"line":87,"column":0},"end":{"line":87,"column":14}},"87":{"start":{"line":88,"column":0},"end":{"line":88,"column":20}},"88":{"start":{"line":89,"column":0},"end":{"line":89,"column":26}},"89":{"start":{"line":90,"column":0},"end":{"line":90,"column":39}},"90":{"start":{"line":91,"column":0},"end":{"line":91,"column":30}},"92":{"start":{"line":93,"column":0},"end":{"line":93,"column":15}},"93":{"start":{"line":94,"column":0},"end":{"line":94,"column":40}},"94":{"start":{"line":95,"column":0},"end":{"line":95,"column":21}},"95":{"start":{"line":96,"column":0},"end":{"line":96,"column":31}},"96":{"start":{"line":97,"column":0},"end":{"line":97,"column":62}},"98":{"start":{"line":99,"column":0},"end":{"line":99,"column":41}},"99":{"start":{"line":100,"column":0},"end":{"line":100,"column":127}},"100":{"start":{"line":101,"column":0},"end":{"line":101,"column":23}},"101":{"start":{"line":102,"column":0},"end":{"line":102,"column":33}},"102":{"start":{"line":103,"column":0},"end":{"line":103,"column":32}},"103":{"start":{"line":104,"column":0},"end":{"line":104,"column":51}},"104":{"start":{"line":105,"column":0},"end":{"line":105,"column":68}},"105":{"start":{"line":106,"column":0},"end":{"line":106,"column":20}},"106":{"start":{"line":107,"column":0},"end":{"line":107,"column":33}},"107":{"start":{"line":108,"column":0},"end":{"line":108,"column":16}},"108":{"start":{"line":109,"column":0},"end":{"line":109,"column":22}},"110":{"start":{"line":111,"column":0},"end":{"line":111,"column":5}},"113":{"start":{"line":114,"column":0},"end":{"line":114,"column":44}},"114":{"start":{"line":115,"column":0},"end":{"line":115,"column":53}},"117":{"start":{"line":118,"column":0},"end":{"line":118,"column":25}},"118":{"start":{"line":119,"column":0},"end":{"line":119,"column":14}},"119":{"start":{"line":120,"column":0},"end":{"line":120,"column":15}},"120":{"start":{"line":121,"column":0},"end":{"line":121,"column":26}},"121":{"start":{"line":122,"column":0},"end":{"line":122,"column":25}},"122":{"start":{"line":123,"column":0},"end":{"line":123,"column":54}},"123":{"start":{"line":124,"column":0},"end":{"line":124,"column":62}},"125":{"start":{"line":126,"column":0},"end":{"line":126,"column":35}},"126":{"start":{"line":127,"column":0},"end":{"line":127,"column":17}},"128":{"start":{"line":129,"column":0},"end":{"line":129,"column":5}},"131":{"start":{"line":132,"column":0},"end":{"line":132,"column":20}},"132":{"start":{"line":133,"column":0},"end":{"line":133,"column":14}},"133":{"start":{"line":134,"column":0},"end":{"line":134,"column":15}},"134":{"start":{"line":135,"column":0},"end":{"line":135,"column":26}},"135":{"start":{"line":136,"column":0},"end":{"line":136,"column":50}},"136":{"start":{"line":137,"column":0},"end":{"line":137,"column":54}},"137":{"start":{"line":138,"column":0},"end":{"line":138,"column":17}},"139":{"start":{"line":140,"column":0},"end":{"line":140,"column":33}},"140":{"start":{"line":141,"column":0},"end":{"line":141,"column":37}},"141":{"start":{"line":142,"column":0},"end":{"line":142,"column":17}},"142":{"start":{"line":143,"column":0},"end":{"line":143,"column":17}},"144":{"start":{"line":145,"column":0},"end":{"line":145,"column":5}},"147":{"start":{"line":148,"column":0},"end":{"line":148,"column":16}},"148":{"start":{"line":149,"column":0},"end":{"line":149,"column":4}},"150":{"start":{"line":151,"column":0},"end":{"line":151,"column":74}},"151":{"start":{"line":152,"column":0},"end":{"line":152,"column":1}}},"s":{"2":0,"3":0,"4":0,"6":0,"8":0,"9":0,"23":0,"24":0,"25":0,"26":0,"27":0,"28":0,"29":0,"30":0,"31":0,"32":0,"33":0,"34":0,"35":0,"36":0,"37":0,"38":0,"39":0,"40":0,"41":0,"42":0,"43":0,"44":0,"45":0,"46":0,"47":0,"48":0,"49":0,"50":0,"51":0,"52":0,"53":0,"54":0,"55":0,"56":0,"57":0,"58":0,"59":0,"60":0,"62":0,"63":0,"66":0,"67":0,"68":0,"69":0,"72":0,"73":0,"74":0,"75":0,"76":0,"79":0,"80":0,"82":0,"83":0,"86":0,"87":0,"88":0,"89":0,"90":0,"92":0,"93":0,"94":0,"95":0,"96":0,"98":0,"99":0,"100":0,"101":0,"102":0,"103":0,"104":0,"105":0,"106":0,"107":0,"108":0,"110":0,"113":0,"114":0,"117":0,"118":0,"119":0,"120":0,"121":0,"122":0,"123":0,"125":0,"126":0,"128":0,"131":0,"132":0,"133":0,"134":0,"135":0,"136":0,"137":0,"139":0,"140":0,"141":0,"142":0,"144":0,"147":0,"148":0,"150":0,"151":0},"branchMap":{"0":{"type":"branch","line":1,"loc":{"start":{"line":1,"column":4440},"end":{"line":152,"column":1}},"locations":[{"start":{"line":1,"column":4440},"end":{"line":152,"column":1}}]}},"b":{"0":[1]},"fnMap":{"0":{"name":"(empty-report)","decl":{"start":{"line":1,"column":4440},"end":{"line":152,"column":1}},"loc":{"start":{"line":1,"column":4440},"end":{"line":152,"column":1}},"line":1}},"f":{"0":1}}
,"/home/runner/work/nomad/nomad/src/components/auth/forms/email-login.tsx": {"path":"/home/runner/work/nomad/nomad/src/components/auth/forms/email-login.tsx","all":false,"statementMap":{"0":{"start":{"line":3,"column":0},"end":{"line":3,"column":54}},"1":{"start":{"line":4,"column":0},"end":{"line":4,"column":29}},"2":{"start":{"line":5,"column":0},"end":{"line":5,"column":42}},"3":{"start":{"line":7,"column":0},"end":{"line":7,"column":48}},"4":{"start":{"line":8,"column":0},"end":{"line":8,"column":52}},"5":{"start":{"line":9,"column":0},"end":{"line":9,"column":8}},"6":{"start":{"line":17,"column":0},"end":{"line":17,"column":46}},"7":{"start":{"line":18,"column":0},"end":{"line":18,"column":69}},"8":{"start":{"line":25,"column":0},"end":{"line":25,"column":40}},"9":{"start":{"line":26,"column":0},"end":{"line":26,"column":11}},"10":{"start":{"line":27,"column":0},"end":{"line":27,"column":20}},"11":{"start":{"line":28,"column":0},"end":{"line":28,"column":25}},"12":{"start":{"line":29,"column":0},"end":{"line":29,"column":40}},"13":{"start":{"line":30,"column":0},"end":{"line":30,"column":44}},"14":{"start":{"line":31,"column":0},"end":{"line":31,"column":20}},"15":{"start":{"line":32,"column":0},"end":{"line":32,"column":16}},"16":{"start":{"line":33,"column":0},"end":{"line":33,"column":19}},"17":{"start":{"line":34,"column":0},"end":{"line":34,"column":27}},"18":{"start":{"line":35,"column":0},"end":{"line":35,"column":6}},"19":{"start":{"line":36,"column":0},"end":{"line":36,"column":5}},"20":{"start":{"line":38,"column":0},"end":{"line":38,"column":50}},"21":{"start":{"line":39,"column":0},"end":{"line":39,"column":19}},"22":{"start":{"line":40,"column":0},"end":{"line":40,"column":4}},"23":{"start":{"line":42,"column":0},"end":{"line":42,"column":10}},"24":{"start":{"line":43,"column":0},"end":{"line":43,"column":20}},"25":{"start":{"line":44,"column":0},"end":{"line":44,"column":77}},"26":{"start":{"line":45,"column":0},"end":{"line":45,"column":35}},"27":{"start":{"line":47,"column":0},"end":{"line":47,"column":20}},"28":{"start":{"line":48,"column":0},"end":{"line":48,"column":34}},"29":{"start":{"line":49,"column":0},"end":{"line":49,"column":24}},"30":{"start":{"line":50,"column":0},"end":{"line":50,"column":36}},"31":{"start":{"line":51,"column":0},"end":{"line":51,"column":24}},"32":{"start":{"line":52,"column":0},"end":{"line":52,"column":73}},"33":{"start":{"line":54,"column":0},"end":{"line":54,"column":28}},"34":{"start":{"line":55,"column":0},"end":{"line":55,"column":29}},"35":{"start":{"line":56,"column":0},"end":{"line":56,"column":24}},"36":{"start":{"line":57,"column":0},"end":{"line":57,"column":30}},"37":{"start":{"line":58,"column":0},"end":{"line":58,"column":32}},"38":{"start":{"line":59,"column":0},"end":{"line":59,"column":41}},"39":{"start":{"line":60,"column":0},"end":{"line":60,"column":36}},"40":{"start":{"line":61,"column":0},"end":{"line":61,"column":20}},"41":{"start":{"line":62,"column":0},"end":{"line":62,"column":30}},"42":{"start":{"line":63,"column":0},"end":{"line":63,"column":31}},"43":{"start":{"line":64,"column":0},"end":{"line":64,"column":25}},"44":{"start":{"line":66,"column":0},"end":{"line":66,"column":12}},"45":{"start":{"line":69,"column":0},"end":{"line":69,"column":20}},"46":{"start":{"line":70,"column":0},"end":{"line":70,"column":34}},"47":{"start":{"line":71,"column":0},"end":{"line":71,"column":27}},"48":{"start":{"line":72,"column":0},"end":{"line":72,"column":36}},"49":{"start":{"line":73,"column":0},"end":{"line":73,"column":24}},"50":{"start":{"line":74,"column":0},"end":{"line":74,"column":73}},"51":{"start":{"line":76,"column":0},"end":{"line":76,"column":28}},"52":{"start":{"line":77,"column":0},"end":{"line":77,"column":29}},"53":{"start":{"line":78,"column":0},"end":{"line":78,"column":24}},"54":{"start":{"line":79,"column":0},"end":{"line":79,"column":30}},"55":{"start":{"line":80,"column":0},"end":{"line":80,"column":35}},"56":{"start":{"line":81,"column":0},"end":{"line":81,"column":39}},"57":{"start":{"line":82,"column":0},"end":{"line":82,"column":36}},"58":{"start":{"line":83,"column":0},"end":{"line":83,"column":20}},"59":{"start":{"line":84,"column":0},"end":{"line":84,"column":30}},"60":{"start":{"line":85,"column":0},"end":{"line":85,"column":31}},"61":{"start":{"line":86,"column":0},"end":{"line":86,"column":25}},"62":{"start":{"line":88,"column":0},"end":{"line":88,"column":12}},"63":{"start":{"line":89,"column":0},"end":{"line":89,"column":14}},"64":{"start":{"line":92,"column":0},"end":{"line":92,"column":18}},"65":{"start":{"line":93,"column":0},"end":{"line":93,"column":32}},"66":{"start":{"line":94,"column":0},"end":{"line":94,"column":30}},"67":{"start":{"line":95,"column":0},"end":{"line":95,"column":34}},"68":{"start":{"line":96,"column":0},"end":{"line":96,"column":80}},"69":{"start":{"line":97,"column":0},"end":{"line":97,"column":27}},"70":{"start":{"line":98,"column":0},"end":{"line":98,"column":25}},"71":{"start":{"line":99,"column":0},"end":{"line":99,"column":39}},"72":{"start":{"line":100,"column":0},"end":{"line":100,"column":50}},"73":{"start":{"line":101,"column":0},"end":{"line":101,"column":18}},"74":{"start":{"line":102,"column":0},"end":{"line":102,"column":28}},"75":{"start":{"line":103,"column":0},"end":{"line":103,"column":54}},"76":{"start":{"line":104,"column":0},"end":{"line":104,"column":61}},"77":{"start":{"line":106,"column":0},"end":{"line":106,"column":23}},"78":{"start":{"line":107,"column":0},"end":{"line":107,"column":33}},"79":{"start":{"line":108,"column":0},"end":{"line":108,"column":35}},"80":{"start":{"line":109,"column":0},"end":{"line":109,"column":45}},"81":{"start":{"line":110,"column":0},"end":{"line":110,"column":66}},"82":{"start":{"line":111,"column":0},"end":{"line":111,"column":19}},"83":{"start":{"line":113,"column":0},"end":{"line":113,"column":25}},"84":{"start":{"line":115,"column":0},"end":{"line":115,"column":23}},"85":{"start":{"line":116,"column":0},"end":{"line":116,"column":35}},"86":{"start":{"line":117,"column":0},"end":{"line":117,"column":35}},"87":{"start":{"line":118,"column":0},"end":{"line":118,"column":45}},"88":{"start":{"line":119,"column":0},"end":{"line":119,"column":66}},"89":{"start":{"line":120,"column":0},"end":{"line":120,"column":19}},"90":{"start":{"line":122,"column":0},"end":{"line":122,"column":25}},"91":{"start":{"line":123,"column":0},"end":{"line":123,"column":28}},"92":{"start":{"line":124,"column":0},"end":{"line":124,"column":31}},"93":{"start":{"line":125,"column":0},"end":{"line":125,"column":20}},"94":{"start":{"line":126,"column":0},"end":{"line":126,"column":23}},"95":{"start":{"line":128,"column":0},"end":{"line":128,"column":10}},"96":{"start":{"line":131,"column":0},"end":{"line":131,"column":15}},"97":{"start":{"line":132,"column":0},"end":{"line":132,"column":23}},"98":{"start":{"line":133,"column":0},"end":{"line":133,"column":74}},"99":{"start":{"line":134,"column":0},"end":{"line":134,"column":30}},"100":{"start":{"line":136,"column":0},"end":{"line":136,"column":39}},"101":{"start":{"line":137,"column":0},"end":{"line":137,"column":17}},"102":{"start":{"line":138,"column":0},"end":{"line":138,"column":13}},"103":{"start":{"line":139,"column":0},"end":{"line":139,"column":11}},"104":{"start":{"line":141,"column":0},"end":{"line":141,"column":1}},"105":{"start":{"line":10,"column":0},"end":{"line":10,"column":7}},"106":{"start":{"line":11,"column":0},"end":{"line":11,"column":14}},"107":{"start":{"line":12,"column":0},"end":{"line":12,"column":12}},"108":{"start":{"line":13,"column":0},"end":{"line":13,"column":11}},"109":{"start":{"line":14,"column":0},"end":{"line":14,"column":12}},"110":{"start":{"line":15,"column":0},"end":{"line":15,"column":14}},"111":{"start":{"line":16,"column":0},"end":{"line":16,"column":30}}},"s":{"0":2,"1":2,"2":2,"3":2,"4":2,"5":2,"6":2,"7":2,"8":16,"9":16,"10":16,"11":16,"12":16,"13":16,"14":16,"15":16,"16":16,"17":16,"18":16,"19":16,"20":16,"21":2,"22":2,"23":16,"24":16,"25":16,"26":16,"27":16,"28":16,"29":16,"30":16,"31":67,"32":67,"33":61,"34":67,"35":67,"36":67,"37":67,"38":67,"39":67,"40":61,"41":61,"42":67,"43":61,"44":10,"45":16,"46":16,"47":16,"48":16,"49":52,"50":52,"51":46,"52":52,"53":52,"54":52,"55":52,"56":52,"57":52,"58":46,"59":46,"60":52,"61":46,"62":10,"63":10,"64":16,"65":16,"66":16,"67":16,"68":19,"69":19,"70":19,"71":19,"72":19,"73":13,"74":13,"75":19,"76":19,"77":19,"78":19,"79":19,"80":19,"81":19,"82":19,"83":19,"84":19,"85":19,"86":19,"87":19,"88":19,"89":19,"90":13,"91":13,"92":19,"93":13,"94":13,"95":10,"96":16,"97":16,"98":16,"99":16,"100":16,"101":10,"102":10,"103":10,"104":16,"105":1,"106":1,"107":1,"108":1,"109":1,"110":1,"111":1},"branchMap":{"0":{"type":"branch","line":25,"loc":{"start":{"line":25,"column":0},"end":{"line":141,"column":1}},"locations":[{"start":{"line":25,"column":0},"end":{"line":141,"column":1}}]},"1":{"type":"branch","line":136,"loc":{"start":{"line":136,"column":11},"end":{"line":136,"column":34}},"locations":[{"start":{"line":136,"column":11},"end":{"line":136,"column":34}}]},"2":{"type":"branch","line":38,"loc":{"start":{"line":38,"column":23},"end":{"line":40,"column":4}},"locations":[{"start":{"line":38,"column":23},"end":{"line":40,"column":4}}]},"3":{"type":"branch","line":50,"loc":{"start":{"line":50,"column":20},"end":{"line":64,"column":25}},"locations":[{"start":{"line":50,"column":20},"end":{"line":64,"column":25}}]},"4":{"type":"branch","line":72,"loc":{"start":{"line":72,"column":20},"end":{"line":86,"column":25}},"locations":[{"start":{"line":72,"column":20},"end":{"line":86,"column":25}}]},"5":{"type":"branch","line":95,"loc":{"start":{"line":95,"column":18},"end":{"line":126,"column":23}},"locations":[{"start":{"line":95,"column":18},"end":{"line":126,"column":23}}]},"6":{"type":"branch","line":4,"loc":{"start":{"line":4,"column":17},"end":{"line":4,"column":29}},"locations":[{"start":{"line":4,"column":17},"end":{"line":4,"column":29}}]},"7":{"type":"branch","line":136,"loc":{"start":{"line":136,"column":23},"end":{"line":136,"column":39}},"locations":[{"start":{"line":136,"column":23},"end":{"line":136,"column":39}}]}},"b":{"0":[16],"1":[2],"2":[2],"3":[67],"4":[52],"5":[19],"6":[0],"7":[14]},"fnMap":{"0":{"name":"EmailLoginForm","decl":{"start":{"line":25,"column":0},"end":{"line":141,"column":1}},"loc":{"start":{"line":25,"column":0},"end":{"line":141,"column":1}},"line":25},"1":{"name":"handleSubmit","decl":{"start":{"line":38,"column":23},"end":{"line":40,"column":4}},"loc":{"start":{"line":38,"column":23},"end":{"line":40,"column":4}},"line":38},"2":{"name":"render","decl":{"start":{"line":50,"column":20},"end":{"line":64,"column":25}},"loc":{"start":{"line":50,"column":20},"end":{"line":64,"column":25}},"line":50},"3":{"name":"render","decl":{"start":{"line":72,"column":20},"end":{"line":86,"column":25}},"loc":{"start":{"line":72,"column":20},"end":{"line":86,"column":25}},"line":72},"4":{"name":"render","decl":{"start":{"line":95,"column":18},"end":{"line":126,"column":23}},"loc":{"start":{"line":95,"column":18},"end":{"line":126,"column":23}},"line":95}},"f":{"0":16,"1":2,"2":67,"3":52,"4":19}}
,"/home/runner/work/nomad/nomad/src/components/auth/forms/email-otp-login.tsx": {"path":"/home/runner/work/nomad/nomad/src/components/auth/forms/email-otp-login.tsx","all":false,"statementMap":{"0":{"start":{"line":3,"column":0},"end":{"line":3,"column":54}},"1":{"start":{"line":4,"column":0},"end":{"line":4,"column":29}},"2":{"start":{"line":5,"column":0},"end":{"line":5,"column":34}},"3":{"start":{"line":6,"column":0},"end":{"line":6,"column":42}},"4":{"start":{"line":8,"column":0},"end":{"line":8,"column":48}},"5":{"start":{"line":9,"column":0},"end":{"line":9,"column":52}},"6":{"start":{"line":10,"column":0},"end":{"line":10,"column":8}},"7":{"start":{"line":18,"column":0},"end":{"line":18,"column":46}},"8":{"start":{"line":19,"column":0},"end":{"line":19,"column":75}},"9":{"start":{"line":29,"column":0},"end":{"line":29,"column":43}},"10":{"start":{"line":30,"column":0},"end":{"line":30,"column":11}},"11":{"start":{"line":31,"column":0},"end":{"line":31,"column":20}},"12":{"start":{"line":32,"column":0},"end":{"line":32,"column":12}},"13":{"start":{"line":33,"column":0},"end":{"line":33,"column":16}},"14":{"start":{"line":34,"column":0},"end":{"line":34,"column":16}},"15":{"start":{"line":35,"column":0},"end":{"line":35,"column":28}},"16":{"start":{"line":36,"column":0},"end":{"line":36,"column":43}},"17":{"start":{"line":37,"column":0},"end":{"line":37,"column":47}},"18":{"start":{"line":38,"column":0},"end":{"line":38,"column":20}},"19":{"start":{"line":39,"column":0},"end":{"line":39,"column":16}},"20":{"start":{"line":40,"column":0},"end":{"line":40,"column":14}},"21":{"start":{"line":41,"column":0},"end":{"line":41,"column":27}},"22":{"start":{"line":42,"column":0},"end":{"line":42,"column":6}},"23":{"start":{"line":43,"column":0},"end":{"line":43,"column":5}},"24":{"start":{"line":46,"column":0},"end":{"line":46,"column":43}},"25":{"start":{"line":48,"column":0},"end":{"line":48,"column":19}},"26":{"start":{"line":49,"column":0},"end":{"line":49,"column":40}},"27":{"start":{"line":50,"column":0},"end":{"line":50,"column":34}},"28":{"start":{"line":51,"column":0},"end":{"line":51,"column":5}},"29":{"start":{"line":52,"column":0},"end":{"line":52,"column":36}},"30":{"start":{"line":54,"column":0},"end":{"line":54,"column":53}},"31":{"start":{"line":55,"column":0},"end":{"line":55,"column":19}},"32":{"start":{"line":56,"column":0},"end":{"line":56,"column":4}},"33":{"start":{"line":58,"column":0},"end":{"line":58,"column":31}},"34":{"start":{"line":59,"column":0},"end":{"line":59,"column":20}},"35":{"start":{"line":60,"column":0},"end":{"line":60,"column":18}},"36":{"start":{"line":61,"column":0},"end":{"line":61,"column":5}},"37":{"start":{"line":62,"column":0},"end":{"line":62,"column":4}},"38":{"start":{"line":64,"column":0},"end":{"line":64,"column":10}},"39":{"start":{"line":65,"column":0},"end":{"line":65,"column":20}},"40":{"start":{"line":66,"column":0},"end":{"line":66,"column":77}},"41":{"start":{"line":67,"column":0},"end":{"line":67,"column":35}},"42":{"start":{"line":69,"column":0},"end":{"line":69,"column":15}},"43":{"start":{"line":70,"column":0},"end":{"line":70,"column":80}},"44":{"start":{"line":72,"column":0},"end":{"line":72,"column":24}},"45":{"start":{"line":73,"column":0},"end":{"line":73,"column":22}},"46":{"start":{"line":74,"column":0},"end":{"line":74,"column":36}},"47":{"start":{"line":75,"column":0},"end":{"line":75,"column":26}},"48":{"start":{"line":76,"column":0},"end":{"line":76,"column":38}},"49":{"start":{"line":77,"column":0},"end":{"line":77,"column":26}},"50":{"start":{"line":78,"column":0},"end":{"line":78,"column":31}},"51":{"start":{"line":79,"column":0},"end":{"line":79,"column":26}},"52":{"start":{"line":80,"column":0},"end":{"line":80,"column":32}},"53":{"start":{"line":81,"column":0},"end":{"line":81,"column":34}},"54":{"start":{"line":82,"column":0},"end":{"line":82,"column":43}},"55":{"start":{"line":83,"column":0},"end":{"line":83,"column":38}},"56":{"start":{"line":84,"column":0},"end":{"line":84,"column":22}},"57":{"start":{"line":85,"column":0},"end":{"line":85,"column":32}},"58":{"start":{"line":86,"column":0},"end":{"line":86,"column":33}},"59":{"start":{"line":87,"column":0},"end":{"line":87,"column":27}},"60":{"start":{"line":89,"column":0},"end":{"line":89,"column":14}},"61":{"start":{"line":90,"column":0},"end":{"line":90,"column":16}},"62":{"start":{"line":93,"column":0},"end":{"line":93,"column":15}},"63":{"start":{"line":94,"column":0},"end":{"line":94,"column":80}},"64":{"start":{"line":96,"column":0},"end":{"line":96,"column":24}},"65":{"start":{"line":97,"column":0},"end":{"line":97,"column":40}},"66":{"start":{"line":99,"column":0},"end":{"line":99,"column":24}},"67":{"start":{"line":100,"column":0},"end":{"line":100,"column":38}},"68":{"start":{"line":101,"column":0},"end":{"line":101,"column":26}},"69":{"start":{"line":102,"column":0},"end":{"line":102,"column":40}},"70":{"start":{"line":103,"column":0},"end":{"line":103,"column":47}},"71":{"start":{"line":104,"column":0},"end":{"line":104,"column":33}},"72":{"start":{"line":105,"column":0},"end":{"line":105,"column":28}},"73":{"start":{"line":106,"column":0},"end":{"line":106,"column":34}},"74":{"start":{"line":107,"column":0},"end":{"line":107,"column":42}},"75":{"start":{"line":108,"column":0},"end":{"line":108,"column":40}},"76":{"start":{"line":109,"column":0},"end":{"line":109,"column":37}},"77":{"start":{"line":110,"column":0},"end":{"line":110,"column":24}},"78":{"start":{"line":111,"column":0},"end":{"line":111,"column":34}},"79":{"start":{"line":112,"column":0},"end":{"line":112,"column":35}},"80":{"start":{"line":113,"column":0},"end":{"line":113,"column":29}},"81":{"start":{"line":115,"column":0},"end":{"line":115,"column":16}},"82":{"start":{"line":118,"column":0},"end":{"line":118,"column":21}},"83":{"start":{"line":119,"column":0},"end":{"line":119,"column":29}},"84":{"start":{"line":120,"column":0},"end":{"line":120,"column":33}},"85":{"start":{"line":121,"column":0},"end":{"line":121,"column":84}},"86":{"start":{"line":122,"column":0},"end":{"line":122,"column":39}},"87":{"start":{"line":123,"column":0},"end":{"line":123,"column":53}},"88":{"start":{"line":125,"column":0},"end":{"line":125,"column":59}},"89":{"start":{"line":126,"column":0},"end":{"line":126,"column":23}},"90":{"start":{"line":127,"column":0},"end":{"line":127,"column":18}},"91":{"start":{"line":128,"column":0},"end":{"line":128,"column":16}},"92":{"start":{"line":129,"column":0},"end":{"line":129,"column":14}},"93":{"start":{"line":132,"column":0},"end":{"line":132,"column":18}},"94":{"start":{"line":133,"column":0},"end":{"line":133,"column":32}},"95":{"start":{"line":134,"column":0},"end":{"line":134,"column":30}},"96":{"start":{"line":135,"column":0},"end":{"line":135,"column":34}},"97":{"start":{"line":136,"column":0},"end":{"line":136,"column":80}},"98":{"start":{"line":137,"column":0},"end":{"line":137,"column":27}},"99":{"start":{"line":138,"column":0},"end":{"line":138,"column":25}},"100":{"start":{"line":139,"column":0},"end":{"line":139,"column":39}},"101":{"start":{"line":140,"column":0},"end":{"line":140,"column":50}},"102":{"start":{"line":141,"column":0},"end":{"line":141,"column":18}},"103":{"start":{"line":142,"column":0},"end":{"line":142,"column":28}},"104":{"start":{"line":143,"column":0},"end":{"line":143,"column":54}},"105":{"start":{"line":144,"column":0},"end":{"line":144,"column":61}},"106":{"start":{"line":146,"column":0},"end":{"line":146,"column":23}},"107":{"start":{"line":147,"column":0},"end":{"line":147,"column":33}},"108":{"start":{"line":148,"column":0},"end":{"line":148,"column":35}},"109":{"start":{"line":149,"column":0},"end":{"line":149,"column":45}},"110":{"start":{"line":150,"column":0},"end":{"line":150,"column":66}},"111":{"start":{"line":151,"column":0},"end":{"line":151,"column":19}},"112":{"start":{"line":153,"column":0},"end":{"line":153,"column":25}},"113":{"start":{"line":155,"column":0},"end":{"line":155,"column":23}},"114":{"start":{"line":156,"column":0},"end":{"line":156,"column":35}},"115":{"start":{"line":157,"column":0},"end":{"line":157,"column":35}},"116":{"start":{"line":158,"column":0},"end":{"line":158,"column":45}},"117":{"start":{"line":159,"column":0},"end":{"line":159,"column":66}},"118":{"start":{"line":160,"column":0},"end":{"line":160,"column":19}},"119":{"start":{"line":162,"column":0},"end":{"line":162,"column":25}},"120":{"start":{"line":163,"column":0},"end":{"line":163,"column":28}},"121":{"start":{"line":164,"column":0},"end":{"line":164,"column":31}},"122":{"start":{"line":165,"column":0},"end":{"line":165,"column":20}},"123":{"start":{"line":166,"column":0},"end":{"line":166,"column":23}},"124":{"start":{"line":168,"column":0},"end":{"line":168,"column":10}},"125":{"start":{"line":171,"column":0},"end":{"line":171,"column":15}},"126":{"start":{"line":172,"column":0},"end":{"line":172,"column":23}},"127":{"start":{"line":173,"column":0},"end":{"line":173,"column":74}},"128":{"start":{"line":174,"column":0},"end":{"line":174,"column":30}},"129":{"start":{"line":176,"column":0},"end":{"line":176,"column":39}},"130":{"start":{"line":177,"column":0},"end":{"line":177,"column":17}},"131":{"start":{"line":178,"column":0},"end":{"line":178,"column":13}},"132":{"start":{"line":179,"column":0},"end":{"line":179,"column":11}},"133":{"start":{"line":181,"column":0},"end":{"line":181,"column":1}},"134":{"start":{"line":11,"column":0},"end":{"line":11,"column":7}},"135":{"start":{"line":12,"column":0},"end":{"line":12,"column":14}},"136":{"start":{"line":13,"column":0},"end":{"line":13,"column":12}},"137":{"start":{"line":14,"column":0},"end":{"line":14,"column":11}},"138":{"start":{"line":15,"column":0},"end":{"line":15,"column":12}},"139":{"start":{"line":16,"column":0},"end":{"line":16,"column":14}},"140":{"start":{"line":17,"column":0},"end":{"line":17,"column":30}}},"s":{"0":2,"1":2,"2":2,"3":2,"4":2,"5":2,"6":2,"7":2,"8":2,"9":80,"10":80,"11":80,"12":80,"13":80,"14":80,"15":80,"16":80,"17":80,"18":80,"19":80,"20":80,"21":80,"22":80,"23":80,"24":80,"25":80,"26":72,"27":0,"28":0,"29":80,"30":80,"31":2,"32":2,"33":80,"34":2,"35":2,"36":2,"37":2,"38":80,"39":80,"40":80,"41":80,"42":80,"43":80,"44":58,"45":80,"46":80,"47":80,"48":80,"49":83,"50":83,"51":83,"52":83,"53":83,"54":83,"55":83,"56":61,"57":61,"58":83,"59":61,"60":58,"61":58,"62":80,"63":80,"64":58,"65":80,"66":80,"67":80,"68":80,"69":80,"70":98,"71":98,"72":98,"73":98,"74":98,"75":98,"76":98,"77":76,"78":76,"79":98,"80":76,"81":58,"82":80,"83":80,"84":80,"85":80,"86":80,"87":80,"88":80,"89":58,"90":58,"91":58,"92":58,"93":80,"94":80,"95":80,"96":80,"97":83,"98":83,"99":83,"100":83,"101":83,"102":61,"103":61,"104":83,"105":83,"106":83,"107":83,"108":83,"109":83,"110":83,"111":83,"112":83,"113":83,"114":83,"115":83,"116":83,"117":83,"118":83,"119":61,"120":61,"121":83,"122":61,"123":61,"124":58,"125":80,"126":80,"127":80,"128":80,"129":80,"130":58,"131":58,"132":58,"133":80,"134":1,"135":1,"136":1,"137":1,"138":1,"139":1,"140":1},"branchMap":{"0":{"type":"branch","line":29,"loc":{"start":{"line":29,"column":0},"end":{"line":181,"column":1}},"locations":[{"start":{"line":29,"column":0},"end":{"line":181,"column":1}}]},"1":{"type":"branch","line":123,"loc":{"start":{"line":123,"column":38},"end":{"line":123,"column":53}},"locations":[{"start":{"line":123,"column":38},"end":{"line":123,"column":53}}]},"2":{"type":"branch","line":125,"loc":{"start":{"line":125,"column":29},"end":{"line":125,"column":51}},"locations":[{"start":{"line":125,"column":29},"end":{"line":125,"column":51}}]},"3":{"type":"branch","line":125,"loc":{"start":{"line":125,"column":45},"end":{"line":125,"column":59}},"locations":[{"start":{"line":125,"column":45},"end":{"line":125,"column":59}}]},"4":{"type":"branch","line":176,"loc":{"start":{"line":176,"column":11},"end":{"line":176,"column":34}},"locations":[{"start":{"line":176,"column":11},"end":{"line":176,"column":34}}]},"5":{"type":"branch","line":48,"loc":{"start":{"line":48,"column":12},"end":{"line":52,"column":5}},"locations":[{"start":{"line":48,"column":12},"end":{"line":52,"column":5}}]},"6":{"type":"branch","line":49,"loc":{"start":{"line":49,"column":8},"end":{"line":49,"column":39}},"locations":[{"start":{"line":49,"column":8},"end":{"line":49,"column":39}}]},"7":{"type":"branch","line":49,"loc":{"start":{"line":49,"column":39},"end":{"line":51,"column":5}},"locations":[{"start":{"line":49,"column":39},"end":{"line":51,"column":5}}]},"8":{"type":"branch","line":54,"loc":{"start":{"line":54,"column":23},"end":{"line":56,"column":4}},"locations":[{"start":{"line":54,"column":23},"end":{"line":56,"column":4}}]},"9":{"type":"branch","line":58,"loc":{"start":{"line":58,"column":24},"end":{"line":62,"column":4}},"locations":[{"start":{"line":58,"column":24},"end":{"line":62,"column":4}}]},"10":{"type":"branch","line":76,"loc":{"start":{"line":76,"column":22},"end":{"line":87,"column":27}},"locations":[{"start":{"line":76,"column":22},"end":{"line":87,"column":27}}]},"11":{"type":"branch","line":102,"loc":{"start":{"line":102,"column":24},"end":{"line":113,"column":29}},"locations":[{"start":{"line":102,"column":24},"end":{"line":113,"column":29}}]},"12":{"type":"branch","line":135,"loc":{"start":{"line":135,"column":18},"end":{"line":166,"column":23}},"locations":[{"start":{"line":135,"column":18},"end":{"line":166,"column":23}}]},"13":{"type":"branch","line":4,"loc":{"start":{"line":4,"column":17},"end":{"line":4,"column":29}},"locations":[{"start":{"line":4,"column":17},"end":{"line":4,"column":29}}]}},"b":{"0":[80],"1":[76],"2":[4],"3":[76],"4":[0],"5":[72],"6":[0],"7":[0],"8":[2],"9":[2],"10":[83],"11":[98],"12":[83],"13":[0]},"fnMap":{"0":{"name":"EmailOtpLoginForm","decl":{"start":{"line":29,"column":0},"end":{"line":181,"column":1}},"loc":{"start":{"line":29,"column":0},"end":{"line":181,"column":1}},"line":29},"1":{"name":"handleSubmit","decl":{"start":{"line":54,"column":23},"end":{"line":56,"column":4}},"loc":{"start":{"line":54,"column":23},"end":{"line":56,"column":4}},"line":54},"2":{"name":"handleSendOtp","decl":{"start":{"line":58,"column":24},"end":{"line":62,"column":4}},"loc":{"start":{"line":58,"column":24},"end":{"line":62,"column":4}},"line":58},"3":{"name":"render","decl":{"start":{"line":76,"column":22},"end":{"line":87,"column":27}},"loc":{"start":{"line":76,"column":22},"end":{"line":87,"column":27}},"line":76},"4":{"name":"render","decl":{"start":{"line":102,"column":24},"end":{"line":113,"column":29}},"loc":{"start":{"line":102,"column":24},"end":{"line":113,"column":29}},"line":102},"5":{"name":"render","decl":{"start":{"line":135,"column":18},"end":{"line":166,"column":23}},"loc":{"start":{"line":135,"column":18},"end":{"line":166,"column":23}},"line":135}},"f":{"0":80,"1":2,"2":2,"3":83,"4":98,"5":83}}
,"/home/runner/work/nomad/nomad/src/components/auth/forms/email-verification.tsx": {"path":"/home/runner/work/nomad/nomad/src/components/auth/forms/email-verification.tsx","all":false,"statementMap":{"0":{"start":{"line":3,"column":0},"end":{"line":3,"column":54}},"1":{"start":{"line":4,"column":0},"end":{"line":4,"column":34}},"2":{"start":{"line":5,"column":0},"end":{"line":5,"column":42}},"3":{"start":{"line":7,"column":0},"end":{"line":7,"column":48}},"4":{"start":{"line":8,"column":0},"end":{"line":8,"column":52}},"5":{"start":{"line":9,"column":0},"end":{"line":9,"column":8}},"6":{"start":{"line":17,"column":0},"end":{"line":17,"column":46}},"7":{"start":{"line":18,"column":0},"end":{"line":18,"column":8}},"8":{"start":{"line":31,"column":0},"end":{"line":31,"column":47}},"9":{"start":{"line":32,"column":0},"end":{"line":32,"column":11}},"10":{"start":{"line":33,"column":0},"end":{"line":33,"column":20}},"11":{"start":{"line":34,"column":0},"end":{"line":34,"column":12}},"12":{"start":{"line":35,"column":0},"end":{"line":35,"column":16}},"13":{"start":{"line":36,"column":0},"end":{"line":36,"column":16}},"14":{"start":{"line":37,"column":0},"end":{"line":37,"column":32}},"15":{"start":{"line":38,"column":0},"end":{"line":38,"column":47}},"16":{"start":{"line":39,"column":0},"end":{"line":39,"column":51}},"17":{"start":{"line":40,"column":0},"end":{"line":40,"column":20}},"18":{"start":{"line":41,"column":0},"end":{"line":41,"column":16}},"19":{"start":{"line":42,"column":0},"end":{"line":42,"column":14}},"20":{"start":{"line":43,"column":0},"end":{"line":43,"column":27}},"21":{"start":{"line":44,"column":0},"end":{"line":44,"column":6}},"22":{"start":{"line":45,"column":0},"end":{"line":45,"column":5}},"23":{"start":{"line":48,"column":0},"end":{"line":48,"column":43}},"24":{"start":{"line":50,"column":0},"end":{"line":50,"column":19}},"25":{"start":{"line":51,"column":0},"end":{"line":51,"column":40}},"26":{"start":{"line":52,"column":0},"end":{"line":52,"column":34}},"27":{"start":{"line":53,"column":0},"end":{"line":53,"column":5}},"28":{"start":{"line":54,"column":0},"end":{"line":54,"column":36}},"29":{"start":{"line":56,"column":0},"end":{"line":56,"column":57}},"30":{"start":{"line":57,"column":0},"end":{"line":57,"column":19}},"31":{"start":{"line":58,"column":0},"end":{"line":58,"column":4}},"32":{"start":{"line":60,"column":0},"end":{"line":60,"column":31}},"33":{"start":{"line":61,"column":0},"end":{"line":61,"column":20}},"34":{"start":{"line":62,"column":0},"end":{"line":62,"column":18}},"35":{"start":{"line":63,"column":0},"end":{"line":63,"column":5}},"36":{"start":{"line":64,"column":0},"end":{"line":64,"column":4}},"37":{"start":{"line":66,"column":0},"end":{"line":66,"column":10}},"38":{"start":{"line":67,"column":0},"end":{"line":67,"column":20}},"39":{"start":{"line":68,"column":0},"end":{"line":68,"column":77}},"40":{"start":{"line":69,"column":0},"end":{"line":69,"column":35}},"41":{"start":{"line":71,"column":0},"end":{"line":71,"column":15}},"42":{"start":{"line":72,"column":0},"end":{"line":72,"column":80}},"43":{"start":{"line":74,"column":0},"end":{"line":74,"column":24}},"44":{"start":{"line":75,"column":0},"end":{"line":75,"column":22}},"45":{"start":{"line":76,"column":0},"end":{"line":76,"column":36}},"46":{"start":{"line":77,"column":0},"end":{"line":77,"column":26}},"47":{"start":{"line":78,"column":0},"end":{"line":78,"column":38}},"48":{"start":{"line":79,"column":0},"end":{"line":79,"column":26}},"49":{"start":{"line":80,"column":0},"end":{"line":80,"column":31}},"50":{"start":{"line":81,"column":0},"end":{"line":81,"column":26}},"51":{"start":{"line":82,"column":0},"end":{"line":82,"column":32}},"52":{"start":{"line":83,"column":0},"end":{"line":83,"column":34}},"53":{"start":{"line":84,"column":0},"end":{"line":84,"column":43}},"54":{"start":{"line":85,"column":0},"end":{"line":85,"column":38}},"55":{"start":{"line":86,"column":0},"end":{"line":86,"column":22}},"56":{"start":{"line":87,"column":0},"end":{"line":87,"column":32}},"57":{"start":{"line":88,"column":0},"end":{"line":88,"column":33}},"58":{"start":{"line":89,"column":0},"end":{"line":89,"column":27}},"59":{"start":{"line":91,"column":0},"end":{"line":91,"column":14}},"60":{"start":{"line":92,"column":0},"end":{"line":92,"column":16}},"61":{"start":{"line":95,"column":0},"end":{"line":95,"column":15}},"62":{"start":{"line":96,"column":0},"end":{"line":96,"column":80}},"63":{"start":{"line":98,"column":0},"end":{"line":98,"column":24}},"64":{"start":{"line":99,"column":0},"end":{"line":99,"column":40}},"65":{"start":{"line":101,"column":0},"end":{"line":101,"column":24}},"66":{"start":{"line":102,"column":0},"end":{"line":102,"column":38}},"67":{"start":{"line":103,"column":0},"end":{"line":103,"column":26}},"68":{"start":{"line":104,"column":0},"end":{"line":104,"column":40}},"69":{"start":{"line":105,"column":0},"end":{"line":105,"column":47}},"70":{"start":{"line":106,"column":0},"end":{"line":106,"column":33}},"71":{"start":{"line":107,"column":0},"end":{"line":107,"column":28}},"72":{"start":{"line":108,"column":0},"end":{"line":108,"column":34}},"73":{"start":{"line":109,"column":0},"end":{"line":109,"column":42}},"74":{"start":{"line":110,"column":0},"end":{"line":110,"column":40}},"75":{"start":{"line":111,"column":0},"end":{"line":111,"column":37}},"76":{"start":{"line":112,"column":0},"end":{"line":112,"column":24}},"77":{"start":{"line":113,"column":0},"end":{"line":113,"column":34}},"78":{"start":{"line":114,"column":0},"end":{"line":114,"column":35}},"79":{"start":{"line":115,"column":0},"end":{"line":115,"column":29}},"80":{"start":{"line":117,"column":0},"end":{"line":117,"column":16}},"81":{"start":{"line":120,"column":0},"end":{"line":120,"column":21}},"82":{"start":{"line":121,"column":0},"end":{"line":121,"column":29}},"83":{"start":{"line":122,"column":0},"end":{"line":122,"column":33}},"84":{"start":{"line":123,"column":0},"end":{"line":123,"column":84}},"85":{"start":{"line":124,"column":0},"end":{"line":124,"column":39}},"86":{"start":{"line":125,"column":0},"end":{"line":125,"column":53}},"87":{"start":{"line":127,"column":0},"end":{"line":127,"column":59}},"88":{"start":{"line":128,"column":0},"end":{"line":128,"column":23}},"89":{"start":{"line":129,"column":0},"end":{"line":129,"column":18}},"90":{"start":{"line":130,"column":0},"end":{"line":130,"column":16}},"91":{"start":{"line":133,"column":0},"end":{"line":133,"column":20}},"92":{"start":{"line":134,"column":0},"end":{"line":134,"column":34}},"93":{"start":{"line":135,"column":0},"end":{"line":135,"column":32}},"94":{"start":{"line":136,"column":0},"end":{"line":136,"column":36}},"95":{"start":{"line":137,"column":0},"end":{"line":137,"column":82}},"96":{"start":{"line":138,"column":0},"end":{"line":138,"column":29}},"97":{"start":{"line":139,"column":0},"end":{"line":139,"column":27}},"98":{"start":{"line":140,"column":0},"end":{"line":140,"column":41}},"99":{"start":{"line":141,"column":0},"end":{"line":141,"column":52}},"100":{"start":{"line":142,"column":0},"end":{"line":142,"column":20}},"101":{"start":{"line":143,"column":0},"end":{"line":143,"column":30}},"102":{"start":{"line":144,"column":0},"end":{"line":144,"column":56}},"103":{"start":{"line":145,"column":0},"end":{"line":145,"column":63}},"104":{"start":{"line":147,"column":0},"end":{"line":147,"column":27}},"105":{"start":{"line":148,"column":0},"end":{"line":148,"column":35}},"106":{"start":{"line":149,"column":0},"end":{"line":149,"column":77}},"107":{"start":{"line":150,"column":0},"end":{"line":150,"column":21}},"108":{"start":{"line":152,"column":0},"end":{"line":152,"column":29}},"109":{"start":{"line":154,"column":0},"end":{"line":154,"column":27}},"110":{"start":{"line":155,"column":0},"end":{"line":155,"column":35}},"111":{"start":{"line":156,"column":0},"end":{"line":156,"column":77}},"112":{"start":{"line":157,"column":0},"end":{"line":157,"column":21}},"113":{"start":{"line":159,"column":0},"end":{"line":159,"column":29}},"114":{"start":{"line":161,"column":0},"end":{"line":161,"column":30}},"115":{"start":{"line":162,"column":0},"end":{"line":162,"column":33}},"116":{"start":{"line":163,"column":0},"end":{"line":163,"column":22}},"117":{"start":{"line":164,"column":0},"end":{"line":164,"column":25}},"118":{"start":{"line":166,"column":0},"end":{"line":166,"column":12}},"119":{"start":{"line":167,"column":0},"end":{"line":167,"column":14}},"120":{"start":{"line":170,"column":0},"end":{"line":170,"column":15}},"121":{"start":{"line":171,"column":0},"end":{"line":171,"column":23}},"122":{"start":{"line":172,"column":0},"end":{"line":172,"column":90}},"123":{"start":{"line":173,"column":0},"end":{"line":173,"column":30}},"124":{"start":{"line":175,"column":0},"end":{"line":175,"column":45}},"125":{"start":{"line":176,"column":0},"end":{"line":176,"column":17}},"126":{"start":{"line":179,"column":0},"end":{"line":179,"column":37}},"127":{"start":{"line":180,"column":0},"end":{"line":180,"column":17}},"128":{"start":{"line":181,"column":0},"end":{"line":181,"column":25}},"129":{"start":{"line":182,"column":0},"end":{"line":182,"column":75}},"130":{"start":{"line":183,"column":0},"end":{"line":183,"column":11}},"131":{"start":{"line":185,"column":0},"end":{"line":185,"column":19}},"132":{"start":{"line":186,"column":0},"end":{"line":186,"column":14}},"133":{"start":{"line":187,"column":0},"end":{"line":187,"column":13}},"134":{"start":{"line":188,"column":0},"end":{"line":188,"column":11}},"135":{"start":{"line":190,"column":0},"end":{"line":190,"column":1}},"136":{"start":{"line":10,"column":0},"end":{"line":10,"column":7}},"137":{"start":{"line":11,"column":0},"end":{"line":11,"column":14}},"138":{"start":{"line":12,"column":0},"end":{"line":12,"column":12}},"139":{"start":{"line":13,"column":0},"end":{"line":13,"column":11}},"140":{"start":{"line":14,"column":0},"end":{"line":14,"column":12}},"141":{"start":{"line":15,"column":0},"end":{"line":15,"column":14}},"142":{"start":{"line":16,"column":0},"end":{"line":16,"column":30}},"143":{"start":{"line":20,"column":0},"end":{"line":20,"column":26}},"144":{"start":{"line":21,"column":0},"end":{"line":21,"column":22}}},"s":{"0":2,"1":2,"2":2,"3":2,"4":2,"5":2,"6":2,"7":2,"8":78,"9":78,"10":78,"11":78,"12":78,"13":78,"14":78,"15":78,"16":78,"17":78,"18":78,"19":78,"20":78,"21":78,"22":78,"23":78,"24":78,"25":71,"26":0,"27":0,"28":78,"29":78,"30":2,"31":2,"32":78,"33":2,"34":2,"35":2,"36":2,"37":78,"38":78,"39":78,"40":78,"41":78,"42":78,"43":56,"44":78,"45":78,"46":78,"47":78,"48":81,"49":81,"50":81,"51":81,"52":81,"53":81,"54":81,"55":59,"56":59,"57":81,"58":59,"59":56,"60":56,"61":78,"62":78,"63":56,"64":78,"65":78,"66":78,"67":78,"68":78,"69":96,"70":96,"71":96,"72":96,"73":96,"74":96,"75":96,"76":74,"77":74,"78":96,"79":74,"80":56,"81":78,"82":78,"83":78,"84":78,"85":78,"86":78,"87":78,"88":56,"89":56,"90":56,"91":78,"92":78,"93":78,"94":78,"95":81,"96":81,"97":81,"98":81,"99":81,"100":59,"101":59,"102":81,"103":81,"104":81,"105":81,"106":81,"107":81,"108":81,"109":81,"110":81,"111":81,"112":81,"113":81,"114":59,"115":81,"116":59,"117":59,"118":56,"119":56,"120":78,"121":78,"122":78,"123":78,"124":78,"125":56,"126":78,"127":78,"128":78,"129":78,"130":78,"131":56,"132":56,"133":56,"134":56,"135":78,"136":1,"137":1,"138":1,"139":1,"140":1,"141":1,"142":1,"143":1,"144":1},"branchMap":{"0":{"type":"branch","line":31,"loc":{"start":{"line":31,"column":0},"end":{"line":190,"column":1}},"locations":[{"start":{"line":31,"column":0},"end":{"line":190,"column":1}}]},"1":{"type":"branch","line":127,"loc":{"start":{"line":127,"column":29},"end":{"line":127,"column":51}},"locations":[{"start":{"line":127,"column":29},"end":{"line":127,"column":51}}]},"2":{"type":"branch","line":175,"loc":{"start":{"line":175,"column":11},"end":{"line":175,"column":34}},"locations":[{"start":{"line":175,"column":11},"end":{"line":175,"column":34}}]},"3":{"type":"branch","line":50,"loc":{"start":{"line":50,"column":12},"end":{"line":54,"column":5}},"locations":[{"start":{"line":50,"column":12},"end":{"line":54,"column":5}}]},"4":{"type":"branch","line":51,"loc":{"start":{"line":51,"column":8},"end":{"line":51,"column":39}},"locations":[{"start":{"line":51,"column":8},"end":{"line":51,"column":39}}]},"5":{"type":"branch","line":51,"loc":{"start":{"line":51,"column":39},"end":{"line":53,"column":5}},"locations":[{"start":{"line":51,"column":39},"end":{"line":53,"column":5}}]},"6":{"type":"branch","line":56,"loc":{"start":{"line":56,"column":23},"end":{"line":58,"column":4}},"locations":[{"start":{"line":56,"column":23},"end":{"line":58,"column":4}}]},"7":{"type":"branch","line":60,"loc":{"start":{"line":60,"column":24},"end":{"line":64,"column":4}},"locations":[{"start":{"line":60,"column":24},"end":{"line":64,"column":4}}]},"8":{"type":"branch","line":78,"loc":{"start":{"line":78,"column":22},"end":{"line":89,"column":27}},"locations":[{"start":{"line":78,"column":22},"end":{"line":89,"column":27}}]},"9":{"type":"branch","line":104,"loc":{"start":{"line":104,"column":24},"end":{"line":115,"column":29}},"locations":[{"start":{"line":104,"column":24},"end":{"line":115,"column":29}}]},"10":{"type":"branch","line":136,"loc":{"start":{"line":136,"column":20},"end":{"line":164,"column":25}},"locations":[{"start":{"line":136,"column":20},"end":{"line":164,"column":25}}]},"11":{"type":"branch","line":125,"loc":{"start":{"line":125,"column":38},"end":{"line":125,"column":53}},"locations":[{"start":{"line":125,"column":38},"end":{"line":125,"column":53}}]},"12":{"type":"branch","line":127,"loc":{"start":{"line":127,"column":45},"end":{"line":127,"column":59}},"locations":[{"start":{"line":127,"column":45},"end":{"line":127,"column":59}}]}},"b":{"0":[78],"1":[2],"2":[0],"3":[71],"4":[0],"5":[0],"6":[2],"7":[2],"8":[81],"9":[96],"10":[81],"11":[76],"12":[76]},"fnMap":{"0":{"name":"EmailVerificationForm","decl":{"start":{"line":31,"column":0},"end":{"line":190,"column":1}},"loc":{"start":{"line":31,"column":0},"end":{"line":190,"column":1}},"line":31},"1":{"name":"handleSubmit","decl":{"start":{"line":56,"column":23},"end":{"line":58,"column":4}},"loc":{"start":{"line":56,"column":23},"end":{"line":58,"column":4}},"line":56},"2":{"name":"handleSendOtp","decl":{"start":{"line":60,"column":24},"end":{"line":64,"column":4}},"loc":{"start":{"line":60,"column":24},"end":{"line":64,"column":4}},"line":60},"3":{"name":"render","decl":{"start":{"line":78,"column":22},"end":{"line":89,"column":27}},"loc":{"start":{"line":78,"column":22},"end":{"line":89,"column":27}},"line":78},"4":{"name":"render","decl":{"start":{"line":104,"column":24},"end":{"line":115,"column":29}},"loc":{"start":{"line":104,"column":24},"end":{"line":115,"column":29}},"line":104},"5":{"name":"render","decl":{"start":{"line":136,"column":20},"end":{"line":164,"column":25}},"loc":{"start":{"line":136,"column":20},"end":{"line":164,"column":25}},"line":136}},"f":{"0":78,"1":2,"2":2,"3":81,"4":96,"5":81}}
,"/home/runner/work/nomad/nomad/src/components/auth/forms/password-setup.tsx": {"path":"/home/runner/work/nomad/nomad/src/components/auth/forms/password-setup.tsx","all":false,"statementMap":{"0":{"start":{"line":3,"column":0},"end":{"line":3,"column":54}},"1":{"start":{"line":4,"column":0},"end":{"line":4,"column":53}},"2":{"start":{"line":5,"column":0},"end":{"line":5,"column":33}},"3":{"start":{"line":6,"column":0},"end":{"line":6,"column":42}},"4":{"start":{"line":7,"column":0},"end":{"line":7,"column":28}},"5":{"start":{"line":9,"column":0},"end":{"line":9,"column":48}},"6":{"start":{"line":10,"column":0},"end":{"line":10,"column":8}},"7":{"start":{"line":18,"column":0},"end":{"line":18,"column":46}},"8":{"start":{"line":19,"column":0},"end":{"line":19,"column":75}},"9":{"start":{"line":38,"column":0},"end":{"line":38,"column":43}},"10":{"start":{"line":39,"column":0},"end":{"line":39,"column":11}},"11":{"start":{"line":40,"column":0},"end":{"line":40,"column":20}},"12":{"start":{"line":41,"column":0},"end":{"line":41,"column":19}},"13":{"start":{"line":42,"column":0},"end":{"line":42,"column":28}},"14":{"start":{"line":44,"column":0},"end":{"line":44,"column":43}},"15":{"start":{"line":45,"column":0},"end":{"line":45,"column":47}},"16":{"start":{"line":46,"column":0},"end":{"line":46,"column":20}},"17":{"start":{"line":47,"column":0},"end":{"line":47,"column":19}},"18":{"start":{"line":48,"column":0},"end":{"line":48,"column":26}},"19":{"start":{"line":49,"column":0},"end":{"line":49,"column":6}},"20":{"start":{"line":50,"column":0},"end":{"line":50,"column":5}},"21":{"start":{"line":52,"column":0},"end":{"line":52,"column":73}},"22":{"start":{"line":54,"column":0},"end":{"line":54,"column":58}},"23":{"start":{"line":55,"column":0},"end":{"line":55,"column":72}},"24":{"start":{"line":58,"column":0},"end":{"line":58,"column":53}},"25":{"start":{"line":59,"column":0},"end":{"line":59,"column":19}},"26":{"start":{"line":60,"column":0},"end":{"line":60,"column":4}},"27":{"start":{"line":63,"column":0},"end":{"line":63,"column":42}},"28":{"start":{"line":66,"column":0},"end":{"line":66,"column":34}},"29":{"start":{"line":67,"column":0},"end":{"line":67,"column":37}},"30":{"start":{"line":71,"column":0},"end":{"line":71,"column":24}},"31":{"start":{"line":72,"column":0},"end":{"line":72,"column":5}},"32":{"start":{"line":73,"column":0},"end":{"line":73,"column":42}},"33":{"start":{"line":74,"column":0},"end":{"line":74,"column":57}},"34":{"start":{"line":75,"column":0},"end":{"line":75,"column":6}},"35":{"start":{"line":76,"column":0},"end":{"line":76,"column":5}},"36":{"start":{"line":77,"column":0},"end":{"line":77,"column":68}},"37":{"start":{"line":78,"column":0},"end":{"line":78,"column":34}},"38":{"start":{"line":79,"column":0},"end":{"line":79,"column":6}},"39":{"start":{"line":80,"column":0},"end":{"line":80,"column":5}},"40":{"start":{"line":81,"column":0},"end":{"line":81,"column":68}},"41":{"start":{"line":82,"column":0},"end":{"line":82,"column":34}},"42":{"start":{"line":83,"column":0},"end":{"line":83,"column":6}},"43":{"start":{"line":84,"column":0},"end":{"line":84,"column":5}},"44":{"start":{"line":85,"column":0},"end":{"line":85,"column":71}},"45":{"start":{"line":86,"column":0},"end":{"line":86,"column":34}},"46":{"start":{"line":87,"column":0},"end":{"line":87,"column":21}},"47":{"start":{"line":88,"column":0},"end":{"line":88,"column":6}},"48":{"start":{"line":89,"column":0},"end":{"line":89,"column":5}},"49":{"start":{"line":90,"column":0},"end":{"line":90,"column":95}},"50":{"start":{"line":91,"column":0},"end":{"line":91,"column":66}},"51":{"start":{"line":92,"column":0},"end":{"line":92,"column":21}},"52":{"start":{"line":93,"column":0},"end":{"line":93,"column":6}},"53":{"start":{"line":94,"column":0},"end":{"line":94,"column":4}},"54":{"start":{"line":96,"column":0},"end":{"line":96,"column":10}},"55":{"start":{"line":97,"column":0},"end":{"line":97,"column":20}},"56":{"start":{"line":98,"column":0},"end":{"line":98,"column":77}},"57":{"start":{"line":100,"column":0},"end":{"line":100,"column":30}},"58":{"start":{"line":101,"column":0},"end":{"line":101,"column":76}},"59":{"start":{"line":102,"column":0},"end":{"line":102,"column":49}},"60":{"start":{"line":103,"column":0},"end":{"line":103,"column":56}},"61":{"start":{"line":104,"column":0},"end":{"line":104,"column":67}},"62":{"start":{"line":105,"column":0},"end":{"line":105,"column":16}},"63":{"start":{"line":106,"column":0},"end":{"line":106,"column":16}},"64":{"start":{"line":109,"column":0},"end":{"line":109,"column":35}},"65":{"start":{"line":111,"column":0},"end":{"line":111,"column":20}},"66":{"start":{"line":112,"column":0},"end":{"line":112,"column":34}},"67":{"start":{"line":113,"column":0},"end":{"line":113,"column":27}},"68":{"start":{"line":114,"column":0},"end":{"line":114,"column":36}},"69":{"start":{"line":115,"column":0},"end":{"line":115,"column":24}},"70":{"start":{"line":116,"column":0},"end":{"line":116,"column":73}},"71":{"start":{"line":118,"column":0},"end":{"line":118,"column":28}},"72":{"start":{"line":119,"column":0},"end":{"line":119,"column":42}},"73":{"start":{"line":120,"column":0},"end":{"line":120,"column":31}},"74":{"start":{"line":121,"column":0},"end":{"line":121,"column":26}},"75":{"start":{"line":122,"column":0},"end":{"line":122,"column":32}},"76":{"start":{"line":123,"column":0},"end":{"line":123,"column":63}},"77":{"start":{"line":124,"column":0},"end":{"line":124,"column":66}},"78":{"start":{"line":125,"column":0},"end":{"line":125,"column":44}},"79":{"start":{"line":126,"column":0},"end":{"line":126,"column":22}},"80":{"start":{"line":127,"column":0},"end":{"line":127,"column":32}},"81":{"start":{"line":128,"column":0},"end":{"line":128,"column":25}},"82":{"start":{"line":129,"column":0},"end":{"line":129,"column":33}},"83":{"start":{"line":130,"column":0},"end":{"line":130,"column":107}},"84":{"start":{"line":131,"column":0},"end":{"line":131,"column":35}},"85":{"start":{"line":132,"column":0},"end":{"line":132,"column":41}},"86":{"start":{"line":133,"column":0},"end":{"line":133,"column":53}},"87":{"start":{"line":134,"column":0},"end":{"line":134,"column":22}},"88":{"start":{"line":135,"column":0},"end":{"line":135,"column":63}},"89":{"start":{"line":137,"column":0},"end":{"line":137,"column":37}},"90":{"start":{"line":138,"column":0},"end":{"line":138,"column":66}},"91":{"start":{"line":140,"column":0},"end":{"line":140,"column":63}},"92":{"start":{"line":142,"column":0},"end":{"line":142,"column":27}},"93":{"start":{"line":143,"column":0},"end":{"line":143,"column":22}},"94":{"start":{"line":144,"column":0},"end":{"line":144,"column":31}},"95":{"start":{"line":145,"column":0},"end":{"line":145,"column":25}},"96":{"start":{"line":147,"column":0},"end":{"line":147,"column":12}},"97":{"start":{"line":150,"column":0},"end":{"line":150,"column":20}},"98":{"start":{"line":151,"column":0},"end":{"line":151,"column":34}},"99":{"start":{"line":152,"column":0},"end":{"line":152,"column":34}},"100":{"start":{"line":153,"column":0},"end":{"line":153,"column":36}},"101":{"start":{"line":154,"column":0},"end":{"line":154,"column":24}},"102":{"start":{"line":155,"column":0},"end":{"line":155,"column":73}},"103":{"start":{"line":157,"column":0},"end":{"line":157,"column":28}},"104":{"start":{"line":158,"column":0},"end":{"line":158,"column":42}},"105":{"start":{"line":159,"column":0},"end":{"line":159,"column":31}},"106":{"start":{"line":160,"column":0},"end":{"line":160,"column":26}},"107":{"start":{"line":161,"column":0},"end":{"line":161,"column":32}},"108":{"start":{"line":162,"column":0},"end":{"line":162,"column":70}},"109":{"start":{"line":163,"column":0},"end":{"line":163,"column":74}},"110":{"start":{"line":164,"column":0},"end":{"line":164,"column":44}},"111":{"start":{"line":165,"column":0},"end":{"line":165,"column":22}},"112":{"start":{"line":166,"column":0},"end":{"line":166,"column":32}},"113":{"start":{"line":167,"column":0},"end":{"line":167,"column":25}},"114":{"start":{"line":168,"column":0},"end":{"line":168,"column":33}},"115":{"start":{"line":169,"column":0},"end":{"line":169,"column":107}},"116":{"start":{"line":170,"column":0},"end":{"line":170,"column":35}},"117":{"start":{"line":171,"column":0},"end":{"line":171,"column":41}},"118":{"start":{"line":172,"column":0},"end":{"line":172,"column":67}},"119":{"start":{"line":173,"column":0},"end":{"line":173,"column":22}},"120":{"start":{"line":174,"column":0},"end":{"line":174,"column":70}},"121":{"start":{"line":176,"column":0},"end":{"line":176,"column":44}},"122":{"start":{"line":177,"column":0},"end":{"line":177,"column":66}},"123":{"start":{"line":179,"column":0},"end":{"line":179,"column":63}},"124":{"start":{"line":181,"column":0},"end":{"line":181,"column":27}},"125":{"start":{"line":182,"column":0},"end":{"line":182,"column":22}},"126":{"start":{"line":183,"column":0},"end":{"line":183,"column":31}},"127":{"start":{"line":184,"column":0},"end":{"line":184,"column":25}},"128":{"start":{"line":186,"column":0},"end":{"line":186,"column":12}},"129":{"start":{"line":189,"column":0},"end":{"line":189,"column":45}},"130":{"start":{"line":190,"column":0},"end":{"line":190,"column":53}},"131":{"start":{"line":192,"column":0},"end":{"line":192,"column":16}},"132":{"start":{"line":193,"column":0},"end":{"line":193,"column":38}},
[...]
"line":56,"column":0},"end":{"line":56,"column":40}},"18":{"start":{"line":57,"column":0},"end":{"line":57,"column":39}},"19":{"start":{"line":58,"column":0},"end":{"line":58,"column":1}},"20":{"start":{"line":72,"column":0},"end":{"line":72,"column":48}},"21":{"start":{"line":73,"column":0},"end":{"line":73,"column":61}},"22":{"start":{"line":74,"column":0},"end":{"line":74,"column":1}},"23":{"start":{"line":90,"column":0},"end":{"line":90,"column":33}},"24":{"start":{"line":91,"column":0},"end":{"line":91,"column":30}},"25":{"start":{"line":92,"column":0},"end":{"line":92,"column":26}},"26":{"start":{"line":93,"column":0},"end":{"line":93,"column":11}},"27":{"start":{"line":94,"column":0},"end":{"line":94,"column":29}},"28":{"start":{"line":95,"column":0},"end":{"line":95,"column":44}},"29":{"start":{"line":96,"column":0},"end":{"line":96,"column":42}},"30":{"start":{"line":97,"column":0},"end":{"line":97,"column":1}},"31":{"start":{"line":111,"column":0},"end":{"line":111,"column":56}},"32":{"start":{"line":114,"column":0},"end":{"line":114,"column":3}},"33":{"start":{"line":116,"column":0},"end":{"line":116,"column":28}},"34":{"start":{"line":117,"column":0},"end":{"line":117,"column":54}},"35":{"start":{"line":120,"column":0},"end":{"line":120,"column":57}},"36":{"start":{"line":123,"column":0},"end":{"line":123,"column":64}},"37":{"start":{"line":126,"column":0},"end":{"line":126,"column":40}},"38":{"start":{"line":128,"column":0},"end":{"line":128,"column":30}},"39":{"start":{"line":129,"column":0},"end":{"line":129,"column":1}},"40":{"start":{"line":172,"column":0},"end":{"line":172,"column":46}},"41":{"start":{"line":173,"column":0},"end":{"line":173,"column":21}},"42":{"start":{"line":174,"column":0},"end":{"line":174,"column":16}},"43":{"start":{"line":175,"column":0},"end":{"line":175,"column":15}},"44":{"start":{"line":176,"column":0},"end":{"line":176,"column":25}},"45":{"start":{"line":177,"column":0},"end":{"line":177,"column":24}},"46":{"start":{"line":178,"column":0},"end":{"line":178,"column":24}},"47":{"start":{"line":179,"column":0},"end":{"line":179,"column":23}},"48":{"start":{"line":182,"column":0},"end":{"line":182,"column":58}},"49":{"start":{"line":183,"column":0},"end":{"line":183,"column":29}},"50":{"start":{"line":184,"column":0},"end":{"line":184,"column":76}},"51":{"start":{"line":185,"column":0},"end":{"line":185,"column":6}},"52":{"start":{"line":186,"column":0},"end":{"line":186,"column":19}},"53":{"start":{"line":187,"column":0},"end":{"line":187,"column":4}},"54":{"start":{"line":190,"column":0},"end":{"line":190,"column":68}},"55":{"start":{"line":191,"column":0},"end":{"line":191,"column":58}},"56":{"start":{"line":192,"column":0},"end":{"line":192,"column":58}},"57":{"start":{"line":195,"column":0},"end":{"line":195,"column":63}},"58":{"start":{"line":196,"column":0},"end":{"line":196,"column":59}},"59":{"start":{"line":199,"column":0},"end":{"line":199,"column":52}},"60":{"start":{"line":200,"column":0},"end":{"line":200,"column":48}},"61":{"start":{"line":203,"column":0},"end":{"line":203,"column":21}},"62":{"start":{"line":204,"column":0},"end":{"line":204,"column":15}},"63":{"start":{"line":205,"column":0},"end":{"line":205,"column":73}},"64":{"start":{"line":206,"column":0},"end":{"line":206,"column":10}},"65":{"start":{"line":209,"column":0},"end":{"line":209,"column":34}},"66":{"start":{"line":210,"column":0},"end":{"line":210,"column":46}},"67":{"start":{"line":213,"column":0},"end":{"line":213,"column":57}},"68":{"start":{"line":214,"column":0},"end":{"line":214,"column":53}},"69":{"start":{"line":215,"column":0},"end":{"line":215,"column":50}},"70":{"start":{"line":216,"column":0},"end":{"line":216,"column":5}},"71":{"start":{"line":218,"column":0},"end":{"line":218,"column":64}},"72":{"start":{"line":219,"column":0},"end":{"line":219,"column":48}},"73":{"start":{"line":220,"column":0},"end":{"line":220,"column":46}},"74":{"start":{"line":221,"column":0},"end":{"line":221,"column":5}},"75":{"start":{"line":222,"column":0},"end":{"line":222,"column":3}},"76":{"start":{"line":225,"column":0},"end":{"line":225,"column":27}},"77":{"start":{"line":226,"column":0},"end":{"line":226,"column":31}},"78":{"start":{"line":227,"column":0},"end":{"line":227,"column":35}},"79":{"start":{"line":228,"column":0},"end":{"line":228,"column":28}},"80":{"start":{"line":229,"column":0},"end":{"line":229,"column":42}},"81":{"start":{"line":230,"column":0},"end":{"line":230,"column":3}},"82":{"start":{"line":232,"column":0},"end":{"line":232,"column":10}},"83":{"start":{"line":233,"column":0},"end":{"line":233,"column":26}},"84":{"start":{"line":234,"column":0},"end":{"line":234,"column":22}},"85":{"start":{"line":235,"column":0},"end":{"line":235,"column":10}},"86":{"start":{"line":236,"column":0},"end":{"line":236,"column":4}},"87":{"start":{"line":237,"column":0},"end":{"line":237,"column":1}}},"s":{"0":2,"1":2,"2":2,"3":2,"4":2,"5":2,"6":2,"7":2,"8":2,"9":2,"10":1,"11":2,"12":17,"13":17,"14":2,"15":7,"16":7,"17":7,"18":7,"19":7,"20":2,"21":0,"22":0,"23":2,"24":12,"25":12,"26":12,"27":12,"28":11,"29":0,"30":0,"31":2,"32":0,"33":0,"34":0,"35":0,"36":0,"37":0,"38":0,"39":0,"40":2,"41":0,"42":0,"43":0,"44":0,"45":0,"46":0,"47":0,"48":0,"49":0,"50":0,"51":0,"52":0,"53":0,"54":0,"55":0,"56":0,"57":0,"58":0,"59":0,"60":0,"61":0,"62":0,"63":0,"64":0,"65":0,"66":0,"67":0,"68":0,"69":0,"70":0,"71":0,"72":0,"73":0,"74":0,"75":0,"76":0,"77":0,"78":0,"79":0,"80":0,"81":0,"82":0,"83":0,"84":0,"85":0,"86":0,"87":0},"branchMap":{"0":{"type":"branch","line":90,"loc":{"start":{"line":90,"column":7},"end":{"line":97,"column":1}},"locations":[{"start":{"line":90,"column":7},"end":{"line":97,"column":1}}]},"1":{"type":"branch","line":94,"loc":{"start":{"line":94,"column":13},"end":{"line":94,"column":29}},"locations":[{"start":{"line":94,"column":13},"end":{"line":94,"column":29}}]},"2":{"type":"branch","line":94,"loc":{"start":{"line":94,"column":20},"end":{"line":95,"column":44}},"locations":[{"start":{"line":94,"column":20},"end":{"line":95,"column":44}}]},"3":{"type":"branch","line":95,"loc":{"start":{"line":95,"column":39},"end":{"line":97,"column":1}},"locations":[{"start":{"line":95,"column":39},"end":{"line":97,"column":1}}]},"4":{"type":"branch","line":37,"loc":{"start":{"line":37,"column":7},"end":{"line":39,"column":1}},"locations":[{"start":{"line":37,"column":7},"end":{"line":39,"column":1}}]},"5":{"type":"branch","line":53,"loc":{"start":{"line":53,"column":7},"end":{"line":58,"column":1}},"locations":[{"start":{"line":53,"column":7},"end":{"line":58,"column":1}}]}},"b":{"0":[12],"1":[1],"2":[11],"3":[0],"4":[17],"5":[7]},"fnMap":{"0":{"name":"getWeekdayLabel","decl":{"start":{"line":37,"column":7},"end":{"line":39,"column":1}},"loc":{"start":{"line":37,"column":7},"end":{"line":39,"column":1}},"line":37},"1":{"name":"formatDateWithWeekday","decl":{"start":{"line":53,"column":7},"end":{"line":58,"column":1}},"loc":{"start":{"line":53,"column":7},"end":{"line":58,"column":1}},"line":53},"2":{"name":"formatTime","decl":{"start":{"line":72,"column":7},"end":{"line":74,"column":1}},"loc":{"start":{"line":72,"column":7},"end":{"line":74,"column":1}},"line":72},"3":{"name":"formatDateString","decl":{"start":{"line":90,"column":7},"end":{"line":97,"column":1}},"loc":{"start":{"line":90,"column":7},"end":{"line":97,"column":1}},"line":90},"4":{"name":"getBookingDateRange","decl":{"start":{"line":111,"column":7},"end":{"line":129,"column":1}},"loc":{"start":{"line":111,"column":7},"end":{"line":129,"column":1}},"line":111},"5":{"name":"calculateQuickSelectDateRange","decl":{"start":{"line":172,"column":7},"end":{"line":237,"column":1}},"loc":{"start":{"line":172,"column":7},"end":{"line":237,"column":1}},"line":172}},"f":{"0":17,"1":7,"2":0,"3":12,"4":0,"5":0}}
,"/home/runner/work/nomad/nomad/src/utils/flight.ts": {"path":"/home/runner/work/nomad/nomad/src/utils/flight.ts","all":true,"statementMap":{"15":{"start":{"line":16,"column":0},"end":{"line":16,"column":40}},"16":{"start":{"line":17,"column":0},"end":{"line":17,"column":24}},"17":{"start":{"line":18,"column":0},"end":{"line":18,"column":21}},"18":{"start":{"line":19,"column":0},"end":{"line":19,"column":11}},"19":{"start":{"line":20,"column":0},"end":{"line":20,"column":44}},"20":{"start":{"line":21,"column":0},"end":{"line":21,"column":40}},"21":{"start":{"line":22,"column":0},"end":{"line":22,"column":77}},"22":{"start":{"line":23,"column":0},"end":{"line":23,"column":1}},"30":{"start":{"line":31,"column":0},"end":{"line":31,"column":57}},"31":{"start":{"line":32,"column":0},"end":{"line":32,"column":41}},"32":{"start":{"line":33,"column":0},"end":{"line":33,"column":28}},"33":{"start":{"line":34,"column":0},"end":{"line":34,"column":30}},"34":{"start":{"line":35,"column":0},"end":{"line":35,"column":1}},"42":{"start":{"line":43,"column":0},"end":{"line":43,"column":60}},"43":{"start":{"line":44,"column":0},"end":{"line":44,"column":34}},"44":{"start":{"line":45,"column":0},"end":{"line":45,"column":60}},"45":{"start":{"line":46,"column":0},"end":{"line":46,"column":64}},"46":{"start":{"line":47,"column":0},"end":{"line":47,"column":31}},"47":{"start":{"line":48,"column":0},"end":{"line":48,"column":1}},"56":{"start":{"line":57,"column":0},"end":{"line":57,"column":36}},"57":{"start":{"line":58,"column":0},"end":{"line":58,"column":24}},"58":{"start":{"line":59,"column":0},"end":{"line":59,"column":21}},"59":{"start":{"line":60,"column":0},"end":{"line":60,"column":11}},"60":{"start":{"line":61,"column":0},"end":{"line":61,"column":44}},"61":{"start":{"line":62,"column":0},"end":{"line":62,"column":40}},"64":{"start":{"line":65,"column":0},"end":{"line":65,"column":44}},"65":{"start":{"line":66,"column":0},"end":{"line":66,"column":37}},"67":{"start":{"line":68,"column":0},"end":{"line":68,"column":40}},"68":{"start":{"line":69,"column":0},"end":{"line":69,"column":35}},"70":{"start":{"line":71,"column":0},"end":{"line":71,"column":67}},"71":{"start":{"line":72,"column":0},"end":{"line":72,"column":64}},"73":{"start":{"line":74,"column":0},"end":{"line":74,"column":18}},"74":{"start":{"line":75,"column":0},"end":{"line":75,"column":1}},"82":{"start":{"line":83,"column":0},"end":{"line":83,"column":31}},"83":{"start":{"line":84,"column":0},"end":{"line":84,"column":48}},"84":{"start":{"line":85,"column":0},"end":{"line":85,"column":11}},"85":{"start":{"line":86,"column":0},"end":{"line":86,"column":49}},"86":{"start":{"line":87,"column":0},"end":{"line":87,"column":13}},"87":{"start":{"line":88,"column":0},"end":{"line":88,"column":3}},"89":{"start":{"line":90,"column":0},"end":{"line":90,"column":61}},"90":{"start":{"line":91,"column":0},"end":{"line":91,"column":29}},"91":{"start":{"line":92,"column":0},"end":{"line":92,"column":1}},"100":{"start":{"line":101,"column":0},"end":{"line":101,"column":37}},"101":{"start":{"line":102,"column":0},"end":{"line":102,"column":22}},"102":{"start":{"line":103,"column":0},"end":{"line":103,"column":25}},"103":{"start":{"line":104,"column":0},"end":{"line":104,"column":11}},"104":{"start":{"line":105,"column":0},"end":{"line":105,"column":17}},"105":{"start":{"line":106,"column":0},"end":{"line":106,"column":40}},"106":{"start":{"line":107,"column":0},"end":{"line":107,"column":3}},"107":{"start":{"line":108,"column":0},"end":{"line":108,"column":21}},"108":{"start":{"line":109,"column":0},"end":{"line":109,"column":1}}},"s":{"15":0,"16":0,"17":0,"18":0,"19":0,"20":0,"21":0,"22":0,"30":0,"31":0,"32":0,"33":0,"34":0,"42":0,"43":0,"44":0,"45":0,"46":0,"47":0,"56":0,"57":0,"58":0,"59":0,"60":0,"61":0,"64":0,"65":0,"67":0,"68":0,"70":0,"71":0,"73":0,"74":0,"82":0,"83":0,"84":0,"85":0,"86":0,"87":0,"89":0,"90":0,"91":0,"100":0,"101":0,"102":0,"103":0,"104":0,"105":0,"106":0,"107":0,"108":0},"branchMap":{"0":{"type":"branch","line":1,"loc":{"start":{"line":1,"column":2955},"end":{"line":109,"column":1}},"locations":[{"start":{"line":1,"column":2955},"end":{"line":109,"column":1}}]}},"b":{"0":[1]},"fnMap":{"0":{"name":"(empty-report)","decl":{"start":{"line":1,"column":2955},"end":{"line":109,"column":1}},"loc":{"start":{"line":1,"column":2955},"end":{"line":109,"column":1}},"line":1}},"f":{"0":1}}
,"/home/runner/work/nomad/nomad/src/utils/logger.ts": {"path":"/home/runner/work/nomad/nomad/src/utils/logger.ts","all":true,"statementMap":{"0":{"start":{"line":1,"column":0},"end":{"line":1,"column":24}},"1":{"start":{"line":2,"column":0},"end":{"line":2,"column":33}},"4":{"start":{"line":5,"column":0},"end":{"line":5,"column":61}},"5":{"start":{"line":6,"column":0},"end":{"line":6,"column":59}},"6":{"start":{"line":7,"column":0},"end":{"line":7,"column":47}},"8":{"start":{"line":9,"column":0},"end":{"line":9,"column":50}},"9":{"start":{"line":10,"column":0},"end":{"line":10,"column":10}},"10":{"start":{"line":11,"column":0},"end":{"line":11,"column":10}},"11":{"start":{"line":12,"column":0},"end":{"line":12,"column":9}},"12":{"start":{"line":13,"column":0},"end":{"line":13,"column":9}},"13":{"start":{"line":14,"column":0},"end":{"line":14,"column":10}},"14":{"start":{"line":15,"column":0},"end":{"line":15,"column":10}},"15":{"start":{"line":16,"column":0},"end":{"line":16,"column":11}},"16":{"start":{"line":17,"column":0},"end":{"line":17,"column":2}},"29":{"start":{"line":30,"column":0},"end":{"line":30,"column":49}},"30":{"start":{"line":31,"column":0},"end":{"line":31,"column":30}},"31":{"start":{"line":32,"column":0},"end":{"line":32,"column":30}},"32":{"start":{"line":33,"column":0},"end":{"line":33,"column":67}},"34":{"start":{"line":35,"column":0},"end":{"line":35,"column":46}},"35":{"start":{"line":36,"column":0},"end":{"line":36,"column":22}},"36":{"start":{"line":37,"column":0},"end":{"line":37,"column":5}},"37":{"start":{"line":38,"column":0},"end":{"line":38,"column":79}},"38":{"start":{"line":39,"column":0},"end":{"line":39,"column":3}},"39":{"start":{"line":40,"column":0},"end":{"line":40,"column":42}},"40":{"start":{"line":41,"column":0},"end":{"line":41,"column":2}},"43":{"start":{"line":44,"column":0},"end":{"line":44,"column":41}},"44":{"start":{"line":45,"column":0},"end":{"line":45,"column":23}},"48":{"start":{"line":49,"column":0},"end":{"line":49,"column":23}},"49":{"start":{"line":50,"column":0},"end":{"line":50,"column":17}},"51":{"start":{"line":52,"column":0},"end":{"line":52,"column":41}},"52":{"start":{"line":53,"column":0},"end":{"line":53,"column":6}},"54":{"start":{"line":55,"column":0},"end":{"line":55,"column":45}},"55":{"start":{"line":56,"column":0},"end":{"line":56,"column":5}},"59":{"start":{"line":60,"column":0},"end":{"line":60,"column":24}},"60":{"start":{"line":61,"column":0},"end":{"line":61,"column":18}},"61":{"start":{"line":62,"column":0},"end":{"line":62,"column":62}},"62":{"start":{"line":63,"column":0},"end":{"line":63,"column":63}},"63":{"start":{"line":64,"column":0},"end":{"line":64,"column":62}},"64":{"start":{"line":65,"column":0},"end":{"line":65,"column":6}},"65":{"start":{"line":66,"column":0},"end":{"line":66,"column":5}},"66":{"start":{"line":67,"column":0},"end":{"line":67,"column":2}},"73":{"start":{"line":74,"column":0},"end":{"line":74,"column":34}},"74":{"start":{"line":75,"column":0},"end":{"line":75,"column":33}},"76":{"start":{"line":77,"column":0},"end":{"line":77,"column":19}},"77":{"start":{"line":78,"column":0},"end":{"line":78,"column":49}},"78":{"start":{"line":79,"column":0},"end":{"line":79,"column":80}},"79":{"start":{"line":80,"column":0},"end":{"line":80,"column":78}},"80":{"start":{"line":81,"column":0},"end":{"line":81,"column":72}},"81":{"start":{"line":82,"column":0},"end":{"line":82,"column":59}},"82":{"start":{"line":83,"column":0},"end":{"line":83,"column":7}},"83":{"start":{"line":84,"column":0},"end":{"line":84,"column":3}},"86":{"start":{"line":87,"column":0},"end":{"line":87,"column":24}},"87":{"start":{"line":88,"column":0},"end":{"line":88,"column":2}},"109":{"start":{"line":110,"column":0},"end":{"line":110,"column":55}},"111":{"start":{"line":112,"column":0},"end":{"line":112,"column":22}}},"s":{"0":0,"1":0,"4":0,"5":0,"6":0,"8":0,"9":0,"10":0,"11":0,"12":0,"13":0,"14":0,"15":0,"16":0,"29":0,"30":0,"31":0,"32":0,"34":0,"35":0,"36":0,"37":0,"38":0,"39":0,"40":0,"43":0,"44":0,"48":0,"49":0,"51":0,"52":0,"54":0,"55":0,"59":0,"60":0,"61":0,"62":0,"63":0,"64":0,"65":0,"66":0,"73":0,"74":0,"76":0,"77":0,"78":0,"79":0,"80":0,"81":0,"82":0,"83":0,"86":0,"87":0,"109":0,"111":0},"branchMap":{"0":{"type":"branch","line":1,"loc":{"start":{"line":1,"column":3689},"end":{"line":112,"column":22}},"locations":[{"start":{"line":1,"column":3689},"end":{"line":112,"column":22}}]}},"b":{"0":[0]},"fnMap":{"0":{"name":"(empty-report)","decl":{"start":{"line":1,"column":3689},"end":{"line":112,"column":22}},"loc":{"start":{"line":1,"column":3689},"end":{"line":112,"column":22}},"line":1}},"f":{"0":0}}
,"/home/runner/work/nomad/nomad/src/utils/mask-data.ts": {"path":"/home/runner/work/nomad/nomad/src/utils/mask-data.ts","all":true,"statementMap":{"8":{"start":{"line":9,"column":0},"end":{"line":9,"column":68}},"9":{"start":{"line":10,"column":0},"end":{"line":10,"column":54}},"10":{"start":{"line":11,"column":0},"end":{"line":11,"column":26}},"11":{"start":{"line":12,"column":0},"end":{"line":12,"column":3}},"13":{"start":{"line":14,"column":0},"end":{"line":14,"column":47}},"14":{"start":{"line":15,"column":0},"end":{"line":15,"column":44}},"15":{"start":{"line":16,"column":0},"end":{"line":16,"column":61}},"17":{"start":{"line":18,"column":0},"end":{"line":18,"column":50}},"18":{"start":{"line":19,"column":0},"end":{"line":19,"column":1}},"25":{"start":{"line":26,"column":0},"end":{"line":26,"column":56}},"26":{"start":{"line":27,"column":0},"end":{"line":27,"column":15}},"27":{"start":{"line":28,"column":0},"end":{"line":28,"column":17}},"28":{"start":{"line":29,"column":0},"end":{"line":29,"column":3}},"31":{"start":{"line":32,"column":0},"end":{"line":32,"column":52}},"33":{"start":{"line":34,"column":0},"end":{"line":34,"column":31}},"34":{"start":{"line":35,"column":0},"end":{"line":35,"column":22}},"35":{"start":{"line":36,"column":0},"end":{"line":36,"column":3}},"37":{"start":{"line":38,"column":0},"end":{"line":38,"column":43}},"38":{"start":{"line":39,"column":0},"end":{"line":39,"column":40}},"39":{"start":{"line":40,"column":0},"end":{"line":40,"column":57}},"41":{"start":{"line":42,"column":0},"end":{"line":42,"column":50}},"42":{"start":{"line":43,"column":0},"end":{"line":43,"column":1}},"48":{"start":{"line":49,"column":0},"end":{"line":49,"column":50}},"49":{"start":{"line":50,"column":0},"end":{"line":50,"column":39}},"50":{"start":{"line":51,"column":0},"end":{"line":51,"column":17}},"51":{"start":{"line":52,"column":0},"end":{"line":52,"column":3}},"53":{"start":{"line":54,"column":0},"end":{"line":54,"column":47}},"55":{"start":{"line":56,"column":0},"end":{"line":56,"column":30}},"56":{"start":{"line":57,"column":0},"end":{"line":57,"column":17}},"57":{"start":{"line":58,"column":0},"end":{"line":58,"column":3}},"59":{"start":{"line":60,"column":0},"end":{"line":60,"column":44}},"60":{"start":{"line":61,"column":0},"end":{"line":61,"column":27}},"62":{"start":{"line":63,"column":0},"end":{"line":63,"column":49}},"63":{"start":{"line":64,"column":0},"end":{"line":64,"column":1}}},"s":{"8":0,"9":0,"10":0,"11":0,"13":0,"14":0,"15":0,"17":0,"18":0,"25":0,"26":0,"27":0,"28":0,"31":0,"33":0,"34":0,"35":0,"37":0,"38":0,"39":0,"41":0,"42":0,"48":0,"49":0,"50":0,"51":0,"53":0,"55":0,"56":0,"57":0,"59":0,"60":0,"62":0,"63":0},"branchMap":{"0":{"type":"branch","line":1,"loc":{"start":{"line":1,"column":1738},"end":{"line":64,"column":1}},"locations":[{"start":{"line":1,"column":1738},"end":{"line":64,"column":1}}]}},"b":{"0":[1]},"fnMap":{"0":{"name":"(empty-report)","decl":{"start":{"line":1,"column":1738},"end":{"line":64,"column":1}},"loc":{"start":{"line":1,"column":1738},"end":{"line":64,"column":1}},"line":1}},"f":{"0":1}}
}
