TN:
SF:src/mdx-components.tsx
FN:1,(empty-report)
FNF:1
FNH:1
FNDA:1,(empty-report)
DA:2,0
DA:3,0
DA:4,0
DA:7,0
DA:9,0
DA:10,0
DA:11,0
DA:12,0
DA:13,0
DA:14,0
DA:15,0
DA:16,0
DA:17,0
LF:13
LH:0
BRDA:1,0,0,1
BRF:1
BRH:1
end_of_record
TN:
SF:src/components/auth/sign-up-modal.tsx
FN:1,(empty-report)
FNF:1
FNH:1
FNDA:1,(empty-report)
DA:3,0
DA:5,0
DA:6,0
DA:22,0
DA:23,0
DA:24,0
DA:25,0
DA:26,0
DA:27,0
DA:28,0
DA:29,0
DA:30,0
DA:31,0
DA:32,0
DA:33,0
DA:34,0
DA:35,0
DA:36,0
DA:37,0
DA:38,0
DA:39,0
DA:40,0
DA:41,0
DA:42,0
DA:44,0
DA:45,0
DA:46,0
DA:47,0
DA:48,0
DA:49,0
DA:50,0
DA:51,0
DA:52,0
DA:53,0
DA:54,0
DA:56,0
DA:57,0
DA:59,0
DA:60,0
DA:62,0
DA:63,0
DA:67,0
DA:69,0
DA:70,0
DA:71,0
DA:72,0
DA:73,0
DA:74,0
DA:75,0
DA:77,0
DA:78,0
DA:79,0
DA:80,0
DA:81,0
DA:82,0
DA:83,0
DA:85,0
DA:86,0
DA:88,0
DA:89,0
DA:90,0
DA:91,0
DA:92,0
DA:93,0
DA:94,0
DA:95,0
DA:96,0
DA:97,0
DA:98,0
DA:99,0
DA:100,0
DA:102,0
DA:103,0
DA:104,0
DA:105,0
DA:106,0
DA:107,0
DA:109,0
DA:110,0
DA:111,0
DA:112,0
DA:113,0
DA:115,0
DA:116,0
DA:117,0
DA:118,0
DA:120,0
LF:87
LH:0
BRDA:1,0,0,1
BRF:1
BRH:1
end_of_record
TN:
SF:src/components/auth/forms/email-login.tsx
FN:25,EmailLoginForm
FN:38,handleSubmit
FN:50,render
FN:72,render
FN:95,render
FNF:5
FNH:5
FNDA:10,EmailLoginForm
FNDA:1,handleSubmit
FNDA:61,render
FNDA:46,render
FNDA:13,render
DA:3,1
DA:4,1
DA:5,1
DA:7,1
DA:8,1
DA:9,1
DA:17,1
DA:18,1
DA:25,10
DA:26,10
DA:27,10
DA:28,10
DA:29,10
DA:30,10
DA:31,10
DA:32,10
DA:33,10
DA:34,10
DA:35,10
DA:36,10
DA:38,10
DA:39,1
DA:40,1
DA:42,10
DA:43,10
DA:44,10
DA:45,10
DA:47,10
DA:48,10
DA:49,10
DA:50,10
DA:51,61
DA:52,61
DA:54,61
DA:55,61
DA:56,61
DA:57,61
DA:58,61
DA:59,61
DA:60,61
DA:61,61
DA:62,61
DA:63,61
DA:64,61
DA:66,10
DA:69,10
DA:70,10
DA:71,10
DA:72,10
DA:73,46
DA:74,46
DA:76,46
DA:77,46
DA:78,46
DA:79,46
DA:80,46
DA:81,46
DA:82,46
DA:83,46
DA:84,46
DA:85,46
DA:86,46
DA:88,10
DA:89,10
DA:92,10
DA:93,10
DA:94,10
DA:95,10
DA:96,13
DA:97,13
DA:98,13
DA:99,13
DA:100,13
DA:101,13
DA:102,13
DA:103,13
DA:104,13
DA:106,13
DA:107,13
DA:108,13
DA:109,13
DA:110,13
DA:111,13
DA:113,13
DA:115,13
DA:116,13
DA:117,13
DA:118,13
DA:119,13
DA:120,13
DA:122,13
DA:123,13
DA:124,13
DA:125,13
DA:126,13
DA:128,10
DA:131,10
DA:132,10
DA:133,10
DA:134,10
DA:136,10
DA:137,10
DA:138,10
DA:139,10
DA:141,10
LF:105
LH:105
BRDA:25,0,0,10
BRDA:136,1,0,0
BRDA:38,2,0,1
BRDA:50,3,0,61
BRDA:72,4,0,46
BRDA:95,5,0,13
BRF:6
BRH:5
end_of_record
TN:
SF:src/components/auth/forms/email-otp-login.tsx
FN:29,EmailOtpLoginForm
FN:54,handleSubmit
FN:58,handleSendOtp
FN:76,render
FN:102,render
FN:135,render
FNF:6
FNH:6
FNDA:58,EmailOtpLoginForm
FNDA:1,handleSubmit
FNDA:1,handleSendOtp
FNDA:61,render
FNDA:76,render
FNDA:61,render
DA:3,1
DA:4,1
DA:5,1
DA:6,1
DA:8,1
DA:9,1
DA:10,1
DA:18,1
DA:19,1
DA:29,58
DA:30,58
DA:31,58
DA:32,58
DA:33,58
DA:34,58
DA:35,58
DA:36,58
DA:37,58
DA:38,58
DA:39,58
DA:40,58
DA:41,58
DA:42,58
DA:43,58
DA:46,58
DA:48,58
DA:49,53
DA:50,0
DA:51,0
DA:52,58
DA:54,58
DA:55,1
DA:56,1
DA:58,58
DA:59,1
DA:60,1
DA:61,1
DA:62,1
DA:64,58
DA:65,58
DA:66,58
DA:67,58
DA:69,58
DA:70,58
DA:72,58
DA:73,58
DA:74,58
DA:75,58
DA:76,58
DA:77,61
DA:78,61
DA:79,61
DA:80,61
DA:81,61
DA:82,61
DA:83,61
DA:84,61
DA:85,61
DA:86,61
DA:87,61
DA:89,58
DA:90,58
DA:93,58
DA:94,58
DA:96,58
DA:97,58
DA:99,58
DA:100,58
DA:101,58
DA:102,58
DA:103,76
DA:104,76
DA:105,76
DA:106,76
DA:107,76
DA:108,76
DA:109,76
DA:110,76
DA:111,76
DA:112,76
DA:113,76
DA:115,58
DA:118,58
DA:119,58
DA:120,58
DA:121,58
DA:122,58
DA:123,58
DA:125,58
DA:126,58
DA:127,58
DA:128,58
DA:129,58
DA:132,58
DA:133,58
DA:134,58
DA:135,58
DA:136,61
DA:137,61
DA:138,61
DA:139,61
DA:140,61
DA:141,61
DA:142,61
DA:143,61
DA:144,61
DA:146,61
DA:147,61
DA:148,61
DA:149,61
DA:150,61
DA:151,61
DA:153,61
DA:155,61
DA:156,61
DA:157,61
DA:158,61
DA:159,61
DA:160,61
DA:162,61
DA:163,61
DA:164,61
DA:165,61
DA:166,61
DA:168,58
DA:171,58
DA:172,58
DA:173,58
DA:174,58
DA:176,58
DA:177,58
DA:178,58
DA:179,58
DA:181,58
LF:134
LH:132
BRDA:29,0,0,58
BRDA:123,1,0,56
BRDA:125,2,0,2
BRDA:125,3,0,56
BRDA:176,4,0,0
BRDA:48,5,0,53
BRDA:49,6,0,0
BRDA:49,7,0,0
BRDA:54,8,0,1
BRDA:58,9,0,1
BRDA:76,10,0,61
BRDA:102,11,0,76
BRDA:135,12,0,61
BRF:13
BRH:10
end_of_record
TN:
SF:src/components/auth/forms/email-verification.tsx
FN:31,EmailVerificationForm
FN:56,handleSubmit
FN:60,handleSendOtp
FN:78,render
FN:104,render
FN:136,render
FNF:6
FNH:6
FNDA:56,EmailVerificationForm
FNDA:1,handleSubmit
FNDA:1,handleSendOtp
FNDA:59,render
FNDA:74,render
FNDA:59,render
DA:3,1
DA:4,1
DA:5,1
DA:7,1
DA:8,1
DA:9,1
DA:17,1
DA:18,1
DA:31,56
DA:32,56
DA:33,56
DA:34,56
DA:35,56
DA:36,56
DA:37,56
DA:38,56
DA:39,56
DA:40,56
DA:41,56
DA:42,56
DA:43,56
DA:44,56
DA:45,56
DA:48,56
DA:50,56
DA:51,52
DA:52,0
DA:53,0
DA:54,56
DA:56,56
DA:57,1
DA:58,1
DA:60,56
DA:61,1
DA:62,1
DA:63,1
DA:64,1
DA:66,56
DA:67,56
DA:68,56
DA:69,56
DA:71,56
DA:72,56
DA:74,56
DA:75,56
DA:76,56
DA:77,56
DA:78,56
DA:79,59
DA:80,59
DA:81,59
DA:82,59
DA:83,59
DA:84,59
DA:85,59
DA:86,59
DA:87,59
DA:88,59
DA:89,59
DA:91,56
DA:92,56
DA:95,56
DA:96,56
DA:98,56
DA:99,56
DA:101,56
DA:102,56
DA:103,56
DA:104,56
DA:105,74
DA:106,74
DA:107,74
DA:108,74
DA:109,74
DA:110,74
DA:111,74
DA:112,74
DA:113,74
DA:114,74
DA:115,74
DA:117,56
DA:120,56
DA:121,56
DA:122,56
DA:123,56
DA:124,56
DA:125,56
DA:127,56
DA:128,56
DA:129,56
DA:130,56
DA:133,56
DA:134,56
DA:135,56
DA:136,56
DA:137,59
DA:138,59
DA:139,59
DA:140,59
DA:141,59
DA:142,59
DA:143,59
DA:144,59
DA:145,59
DA:147,59
DA:148,59
DA:149,59
DA:150,59
DA:152,59
DA:154,59
DA:155,59
DA:156,59
DA:157,59
DA:159,59
DA:161,59
DA:162,59
DA:163,59
DA:164,59
DA:166,56
DA:167,56
DA:170,56
DA:171,56
DA:172,56
DA:173,56
DA:175,56
DA:176,56
DA:179,56
DA:180,56
DA:181,56
DA:182,56
DA:183,56
DA:185,56
DA:186,56
DA:187,56
DA:188,56
DA:190,56
LF:136
LH:134
BRDA:31,0,0,56
BRDA:127,1,0,0
BRDA:175,2,0,0
BRDA:50,3,0,52
BRDA:51,4,0,0
BRDA:51,5,0,0
BRDA:56,6,0,1
BRDA:60,7,0,1
BRDA:78,8,0,59
BRDA:104,9,0,74
BRDA:136,10,0,59
BRF:11
BRH:7
end_of_record
TN:
SF:src/components/auth/forms/password-setup.tsx
FN:38,PasswordSetupForm
FN:58,handleSubmit
FN:114,render
FN:131,onClick
FN:153,render
FN:170,onClick
FNF:6
FNH:5
FNDA:72,PasswordSetupForm
FNDA:1,handleSubmit
FNDA:77,render
FNDA:1,onClick
FNDA:138,render
FNDA:0,onClick
DA:3,1
DA:4,1
DA:5,1
DA:6,1
DA:7,1
DA:9,1
DA:10,1
DA:18,1
DA:19,1
DA:38,72
DA:39,72
DA:40,72
DA:41,72
DA:42,72
DA:44,72
DA:45,72
DA:46,72
DA:47,72
DA:48,72
DA:49,72
DA:50,72
DA:52,72
DA:54,72
DA:55,72
DA:58,72
DA:59,1
DA:60,1
DA:63,72
DA:66,72
DA:67,72
DA:71,72
DA:72,72
DA:73,72
DA:74,72
DA:75,72
DA:76,72
DA:77,72
DA:78,72
DA:79,72
DA:80,72
DA:81,72
DA:82,72
DA:83,72
DA:84,72
DA:85,72
DA:86,72
DA:87,72
DA:88,72
DA:89,72
DA:90,72
DA:91,72
DA:92,72
DA:93,72
DA:94,72
DA:96,72
DA:97,72
DA:98,72
DA:100,72
DA:101,2
DA:102,2
DA:103,2
DA:104,2
DA:105,2
DA:106,2
DA:109,72
DA:111,72
DA:112,72
DA:113,72
DA:114,72
DA:115,77
DA:116,77
DA:118,77
DA:119,77
DA:120,77
DA:121,77
DA:122,77
DA:123,77
DA:124,77
DA:125,77
DA:126,77
DA:127,77
DA:128,77
DA:129,77
DA:130,77
DA:131,77
DA:132,1
DA:133,1
DA:134,1
DA:135,77
DA:137,77
DA:138,1
DA:140,76
DA:142,77
DA:143,77
DA:144,77
DA:145,77
DA:147,72
DA:150,72
DA:151,72
DA:152,72
DA:153,72
DA:154,138
DA:155,138
DA:157,138
DA:158,138
DA:159,138
DA:160,138
DA:161,138
DA:162,138
DA:163,138
DA:164,138
DA:165,138
DA:166,138
DA:167,138
DA:168,138
DA:169,138
DA:170,138
DA:171,0
DA:172,0
DA:173,0
DA:174,138
DA:176,138
DA:177,0
DA:179,138
DA:181,138
DA:182,138
DA:183,138
DA:184,138
DA:186,72
DA:189,72
DA:190,72
DA:192,72
DA:193,72
DA:194,72
DA:195,360
DA:196,360
DA:197,144
DA:198,13
DA:199,131
DA:200,216
DA:201,89
DA:203,127
DA:206,360
DA:207,360
DA:208,360
DA:209,102
DA:210,258
DA:211,131
DA:212,127
DA:215,360
DA:216,360
DA:217,360
DA:218,72
DA:219,72
DA:220,72
DA:221,72
DA:222,72
DA:223,72
DA:224,72
DA:225,72
DA:226,72
DA:227,52
DA:228,20
DA:229,20
DA:230,0
DA:231,0
DA:232,0
DA:233,0
DA:234,0
DA:235,72
DA:236,72
DA:237,72
DA:238,72
DA:239,72
DA:240,72
DA:241,72
DA:242,0
DA:243,0
DA:244,0
DA:245,72
DA:247,72
DA:248,72
DA:249,0
DA:250,0
DA:251,0
DA:252,72
DA:253,72
DA:254,72
DA:255,72
DA:256,72
DA:259,72
DA:260,72
DA:261,72
DA:262,72
DA:264,72
DA:266,72
DA:268,72
DA:269,72
DA:271,72
DA:272,72
DA:273,72
DA:274,72
DA:276,72
LF:203
LH:188
BRDA:38,0,0,72
BRDA:74,1,0,16
BRDA:100,2,0,2
BRDA:226,3,0,52
BRDA:227,4,0,20
BRDA:229,5,0,0
BRDA:241,6,0,0
BRDA:248,7,0,0
BRDA:264,8,0,2
BRDA:264,9,0,70
BRDA:58,10,0,1
BRDA:114,11,0,77
BRDA:123,12,0,1
BRDA:123,13,0,76
BRDA:135,14,0,1
BRDA:135,15,0,76
BRDA:137,16,0,1
BRDA:138,17,0,76
BRDA:131,18,0,1
BRDA:153,19,0,138
BRDA:162,20,0,0
BRDA:174,21,0,0
BRDA:176,22,0,0
BRDA:194,23,0,360
BRDA:196,24,0,144
BRDA:197,25,0,13
BRDA:198,26,0,131
BRDA:199,27,0,216
BRDA:200,28,0,89
BRDA:201,29,0,127
BRDA:208,30,0,102
BRDA:209,31,0,258
BRDA:210,32,0,131
BRDA:211,33,0,127
BRF:34
BRH:28
end_of_record
TN:
SF:src/components/auth/forms/phone-login.tsx
FN:25,PhoneLoginForm
FN:38,handleSubmit
FN:50,render
FN:74,render
FN:96,render
FNF:5
FNH:5
FNDA:20,PhoneLoginForm
FNDA:1,handleSubmit
FNDA:72,render
FNDA:80,render
FNDA:25,render
DA:3,1
DA:4,1
DA:5,1
DA:7,1
DA:8,1
DA:9,1
DA:17,1
DA:18,1
DA:25,20
DA:26,20
DA:27,20
DA:28,20
DA:29,20
DA:30,20
DA:31,20
DA:32,20
DA:33,20
DA:34,20
DA:35,20
DA:36,20
DA:38,20
DA:39,1
DA:40,1
DA:42,20
DA:43,20
DA:44,20
DA:45,20
DA:47,20
DA:48,20
DA:49,20
DA:50,20
DA:51,72
DA:52,72
DA:54,72
DA:55,72
DA:56,72
DA:57,72
DA:58,72
DA:59,72
DA:60,72
DA:61,72
DA:62,72
DA:63,72
DA:64,72
DA:65,72
DA:66,72
DA:68,20
DA:71,20
DA:72,20
DA:73,20
DA:74,20
DA:75,80
DA:76,80
DA:78,80
DA:79,80
DA:80,80
DA:81,80
DA:82,80
DA:83,80
DA:84,80
DA:85,80
DA:86,80
DA:87,80
DA:88,80
DA:90,20
DA:93,20
DA:94,20
DA:95,20
DA:96,20
DA:97,25
DA:98,25
DA:99,25
DA:100,25
DA:101,25
DA:102,25
DA:103,25
DA:104,25
DA:105,25
DA:107,25
DA:108,25
DA:109,25
DA:110,25
DA:111,25
DA:112,25
DA:114,25
DA:116,25
DA:117,25
DA:118,25
DA:119,25
DA:120,25
DA:121,25
DA:123,25
DA:125,25
DA:126,25
DA:127,25
DA:128,25
DA:130,20
DA:131,20
DA:134,20
DA:135,20
DA:136,20
DA:137,20
DA:139,20
DA:140,20
DA:141,20
DA:142,20
DA:144,20
LF:107
LH:107
BRDA:25,0,0,20
BRDA:139,1,0,2
BRDA:139,2,0,18
BRDA:38,3,0,1
BRDA:50,4,0,72
BRDA:74,5,0,80
BRDA:96,6,0,25
BRF:7
BRH:7
end_of_record
TN:
SF:src/components/auth/forms/phone-otp-login.tsx
FN:29,PhoneOtpLoginForm
FN:54,handleSubmit
FN:58,handleSendOtp
FN:79,render
FN:109,render
FN:141,render
FNF:6
FNH:6
FNDA:70,PhoneOtpLoginForm
FNDA:1,handleSubmit
FNDA:2,handleSendOtp
FNDA:76,render
FNDA:102,render
FNDA:74,render
DA:3,1
DA:4,1
DA:5,1
DA:6,1
DA:8,1
DA:9,1
DA:10,1
DA:18,1
DA:19,1
DA:29,70
DA:30,70
DA:31,70
DA:32,70
DA:33,70
DA:34,70
DA:35,70
DA:36,70
DA:37,70
DA:38,70
DA:39,70
DA:40,70
DA:41,70
DA:42,70
DA:43,70
DA:46,70
DA:48,70
DA:49,60
DA:50,0
DA:51,0
DA:52,70
DA:54,70
DA:55,1
DA:56,1
DA:58,70
DA:60,2
DA:62,2
DA:63,1
DA:64,1
DA:66,1
DA:67,1
DA:68,1
DA:69,2
DA:71,70
DA:72,70
DA:73,70
DA:74,70
DA:76,70
DA:77,70
DA:78,70
DA:79,70
DA:80,76
DA:81,76
DA:83,76
DA:84,76
DA:85,76
DA:86,76
DA:87,76
DA:88,76
DA:89,76
DA:90,76
DA:91,76
DA:92,76
DA:93,76
DA:94,76
DA:95,76
DA:97,70
DA:100,70
DA:101,70
DA:103,70
DA:104,70
DA:106,70
DA:107,70
DA:108,70
DA:109,70
DA:110,102
DA:111,102
DA:112,102
DA:113,102
DA:114,102
DA:115,102
DA:116,102
DA:117,102
DA:118,102
DA:119,102
DA:120,102
DA:122,70
DA:125,70
DA:126,70
DA:127,70
DA:128,70
DA:129,70
DA:130,70
DA:132,70
DA:133,70
DA:134,70
DA:135,70
DA:138,70
DA:139,70
DA:140,70
DA:141,70
DA:142,74
DA:143,74
DA:144,74
DA:145,74
DA:146,74
DA:147,74
DA:148,74
DA:149,74
DA:150,74
DA:152,74
DA:153,74
DA:154,74
DA:155,74
DA:156,74
DA:157,74
DA:159,74
DA:161,74
DA:162,74
DA:163,74
DA:164,74
DA:165,74
DA:166,74
DA:168,74
DA:170,74
DA:171,74
DA:172,74
DA:173,74
DA:175,70
DA:176,70
DA:179,70
DA:180,70
DA:181,70
DA:182,70
DA:184,70
DA:185,70
DA:186,70
DA:187,70
DA:189,70
LF:138
LH:136
BRDA:29,0,0,70
BRDA:130,1,0,68
BRDA:132,2,0,2
BRDA:132,3,0,68
BRDA:184,4,0,2
BRDA:184,5,0,68
BRDA:48,6,0,60
BRDA:49,7,0,0
BRDA:49,8,0,0
BRDA:54,9,0,1
BRDA:58,10,0,2
BRDA:62,11,0,1
BRDA:79,12,0,76
BRDA:109,13,0,102
BRDA:141,14,0,74
BRF:15
BRH:13
end_of_record
TN:
SF:src/components/auth/forms/phone-verification.tsx
FN:31,PhoneVerificationForm
FN:56,handleSubmit
FN:60,handleSendOtp
FN:74,render
FN:104,render
FN:136,render
FNF:6
FNH:6
FNDA:65,PhoneVerificationForm
FNDA:1,handleSubmit
FNDA:1,handleSendOtp
FNDA:70,render
FNDA:97,render
FNDA:69,render
DA:3,1
DA:4,1
DA:5,1
DA:7,1
DA:8,1
DA:9,1
DA:17,1
DA:18,1
DA:31,65
DA:32,65
DA:33,65
DA:34,65
DA:35,65
DA:36,65
DA:37,65
DA:38,65
DA:39,65
DA:40,65
DA:41,65
DA:42,65
DA:43,65
DA:44,65
DA:45,65
DA:48,65
DA:50,65
DA:51,56
DA:52,0
DA:53,0
DA:54,65
DA:56,65
DA:57,1
DA:58,1
DA:60,65
DA:61,1
DA:62,1
DA:63,1
DA:64,1
DA:66,65
DA:67,65
DA:68,65
DA:69,65
DA:71,65
DA:72,65
DA:73,65
DA:74,65
DA:75,70
DA:76,70
DA:78,70
DA:79,70
DA:80,70
DA:81,70
DA:82,70
DA:83,70
DA:84,70
DA:85,70
DA:86,70
DA:87,70
DA:88,70
DA:89,70
DA:90,70
DA:92,65
DA:95,65
DA:96,65
DA:98,65
DA:99,65
DA:101,65
DA:102,65
DA:103,65
DA:104,65
DA:105,97
DA:106,97
DA:107,97
DA:108,97
DA:109,97
DA:110,97
DA:111,97
DA:112,97
DA:113,97
DA:114,97
DA:115,97
DA:117,65
DA:120,65
DA:121,65
DA:122,65
DA:123,65
DA:124,65
DA:125,65
DA:127,65
DA:128,65
DA:129,65
DA:130,65
DA:133,65
DA:134,65
DA:135,65
DA:136,65
DA:137,69
DA:138,69
DA:139,69
DA:140,69
DA:141,69
DA:142,69
DA:143,69
DA:144,69
DA:145,69
DA:147,69
DA:148,69
DA:149,69
DA:150,69
DA:152,69
DA:154,69
DA:155,69
DA:156,69
DA:157,69
DA:159,69
DA:161,69
DA:162,69
DA:163,69
DA:164,69
DA:166,65
DA:167,65
DA:170,65
DA:171,65
DA:172,65
DA:173,65
DA:175,65
DA:176,65
DA:179,65
DA:180,65
DA:181,65
DA:182,65
DA:183,65
DA:185,65
DA:186,65
DA:187,65
DA:188,65
DA:190,65
LF:136
LH:134
BRDA:31,0,0,65
BRDA:125,1,0,63
BRDA:127,2,0,2
BRDA:127,3,0,63
BRDA:175,4,0,2
BRDA:175,5,0,63
BRDA:50,6,0,56
BRDA:51,7,0,0
BRDA:51,8,0,0
BRDA:56,9,0,1
BRDA:60,10,0,1
BRDA:74,11,0,70
BRDA:104,12,0,97
BRDA:136,13,0,69
BRF:14
BRH:12
end_of_record
TN:
SF:src/components/common/construction.tsx
FN:1,(empty-report)
FNF:1
FNH:0
FNDA:0,(empty-report)
DA:1,0
DA:3,0
DA:12,0
DA:13,0
DA:14,0
DA:15,0
DA:16,0
DA:20,0
DA:21,0
DA:22,0
DA:23,0
DA:24,0
DA:25,0
DA:26,0
DA:27,0
DA:28,0
DA:29,0
DA:30,0
DA:31,0
DA:33,0
LF:20
LH:0
BRDA:1,0,0,0
BRF:1
BRH:0
end_of_record
TN:
SF:src/components/common/data-table-with-actions.tsx
FN:1,(empty-report)
FNF:1
FNH:1
FNDA:1,(empty-report)
DA:3,0
DA:5,0
DA:15,0
DA:16,0
DA:17,0
DA:18,0
DA:26,0
DA:111,0
DA:112,0
DA:113,0
DA:114,0
DA:115,0
DA:116,0
DA:117,0
DA:118,0
DA:119,0
DA:120,0
DA:121,0
DA:122,0
DA:123,0
DA:124,0
DA:125,0
DA:126,0
DA:127,0
DA:128,0
DA:129,0
DA:130,0
DA:131,0
DA:132,0
DA:133,0
DA:134,0
DA:135,0
DA:137,0
DA:139,0
DA:141,0
DA:144,0
DA:145,0
DA:149,0
DA:151,0
DA:152,0
DA:153,0
DA:154,0
DA:155,0
DA:156,0
DA:157,0
DA:160,0
DA:161,0
DA:162,0
DA:163,0
DA:164,0
DA:165,0
DA:166,0
DA:167,0
DA:168,0
DA:171,0
DA:172,0
DA:173,0
DA:175,0
DA:177,0
DA:178,0
DA:179,0
DA:180,0
DA:182,0
DA:183,0
DA:184,0
DA:185,0
DA:186,0
DA:189,0
DA:190,0
DA:191,0
DA:192,0
DA:195,0
DA:196,0
DA:197,0
DA:200,0
DA:201,0
DA:204,0
DA:205,0
DA:206,0
DA:207,0
DA:208,0
DA:209,0
DA:210,0
DA:211,0
DA:212,0
DA:213,0
DA:214,0
DA:217,0
DA:218,0
DA:219,0
DA:222,0
DA:223,0
DA:224,0
DA:225,0
DA:226,0
DA:227,0
DA:233,0
DA:234,0
DA:235,0
DA:236,0
DA:239,0
DA:240,0
DA:241,0
DA:242,0
DA:243,0
DA:245,0
DA:246,0
DA:247,0
DA:248,0
DA:249,0
DA:251,0
DA:252,0
DA:254,0
DA:255,0
DA:258,0
DA:259,0
DA:260,0
DA:261,0
DA:265,0
DA:266,0
DA:267,0
DA:268,0
DA:269,0
DA:270,0
DA:271,0
DA:272,0
DA:273,0
DA:274,0
DA:275,0
DA:276,0
DA:277,0
DA:279,0
DA:280,0
DA:281,0
DA:282,0
DA:283,0
DA:285,0
DA:286,0
DA:287,0
DA:288,0
DA:289,0
DA:290,0
DA:291,0
DA:293,0
DA:294,0
DA:296,0
DA:297,0
DA:299,0
DA:300,0
DA:301,0
DA:302,0
DA:303,0
DA:304,0
DA:306,0
DA:307,0
DA:308,0
DA:309,0
DA:310,0
DA:311,0
DA:312,0
DA:313,0
DA:314,0
DA:316,0
DA:317,0
DA:318,0
DA:320,0
DA:321,0
DA:322,0
DA:323,0
DA:324,0
DA:325,0
DA:327,0
DA:329,0
DA:330,0
DA:331,0
DA:334,0
DA:335,0
DA:336,0
DA:337,0
DA:339,0
DA:340,0
DA:341,0
DA:342,0
DA:343,0
DA:344,0
DA:345,0
DA:347,0
DA:348,0
DA:349,0
DA:350,0
DA:351,0
DA:352,0
DA:353,0
DA:354,0
DA:356,0
DA:357,0
DA:358,0
DA:359,0
DA:361,0
DA:362,0
DA:363,0
DA:364,0
DA:365,0
DA:366,0
DA:367,0
DA:368,0
DA:369,0
DA:370,0
DA:371,0
DA:372,0
DA:373,0
DA:374,0
DA:375,0
DA:377,0
DA:378,0
DA:379,0
DA:380,0
DA:381,0
DA:382,0
DA:384,0
DA:385,0
DA:386,0
DA:387,0
DA:388,0
DA:389,0
DA:391,0
DA:393,0
DA:395,0
DA:396,0
DA:397,0
DA:400,0
DA:401,0
DA:403,0
DA:404,0
DA:405,0
DA:406,0
DA:407,0
DA:408,0
DA:409,0
DA:410,0
DA:411,0
DA:412,0
DA:414,0
DA:415,0
DA:416,0
DA:417,0
DA:418,0
DA:420,0
DA:421,0
DA:423,0
DA:424,0
DA:425,0
DA:426,0
DA:427,0
DA:428,0
DA:429,0
DA:430,0
DA:431,0
DA:432,0
DA:434,0
DA:435,0
DA:436,0
DA:437,0
DA:438,0
DA:439,0
DA:440,0
DA:441,0
DA:442,0
DA:443,0
DA:444,0
DA:446,0
DA:447,0
DA:448,0
DA:449,0
DA:451,0
DA:452,0
DA:453,0
DA:454,0
DA:456,0
DA:460,0
DA:461,0
DA:462,0
DA:463,0
DA:464,0
DA:465,0
DA:466,0
DA:467,0
DA:469,0
DA:470,0
DA:471,0
DA:472,0
DA:473,0
DA:474,0
DA:475,0
DA:476,0
DA:477,0
DA:478,0
DA:479,0
DA:480,0
DA:482,0
DA:484,0
DA:485,0
DA:487,0
DA:491,0
DA:492,0
DA:493,0
DA:494,0
DA:495,0
DA:496,0
DA:497,0
DA:498,0
DA:499,0
DA:500,0
DA:501,0
DA:502,0
DA:504,0
DA:506,0
DA:507,0
DA:508,0
DA:509,0
DA:511,0
LF:321
LH:0
BRDA:1,0,0,1
BRF:1
BRH:1
end_of_record
TN:
SF:src/components/common/footer.tsx
FN:1,(empty-report)
FNF:1
FNH:0
FNDA:0,(empty-report)
DA:1,0
DA:3,0
DA:4,0
DA:6,0
DA:7,0
DA:8,0
DA:9,0
DA:11,0
DA:12,0
DA:13,0
DA:15,0
DA:16,0
DA:17,0
DA:18,0
DA:20,0
DA:21,0
DA:24,0
DA:25,0
DA:26,0
DA:27,0
DA:28,0
DA:29,0
DA:30,0
DA:31,0
DA:33,0
DA:34,0
DA:35,0
DA:36,0
DA:37,0
DA:38,0
DA:39,0
DA:41,0
DA:42,0
DA:43,0
DA:44,0
DA:47,0
DA:48,0
DA:49,0
DA:50,0
DA:51,0
DA:52,0
DA:53,0
DA:54,0
DA:56,0
DA:57,0
DA:58,0
DA:59,0
DA:60,0
DA:61,0
DA:62,0
DA:64,0
DA:65,0
DA:66,0
DA:67,0
DA:68,0
DA:69,0
DA:70,0
DA:72,0
DA:73,0
DA:74,0
DA:75,0
DA:76,0
DA:79,0
DA:80,0
DA:81,0
DA:82,0
DA:83,0
DA:85,0
LF:68
LH:0
BRDA:1,0,0,0
BRF:1
BRH:0
end_of_record
TN:
SF:src/components/common/header.tsx
FN:1,(empty-report)
FNF:1
FNH:1
FNDA:1,(empty-report)
DA:3,0
DA:4,0
DA:5,0
DA:7,0
DA:8,0
DA:9,0
DA:10,0
DA:15,0
DA:17,0
DA:18,0
DA:20,0
DA:21,0
DA:22,0
DA:24,0
DA:25,0
DA:27,0
DA:28,0
DA:29,0
DA:32,0
DA:35,0
DA:37,0
DA:39,0
DA:42,0
DA:43,0
DA:44,0
DA:46,0
DA:47,0
DA:48,0
DA:49,0
DA:50,0
DA:51,0
DA:52,0
DA:53,0
DA:54,0
DA:56,0
DA:57,0
DA:58,0
DA:59,0
DA:60,0
DA:61,0
DA:62,0
DA:64,0
DA:65,0
DA:66,0
DA:67,0
DA:68,0
DA:69,0
DA:70,0
DA:72,0
DA:73,0
DA:74,0
DA:75,0
DA:76,0
DA:77,0
DA:78,0
DA:79,0
DA:81,0
DA:82,0
DA:83,0
DA:84,0
DA:85,0
DA:87,0
DA:90,0
DA:91,0
DA:92,0
DA:94,0
DA:95,0
DA:96,0
DA:97,0
DA:98,0
DA:99,0
DA:100,0
DA:101,0
DA:102,0
DA:103,0
DA:105,0
DA:106,0
DA:107,0
DA:108,0
DA:109,0
DA:110,0
DA:111,0
DA:112,0
DA:114,0
DA:115,0
DA:116,0
DA:117,0
DA:118,0
DA:120,0
DA:123,0
DA:124,0
DA:125,0
DA:126,0
DA:127,0
DA:129,0
DA:130,0
DA:131,0
DA:132,0
DA:133,0
DA:134,0
DA:135,0
DA:137,0
LF:102
LH:0
BRDA:1,0,0,1
BRF:1
BRH:1
end_of_record
TN:
SF:src/components/common/search-bar.tsx
FN:1,(empty-report)
FNF:1
FNH:1
FNDA:1,(empty-report)
DA:3,0
DA:4,0
DA:5,0
DA:7,0
DA:8,0
DA:10,0
DA:11,0
DA:13,0
DA:14,0
DA:15,0
DA:16,0
DA:18,0
DA:19,0
DA:21,0
DA:22,0
DA:23,0
DA:24,0
DA:25,0
DA:26,0
DA:27,0
DA:28,0
DA:29,0
DA:30,0
DA:31,0
DA:32,0
DA:33,0
DA:34,0
DA:35,0
DA:36,0
DA:37,0
DA:39,0
DA:40,0
DA:41,0
DA:42,0
DA:44,0
LF:35
LH:0
BRDA:1,0,0,1
BRF:1
BRH:1
end_of_record
TN:
SF:src/components/common/stepper.tsx
FNF:0
FNH:0
DA:3,1
DA:5,1
DA:20,1
DA:21,19
DA:22,19
DA:23,19
DA:24,19
DA:25,19
DA:26,71
DA:27,71
DA:28,71
DA:29,71
DA:31,71
DA:32,71
DA:34,71
DA:36,71
DA:37,71
DA:38,71
DA:39,71
DA:41,71
DA:42,71
DA:44,71
DA:45,71
DA:47,71
DA:48,71
DA:49,71
DA:52,71
DA:53,24
DA:54,24
DA:55,24
DA:56,24
DA:58,24
DA:59,24
DA:60,24
DA:61,24
DA:65,71
DA:66,71
DA:72,71
DA:73,71
DA:74,71
DA:75,71
DA:76,71
DA:77,71
DA:79,71
DA:81,71
DA:82,71
DA:83,71
DA:90,71
DA:91,71
DA:92,71
DA:93,71
DA:94,71
DA:95,71
DA:96,71
DA:97,71
DA:98,71
DA:99,71
DA:107,19
DA:111,19
DA:114,1
DA:116,1
LF:61
LH:61
BRDA:3,0,0,1
BRDA:3,1,0,0
BRDA:3,2,0,0
BRDA:3,3,0,0
BRDA:20,4,0,19
BRDA:25,5,0,71
BRDA:48,6,0,52
BRDA:52,7,0,24
BRDA:75,8,0,52
BRDA:76,9,0,52
BRDA:81,10,0,46
BRF:11
BRH:8
end_of_record
TN:
SF:src/components/common/theme-provider.tsx
FN:6,ThemeProvider
FNF:1
FNH:1
FNDA:175,ThemeProvider
DA:3,1
DA:6,1
DA:7,175
DA:8,175
DA:9,175
DA:10,175
DA:11,175
LF:7
LH:7
BRDA:6,0,0,175
BRF:1
BRH:1
end_of_record
TN:
SF:src/components/common/user-menu.tsx
FN:1,(empty-report)
FNF:1
FNH:1
FNDA:1,(empty-report)
DA:3,0
DA:4,0
DA:6,0
DA:7,0
DA:8,0
DA:9,0
DA:14,0
DA:15,0
DA:17,0
DA:18,0
DA:19,0
DA:20,0
DA:21,0
DA:22,0
DA:23,0
DA:24,0
DA:25,0
DA:27,0
DA:28,0
DA:30,0
DA:31,0
DA:32,0
DA:34,0
DA:35,0
DA:36,0
DA:37,0
DA:38,0
DA:40,0
DA:42,0
DA:43,0
DA:44,0
DA:45,0
DA:46,0
DA:47,0
DA:48,0
DA:49,0
DA:50,0
DA:51,0
DA:53,0
DA:55,0
DA:56,0
DA:57,0
DA:58,0
DA:59,0
DA:60,0
DA:61,0
DA:62,0
DA:63,0
DA:64,0
DA:65,0
DA:66,0
DA:67,0
DA:68,0
DA:69,0
DA:70,0
DA:71,0
DA:72,0
DA:73,0
DA:74,0
DA:75,0
DA:76,0
DA:77,0
DA:78,0
DA:79,0
DA:80,0
DA:81,0
DA:82,0
DA:83,0
DA:84,0
DA:85,0
DA:86,0
DA:87,0
DA:88,0
DA:89,0
DA:90,0
DA:92,0
DA:94,0
DA:95,0
DA:96,0
DA:97,0
DA:98,0
DA:100,0
DA:101,0
DA:103,0
DA:104,0
DA:106,0
DA:107,0
DA:108,0
DA:109,0
DA:110,0
DA:112,0
DA:113,0
DA:115,0
DA:116,0
DA:118,0
DA:120,0
DA:121,0
DA:122,0
DA:123,0
DA:124,0
DA:126,0
DA:128,0
DA:129,0
DA:130,0
DA:131,0
DA:133,0
LF:106
LH:0
BRDA:1,0,0,1
BRF:1
BRH:1
end_of_record
TN:
SF:src/components/flights/city-selector.tsx
FN:49,CitySelector
FN:98,handleCitySelect
FN:104,handleRegionChange
FN:126,onClick
FN:137,onClick
FN:183,onClick
FN:213,CityInput
FN:224,handleDepartureSelect
FNF:8
FNH:2
FNDA:14,CitySelector
FNDA:0,handleCitySelect
FNDA:0,handleRegionChange
FNDA:0,onClick
FNDA:0,onClick
FNDA:0,onClick
FNDA:7,CityInput
FNDA:0,handleDepartureSelect
DA:3,1
DA:4,1
DA:6,1
DA:7,1
DA:8,1
DA:9,1
DA:10,1
DA:11,1
DA:12,1
DA:13,1
DA:14,1
DA:27,1
DA:28,1
DA:29,1
DA:30,1
DA:31,1
DA:32,1
DA:33,1
DA:34,1
DA:35,1
DA:36,1
DA:37,1
DA:40,1
DA:41,1
DA:42,1
DA:43,1
DA:44,1
DA:45,1
DA:46,1
DA:49,1
DA:50,14
DA:51,14
DA:52,14
DA:53,14
DA:54,14
DA:55,14
DA:56,14
DA:57,14
DA:58,14
DA:60,14
DA:62,14
DA:63,14
DA:65,14
DA:66,14
DA:67,14
DA:68,266
DA:71,14
DA:72,14
DA:73,14
DA:74,0
DA:75,0
DA:76,0
DA:77,0
DA:79,0
DA:80,0
DA:81,14
DA:82,0
DA:83,0
DA:86,0
DA:87,0
DA:88,0
DA:89,0
DA:90,0
DA:92,0
DA:93,0
DA:95,0
DA:96,14
DA:98,14
DA:99,0
DA:101,0
DA:102,0
DA:104,14
DA:105,0
DA:106,0
DA:107,0
DA:109,14
DA:110,14
DA:112,14
DA:113,14
DA:114,14
DA:115,14
DA:116,14
DA:117,14
DA:118,14
DA:119,14
DA:121,14
DA:122,14
DA:123,14
DA:125,14
DA:126,14
DA:127,14
DA:130,14
DA:131,14
DA:132,14
DA:133,0
DA:134,14
DA:136,14
DA:137,14
DA:138,14
DA:143,14
DA:144,14
DA:145,14
DA:146,14
DA:147,14
DA:149,14
DA:150,14
DA:151,14
DA:152,14
DA:153,14
DA:154,14
DA:156,14
DA:161,14
DA:163,14
DA:164,14
DA:165,14
DA:166,14
DA:167,14
DA:169,14
DA:170,14
DA:171,0
DA:175,14
DA:176,14
DA:177,14
DA:178,14
DA:179,14
DA:180,42
DA:181,462
DA:183,14
DA:184,14
DA:186,14
DA:187,14
DA:188,14
DA:202,14
DA:213,1
DA:214,7
DA:215,7
DA:216,7
DA:217,7
DA:218,7
DA:219,7
DA:220,7
DA:221,7
DA:222,7
DA:224,7
DA:225,0
DA:227,0
DA:228,0
DA:230,7
DA:231,7
DA:232,7
DA:233,7
DA:234,7
DA:235,7
DA:236,7
DA:237,7
DA:238,7
DA:239,7
DA:241,7
DA:242,7
DA:243,7
DA:245,7
DA:246,7
DA:247,7
DA:248,5
DA:249,2
DA:255,7
DA:256,7
DA:257,7
DA:258,7
DA:259,7
DA:260,7
DA:262,7
DA:266,7
DA:267,7
DA:268,7
DA:269,7
DA:270,7
DA:271,7
DA:272,7
DA:273,7
DA:275,7
DA:276,7
DA:277,7
DA:279,7
DA:280,7
DA:281,7
DA:282,5
DA:283,2
DA:290,7
LF:189
LH:162
BRDA:49,0,0,14
BRDA:110,1,0,0
BRDA:123,2,0,0
BRDA:132,3,0,0
BRDA:65,4,0,14
BRDA:73,5,0,0
BRDA:81,6,0,0
BRDA:67,7,0,266
BRDA:72,8,0,140
BRDA:170,9,0,0
BRDA:179,10,0,360
BRDA:179,11,0,42
BRDA:180,12,0,462
BRDA:213,13,0,7
BRDA:247,14,0,5
BRDA:248,15,0,2
BRDA:281,16,0,5
BRDA:282,17,0,2
BRF:18
BRH:12
end_of_record
TN:
SF:src/components/flights/date-selector.tsx
FN:20,getRelativeDateLabel
FN:50,DateSelector
FN:88,handleDateSelect
FN:163,handleDepartureClick
FN:168,handleReturnClick
FN:173,handleAddReturnDate
FN:179,getDisabledDates
FN:312,onOpenChange
FNF:8
FNH:2
FNDA:4,getRelativeDateLabel
FNDA:2,DateSelector
FNDA:0,handleDateSelect
FNDA:0,handleDepartureClick
FNDA:0,handleReturnClick
FNDA:0,handleAddReturnDate
FNDA:0,getDisabledDates
FNDA:0,onOpenChange
DA:3,1
DA:4,1
DA:5,1
DA:8,1
DA:9,1
DA:10,1
DA:11,1
DA:12,1
DA:13,1
DA:14,1
DA:15,1
DA:20,4
DA:21,4
DA:22,4
DA:23,4
DA:26,4
DA:27,4
DA:28,2
DA:29,4
DA:30,2
DA:31,4
DA:32,0
DA:33,4
DA:34,0
DA:35,4
DA:36,4
DA:50,1
DA:51,2
DA:52,2
DA:53,2
DA:54,2
DA:55,2
DA:56,2
DA:57,2
DA:58,2
DA:59,2
DA:60,2
DA:61,2
DA:62,2
DA:66,2
DA:67,2
DA:68,2
DA:69,2
DA:70,0
DA:71,0
DA:72,0
DA:73,2
DA:74,2
DA:75,2
DA:76,2
DA:77,2
DA:78,2
DA:80,2
DA:83,2
DA:84,2
DA:85,1
DA:86,1
DA:88,2
DA:89,0
DA:90,0
DA:92,0
DA:94,0
DA:96,0
DA:98,0
DA:99,0
DA:100,0
DA:101,0
DA:103,0
DA:104,0
DA:106,0
DA:107,0
DA:109,0
DA:110,0
DA:112,0
DA:114,0
DA:115,0
DA:117,0
DA:119,0
DA:120,0
DA:121,0
DA:123,0
DA:125,0
DA:126,0
DA:127,0
DA:128,0
DA:130,0
DA:132,0
DA:133,0
DA:135,0
DA:136,0
DA:137,0
DA:139,0
DA:140,0
DA:141,0
DA:142,0
DA:143,0
DA:145,0
DA:146,0
DA:147,0
DA:148,0
DA:149,0
DA:150,0
DA:151,0
DA:152,0
DA:153,0
DA:154,0
DA:155,0
DA:156,0
DA:157,0
DA:158,0
DA:159,0
DA:160,0
DA:161,0
DA:163,2
DA:164,0
DA:165,0
DA:166,0
DA:168,2
DA:169,0
DA:170,0
DA:171,0
DA:173,2
DA:174,0
DA:175,0
DA:176,0
DA:177,0
DA:179,2
DA:180,0
DA:181,0
DA:182,0
DA:183,0
DA:184,0
DA:185,0
DA:186,0
DA:187,0
DA:188,0
DA:189,0
DA:190,0
DA:191,0
DA:192,0
DA:193,0
DA:194,0
DA:195,0
DA:197,2
DA:198,2
DA:199,2
DA:201,2
DA:202,2
DA:204,2
DA:205,2
DA:206,2
DA:207,2
DA:209,2
DA:212,2
DA:213,2
DA:214,2
DA:215,2
DA:216,2
DA:218,2
DA:219,2
DA:220,2
DA:223,2
DA:224,2
DA:229,2
DA:238,2
DA:239,2
DA:240,2
DA:241,2
DA:242,2
DA:243,2
DA:245,2
DA:251,2
DA:252,2
DA:253,2
DA:254,2
DA:256,2
DA:259,2
DA:260,2
DA:261,2
DA:262,2
DA:263,2
DA:264,2
DA:267,2
DA:268,2
DA:271,2
DA:272,2
DA:276,2
DA:285,2
DA:286,2
DA:287,2
DA:288,2
DA:290,2
DA:291,2
DA:292,2
DA:293,2
DA:294,2
DA:295,2
DA:296,0
DA:297,0
DA:298,0
DA:300,2
DA:301,2
DA:302,2
DA:303,2
DA:309,2
DA:310,2
DA:311,2
DA:312,2
DA:313,0
DA:314,0
DA:315,0
DA:316,0
DA:318,2
DA:319,2
DA:320,2
DA:323,2
DA:324,2
DA:325,0
DA:326,0
DA:327,0
DA:329,0
DA:330,0
DA:331,0
DA:334,0
DA:335,0
DA:340,2
DA:347,2
DA:348,2
DA:349,2
DA:350,2
DA:351,2
DA:352,2
DA:353,2
DA:354,2
DA:355,2
DA:361,2
DA:362,2
DA:363,2
DA:364,2
DA:371,2
LF:240
LH:139
BRDA:20,0,0,4
BRDA:27,1,0,2
BRDA:29,2,0,2
BRDA:31,3,0,0
BRDA:33,4,0,0
BRDA:50,5,0,2
BRDA:84,6,0,1
BRDA:84,7,0,1
BRDA:85,8,0,1
BRDA:292,9,0,0
BRDA:295,10,0,0
BRDA:311,11,0,0
BRDA:324,12,0,0
BRDA:68,13,0,2
BRDA:69,14,0,0
BRF:15
BRH:8
end_of_record
TN:
SF:src/components/flights/flight-card-skeleton.tsx
FN:10,FlightCardSkeleton
FNF:1
FNH:1
FNDA:3,FlightCardSkeleton
DA:1,1
DA:2,1
DA:3,1
DA:10,1
DA:11,3
DA:12,3
DA:13,3
DA:14,3
DA:15,3
DA:18,3
DA:19,3
DA:21,3
DA:23,3
DA:26,3
DA:27,3
DA:28,3
DA:33,3
DA:35,3
DA:36,3
DA:37,3
DA:41,3
DA:42,3
DA:43,3
DA:44,3
DA:45,3
DA:46,3
DA:51,3
DA:52,3
DA:53,3
DA:58,3
DA:60,3
DA:63,3
DA:69,3
LF:33
LH:33
BRDA:10,0,0,3
BRF:1
BRH:1
end_of_record
TN:
SF:src/components/flights/flight-card.tsx
FN:41,FlightCard
FN:58,getAirlineInitials
FNF:2
FNH:2
FNDA:9,FlightCard
FNDA:9,getAirlineInitials
DA:3,1
DA:5,1
DA:6,1
DA:7,1
DA:8,1
DA:41,1
DA:42,9
DA:43,9
DA:44,9
DA:45,9
DA:46,9
DA:47,9
DA:48,9
DA:49,9
DA:50,9
DA:51,9
DA:52,9
DA:53,9
DA:54,9
DA:55,9
DA:56,9
DA:58,9
DA:59,9
DA:60,9
DA:61,9
DA:62,9
DA:63,9
DA:64,9
DA:65,9
DA:67,9
DA:68,9
DA:69,9
DA:70,9
DA:71,9
DA:74,9
DA:75,9
DA:77,9
DA:79,9
DA:80,9
DA:81,9
DA:82,9
DA:87,9
DA:88,9
DA:89,9
DA:91,9
DA:92,9
DA:98,9
DA:100,9
DA:101,9
DA:102,9
DA:104,9
DA:105,9
DA:110,9
DA:111,9
DA:112,9
DA:113,9
DA:114,9
DA:115,9
DA:120,9
DA:121,9
DA:122,9
DA:123,9
DA:124,9
DA:125,9
DA:129,9
DA:130,9
DA:136,9
DA:138,9
DA:139,9
DA:143,9
DA:144,9
DA:145,9
DA:147,9
DA:154,9
LF:74
LH:74
BRDA:41,0,0,9
BRDA:123,1,0,2
BRDA:58,2,0,9
BRDA:61,3,0,23
BRF:4
BRH:4
end_of_record
TN:
SF:src/components/flights/flight-filter-sort.tsx
FN:1,(empty-report)
FNF:1
FNH:1
FNDA:1,(empty-report)
DA:3,0
DA:4,0
DA:6,0
DA:7,0
DA:8,0
DA:9,0
DA:15,0
DA:39,0
DA:40,0
DA:41,0
DA:42,0
DA:43,0
DA:44,0
DA:45,0
DA:46,0
DA:47,0
DA:48,0
DA:51,0
DA:52,0
DA:55,0
DA:56,0
DA:57,0
DA:58,0
DA:59,0
DA:60,0
DA:61,0
DA:62,0
DA:63,0
DA:64,0
DA:65,0
DA:66,0
DA:69,0
DA:70,0
DA:71,0
DA:73,0
DA:74,0
DA:75,0
DA:76,0
DA:77,0
DA:78,0
DA:79,0
DA:80,0
DA:81,0
DA:82,0
DA:83,0
DA:84,0
DA:85,0
DA:88,0
DA:90,0
DA:93,0
DA:94,0
DA:95,0
DA:96,0
DA:97,0
DA:100,0
DA:101,0
DA:102,0
DA:103,0
DA:104,0
DA:105,0
DA:106,0
DA:109,0
DA:110,0
DA:111,0
DA:112,0
DA:113,0
DA:114,0
DA:115,0
DA:118,0
DA:119,0
DA:120,0
DA:121,0
DA:122,0
DA:123,0
DA:124,0
DA:125,0
DA:126,0
DA:127,0
DA:128,0
DA:129,0
DA:130,0
DA:131,0
DA:132,0
DA:133,0
DA:134,0
DA:135,0
DA:136,0
DA:137,0
DA:138,0
DA:139,0
DA:140,0
DA:141,0
DA:142,0
DA:143,0
DA:144,0
DA:145,0
DA:146,0
DA:147,0
DA:148,0
DA:149,0
DA:150,0
DA:151,0
DA:152,0
DA:153,0
DA:154,0
DA:155,0
DA:156,0
DA:157,0
DA:158,0
DA:159,0
DA:161,0
DA:162,0
DA:163,0
DA:164,0
DA:166,0
DA:167,0
DA:168,0
DA:169,0
DA:171,0
DA:172,0
DA:175,0
DA:176,0
DA:177,0
DA:180,0
DA:181,0
DA:182,0
DA:183,0
DA:184,0
DA:185,0
DA:186,0
DA:187,0
DA:190,0
DA:191,0
DA:192,0
DA:193,0
DA:194,0
DA:195,0
DA:196,0
DA:197,0
DA:198,0
DA:199,0
DA:201,0
DA:202,0
DA:203,0
DA:204,0
DA:205,0
DA:206,0
DA:208,0
DA:209,0
DA:211,0
DA:212,0
DA:213,0
DA:214,0
DA:216,0
DA:218,0
DA:219,0
DA:220,0
DA:222,0
DA:223,0
DA:224,0
DA:225,0
DA:226,0
DA:227,0
DA:228,0
DA:230,0
DA:231,0
DA:232,0
DA:233,0
DA:234,0
DA:235,0
DA:236,0
DA:237,0
DA:239,0
DA:240,0
DA:241,0
DA:242,0
DA:243,0
DA:244,0
DA:245,0
DA:246,0
DA:248,0
DA:249,0
DA:250,0
DA:251,0
DA:252,0
DA:253,0
DA:254,0
DA:257,0
DA:258,0
DA:259,0
DA:260,0
DA:261,0
DA:262,0
DA:263,0
DA:264,0
DA:265,0
DA:266,0
DA:268,0
DA:269,0
DA:270,0
DA:271,0
DA:273,0
DA:274,0
DA:276,0
DA:277,0
DA:278,0
DA:279,0
DA:280,0
DA:281,0
DA:283,0
DA:284,0
DA:285,0
DA:286,0
DA:287,0
DA:288,0
DA:289,0
DA:291,0
DA:292,0
DA:293,0
DA:294,0
DA:296,0
DA:297,0
DA:298,0
DA:299,0
DA:300,0
DA:301,0
DA:303,0
DA:306,0
DA:307,0
DA:309,0
DA:310,0
DA:311,0
DA:312,0
DA:313,0
DA:314,0
DA:316,0
DA:317,0
DA:318,0
DA:319,0
DA:320,0
DA:321,0
DA:322,0
DA:324,0
DA:325,0
DA:326,0
DA:327,0
DA:329,0
DA:330,0
DA:331,0
DA:332,0
DA:333,0
DA:334,0
DA:335,0
DA:336,0
DA:337,0
DA:338,0
DA:340,0
DA:343,0
DA:344,0
DA:346,0
DA:347,0
DA:348,0
DA:349,0
DA:350,0
DA:351,0
DA:353,0
DA:354,0
DA:355,0
DA:356,0
DA:357,0
DA:360,0
DA:362,0
DA:363,0
DA:364,0
DA:365,0
DA:366,0
DA:367,0
DA:368,0
DA:369,0
DA:370,0
DA:371,0
DA:372,0
DA:374,0
DA:375,0
DA:376,0
DA:377,0
DA:378,0
DA:379,0
DA:380,0
DA:383,0
DA:385,0
DA:386,0
DA:387,0
DA:388,0
DA:389,0
DA:390,0
DA:391,0
DA:392,0
DA:393,0
DA:394,0
DA:395,0
DA:396,0
DA:398,0
DA:399,0
DA:400,0
DA:401,0
DA:402,0
DA:403,0
DA:404,0
DA:407,0
DA:409,0
DA:410,0
DA:411,0
DA:412,0
DA:413,0
DA:414,0
DA:415,0
DA:416,0
DA:417,0
DA:418,0
DA:420,0
LF:321
LH:0
BRDA:1,0,0,1
BRF:1
BRH:1
end_of_record
TN:
SF:src/components/flights/quick-date-selector.tsx
FN:1,(empty-report)
FNF:1
FNH:1
FNDA:1,(empty-report)
DA:3,0
DA:4,0
DA:5,0
DA:7,0
DA:11,0
DA:12,0
DA:14,0
DA:15,0
DA:26,0
DA:27,0
DA:28,0
DA:29,0
DA:30,0
DA:31,0
DA:32,0
DA:33,0
DA:34,0
DA:35,0
DA:36,0
DA:37,0
DA:38,0
DA:41,0
DA:42,0
DA:43,0
DA:44,0
DA:45,0
DA:46,0
DA:47,0
DA:48,0
DA:49,0
DA:50,0
DA:51,0
DA:52,0
DA:53,0
DA:54,0
DA:55,0
DA:56,0
DA:57,0
DA:58,0
DA:59,0
DA:60,0
DA:62,0
DA:63,0
DA:66,0
DA:67,0
DA:69,0
DA:70,0
DA:73,0
DA:74,0
DA:75,0
DA:76,0
DA:77,0
DA:78,0
DA:79,0
DA:80,0
DA:81,0
DA:84,0
DA:85,0
DA:86,0
DA:87,0
DA:90,0
DA:91,0
DA:92,0
DA:93,0
DA:94,0
DA:96,0
DA:97,0
DA:98,0
DA:99,0
DA:100,0
DA:103,0
DA:104,0
DA:105,0
DA:106,0
DA:107,0
DA:108,0
DA:109,0
DA:111,0
DA:112,0
DA:113,0
DA:114,0
DA:115,0
DA:116,0
DA:117,0
DA:119,0
DA:120,0
DA:121,0
DA:122,0
DA:123,0
DA:124,0
DA:125,0
DA:126,0
DA:127,0
DA:128,0
DA:129,0
DA:130,0
DA:131,0
DA:133,0
DA:135,0
DA:136,0
DA:138,0
DA:139,0
DA:140,0
DA:141,0
DA:142,0
DA:143,0
DA:144,0
DA:146,0
DA:147,0
DA:150,0
DA:151,0
DA:152,0
DA:153,0
DA:155,0
DA:156,0
DA:157,0
DA:158,0
DA:159,0
DA:160,0
DA:161,0
DA:162,0
DA:163,0
DA:164,0
DA:165,0
DA:166,0
DA:167,0
DA:168,0
DA:171,0
DA:172,0
DA:173,0
DA:176,0
DA:177,0
DA:178,0
DA:179,0
DA:180,0
DA:184,0
DA:185,0
DA:186,0
DA:187,0
DA:188,0
DA:190,0
DA:192,0
DA:193,0
DA:196,0
DA:197,0
DA:199,0
DA:201,0
DA:202,0
DA:205,0
DA:206,0
DA:207,0
DA:208,0
DA:209,0
DA:210,0
DA:211,0
DA:213,0
DA:214,0
DA:215,0
DA:217,0
LF:159
LH:0
BRDA:1,0,0,1
BRF:1
BRH:1
end_of_record
TN:
SF:src/components/flights/search-form.tsx
FN:1,(empty-report)
FNF:1
FNH:1
FNDA:1,(empty-report)
DA:3,0
DA:4,0
DA:6,0
DA:7,0
DA:8,0
DA:9,0
DA:10,0
DA:11,0
DA:37,0
DA:38,0
DA:39,0
DA:40,0
DA:41,0
DA:42,0
DA:43,0
DA:44,0
DA:45,0
DA:46,0
DA:47,0
DA:48,0
DA:49,0
DA:50,0
DA:51,0
DA:52,0
DA:53,0
DA:54,0
DA:55,0
DA:56,0
DA:57,0
DA:58,0
DA:59,0
DA:60,0
DA:61,0
DA:64,0
DA:66,0
DA:69,0
DA:70,0
DA:71,0
DA:73,0
DA:74,0
DA:75,0
DA:76,0
DA:77,0
DA:78,0
DA:79,0
DA:80,0
DA:81,0
DA:82,0
DA:83,0
DA:84,0
DA:87,0
DA:88,0
DA:89,0
DA:90,0
DA:91,0
DA:95,0
DA:97,0
DA:98,0
DA:99,0
DA:100,0
DA:103,0
DA:104,0
DA:105,0
DA:107,0
DA:110,0
DA:111,0
DA:112,0
DA:115,0
DA:116,0
DA:117,0
DA:119,0
DA:120,0
DA:121,0
DA:122,0
DA:123,0
DA:124,0
DA:125,0
DA:126,0
DA:127,0
DA:128,0
DA:129,0
DA:130,0
DA:131,0
DA:132,0
DA:133,0
DA:134,0
DA:135,0
DA:137,0
DA:138,0
DA:139,0
DA:140,0
DA:141,0
DA:143,0
DA:144,0
DA:145,0
DA:146,0
DA:147,0
DA:148,0
DA:149,0
DA:150,0
DA:151,0
DA:152,0
DA:153,0
DA:154,0
DA:157,0
DA:158,0
DA:161,0
DA:163,0
DA:164,0
DA:165,0
DA:166,0
DA:167,0
DA:169,0
DA:170,0
DA:172,0
DA:174,0
DA:175,0
DA:176,0
DA:177,0
DA:178,0
DA:180,0
DA:182,0
DA:183,0
DA:184,0
DA:185,0
DA:186,0
DA:187,0
DA:188,0
DA:190,0
DA:191,0
DA:192,0
DA:193,0
DA:194,0
DA:195,0
DA:196,0
DA:197,0
DA:198,0
DA:199,0
DA:200,0
DA:201,0
DA:203,0
DA:204,0
DA:205,0
DA:206,0
DA:209,0
DA:210,0
DA:211,0
DA:212,0
DA:213,0
DA:214,0
DA:215,0
DA:216,0
DA:217,0
DA:218,0
DA:219,0
DA:220,0
DA:221,0
DA:224,0
DA:226,0
DA:227,0
DA:228,0
DA:229,0
DA:230,0
DA:231,0
DA:232,0
DA:233,0
DA:234,0
DA:235,0
DA:237,0
DA:239,0
DA:240,0
DA:241,0
DA:242,0
DA:243,0
DA:244,0
DA:245,0
DA:246,0
DA:247,0
DA:248,0
DA:249,0
DA:252,0
DA:253,0
DA:254,0
DA:255,0
DA:256,0
DA:257,0
DA:259,0
DA:261,0
DA:262,0
DA:264,0
DA:266,0
LF:191
LH:0
BRDA:1,0,0,1
BRF:1
BRH:1
end_of_record
TN:
SF:src/components/flights/search-history.tsx
FN:18,FlightSearchHistoryCard
FN:25,getPriceStatus
FN:50,formatOneWayDate
FN:57,formatRoundTripDate
FN:67,handleClick
FNF:5
FNH:4
FNDA:12,FlightSearchHistoryCard
FNDA:12,getPriceStatus
FNDA:10,formatOneWayDate
FNDA:4,formatRoundTripDate
FNDA:0,handleClick
DA:3,1
DA:4,1
DA:6,1
DA:7,1
DA:9,1
DA:10,1
DA:18,1
DA:19,12
DA:20,12
DA:21,12
DA:22,12
DA:25,12
DA:26,12
DA:27,12
DA:28,11
DA:29,11
DA:30,11
DA:31,12
DA:32,1
DA:33,1
DA:35,11
DA:36,11
DA:38,12
DA:39,3
DA:40,12
DA:41,2
DA:42,8
DA:43,6
DA:44,6
DA:45,12
DA:47,12
DA:50,12
DA:51,10
DA:52,10
DA:53,10
DA:54,10
DA:57,12
DA:58,4
DA:59,4
DA:61,4
DA:62,4
DA:63,4
DA:64,4
DA:67,12
DA:68,0
DA:69,0
DA:70,0
DA:71,0
DA:73,0
DA:74,0
DA:75,0
DA:76,0
DA:77,0
DA:78,0
DA:79,0
DA:80,0
DA:81,0
DA:83,0
DA:84,0
DA:86,12
DA:87,12
DA:88,12
DA:89,12
DA:91,12
DA:93,12
DA:95,12
DA:96,12
DA:97,12
DA:99,12
DA:100,2
DA:102,12
DA:104,12
DA:105,12
DA:110,12
DA:111,12
DA:113,12
DA:116,12
DA:117,12
DA:118,12
DA:119,12
DA:120,12
DA:127,12
DA:128,12
DA:129,12
DA:130,12
DA:131,12
DA:133,12
DA:134,12
DA:135,12
DA:136,12
DA:137,12
DA:138,12
DA:141,12
DA:149,12
LF:94
LH:79
BRDA:18,0,0,12
BRDA:99,1,0,2
BRDA:127,2,0,11
BRDA:25,3,0,12
BRDA:27,4,0,11
BRDA:28,5,0,11
BRDA:29,6,0,11
BRDA:31,7,0,1
BRDA:33,8,0,11
BRDA:38,9,0,3
BRDA:40,10,0,8
BRDA:40,11,0,2
BRDA:42,12,0,6
BRDA:50,13,0,10
BRDA:57,14,0,4
BRDA:62,15,0,2
BRDA:62,16,0,2
BRF:17
BRH:17
end_of_record
TN:
SF:src/components/passengers/edit-passenger-client.tsx
FN:1,(empty-report)
FNF:1
FNH:1
FNDA:1,(empty-report)
DA:3,0
DA:4,0
DA:5,0
DA:7,0
DA:8,0
DA:15,0
DA:16,0
DA:17,0
DA:19,0
DA:20,0
DA:21,0
DA:22,0
DA:24,0
DA:25,0
DA:26,0
DA:27,0
DA:28,0
DA:29,0
DA:30,0
DA:31,0
DA:32,0
DA:33,0
DA:34,0
DA:35,0
DA:36,0
DA:37,0
DA:39,0
DA:40,0
DA:41,0
DA:44,0
DA:46,0
DA:47,0
DA:48,0
DA:49,0
DA:50,0
DA:51,0
DA:52,0
DA:54,0
DA:55,0
DA:56,0
DA:57,0
DA:58,0
DA:59,0
DA:60,0
DA:61,0
DA:62,0
DA:63,0
DA:64,0
DA:65,0
DA:66,0
DA:67,0
DA:68,0
DA:69,0
DA:70,0
DA:71,0
DA:72,0
DA:73,0
DA:74,0
DA:75,0
DA:77,0
DA:78,0
DA:79,0
DA:80,0
DA:81,0
DA:82,0
DA:84,0
DA:85,0
DA:87,0
DA:88,0
DA:89,0
DA:90,0
DA:91,0
DA:92,0
DA:93,0
DA:94,0
DA:95,0
DA:97,0
LF:77
LH:0
BRDA:1,0,0,1
BRF:1
BRH:1
end_of_record
TN:
SF:src/components/passengers/new-passenger-client.tsx
FN:1,(empty-report)
FNF:1
FNH:1
FNDA:1,(empty-report)
DA:3,0
DA:4,0
DA:5,0
DA:7,0
DA:8,0
DA:10,0
DA:11,0
DA:12,0
DA:14,0
DA:15,0
DA:16,0
DA:17,0
DA:19,0
DA:20,0
DA:21,0
DA:22,0
DA:23,0
DA:24,0
DA:25,0
DA:26,0
DA:27,0
DA:28,0
DA:29,0
DA:30,0
DA:31,0
DA:32,0
DA:34,0
DA:35,0
DA:36,0
DA:38,0
DA:39,0
DA:40,0
DA:41,0
DA:42,0
DA:43,0
DA:45,0
DA:46,0
DA:48,0
DA:49,0
DA:50,0
DA:51,0
DA:52,0
DA:53,0
DA:54,0
DA:55,0
DA:57,0
LF:46
LH:0
BRDA:1,0,0,1
BRF:1
BRH:1
end_of_record
TN:
SF:src/components/passengers/passenger-detail-view.tsx
FN:36,PassengerDetailView
FNF:1
FNH:1
FNDA:6,PassengerDetailView
DA:1,1
DA:2,1
DA:24,1
DA:25,1
DA:26,1
DA:27,1
DA:28,1
DA:30,1
DA:31,1
DA:32,1
DA:33,1
DA:34,1
DA:36,6
DA:37,6
DA:38,6
DA:39,6
DA:40,6
DA:42,6
DA:43,6
DA:44,6
DA:46,6
DA:47,6
DA:48,6
DA:50,6
DA:52,6
DA:54,6
DA:55,6
DA:56,6
DA:57,6
DA:58,6
DA:59,6
DA:62,6
DA:63,6
DA:64,6
DA:65,6
DA:66,5
DA:67,1
DA:68,6
DA:69,6
DA:72,6
DA:73,6
DA:75,6
DA:76,6
DA:77,6
DA:78,6
DA:81,6
DA:82,6
DA:83,6
DA:84,6
DA:85,6
DA:86,6
DA:89,6
DA:90,6
DA:91,6
DA:92,6
DA:93,6
DA:94,6
DA:97,6
DA:98,6
DA:99,6
DA:100,6
DA:101,6
DA:102,6
DA:105,6
DA:106,6
DA:107,6
DA:108,6
DA:109,6
DA:110,6
DA:113,6
DA:114,6
DA:115,6
DA:116,6
DA:117,6
DA:118,6
DA:121,6
DA:122,6
DA:123,6
DA:124,6
DA:125,6
DA:126,6
DA:127,6
DA:128,6
DA:131,6
DA:132,6
DA:133,6
DA:135,6
DA:136,6
DA:137,6
DA:139,6
DA:141,6
DA:143,6
DA:144,6
DA:145,6
DA:146,6
DA:147,6
DA:148,6
DA:151,6
DA:152,6
DA:153,6
DA:154,6
DA:155,6
DA:156,6
DA:159,6
DA:160,6
DA:161,6
DA:162,6
DA:163,6
DA:164,6
DA:165,6
DA:166,6
DA:167,6
DA:169,6
LF:113
LH:113
BRDA:36,0,0,6
BRDA:57,1,0,1
BRDA:65,2,0,5
BRDA:65,3,0,5
BRDA:66,4,0,1
BRDA:100,5,0,1
BRDA:108,6,0,1
BRDA:124,7,0,1
BRF:8
BRH:8
end_of_record
TN:
SF:src/components/passengers/passenger-list.tsx
FN:1,(empty-report)
FNF:1
FNH:1
FNDA:1,(empty-report)
DA:3,0
DA:5,0
DA:6,0
DA:7,0
DA:8,0
DA:26,0
DA:27,0
DA:28,0
DA:29,0
DA:30,0
DA:31,0
DA:32,0
DA:33,0
DA:34,0
DA:37,0
DA:38,0
DA:39,0
DA:40,0
DA:41,0
DA:42,0
DA:43,0
DA:46,0
DA:47,0
DA:48,0
DA:49,0
DA:50,0
DA:51,0
DA:52,0
DA:53,0
DA:54,0
DA:57,0
DA:58,0
DA:59,0
DA:60,0
DA:61,0
DA:62,0
DA:65,0
DA:66,0
DA:67,0
DA:68,0
DA:69,0
DA:72,0
DA:73,0
DA:74,0
DA:75,0
DA:76,0
DA:77,0
DA:79,0
DA:82,0
DA:83,0
DA:84,0
DA:85,0
DA:86,0
DA:87,0
DA:88,0
DA:91,0
DA:92,0
DA:93,0
DA:94,0
DA:95,0
DA:96,0
DA:97,0
DA:98,0
DA:101,0
DA:102,0
DA:103,0
DA:104,0
DA:105,0
DA:106,0
DA:107,0
DA:108,0
DA:109,0
DA:111,0
DA:112,0
DA:114,0
DA:115,0
DA:117,0
DA:118,0
DA:119,0
DA:120,0
DA:121,0
DA:122,0
DA:123,0
DA:124,0
DA:125,0
DA:126,0
DA:128,0
DA:129,0
DA:131,0
DA:132,0
DA:133,0
DA:136,0
DA:137,0
DA:138,0
DA:139,0
DA:140,0
DA:141,0
DA:142,0
DA:143,0
DA:144,0
DA:145,0
DA:146,0
DA:147,0
DA:148,0
DA:149,0
DA:150,0
DA:152,0
DA:153,0
DA:157,0
DA:158,0
DA:159,0
DA:160,0
DA:161,0
DA:162,0
DA:163,0
DA:164,0
DA:165,0
DA:166,0
DA:167,0
DA:168,0
DA:169,0
DA:170,0
DA:171,0
DA:172,0
DA:173,0
DA:174,0
DA:175,0
DA:176,0
DA:177,0
DA:178,0
DA:179,0
DA:180,0
DA:181,0
DA:182,0
DA:183,0
DA:184,0
DA:185,0
DA:187,0
DA:188,0
DA:190,0
DA:191,0
DA:192,0
DA:193,0
DA:194,0
DA:195,0
DA:196,0
DA:198,0
DA:199,0
DA:200,0
DA:201,0
DA:202,0
DA:203,0
DA:204,0
DA:205,0
DA:207,0
DA:208,0
DA:209,0
DA:210,0
DA:211,0
DA:212,0
DA:213,0
DA:214,0
DA:215,0
DA:216,0
DA:217,0
DA:218,0
DA:219,0
DA:220,0
DA:221,0
DA:222,0
DA:223,0
DA:224,0
DA:225,0
DA:226,0
DA:227,0
DA:228,0
DA:229,0
DA:230,0
DA:231,0
DA:233,0
DA:234,0
DA:235,0
DA:236,0
DA:237,0
DA:238,0
DA:239,0
DA:240,0
DA:242,0
DA:243,0
DA:244,0
DA:245,0
DA:246,0
DA:247,0
DA:248,0
DA:249,0
DA:251,0
DA:252,0
DA:253,0
DA:254,0
DA:255,0
DA:257,0
DA:258,0
DA:259,0
DA:262,0
DA:263,0
DA:264,0
DA:265,0
DA:266,0
DA:267,0
DA:268,0
DA:269,0
DA:270,0
DA:271,0
DA:272,0
DA:273,0
DA:274,0
DA:275,0
DA:276,0
DA:278,0
DA:279,0
DA:281,0
DA:283,0
LF:222
LH:0
BRDA:1,0,0,1
BRF:1
BRH:1
end_of_record
TN:
SF:src/components/passengers/passengers-data-table.tsx
FN:1,(empty-report)
FNF:1
FNH:1
FNDA:1,(empty-report)
DA:3,0
DA:4,0
DA:6,0
DA:12,0
DA:23,0
DA:24,0
DA:25,0
DA:26,0
DA:27,0
DA:29,0
DA:30,0
DA:31,0
DA:32,0
DA:33,0
DA:34,0
DA:36,0
DA:38,0
DA:39,0
DA:40,0
DA:41,0
DA:42,0
DA:43,0
DA:44,0
DA:46,0
DA:47,0
DA:48,0
DA:49,0
DA:50,0
DA:51,0
DA:52,0
DA:53,0
DA:55,0
DA:56,0
DA:57,0
DA:58,0
DA:59,0
DA:60,0
DA:61,0
DA:62,0
DA:63,0
DA:65,0
DA:67,0
DA:68,0
DA:69,0
DA:70,0
DA:71,0
DA:72,0
DA:73,0
DA:74,0
DA:75,0
DA:76,0
DA:79,0
DA:80,0
DA:81,0
DA:84,0
DA:85,0
DA:86,0
DA:87,0
DA:88,0
DA:89,0
DA:90,0
DA:91,0
DA:93,0
DA:96,0
DA:97,0
DA:98,0
DA:99,0
DA:100,0
DA:101,0
DA:103,0
DA:104,0
DA:105,0
DA:106,0
DA:107,0
DA:108,0
DA:109,0
DA:111,0
DA:112,0
DA:113,0
DA:114,0
DA:115,0
DA:116,0
DA:117,0
DA:118,0
DA:119,0
DA:121,0
DA:122,0
DA:123,0
DA:124,0
DA:125,0
DA:126,0
DA:127,0
DA:128,0
DA:129,0
DA:131,0
DA:132,0
DA:133,0
DA:134,0
DA:135,0
DA:136,0
DA:137,0
DA:139,0
DA:140,0
DA:141,0
DA:142,0
DA:143,0
DA:144,0
DA:145,0
DA:146,0
DA:147,0
DA:149,0
DA:150,0
DA:151,0
DA:152,0
DA:153,0
DA:154,0
DA:155,0
DA:156,0
DA:157,0
DA:160,0
DA:161,0
DA:162,0
DA:163,0
DA:164,0
DA:165,0
DA:166,0
DA:167,0
DA:168,0
DA:169,0
DA:170,0
DA:171,0
DA:172,0
DA:173,0
DA:174,0
DA:175,0
DA:176,0
DA:177,0
DA:178,0
DA:179,0
DA:180,0
DA:181,0
DA:182,0
DA:183,0
DA:184,0
DA:185,0
DA:188,0
DA:189,0
DA:190,0
DA:191,0
DA:192,0
DA:193,0
DA:194,0
DA:195,0
DA:196,0
DA:197,0
DA:200,0
DA:204,0
DA:207,0
DA:208,0
DA:209,0
DA:210,0
DA:211,0
DA:212,0
DA:213,0
DA:214,0
DA:215,0
DA:216,0
DA:219,0
DA:220,0
DA:221,0
DA:222,0
DA:223,0
DA:224,0
DA:225,0
DA:226,0
DA:227,0
DA:228,0
DA:229,0
DA:230,0
DA:231,0
DA:232,0
DA:233,0
DA:234,0
DA:235,0
DA:236,0
DA:237,0
DA:239,0
LF:187
LH:0
BRDA:1,0,0,1
BRF:1
BRH:1
end_of_record
TN:
SF:src/components/passengers/passengers-page-client.tsx
FN:1,(empty-report)
FNF:1
FNH:1
FNDA:1,(empty-report)
DA:3,0
DA:4,0
DA:5,0
DA:7,0
DA:8,0
DA:18,0
DA:28,0
DA:29,0
DA:30,0
DA:31,0
DA:32,0
DA:33,0
DA:34,0
DA:35,0
DA:36,0
DA:39,0
DA:40,0
DA:41,0
DA:42,0
DA:45,0
DA:46,0
DA:48,0
DA:49,0
DA:50,0
DA:52,0
DA:53,0
DA:54,0
DA:55,0
DA:56,0
DA:57,0
DA:58,0
DA:59,0
DA:60,0
DA:61,0
DA:62,0
DA:63,0
DA:64,0
DA:65,0
DA:66,0
DA:69,0
DA:70,0
DA:71,0
DA:72,0
DA:74,0
DA:75,0
DA:76,0
DA:77,0
DA:78,0
DA:79,0
DA:80,0
DA:81,0
DA:82,0
DA:83,0
DA:84,0
DA:85,0
DA:86,0
DA:89,0
DA:90,0
DA:91,0
DA:93,0
DA:94,0
DA:95,0
DA:96,0
DA:97,0
DA:98,0
DA:99,0
DA:100,0
DA:101,0
DA:102,0
DA:105,0
DA:106,0
DA:107,0
DA:108,0
DA:109,0
DA:111,0
DA:112,0
DA:113,0
DA:114,0
DA:115,0
DA:116,0
DA:117,0
DA:118,0
DA:119,0
DA:121,0
LF:84
LH:0
BRDA:1,0,0,1
BRF:1
BRH:1
end_of_record
TN:
SF:src/components/passengers/forms/passenger-form.tsx
FN:74,__vite_ssr_import_5__.z.object.refine.message
FN:90,PassengerForm
FN:126,handleSubmit
FN:150,render
FN:164,render
FN:177,render
FN:207,render
FN:226,render
FN:243,render
FN:281,render
FN:305,onSelect
FN:309,disabled
FN:324,render
FN:340,render
FN:371,render
FN:384,render
FN:397,render
FN:413,render
FN:438,render
FN:467,render
FN:484,render
FN:508,onSelect
FN:513,disabled
FNF:23
FNH:17
FNDA:0,__vite_ssr_import_5__.z.object.refine.message
FNDA:14,PassengerForm
FNDA:0,handleSubmit
FNDA:16,render
FNDA:20,render
FNDA:17,render
FNDA:16,render
FNDA:14,render
FNDA:14,render
FNDA:14,render
FNDA:0,onSelect
FNDA:0,disabled
FNDA:14,render
FNDA:14,render
FNDA:14,render
FNDA:14,render
FNDA:14,render
FNDA:14,render
FNDA:14,render
FNDA:14,render
FNDA:14,render
FNDA:0,onSelect
FNDA:0,disabled
DA:3,1
DA:4,1
DA:5,1
DA:6,1
DA:7,1
DA:9,1
DA:10,1
DA:11,1
DA:12,1
DA:20,1
DA:21,1
DA:26,1
DA:27,1
DA:34,1
DA:35,1
DA:41,1
DA:44,1
DA:45,1
DA:46,1
DA:47,1
DA:48,1
DA:49,1
DA:50,1
DA:51,1
DA:52,1
DA:53,1
DA:54,1
DA:55,1
DA:56,1
DA:57,1
DA:58,1
DA:59,1
DA:60,1
DA:61,1
DA:62,1
DA:63,1
DA:64,1
DA:65,1
DA:66,1
DA:67,1
DA:68,1
DA:69,1
DA:70,1
DA:71,1
DA:72,1
DA:73,1
DA:74,1
DA:75,1
DA:76,1
DA:77,1
DA:78,1
DA:79,1
DA:90,14
DA:91,14
DA:92,14
DA:93,14
DA:94,14
DA:95,14
DA:96,14
DA:97,14
DA:98,14
DA:99,14
DA:100,14
DA:101,14
DA:103,14
DA:104,14
DA:105,14
DA:106,14
DA:107,14
DA:108,14
DA:109,14
DA:110,14
DA:111,14
DA:112,14
DA:113,14
DA:114,14
DA:115,14
DA:116,14
DA:117,14
DA:118,14
DA:119,14
DA:120,14
DA:121,14
DA:122,14
DA:123,14
DA:124,14
DA:126,14
DA:127,0
DA:128,0
DA:130,14
DA:131,14
DA:132,14
DA:134,14
DA:135,14
DA:137,14
DA:139,14
DA:142,14
DA:143,14
DA:144,14
DA:145,14
DA:146,14
DA:147,14
DA:148,14
DA:149,14
DA:150,14
DA:151,16
DA:152,16
DA:153,16
DA:154,16
DA:155,16
DA:156,16
DA:157,16
DA:159,14
DA:160,14
DA:161,14
DA:162,14
DA:163,14
DA:164,14
DA:165,20
DA:166,20
DA:167,20
DA:168,20
DA:169,20
DA:170,20
DA:171,20
DA:173,14
DA:174,14
DA:175,14
DA:176,14
DA:177,14
DA:178,17
DA:179,17
DA:180,17
DA:181,17
DA:182,17
DA:183,17
DA:184,17
DA:185,17
DA:186,17
DA:187,17
DA:188,17
DA:189,17
DA:190,17
DA:191,17
DA:192,17
DA:193,17
DA:194,17
DA:195,17
DA:196,17
DA:198,14
DA:199,14
DA:200,14
DA:201,14
DA:204,14
DA:205,14
DA:206,14
DA:207,14
DA:208,16
DA:209,16
DA:210,16
DA:211,16
DA:212,16
DA:213,16
DA:214,16
DA:215,16
DA:217,16
DA:218,16
DA:220,14
DA:223,14
DA:224,14
DA:225,14
DA:226,14
DA:227,14
DA:228,14
DA:229,14
DA:230,14
DA:231,14
DA:232,14
DA:233,14
DA:234,14
DA:235,14
DA:237,14
DA:240,14
DA:241,14
DA:242,14
DA:243,14
DA:244,14
DA:245,14
DA:246,14
DA:247,14
DA:248,14
DA:249,14
DA:250,14
DA:252,14
DA:253,14
DA:254,14
DA:256,14
DA:257,14
DA:258,14
DA:259,14
DA:260,14
DA:262,14
DA:263,14
DA:264,14
DA:265,14
DA:266,14
DA:268,14
DA:269,14
DA:270,14
DA:271,14
DA:272,14
DA:273,14
DA:275,14
DA:278,14
DA:279,14
DA:280,14
DA:281,14
DA:282,14
DA:283,14
DA:284,14
DA:285,14
DA:286,14
DA:287,14
DA:288,14
DA:289,14
DA:290,14
DA:291,14
DA:292,14
DA:294,14
DA:295,0
DA:296,14
DA:297,14
DA:298,14
DA:299,14
DA:300,14
DA:301,14
DA:302,14
DA:303,14
DA:304,14
DA:305,14
DA:306,0
DA:307,0
DA:308,0
DA:309,14
DA:310,14
DA:311,14
DA:312,14
DA:313,14
DA:314,14
DA:315,14
DA:316,14
DA:318,14
DA:321,14
DA:322,14
DA:323,14
DA:324,14
DA:325,14
DA:326,14
DA:327,14
DA:328,14
DA:329,14
DA:330,14
DA:331,14
DA:333,14
DA:336,14
DA:337,14
DA:338,14
DA:339,14
DA:340,14
DA:341,14
DA:342,14
DA:343,14
DA:344,14
DA:346,14
DA:347,14
DA:348,14
DA:349,14
DA:350,14
DA:351,14
DA:352,14
DA:353,14
DA:354,14
DA:355,14
DA:356,14
DA:357,14
DA:359,14
DA:361,14
DA:362,14
DA:363,14
DA:364,14
DA:367,14
DA:368,14
DA:369,14
DA:370,14
DA:371,14
DA:372,14
DA:373,14
DA:374,14
DA:375,14
DA:376,14
DA:377,14
DA:378,14
DA:380,14
DA:381,14
DA:382,14
DA:383,14
DA:384,14
DA:385,14
DA:386,14
DA:387,14
DA:388,14
DA:389,14
DA:390,14
DA:391,14
DA:393,14
DA:394,14
DA:395,14
DA:396,14
DA:397,14
DA:398,14
DA:399,14
DA:400,14
DA:401,14
DA:402,14
DA:403,14
DA:404,14
DA:406,14
DA:407,14
DA:410,14
DA:411,14
DA:412,14
DA:413,14
DA:414,14
DA:415,14
DA:416,14
DA:417,14
DA:418,14
DA:419,14
DA:420,14
DA:422,14
DA:423,14
DA:425,14
DA:428,14
DA:429,14
DA:431,14
DA:433,14
DA:435,14
DA:436,14
DA:437,14
DA:438,14
DA:439,14
DA:440,14
DA:441,14
DA:442,14
DA:443,14
DA:444,14
DA:445,14
DA:447,14
DA:448,14
DA:449,14
DA:450,14
DA:451,14
DA:452,14
DA:453,14
DA:454,14
DA:455,14
DA:456,14
DA:457,14
DA:458,14
DA:459,14
DA:461,14
DA:464,14
DA:465,14
DA:466,14
DA:467,14
DA:468,14
DA:469,14
DA:470,14
DA:471,14
DA:472,14
DA:473,14
DA:474,14
DA:475,14
DA:476,14
DA:478,14
DA:481,14
DA:482,14
DA:483,14
DA:484,14
DA:485,14
DA:486,14
DA:487,14
DA:488,14
DA:489,14
DA:490,14
DA:491,14
DA:492,14
DA:493,14
DA:494,14
DA:495,14
DA:497,14
DA:498,0
DA:499,14
DA:500,14
DA:501,14
DA:502,14
DA:503,14
DA:504,14
DA:505,14
DA:506,14
DA:507,14
DA:508,14
DA:509,0
DA:510,0
DA:511,0
DA:512,0
DA:513,14
DA:514,14
DA:515,14
DA:516,14
DA:517,14
DA:518,14
DA:519,14
DA:520,14
DA:522,14
DA:523,14
DA:525,14
DA:527,14
DA:528,14
DA:531,14
DA:532,14
DA:533,14
DA:534,14
DA:535,14
DA:537,14
DA:538,14
DA:539,14
DA:540,14
DA:541,14
DA:542,14
DA:543,14
DA:544,14
DA:546,14
DA:547,14
DA:548,14
DA:549,14
DA:551,14
LF:447
LH:436
BRDA:90,0,0,14
BRDA:106,1,0,2
BRDA:106,2,0,12
BRDA:107,3,0,2
BRDA:107,4,0,12
BRDA:108,5,0,2
BRDA:108,6,0,12
BRDA:109,7,0,2
BRDA:109,8,0,12
BRDA:110,9,0,2
BRDA:110,10,0,12
BRDA:111,11,0,2
BRDA:111,12,0,12
BRDA:112,13,0,2
BRDA:113,14,0,2
BRDA:114,15,0,2
BRDA:115,16,0,2
BRDA:116,17,0,2
BRDA:117,18,0,2
BRDA:118,19,0,2
BRDA:119,20,0,2
BRDA:120,21,0,2
BRDA:120,22,0,12
BRDA:121,23,0,2
BRDA:121,24,0,12
BRDA:122,25,0,2
BRDA:537,26,0,2
BRDA:537,27,0,12
BRDA:150,28,0,16
BRDA:164,29,0,20
BRDA:177,30,0,17
BRDA:207,31,0,16
BRDA:226,32,0,14
BRDA:243,33,0,14
BRDA:281,34,0,14
BRDA:294,35,0,0
BRDA:324,36,0,14
BRDA:340,37,0,14
BRDA:371,38,0,14
BRDA:384,39,0,14
BRDA:397,40,0,14
BRDA:413,41,0,14
BRDA:438,42,0,14
BRDA:467,43,0,14
BRDA:484,44,0,14
BRDA:497,45,0,0
BRF:46
BRH:44
end_of_record
TN:
SF:src/lib/email.ts
FN:11,ResendEmailClient
FN:29,getInstance
FN:42,sendVerificationEmail
FN:91,getVerificationEmailTemplate
FN:159,sendEmailOtp
FNF:5
FNH:5
FNDA:1,ResendEmailClient
FNDA:15,getInstance
FNDA:15,sendVerificationEmail
FNDA:14,getVerificationEmailTemplate
FNDA:15,sendEmailOtp
DA:1,1
DA:7,1
DA:11,1
DA:12,1
DA:14,1
DA:15,0
DA:16,0
DA:17,0
DA:19,0
DA:20,1
DA:21,1
DA:22,1
DA:23,1
DA:29,1
DA:30,15
DA:31,1
DA:32,1
DA:33,15
DA:34,15
DA:42,1
DA:43,15
DA:44,15
DA:45,15
DA:46,15
DA:47,15
DA:48,15
DA:50,15
DA:51,15
DA:52,15
DA:54,15
DA:56,15
DA:57,1
DA:58,1
DA:61,14
DA:62,14
DA:63,14
DA:64,14
DA:65,14
DA:66,14
DA:68,15
DA:69,1
DA:70,1
DA:71,1
DA:73,15
DA:74,15
DA:75,15
DA:76,2
DA:78,2
DA:79,2
DA:80,2
DA:82,2
DA:83,2
DA:84,15
DA:91,1
DA:92,14
DA:124,14
DA:139,14
DA:149,14
DA:150,14
DA:151,1
DA:159,15
DA:160,15
DA:161,15
DA:162,15
DA:163,15
DA:164,15
DA:165,15
LF:67
LH:63
BRDA:11,0,0,1
BRDA:14,1,0,0
BRDA:29,2,0,15
BRDA:30,3,0,1
BRDA:42,4,0,15
BRDA:48,5,0,1
BRDA:56,6,0,1
BRDA:58,7,0,14
BRDA:66,8,0,13
BRDA:68,9,0,1
BRDA:71,10,0,12
BRDA:75,11,0,2
BRDA:91,12,0,14
BRDA:159,13,0,15
BRF:14
BRH:13
end_of_record
TN:
SF:src/lib/sms.ts
FN:14,AliyunSmsClient
FN:32,getInstance
FN:44,formatPhoneNumber
FN:55,sendSms
FN:132,sendSmsOtp
FNF:5
FNH:5
FNDA:1,AliyunSmsClient
FNDA:7,getInstance
FNDA:7,formatPhoneNumber
FNDA:7,sendSms
FNDA:7,sendSmsOtp
DA:1,1
DA:2,1
DA:3,1
DA:4,1
DA:10,1
DA:14,1
DA:17,1
DA:19,1
DA:20,1
DA:21,1
DA:24,1
DA:26,1
DA:27,1
DA:32,1
DA:33,7
DA:34,1
DA:35,1
DA:36,7
DA:37,7
DA:44,1
DA:46,7
DA:47,7
DA:55,1
DA:56,7
DA:57,7
DA:58,7
DA:60,7
DA:61,7
DA:62,7
DA:65,7
DA:66,7
DA:67,7
DA:68,7
DA:70,7
DA:71,1
DA:72,1
DA:73,1
DA:74,1
DA:77,6
DA:78,6
DA:79,6
DA:80,6
DA:81,6
DA:82,6
DA:83,6
DA:84,6
DA:86,6
DA:89,6
DA:90,6
DA:91,6
DA:92,6
DA:95,7
DA:96,3
DA:97,3
DA:98,3
DA:99,3
DA:100,7
DA:101,1
DA:102,1
DA:103,1
DA:104,1
DA:105,1
DA:106,7
DA:107,3
DA:110,3
DA:111,2
DA:112,2
DA:113,3
DA:115,1
DA:116,1
DA:117,1
DA:118,1
DA:119,1
DA:121,3
DA:122,3
DA:123,7
DA:124,1
DA:132,7
DA:133,7
DA:134,7
DA:135,7
DA:136,7
DA:137,7
DA:138,7
LF:84
LH:84
BRDA:14,0,0,1
BRDA:32,1,0,7
BRDA:33,2,0,1
BRDA:44,3,0,7
BRDA:55,4,0,7
BRDA:70,5,0,6
BRDA:70,6,0,1
BRDA:74,7,0,6
BRDA:92,8,0,4
BRDA:95,9,0,3
BRDA:100,10,0,1
BRDA:106,11,0,3
BRDA:110,12,0,2
BRDA:110,13,0,2
BRDA:113,14,0,1
BRDA:132,15,0,7
BRF:16
BRH:16
end_of_record
TN:
SF:src/lib/utils.ts
FN:4,cn
FNF:1
FNH:1
FNDA:8478,cn
DA:1,2
DA:2,2
DA:4,2
DA:5,8478
DA:6,8478
LF:5
LH:5
BRDA:4,0,0,8478
BRF:1
BRH:1
end_of_record
TN:
SF:src/lib/actions/auth.ts
FN:1,(empty-report)
FNF:1
FNH:1
FNDA:1,(empty-report)
DA:3,0
DA:4,0
DA:6,0
DA:7,0
DA:8,0
DA:19,0
DA:20,0
DA:22,0
DA:23,0
DA:24,0
DA:25,0
DA:28,0
DA:29,0
DA:30,0
DA:31,0
DA:32,0
DA:33,0
DA:37,0
DA:38,0
DA:39,0
DA:40,0
DA:41,0
DA:42,0
DA:43,0
DA:44,0
DA:45,0
DA:48,0
DA:49,0
DA:50,0
DA:51,0
DA:52,0
DA:53,0
DA:57,0
DA:58,0
DA:59,0
DA:60,0
DA:61,0
DA:62,0
DA:64,0
DA:65,0
DA:66,0
DA:67,0
DA:68,0
DA:69,0
DA:70,0
DA:71,0
DA:72,0
DA:73,0
DA:74,0
DA:75,0
LF:50
LH:0
BRDA:1,0,0,1
BRF:1
BRH:1
end_of_record
TN:
SF:src/lib/actions/flight-search-history.ts
FN:1,(empty-report)
FNF:1
FNH:1
FNDA:1,(empty-report)
DA:3,0
DA:4,0
DA:6,0
DA:7,0
DA:8,0
DA:9,0
DA:32,0
DA:33,0
DA:34,0
DA:35,0
DA:36,0
DA:38,0
DA:39,0
DA:41,0
DA:43,0
DA:44,0
DA:45,0
DA:47,0
DA:50,0
DA:51,0
DA:52,0
DA:53,0
DA:54,0
DA:55,0
DA:56,0
DA:57,0
DA:58,0
DA:59,0
DA:60,0
DA:61,0
DA:62,0
DA:63,0
DA:65,0
DA:66,0
DA:67,0
DA:68,0
DA:71,0
DA:78,0
DA:79,0
DA:80,0
DA:81,0
DA:82,0
DA:83,0
DA:84,0
DA:85,0
DA:86,0
DA:87,0
DA:88,0
DA:89,0
DA:91,0
DA:93,0
DA:94,0
DA:95,0
DA:96,0
DA:97,0
DA:98,0
DA:99,0
DA:100,0
DA:101,0
DA:102,0
DA:103,0
DA:104,0
DA:106,0
DA:107,0
DA:108,0
DA:109,0
DA:110,0
DA:111,0
DA:112,0
DA:113,0
DA:114,0
DA:115,0
DA:116,0
DA:117,0
DA:118,0
DA:119,0
DA:120,0
DA:121,0
DA:122,0
DA:123,0
DA:124,0
DA:126,0
DA:127,0
DA:128,0
LF:84
LH:0
BRDA:1,0,0,1
BRF:1
BRH:1
end_of_record
TN:
SF:src/lib/actions/index.ts
FN:1,(empty-report)
FNF:1
FNH:0
FNDA:0,(empty-report)
DA:1,0
DA:2,0
DA:3,0
LF:3
LH:0
BRDA:1,0,0,0
BRF:1
BRH:0
end_of_record
TN:
SF:src/lib/actions/passengers.ts
FN:1,(empty-report)
FNF:1
FNH:1
FNDA:1,(empty-report)
DA:3,0
DA:4,0
DA:5,0
DA:7,0
DA:8,0
DA:9,0
DA:15,0
DA:16,0
DA:18,0
DA:19,0
DA:20,0
DA:21,0
DA:23,0
DA:24,0
DA:25,0
DA:26,0
DA:27,0
DA:28,0
DA:31,0
DA:32,0
DA:33,0
DA:34,0
DA:35,0
DA:36,0
DA:37,0
DA:38,0
DA:39,0
DA:40,0
DA:41,0
DA:42,0
DA:43,0
DA:44,0
DA:45,0
DA:46,0
DA:47,0
DA:48,0
DA:49,0
DA:50,0
DA:51,0
DA:52,0
DA:54,0
DA:55,0
DA:56,0
DA:57,0
DA:58,0
DA:61,0
DA:62,0
DA:63,0
DA:64,0
DA:66,0
DA:67,0
DA:68,0
DA:69,0
DA:70,0
DA:71,0
DA:72,0
DA:73,0
DA:74,0
DA:75,0
DA:76,0
DA:77,0
DA:78,0
DA:83,0
DA:84,0
DA:86,0
DA:87,0
DA:88,0
DA:89,0
DA:91,0
DA:92,0
DA:93,0
DA:94,0
DA:95,0
DA:96,0
DA:99,0
DA:100,0
DA:101,0
DA:102,0
DA:103,0
DA:104,0
DA:105,0
DA:106,0
DA:107,0
DA:108,0
DA:110,0
DA:111,0
DA:112,0
DA:113,0
DA:114,0
DA:115,0
DA:118,0
DA:119,0
DA:120,0
DA:121,0
DA:122,0
DA:123,0
DA:124,0
DA:125,0
DA:126,0
DA:127,0
DA:128,0
DA:129,0
DA:130,0
DA:131,0
DA:132,0
DA:133,0
DA:134,0
DA:135,0
DA:136,0
DA:137,0
DA:138,0
DA:139,0
DA:140,0
DA:141,0
DA:144,0
DA:145,0
DA:146,0
DA:147,0
DA:148,0
DA:150,0
DA:151,0
DA:152,0
DA:153,0
DA:154,0
DA:155,0
DA:156,0
DA:157,0
DA:158,0
DA:159,0
DA:160,0
DA:161,0
DA:162,0
DA:167,0
DA:168,0
DA:170,0
DA:171,0
DA:172,0
DA:173,0
DA:175,0
DA:176,0
DA:177,0
DA:180,0
DA:181,0
DA:182,0
DA:183,0
DA:184,0
DA:185,0
DA:186,0
DA:187,0
DA:188,0
DA:189,0
DA:191,0
DA:192,0
DA:193,0
DA:195,0
DA:196,0
DA:197,0
DA:198,0
DA:199,0
DA:200,0
DA:201,0
DA:202,0
DA:203,0
DA:204,0
DA:209,0
DA:210,0
DA:212,0
DA:213,0
DA:214,0
DA:215,0
DA:217,0
DA:218,0
DA:219,0
DA:220,0
DA:221,0
DA:222,0
DA:225,0
DA:226,0
DA:227,0
DA:228,0
DA:229,0
DA:230,0
DA:231,0
DA:232,0
DA:233,0
DA:234,0
DA:236,0
DA:237,0
DA:238,0
DA:239,0
DA:240,0
DA:241,0
DA:244,0
DA:245,0
DA:246,0
DA:247,0
DA:249,0
DA:250,0
DA:251,0
DA:252,0
DA:253,0
DA:254,0
DA:255,0
DA:256,0
DA:257,0
DA:258,0
DA:259,0
DA:260,0
DA:261,0
DA:266,0
DA:267,0
DA:269,0
DA:270,0
DA:271,0
DA:272,0
DA:274,0
DA:275,0
DA:276,0
DA:277,0
DA:278,0
DA:279,0
DA:282,0
DA:283,0
DA:284,0
DA:285,0
DA:286,0
DA:287,0
DA:288,0
DA:289,0
DA:290,0
DA:291,0
DA:293,0
DA:294,0
DA:295,0
DA:296,0
DA:297,0
DA:298,0
DA:299,0
DA:300,0
DA:301,0
DA:302,0
DA:303,0
DA:304,0
DA:305,0
DA:306,0
DA:307,0
LF:246
LH:0
BRDA:1,0,0,1
BRF:1
BRH:1
end_of_record
TN:
SF:src/lib/actions/quick-date-prices.ts
FN:1,(empty-report)
FNF:1
FNH:1
FNDA:1,(empty-report)
DA:3,0
DA:5,0
DA:6,0
DA:7,0
DA:11,0
DA:49,0
DA:50,0
DA:51,0
DA:52,0
DA:53,0
DA:56,0
DA:57,0
DA:59,0
DA:60,0
DA:61,0
DA:64,0
DA:65,0
DA:66,0
DA:67,0
DA:68,0
DA:70,0
DA:71,0
DA:72,0
DA:74,0
DA:77,0
DA:80,0
DA:81,0
DA:82,0
DA:83,0
DA:84,0
DA:85,0
DA:87,0
DA:89,0
DA:90,0
DA:91,0
DA:92,0
DA:93,0
DA:94,0
DA:95,0
DA:97,0
DA:98,0
DA:99,0
DA:101,0
DA:102,0
DA:105,0
DA:106,0
DA:107,0
DA:108,0
DA:110,0
DA:111,0
DA:112,0
DA:114,0
DA:115,0
DA:116,0
DA:117,0
DA:118,0
DA:119,0
DA:120,0
DA:121,0
DA:122,0
DA:123,0
DA:124,0
DA:125,0
DA:126,0
DA:131,0
DA:136,0
DA:137,0
DA:140,0
DA:141,0
DA:142,0
DA:143,0
DA:144,0
DA:145,0
DA:146,0
DA:147,0
DA:148,0
DA:149,0
DA:150,0
DA:151,0
DA:153,0
DA:154,0
DA:156,0
DA:158,0
DA:159,0
DA:160,0
DA:161,0
DA:162,0
DA:165,0
DA:166,0
DA:167,0
DA:168,0
DA:169,0
DA:170,0
DA:173,0
DA:174,0
DA:175,0
DA:176,0
DA:177,0
DA:178,0
DA:179,0
DA:180,0
DA:181,0
DA:182,0
DA:183,0
DA:184,0
DA:185,0
DA:186,0
DA:187,0
DA:188,0
DA:189,0
DA:190,0
DA:191,0
DA:192,0
DA:193,0
DA:194,0
DA:196,0
DA:197,0
DA:198,0
DA:200,0
DA:201,0
DA:202,0
DA:203,0
DA:204,0
DA:206,0
DA:207,0
DA:212,0
DA:218,0
DA:219,0
DA:222,0
DA:223,0
DA:224,0
DA:225,0
DA:226,0
DA:227,0
DA:228,0
DA:229,0
DA:230,0
DA:231,0
DA:232,0
DA:233,0
DA:235,0
DA:236,0
DA:238,0
DA:240,0
DA:241,0
DA:242,0
DA:243,0
DA:244,0
DA:245,0
DA:246,0
DA:247,0
DA:248,0
DA:249,0
DA:252,0
DA:254,0
DA:255,0
DA:257,0
DA:258,0
DA:261,0
DA:262,0
DA:263,0
DA:264,0
DA:267,0
DA:268,0
DA:269,0
DA:270,0
DA:273,0
DA:274,0
DA:275,0
DA:276,0
DA:277,0
DA:278,0
DA:279,0
DA:280,0
DA:281,0
DA:282,0
DA:283,0
DA:284,0
DA:285,0
DA:286,0
DA:287,0
DA:288,0
DA:289,0
DA:290,0
DA:291,0
DA:292,0
DA:293,0
DA:294,0
DA:295,0
DA:296,0
DA:297,0
DA:298,0
DA:299,0
DA:300,0
DA:301,0
DA:302,0
DA:303,0
DA:304,0
DA:305,0
DA:306,0
DA:307,0
DA:308,0
DA:309,0
DA:310,0
DA:312,0
DA:313,0
DA:314,0
DA:315,0
DA:316,0
DA:317,0
DA:318,0
DA:319,0
DA:321,0
DA:322,0
DA:323,0
DA:324,0
DA:325,0
DA:326,0
DA:329,0
DA:330,0
DA:331,0
DA:332,0
DA:334,0
DA:335,0
DA:336,0
DA:337,0
DA:338,0
DA:339,0
DA:341,0
DA:342,0
LF:230
LH:0
BRDA:1,0,0,1
BRF:1
BRH:1
end_of_record
TN:
SF:src/lib/queries/cities.ts
FN:1,(empty-report)
FNF:1
FNH:0
FNDA:0,(empty-report)
DA:1,0
DA:3,0
DA:4,0
DA:23,0
DA:24,0
DA:25,0
DA:26,0
DA:27,0
DA:28,0
DA:29,0
DA:30,0
DA:31,0
DA:32,0
DA:33,0
DA:34,0
DA:35,0
DA:36,0
DA:37,0
LF:18
LH:0
BRDA:1,0,0,0
BRF:1
BRH:0
end_of_record
TN:
SF:src/lib/queries/flight-search-history.ts
FN:31,getRecentSearchHistory
FNF:1
FNH:1
FNDA:5,getRecentSearchHistory
DA:1,1
DA:3,1
DA:4,1
DA:31,5
DA:32,5
DA:33,5
DA:34,5
DA:35,5
DA:36,5
DA:37,5
DA:38,5
DA:39,5
DA:40,5
DA:41,5
DA:42,5
DA:43,5
DA:44,5
DA:45,5
DA:46,5
DA:47,5
DA:48,5
DA:49,5
DA:50,5
DA:51,5
DA:52,5
DA:53,5
DA:54,5
DA:55,5
DA:56,5
DA:57,5
DA:58,5
DA:60,5
DA:61,3
DA:62,3
DA:63,5
DA:64,5
LF:36
LH:36
BRDA:31,0,0,5
BRDA:60,1,0,3
BRF:2
BRH:2
end_of_record
TN:
SF:src/lib/queries/flights.ts
FN:102,searchFlights
FN:339,searchOneWayFlights
FN:351,searchRoundTripFlights
FNF:3
FNH:2
FNDA:13,searchFlights
FNDA:1,searchOneWayFlights
FNDA:0,searchRoundTripFlights
DA:1,1
DA:2,1
DA:3,1
DA:4,1
DA:5,1
DA:7,1
DA:8,1
DA:17,1
DA:19,1
DA:20,1
DA:21,1
DA:22,1
DA:23,1
DA:24,1
DA:25,1
DA:26,1
DA:27,1
DA:28,1
DA:29,1
DA:30,1
DA:31,1
DA:32,1
DA:102,13
DA:107,13
DA:109,13
DA:110,13
DA:111,13
DA:112,13
DA:113,13
DA:116,13
DA:117,1
DA:118,1
DA:121,8
DA:122,8
DA:123,8
DA:124,8
DA:125,8
DA:126,8
DA:127,8
DA:128,8
DA:129,8
DA:131,13
DA:132,1
DA:133,1
DA:135,6
DA:138,6
DA:139,6
DA:140,6
DA:141,6
DA:142,6
DA:143,6
DA:145,13
DA:146,0
DA:147,0
DA:150,6
DA:151,6
DA:152,6
DA:153,6
DA:154,6
DA:155,6
DA:156,6
DA:158,13
DA:159,1
DA:160,1
DA:162,5
DA:165,5
DA:166,5
DA:167,5
DA:168,5
DA:169,5
DA:170,5
DA:172,13
DA:173,0
DA:174,0
DA:178,5
DA:179,5
DA:182,5
DA:183,5
DA:187,5
DA:190,5
DA:193,13
DA:194,1
DA:195,1
DA:198,4
DA:199,13
DA:200,1
DA:201,1
DA:206,3
DA:211,3
DA:212,1
DA:213,2
DA:218,13
DA:219,13
DA:221,13
DA:222,13
DA:225,13
DA:226,13
DA:230,13
DA:231,13
DA:232,13
DA:233,13
DA:234,13
DA:235,13
DA:236,13
DA:237,13
DA:238,13
DA:239,13
DA:240,13
DA:241,13
DA:242,13
DA:243,13
DA:244,13
DA:245,13
DA:246,13
DA:247,13
DA:248,13
DA:249,13
DA:250,13
DA:251,13
DA:252,13
DA:253,13
DA:254,0
DA:255,3
DA:256,13
DA:257,13
DA:258,13
DA:259,13
DA:260,13
DA:261,13
DA:262,13
DA:263,13
DA:264,13
DA:265,13
DA:266,13
DA:267,13
DA:270,3
DA:272,13
DA:273,0
DA:275,0
DA:276,0
DA:277,0
DA:278,0
DA:279,0
DA:280,0
DA:281,0
DA:282,0
DA:283,0
DA:284,0
DA:285,0
DA:286,0
DA:287,0
DA:288,0
DA:289,0
DA:290,0
DA:291,0
DA:292,0
DA:293,0
DA:294,0
DA:295,0
DA:296,0
DA:297,0
DA:298,0
DA:299,0
DA:300,0
DA:301,0
DA:302,0
DA:303,0
DA:304,0
DA:305,0
DA:306,0
DA:307,0
DA:308,0
DA:309,0
DA:310,0
DA:311,0
DA:312,0
DA:313,0
DA:314,0
DA:315,0
DA:316,0
DA:317,0
DA:318,0
DA:321,0
DA:322,0
DA:323,0
DA:324,0
DA:325,0
DA:326,0
DA:327,0
DA:328,0
DA:329,0
DA:330,0
DA:331,0
DA:333,3
DA:334,3
DA:339,1
DA:344,1
DA:345,1
DA:346,1
DA:351,0
DA:357,0
DA:359,0
DA:360,0
DA:361,0
DA:362,0
DA:364,0
DA:365,0
DA:367,0
DA:368,0
DA:369,0
DA:372,0
DA:373,0
DA:374,0
DA:375,0
DA:376,0
DA:377,0
DA:378,0
DA:379,0
DA:380,0
DA:381,0
DA:382,0
DA:383,0
DA:384,0
DA:385,0
DA:387,0
DA:388,0
DA:389,0
DA:390,0
DA:391,0
LF:229
LH:138
BRDA:102,0,0,13
BRDA:116,1,0,1
BRDA:118,2,0,8
BRDA:129,3,0,7
BRDA:131,4,0,1
BRDA:133,5,0,6
BRDA:145,6,0,0
BRDA:147,7,0,6
BRDA:158,8,0,1
BRDA:160,9,0,5
BRDA:172,10,0,0
BRDA:174,11,0,5
BRDA:193,12,0,1
BRDA:195,13,0,4
BRDA:199,14,0,1
BRDA:201,15,0,3
BRDA:211,16,0,1
BRDA:212,17,0,2
BRDA:253,18,0,0
BRDA:254,19,0,3
BRDA:267,20,0,3
BRDA:272,21,0,0
BRDA:331,22,0,3
BRDA:221,23,0,3
BRDA:222,24,0,3
BRDA:339,25,0,1
BRF:26
BRH:22
end_of_record
TN:
SF:src/lib/queries/index.ts
FN:1,(empty-report)
FNF:1
FNH:0
FNDA:0,(empty-report)
DA:1,0
DA:2,0
DA:3,0
LF:3
LH:0
BRDA:1,0,0,0
BRF:1
BRH:0
end_of_record
TN:
SF:src/lib/queries/passengers.ts
FN:1,(empty-report)
FNF:1
FNH:0
FNDA:0,(empty-report)
DA:1,0
DA:3,0
DA:4,0
DA:7,0
DA:8,0
DA:9,0
DA:10,0
DA:11,0
DA:14,0
DA:15,0
DA:16,0
DA:17,0
DA:18,0
DA:19,0
DA:20,0
DA:21,0
DA:22,0
DA:23,0
DA:24,0
DA:25,0
DA:26,0
DA:27,0
DA:28,0
DA:29,0
DA:30,0
DA:31,0
DA:32,0
DA:33,0
LF:28
LH:0
BRDA:1,0,0,0
BRF:1
BRH:0
end_of_record
TN:
SF:src/lib/schema/airlines.ts
FNF:0
FNH:0
DA:1,1
DA:2,1
DA:29,1
DA:30,1
DA:31,1
DA:32,1
DA:35,1
DA:36,1
DA:37,1
DA:40,1
DA:43,1
DA:44,1
DA:45,1
DA:46,1
DA:47,1
DA:48,1
DA:49,1
DA:51,0
DA:52,0
DA:55,0
DA:56,0
DA:57,1
LF:22
LH:18
BRF:0
BRH:0
end_of_record
TN:
SF:src/lib/schema/airports.ts
FN:42,airports.cityId.notNull.references.onDelete
FNF:1
FNH:0
FNDA:0,airports.cityId.notNull.references.onDelete
DA:1,1
DA:2,1
DA:12,1
DA:30,1
DA:31,1
DA:32,1
DA:33,1
DA:36,1
DA:37,1
DA:40,1
DA:41,1
DA:42,1
DA:45,1
DA:48,1
DA:49,1
DA:50,1
DA:51,1
DA:52,1
DA:53,1
DA:54,1
DA:56,0
DA:57,0
DA:58,0
DA:61,0
DA:64,0
DA:65,0
DA:66,1
LF:27
LH:21
BRF:0
BRH:0
end_of_record
TN:
SF:src/lib/schema/cities.ts
FNF:0
FNH:0
DA:1,1
DA:2,1
DA:33,1
DA:34,1
DA:35,1
DA:36,1
DA:39,1
DA:40,1
DA:43,1
DA:46,1
DA:50,1
DA:54,1
DA:57,1
DA:62,1
DA:65,1
DA:68,1
DA:69,1
DA:70,1
DA:71,1
DA:72,1
DA:73,1
DA:74,1
DA:76,0
DA:77,0
DA:78,0
DA:79,0
DA:80,0
DA:81,0
DA:82,0
DA:86,0
DA:87,0
DA:88,0
DA:89,0
DA:90,0
DA:91,0
DA:93,0
DA:94,0
DA:95,0
DA:96,0
DA:97,0
DA:98,0
DA:100,0
DA:101,0
DA:102,0
DA:103,0
DA:104,0
DA:105,0
DA:108,0
DA:109,0
DA:110,0
DA:111,0
DA:112,0
DA:113,0
DA:114,0
DA:115,0
DA:116,0
DA:117,0
DA:118,0
DA:119,0
DA:120,0
DA:121,0
DA:122,0
DA:123,0
DA:124,0
DA:125,0
DA:126,0
DA:127,1
LF:67
LH:23
BRF:0
BRH:0
end_of_record
TN:
SF:src/lib/schema/flight-search-history.ts
FN:48,flightSearchHistory.userId.notNull.references.onDelete
FN:53,flightSearchHistory.departureCityId.notNull.references.onDelete
FN:56,flightSearchHistory.arrivalCityId.notNull.references.onDelete
FNF:3
FNH:0
FNDA:0,flightSearchHistory.userId.notNull.references.onDelete
FNDA:0,flightSearchHistory.departureCityId.notNull.references.onDelete
FNDA:0,flightSearchHistory.arrivalCityId.notNull.references.onDelete
DA:1,1
DA:2,1
DA:16,1
DA:17,1
DA:40,1
DA:41,1
DA:42,1
DA:43,1
DA:46,1
DA:47,1
DA:48,1
DA:51,1
DA:52,1
DA:53,1
DA:54,1
DA:55,1
DA:56,1
DA:59,1
DA:60,1
DA:61,1
DA:62,1
DA:63,1
DA:64,1
DA:67,1
DA:68,1
DA:69,1
DA:70,1
DA:71,1
DA:72,1
DA:75,1
DA:76,1
DA:77,1
DA:78,1
DA:79,1
DA:80,1
DA:81,1
DA:82,1
DA:85,1
DA:86,1
DA:87,1
DA:88,1
DA:91,1
DA:94,1
DA:95,1
DA:96,1
DA:97,1
DA:98,1
DA:99,1
DA:100,1
DA:101,1
DA:102,1
DA:104,0
DA:105,0
DA:106,0
DA:109,0
DA:110,0
DA:111,0
DA:112,0
DA:113,0
DA:117,0
DA:118,0
DA:119,0
DA:120,0
DA:121,0
DA:122,0
DA:123,0
DA:124,0
DA:127,0
DA:128,0
DA:129,0
DA:130,0
DA:131,0
DA:132,0
DA:133,0
DA:134,0
DA:135,0
DA:136,0
DA:137,0
DA:138,0
DA:139,0
DA:140,0
DA:141,0
DA:142,0
DA:143,0
DA:144,0
DA:145,0
DA:146,0
DA:147,0
DA:148,0
DA:149,0
DA:150,0
DA:151,0
DA:152,1
LF:93
LH:52
BRF:0
BRH:0
end_of_record
TN:
SF:src/lib/schema/flight-seat-classes.ts
FN:48,flightSeatClasses.flightId.notNull.references.onDelete
FNF:1
FNH:0
FNDA:0,flightSeatClasses.flightId.notNull.references.onDelete
DA:1,1
DA:2,1
DA:15,1
DA:40,1
DA:41,1
DA:42,1
DA:43,1
DA:46,1
DA:47,1
DA:48,1
DA:51,1
DA:54,1
DA:55,1
DA:58,1
DA:61,1
DA:64,1
DA:65,1
DA:66,1
DA:67,1
DA:68,1
DA:69,1
DA:70,1
DA:72,0
DA:73,0
DA:74,0
DA:77,0
DA:80,0
DA:81,0
DA:82,0
DA:83,0
DA:84,0
DA:85,0
DA:86,0
DA:87,0
DA:88,0
DA:89,0
DA:90,0
DA:91,0
DA:92,0
DA:93,0
DA:94,0
DA:95,1
LF:42
LH:23
BRF:0
BRH:0
end_of_record
TN:
SF:src/lib/schema/flights.ts
FN:46,flights.airlineId.notNull.references.onDelete
FN:49,flights.departureAirportId.notNull.references.onDelete
FN:52,flights.arrivalAirportId.notNull.references.onDelete
FNF:3
FNH:0
FNDA:0,flights.airlineId.notNull.references.onDelete
FNDA:0,flights.departureAirportId.notNull.references.onDelete
FNDA:0,flights.arrivalAirportId.notNull.references.onDelete
DA:1,1
DA:2,1
DA:12,1
DA:13,1
DA:35,1
DA:36,1
DA:37,1
DA:38,1
DA:41,1
DA:44,1
DA:45,1
DA:46,1
DA:47,1
DA:48,1
DA:49,1
DA:50,1
DA:51,1
DA:52,1
DA:55,1
DA:56,1
DA:57,1
DA:58,1
DA:59,1
DA:60,1
DA:63,1
DA:64,1
DA:67,1
DA:70,1
DA:73,1
DA:74,1
DA:75,1
DA:76,1
DA:77,1
DA:78,1
DA:79,1
DA:81,0
DA:82,0
DA:83,0
DA:84,0
DA:85,0
DA:86,0
DA:89,0
DA:90,0
DA:91,0
DA:92,0
DA:93,0
DA:94,0
DA:97,0
DA:98,0
DA:99,0
DA:100,0
DA:101,0
DA:102,0
DA:103,0
DA:104,0
DA:105,0
DA:106,1
LF:57
LH:36
BRF:0
BRH:0
end_of_record
TN:
SF:src/lib/schema/index.ts
FNF:0
FNH:0
DA:1,1
DA:2,1
DA:3,1
DA:4,1
DA:5,1
DA:6,1
DA:7,1
DA:8,1
LF:8
LH:8
BRF:0
BRH:0
end_of_record
TN:
SF:src/lib/schema/passengers.ts
FN:45,passengers.userId.notNull.references.onDelete
FNF:1
FNH:0
FNDA:0,passengers.userId.notNull.references.onDelete
DA:11,1
DA:12,1
DA:25,1
DA:28,1
DA:31,1
DA:32,1
DA:33,1
DA:34,1
DA:35,1
DA:38,1
DA:39,1
DA:40,1
DA:41,1
DA:43,1
DA:44,1
DA:45,1
DA:47,1
DA:48,1
DA:49,1
DA:51,1
DA:53,1
DA:55,1
DA:57,1
DA:59,1
DA:61,1
DA:63,1
DA:65,1
DA:66,1
DA:67,1
DA:69,1
DA:70,1
DA:71,1
DA:72,1
DA:73,1
DA:74,1
DA:75,1
DA:76,1
DA:78,0
DA:79,0
DA:80,0
DA:81,0
DA:82,0
DA:83,0
DA:84,0
DA:85,0
DA:87,0
DA:88,0
DA:89,0
DA:90,0
DA:91,0
DA:92,1
LF:51
LH:38
BRF:0
BRH:0
end_of_record
TN:
SF:src/lib/utils/api-response.ts
FN:1,(empty-report)
FNF:1
FNH:0
FNDA:0,(empty-report)
DA:1,0
DA:2,0
DA:23,0
DA:27,0
DA:28,0
DA:29,0
DA:30,0
DA:31,0
DA:32,0
DA:37,0
DA:38,0
DA:39,0
DA:40,0
DA:41,0
DA:42,0
DA:43,0
DA:44,0
DA:45,0
DA:46,0
DA:48,0
DA:49,0
DA:54,0
DA:55,0
DA:56,0
DA:57,0
DA:58,0
DA:59,0
DA:60,0
DA:61,0
DA:62,0
DA:63,0
DA:64,0
DA:65,0
DA:66,0
DA:67,0
DA:68,0
DA:70,0
DA:71,0
DA:76,0
DA:77,0
DA:78,0
DA:79,0
DA:80,0
DA:81,0
DA:82,0
DA:83,0
DA:84,0
DA:85,0
DA:86,0
DA:87,0
DA:88,0
DA:89,0
DA:91,0
DA:92,0
DA:97,0
DA:98,0
DA:99,0
DA:100,0
DA:101,0
DA:102,0
DA:103,0
DA:104,0
DA:105,0
DA:110,0
DA:111,0
DA:112,0
DA:113,0
DA:114,0
DA:115,0
DA:116,0
DA:121,0
DA:122,0
DA:123,0
DA:124,0
DA:125,0
DA:126,0
DA:127,0
DA:132,0
DA:133,0
DA:134,0
DA:135,0
DA:136,0
DA:137,0
DA:138,0
DA:143,0
DA:144,0
DA:145,0
DA:146,0
DA:147,0
DA:148,0
DA:149,0
DA:154,0
DA:155,0
DA:156,0
DA:157,0
DA:158,0
DA:159,0
DA:160,0
DA:165,0
DA:166,0
DA:167,0
DA:168,0
DA:169,0
DA:170,0
DA:175,0
DA:176,0
DA:177,0
DA:178,0
DA:179,0
DA:180,0
DA:185,0
DA:186,0
DA:187,0
DA:188,0
DA:189,0
DA:190,0
DA:196,0
DA:197,0
DA:198,0
DA:199,0
LF:120
LH:0
BRDA:1,0,0,0
BRF:1
BRH:0
end_of_record
TN:
SF:src/types/auth.ts
FN:17,__vite_ssr_import_0__.z.object.agreedToTerms.__vite_ssr_import_0__.z.boolean.refine.message
FN:34,__vite_ssr_import_0__.z.object.refine.message
FN:49,__vite_ssr_import_0__.z.object.agreedToTerms.__vite_ssr_import_0__.z.boolean.refine.message
FN:68,__vite_ssr_import_0__.z.object.agreedToTerms.__vite_ssr_import_0__.z.boolean.refine.message
FN:81,__vite_ssr_import_0__.z.object.agreedToTerms.__vite_ssr_import_0__.z.boolean.refine.message
FN:90,__vite_ssr_import_0__.z.object.agreedToTerms.__vite_ssr_import_0__.z.boolean.refine.message
FN:103,__vite_ssr_import_0__.z.object.agreedToTerms.__vite_ssr_import_0__.z.boolean.refine.message
FNF:7
FNH:7
FNDA:5,__vite_ssr_import_0__.z.object.agreedToTerms.__vite_ssr_import_0__.z.boolean.refine.message
FNDA:6,__vite_ssr_import_0__.z.object.refine.message
FNDA:6,__vite_ssr_import_0__.z.object.agreedToTerms.__vite_ssr_import_0__.z.boolean.refine.message
FNDA:7,__vite_ssr_import_0__.z.object.agreedToTerms.__vite_ssr_import_0__.z.boolean.refine.message
FNDA:3,__vite_ssr_import_0__.z.object.agreedToTerms.__vite_ssr_import_0__.z.boolean.refine.message
FNDA:4,__vite_ssr_import_0__.z.object.agreedToTerms.__vite_ssr_import_0__.z.boolean.refine.message
FNDA:3,__vite_ssr_import_0__.z.object.agreedToTerms.__vite_ssr_import_0__.z.boolean.refine.message
DA:1,1
DA:5,1
DA:6,1
DA:7,1
DA:8,1
DA:9,1
DA:10,1
DA:11,1
DA:12,1
DA:13,1
DA:14,1
DA:15,1
DA:16,1
DA:17,1
DA:18,1
DA:19,1
DA:20,1
DA:23,1
DA:24,1
DA:25,1
DA:26,1
DA:27,1
DA:28,1
DA:29,1
DA:30,1
DA:31,1
DA:32,1
DA:33,1
DA:34,1
DA:35,1
DA:36,1
DA:37,1
DA:41,1
DA:42,1
DA:43,1
DA:44,1
DA:45,1
DA:46,1
DA:47,1
DA:48,1
DA:49,1
DA:50,1
DA:51,1
DA:52,1
DA:56,1
DA:57,1
DA:58,1
DA:59,1
DA:60,1
DA:61,1
DA:62,1
DA:63,1
DA:64,1
DA:65,1
DA:66,1
DA:67,1
DA:68,1
DA:69,1
DA:70,1
DA:71,1
DA:74,1
DA:75,1
DA:76,1
DA:77,1
DA:78,1
DA:79,1
DA:80,1
DA:81,1
DA:82,1
DA:83,1
DA:84,1
DA:87,1
DA:88,1
DA:89,1
DA:90,1
DA:91,1
DA:92,1
DA:93,1
DA:96,1
DA:97,1
DA:98,1
DA:99,1
DA:100,1
DA:101,1
DA:102,1
DA:103,1
DA:104,1
DA:105,1
DA:106,1
LF:89
LH:89
BRDA:17,0,0,5
BRDA:34,1,0,6
BRDA:49,2,0,6
BRDA:68,3,0,7
BRDA:81,4,0,3
BRDA:90,5,0,4
BRDA:103,6,0,3
BRF:7
BRH:7
end_of_record
TN:
SF:src/types/example.ts
FN:70,__vite_ssr_import_0__.z.object.refine.message
FNF:1
FNH:1
FNDA:3,__vite_ssr_import_0__.z.object.refine.message
DA:1,1
DA:9,1
DA:10,1
DA:11,1
DA:12,1
DA:13,1
DA:14,1
DA:15,1
DA:16,1
DA:19,1
DA:20,1
DA:21,1
DA:22,1
DA:25,1
DA:26,1
DA:27,1
DA:28,1
DA:29,1
DA:30,1
DA:33,1
DA:34,1
DA:35,1
DA:36,1
DA:39,1
DA:40,1
DA:41,1
DA:44,1
DA:45,1
DA:46,1
DA:47,1
DA:48,1
DA:49,1
DA:52,1
DA:53,1
DA:54,1
DA:55,1
DA:58,1
DA:59,1
DA:60,1
DA:61,1
DA:62,1
DA:65,1
DA:66,1
DA:67,1
DA:68,1
DA:69,1
DA:70,1
DA:71,1
DA:72,1
DA:73,1
DA:76,1
DA:77,1
DA:78,1
DA:79,1
LF:54
LH:54
BRDA:70,0,0,3
BRDA:78,1,0,10
BRF:2
BRH:2
end_of_record
TN:
SF:src/types/api/health.ts
FN:1,(empty-report)
FNF:1
FNH:0
FNDA:0,(empty-report)
DA:1,0
DA:3,0
DA:10,0
DA:11,0
DA:12,0
DA:13,0
DA:14,0
DA:15,0
DA:18,0
DA:19,0
DA:20,0
DA:21,0
DA:22,0
LF:13
LH:0
BRDA:1,0,0,0
BRF:1
BRH:0
end_of_record
TN:
SF:src/types/api/passengers.ts
FN:1,(empty-report)
FNF:1
FNH:0
FNDA:0,(empty-report)
DA:1,0
DA:3,0
DA:16,0
DA:17,0
DA:18,0
DA:19,0
DA:20,0
DA:21,0
DA:22,0
DA:23,0
DA:24,0
DA:25,0
DA:26,0
DA:27,0
DA:28,0
DA:29,0
DA:30,0
DA:31,0
DA:32,0
DA:33,0
DA:34,0
DA:37,0
DA:38,0
DA:39,0
DA:40,0
DA:41,0
DA:42,0
DA:43,0
DA:44,0
DA:45,0
DA:46,0
DA:47,0
DA:48,0
DA:49,0
DA:50,0
DA:51,0
DA:52,0
DA:53,0
DA:54,0
DA:55,0
DA:56,0
DA:57,0
DA:58,0
DA:59,0
DA:60,0
DA:63,0
DA:64,0
DA:65,0
DA:66,0
DA:67,0
DA:68,0
DA:69,0
DA:70,0
DA:71,0
DA:72,0
DA:73,0
DA:74,0
DA:75,0
DA:76,0
DA:77,0
DA:78,0
DA:79,0
DA:80,0
DA:81,0
DA:82,0
DA:83,0
DA:84,0
DA:85,0
DA:86,0
DA:87,0
DA:88,0
DA:91,0
DA:92,0
DA:93,0
DA:96,0
DA:97,0
DA:98,0
DA:99,0
DA:100,0
DA:103,0
DA:104,0
DA:105,0
DA:106,0
DA:107,0
DA:108,0
DA:109,0
DA:112,0
DA:113,0
DA:114,0
DA:115,0
DA:116,0
DA:117,0
DA:118,0
LF:93
LH:0
BRDA:1,0,0,0
BRF:1
BRH:0
end_of_record
TN:
SF:src/types/api/response.ts
FN:1,(empty-report)
FNF:1
FNH:0
FNDA:0,(empty-report)
DA:1,0
DA:15,0
DA:16,0
DA:17,0
DA:18,0
DA:21,0
DA:22,0
DA:23,0
DA:24,0
DA:27,0
DA:28,0
DA:29,0
DA:30,0
DA:31,0
DA:32,0
DA:33,0
DA:34,0
DA:35,0
DA:38,0
DA:39,0
DA:40,0
DA:41,0
DA:42,0
DA:43,0
DA:44,0
DA:45,0
DA:46,0
DA:49,0
DA:50,0
DA:51,0
DA:52,0
DA:53,0
DA:54,0
DA:57,0
DA:58,0
DA:59,0
DA:60,0
DA:61,0
DA:62,0
DA:63,0
DA:64,0
DA:65,0
DA:66,0
DA:67,0
DA:68,0
DA:71,0
DA:72,0
DA:73,0
DA:74,0
DA:100,0
DA:101,0
DA:102,0
DA:107,0
DA:108,0
DA:109,0
LF:55
LH:0
BRDA:1,0,0,0
BRF:1
BRH:0
end_of_record
TN:
SF:src/utils/date.ts
FN:37,getWeekdayLabel
FN:53,formatDateWithWeekday
FN:72,formatTime
FN:90,formatDateString
FN:111,getBookingDateRange
FN:172,calculateQuickSelectDateRange
FN:182,normalizeToUTCStartOfDay
FNF:7
FNH:7
FNDA:23,getWeekdayLabel
FNDA:6,formatDateWithWeekday
FNDA:4,formatTime
FNDA:21,formatDateString
FNDA:5,getBookingDateRange
FNDA:15,calculateQuickSelectDateRange
FNDA:45,normalizeToUTCStartOfDay
DA:9,2
DA:10,2
DA:15,2
DA:16,2
DA:17,2
DA:18,2
DA:19,2
DA:20,2
DA:21,2
DA:22,2
DA:23,1
DA:37,2
DA:38,23
DA:39,23
DA:53,2
DA:54,6
DA:55,6
DA:56,6
DA:57,6
DA:58,6
DA:72,2
DA:73,4
DA:74,4
DA:90,2
DA:91,21
DA:92,21
DA:93,21
DA:94,21
DA:95,20
DA:96,4
DA:97,4
DA:111,2
DA:114,5
DA:116,5
DA:117,5
DA:120,5
DA:123,5
DA:126,5
DA:128,5
DA:129,5
DA:172,2
DA:173,15
DA:174,15
DA:175,15
DA:176,15
DA:177,15
DA:178,15
DA:179,15
DA:182,15
DA:183,45
DA:184,45
DA:185,45
DA:186,45
DA:187,45
DA:190,15
DA:191,15
DA:192,15
DA:195,15
DA:196,15
DA:199,15
DA:200,15
DA:203,15
DA:204,15
DA:205,15
DA:206,15
DA:209,15
DA:210,10
DA:213,10
DA:214,6
DA:215,6
DA:216,6
DA:218,4
DA:219,4
DA:220,4
DA:221,4
DA:222,10
DA:225,15
DA:226,15
DA:227,15
DA:228,98
DA:229,98
DA:230,98
DA:232,15
DA:233,15
DA:234,15
DA:235,15
DA:236,15
DA:237,15
LF:88
LH:88
BRDA:37,0,0,23
BRDA:53,1,0,6
BRDA:72,2,0,4
BRDA:90,3,0,21
BRDA:94,4,0,5
BRDA:94,5,0,20
BRDA:94,6,0,16
BRDA:95,7,0,12
BRDA:95,8,0,4
BRDA:111,9,0,5
BRDA:172,10,0,15
BRDA:209,11,0,10
BRDA:213,12,0,6
BRDA:216,13,0,4
BRDA:227,14,0,98
BRDA:182,15,0,45
BRF:16
BRH:16
end_of_record
TN:
SF:src/utils/flight.ts
FN:1,(empty-report)
FNF:1
FNH:1
FNDA:1,(empty-report)
DA:16,0
DA:17,0
DA:18,0
DA:19,0
DA:20,0
DA:21,0
DA:22,0
DA:23,0
DA:31,0
DA:32,0
DA:33,0
DA:34,0
DA:35,0
DA:43,0
DA:44,0
DA:45,0
DA:46,0
DA:47,0
DA:48,0
DA:57,0
DA:58,0
DA:59,0
DA:60,0
DA:61,0
DA:62,0
DA:65,0
DA:66,0
DA:68,0
DA:69,0
DA:71,0
DA:72,0
DA:74,0
DA:75,0
DA:83,0
DA:84,0
DA:85,0
DA:86,0
DA:87,0
DA:88,0
DA:90,0
DA:91,0
DA:92,0
DA:101,0
DA:102,0
DA:103,0
DA:104,0
DA:105,0
DA:106,0
DA:107,0
DA:108,0
DA:109,0
LF:51
LH:0
BRDA:1,0,0,1
BRF:1
BRH:1
end_of_record
TN:
SF:src/utils/logger.ts
FN:1,(empty-report)
FNF:1
FNH:0
FNDA:0,(empty-report)
DA:1,0
DA:2,0
DA:5,0
DA:6,0
DA:7,0
DA:9,0
DA:10,0
DA:11,0
DA:12,0
DA:13,0
DA:14,0
DA:15,0
DA:16,0
DA:17,0
DA:30,0
DA:31,0
DA:32,0
DA:33,0
DA:35,0
DA:36,0
DA:37,0
DA:38,0
DA:39,0
DA:40,0
DA:41,0
DA:44,0
DA:45,0
DA:49,0
DA:50,0
DA:52,0
DA:53,0
DA:55,0
DA:56,0
DA:60,0
DA:61,0
DA:62,0
DA:63,0
DA:64,0
DA:65,0
DA:66,0
DA:67,0
DA:74,0
DA:75,0
DA:77,0
DA:78,0
DA:79,0
DA:80,0
DA:81,0
DA:82,0
DA:83,0
DA:84,0
DA:87,0
DA:88,0
DA:110,0
DA:112,0
LF:55
LH:0
BRDA:1,0,0,0
BRF:1
BRH:0
end_of_record
TN:
SF:src/utils/mask-data.ts
FN:9,maskDocumentNumber
FN:26,maskPhoneNumber
FN:49,maskEmail
FNF:3
FNH:3
FNDA:5,maskDocumentNumber
FNDA:5,maskPhoneNumber
FNDA:7,maskEmail
DA:9,1
DA:10,5
DA:11,2
DA:12,2
DA:14,3
DA:15,3
DA:16,3
DA:18,3
DA:19,3
DA:26,1
DA:27,5
DA:28,1
DA:29,1
DA:32,4
DA:34,5
DA:35,1
DA:36,1
DA:38,3
DA:39,3
DA:40,3
DA:42,3
DA:43,3
DA:49,1
DA:50,7
DA:51,2
DA:52,2
DA:54,5
DA:56,7
DA:57,2
DA:58,2
DA:60,3
DA:61,3
DA:63,3
DA:64,3
LF:34
LH:34
BRDA:9,0,0,5
BRDA:10,1,0,4
BRDA:10,2,0,2
BRDA:12,3,0,3
BRDA:26,4,0,5
BRDA:27,5,0,1
BRDA:29,6,0,4
BRDA:34,7,0,1
BRDA:36,8,0,3
BRDA:49,9,0,7
BRDA:50,10,0,6
BRDA:50,11,0,2
BRDA:52,12,0,5
BRDA:56,13,0,2
BRDA:58,14,0,3
BRF:15
BRH:15
end_of_record
