TN:
SF:src/mdx-components.tsx
FN:1,(empty-report)
FNF:1
FNH:1
FNDA:1,(empty-report)
DA:2,0
DA:3,0
DA:4,0
DA:7,0
DA:9,0
DA:10,0
DA:11,0
DA:12,0
DA:13,0
DA:14,0
DA:15,0
DA:16,0
DA:17,0
LF:13
LH:0
BRDA:1,0,0,1
BRF:1
BRH:1
end_of_record
TN:
SF:src/components/auth/link-button.tsx
FN:1,(empty-report)
FNF:1
FNH:1
FNDA:1,(empty-report)
DA:3,0
DA:5,0
DA:6,0
DA:33,0
DA:38,0
DA:39,0
DA:41,0
DA:42,0
DA:43,0
DA:44,0
DA:46,0
DA:47,0
DA:48,0
DA:49,0
DA:50,0
DA:51,0
DA:53,0
DA:54,0
DA:55,0
DA:56,0
DA:57,0
DA:58,0
DA:59,0
DA:61,0
DA:62,0
DA:63,0
DA:64,0
DA:65,0
DA:66,0
DA:67,0
DA:69,0
DA:71,0
LF:32
LH:0
BRDA:1,0,0,1
BRF:1
BRH:1
end_of_record
TN:
SF:src/components/auth/sign-up-modal.tsx
FN:1,(empty-report)
FNF:1
FNH:1
FNDA:1,(empty-report)
DA:3,0
DA:5,0
DA:6,0
DA:22,0
DA:23,0
DA:24,0
DA:25,0
DA:26,0
DA:27,0
DA:28,0
DA:29,0
DA:30,0
DA:31,0
DA:32,0
DA:33,0
DA:34,0
DA:35,0
DA:36,0
DA:37,0
DA:38,0
DA:39,0
DA:40,0
DA:41,0
DA:42,0
DA:44,0
DA:45,0
DA:46,0
DA:47,0
DA:48,0
DA:49,0
DA:50,0
DA:51,0
DA:52,0
DA:53,0
DA:54,0
DA:56,0
DA:57,0
DA:59,0
DA:60,0
DA:62,0
DA:63,0
DA:67,0
DA:69,0
DA:70,0
DA:71,0
DA:72,0
DA:73,0
DA:74,0
DA:75,0
DA:77,0
DA:78,0
DA:79,0
DA:80,0
DA:81,0
DA:82,0
DA:83,0
DA:85,0
DA:86,0
DA:88,0
DA:89,0
DA:90,0
DA:91,0
DA:92,0
DA:93,0
DA:94,0
DA:95,0
DA:96,0
DA:97,0
DA:98,0
DA:99,0
DA:100,0
DA:102,0
DA:103,0
DA:104,0
DA:105,0
DA:106,0
DA:107,0
DA:109,0
DA:110,0
DA:111,0
DA:112,0
DA:113,0
DA:115,0
DA:116,0
DA:117,0
DA:118,0
DA:120,0
LF:87
LH:0
BRDA:1,0,0,1
BRF:1
BRH:1
end_of_record
TN:
SF:src/components/auth/social-account-card.tsx
FN:29,GithubIcon
FN:45,GoogleIcon
FN:91,SocialAccountCard
FN:104,onMouseEnter
FN:105,onMouseLeave
FNF:5
FNH:3
FNDA:2,GithubIcon
FNDA:2,GoogleIcon
FNDA:4,SocialAccountCard
FNDA:0,onMouseEnter
FNDA:0,onMouseLeave
DA:3,1
DA:4,1
DA:6,1
DA:29,2
DA:30,2
DA:31,2
DA:32,2
DA:33,2
DA:34,2
DA:35,2
DA:37,2
DA:40,2
DA:45,2
DA:46,2
DA:47,2
DA:48,2
DA:49,2
DA:50,2
DA:52,2
DA:53,2
DA:54,2
DA:56,2
DA:57,2
DA:58,2
DA:60,2
DA:61,2
DA:62,2
DA:66,2
DA:91,4
DA:92,4
DA:93,4
DA:94,4
DA:95,4
DA:96,4
DA:97,4
DA:98,4
DA:99,4
DA:101,4
DA:102,4
DA:103,4
DA:104,4
DA:105,4
DA:107,4
DA:109,4
DA:110,4
DA:111,4
DA:116,4
DA:119,4
DA:120,4
DA:122,4
DA:125,4
DA:126,4
DA:127,4
DA:132,4
DA:138,4
LF:55
LH:55
BRDA:29,0,0,2
BRDA:45,1,0,2
BRDA:91,2,0,4
BRDA:99,3,0,2
BRDA:99,4,0,2
BRDA:122,5,0,0
BRF:6
BRH:5
end_of_record
TN:
SF:src/components/auth/unlink-button.tsx
FN:1,(empty-report)
FNF:1
FNH:1
FNDA:1,(empty-report)
DA:3,0
DA:4,0
DA:6,0
DA:7,0
DA:33,0
DA:34,0
DA:40,0
DA:41,0
DA:42,0
DA:44,0
DA:45,0
DA:46,0
DA:47,0
DA:48,0
DA:49,0
DA:50,0
DA:52,0
DA:53,0
DA:54,0
DA:55,0
DA:56,0
DA:57,0
DA:58,0
DA:60,0
DA:61,0
DA:63,0
LF:26
LH:0
BRDA:1,0,0,1
BRF:1
BRH:1
end_of_record
TN:
SF:src/components/auth/user-sidebar.tsx
FN:1,(empty-report)
FNF:1
FNH:1
FNDA:1,(empty-report)
DA:3,0
DA:4,0
DA:5,0
DA:7,0
DA:9,0
DA:10,0
DA:24,0
DA:25,0
DA:26,0
DA:27,0
DA:28,0
DA:29,0
DA:30,0
DA:31,0
DA:32,0
DA:33,0
DA:34,0
DA:35,0
DA:36,0
DA:37,0
DA:38,0
DA:39,0
DA:40,0
DA:41,0
DA:42,0
DA:43,0
DA:44,0
DA:45,0
DA:46,0
DA:47,0
DA:48,0
DA:49,0
DA:50,0
DA:51,0
DA:52,0
DA:53,0
DA:54,0
DA:55,0
DA:56,0
DA:57,0
DA:58,0
DA:59,0
DA:60,0
DA:61,0
DA:63,0
DA:64,0
DA:67,0
DA:68,0
DA:69,0
DA:70,0
DA:73,0
DA:74,0
DA:75,0
DA:76,0
DA:77,0
DA:80,0
DA:81,0
DA:83,0
DA:84,0
DA:87,0
DA:88,0
DA:89,0
DA:90,0
DA:91,0
DA:93,0
DA:94,0
DA:95,0
DA:96,0
DA:97,0
DA:99,0
DA:100,0
DA:101,0
DA:102,0
DA:103,0
DA:104,0
DA:105,0
DA:106,0
DA:107,0
DA:108,0
DA:109,0
DA:111,0
DA:114,0
DA:115,0
DA:118,0
DA:119,0
DA:120,0
DA:121,0
DA:122,0
DA:123,0
DA:124,0
DA:126,0
DA:127,0
DA:129,0
DA:132,0
DA:133,0
DA:134,0
DA:135,0
DA:136,0
DA:137,0
DA:138,0
DA:140,0
DA:141,0
DA:142,0
DA:143,0
DA:145,0
DA:148,0
DA:149,0
DA:151,0
DA:152,0
LF:109
LH:0
BRDA:1,0,0,1
BRF:1
BRH:1
end_of_record
TN:
SF:src/components/auth/forms/email-login.tsx
FN:25,EmailLoginForm
FN:38,handleSubmit
FN:50,render
FN:72,render
FN:95,render
FNF:5
FNH:5
FNDA:16,EmailLoginForm
FNDA:2,handleSubmit
FNDA:67,render
FNDA:52,render
FNDA:19,render
DA:3,2
DA:4,2
DA:5,2
DA:7,2
DA:8,2
DA:9,2
DA:10,1
DA:11,1
DA:12,1
DA:13,1
DA:14,1
DA:15,1
DA:16,1
DA:17,2
DA:18,2
DA:25,16
DA:26,16
DA:27,16
DA:28,16
DA:29,16
DA:30,16
DA:31,16
DA:32,16
DA:33,16
DA:34,16
DA:35,16
DA:36,16
DA:38,16
DA:39,2
DA:40,2
DA:42,16
DA:43,16
DA:44,16
DA:45,16
DA:47,16
DA:48,16
DA:49,16
DA:50,16
DA:51,67
DA:52,67
DA:54,61
DA:55,67
DA:56,67
DA:57,67
DA:58,67
DA:59,67
DA:60,67
DA:61,61
DA:62,61
DA:63,67
DA:64,61
DA:66,10
DA:69,16
DA:70,16
DA:71,16
DA:72,16
DA:73,52
DA:74,52
DA:76,46
DA:77,52
DA:78,52
DA:79,52
DA:80,52
DA:81,52
DA:82,52
DA:83,46
DA:84,46
DA:85,52
DA:86,46
DA:88,10
DA:89,10
DA:92,16
DA:93,16
DA:94,16
DA:95,16
DA:96,19
DA:97,19
DA:98,19
DA:99,19
DA:100,19
DA:101,13
DA:102,13
DA:103,19
DA:104,19
DA:106,19
DA:107,19
DA:108,19
DA:109,19
DA:110,19
DA:111,19
DA:113,19
DA:115,19
DA:116,19
DA:117,19
DA:118,19
DA:119,19
DA:120,19
DA:122,13
DA:123,13
DA:124,19
DA:125,13
DA:126,13
DA:128,10
DA:131,16
DA:132,16
DA:133,16
DA:134,16
DA:136,16
DA:137,10
DA:138,10
DA:139,10
DA:141,16
LF:112
LH:112
BRDA:25,0,0,16
BRDA:136,1,0,2
BRDA:38,2,0,2
BRDA:50,3,0,67
BRDA:72,4,0,52
BRDA:95,5,0,19
BRDA:4,6,0,0
BRDA:136,7,0,14
BRF:8
BRH:7
end_of_record
TN:
SF:src/components/auth/forms/email-otp-login.tsx
FN:29,EmailOtpLoginForm
FN:54,handleSubmit
FN:58,handleSendOtp
FN:76,render
FN:102,render
FN:135,render
FNF:6
FNH:6
FNDA:80,EmailOtpLoginForm
FNDA:2,handleSubmit
FNDA:2,handleSendOtp
FNDA:83,render
FNDA:98,render
FNDA:83,render
DA:3,2
DA:4,2
DA:5,2
DA:6,2
DA:8,2
DA:9,2
DA:10,2
DA:11,1
DA:12,1
DA:13,1
DA:14,1
DA:15,1
DA:16,1
DA:17,1
DA:18,2
DA:19,2
DA:29,80
DA:30,80
DA:31,80
DA:32,80
DA:33,80
DA:34,80
DA:35,80
DA:36,80
DA:37,80
DA:38,80
DA:39,80
DA:40,80
DA:41,80
DA:42,80
DA:43,80
DA:46,80
DA:48,80
DA:49,72
DA:50,0
DA:51,0
DA:52,80
DA:54,80
DA:55,2
DA:56,2
DA:58,80
DA:59,2
DA:60,2
DA:61,2
DA:62,2
DA:64,80
DA:65,80
DA:66,80
DA:67,80
DA:69,80
DA:70,80
DA:72,58
DA:73,80
DA:74,80
DA:75,80
DA:76,80
DA:77,83
DA:78,83
DA:79,83
DA:80,83
DA:81,83
DA:82,83
DA:83,83
DA:84,61
DA:85,61
DA:86,83
DA:87,61
DA:89,58
DA:90,58
DA:93,80
DA:94,80
DA:96,58
DA:97,80
DA:99,80
DA:100,80
DA:101,80
DA:102,80
DA:103,98
DA:104,98
DA:105,98
DA:106,98
DA:107,98
DA:108,98
DA:109,98
DA:110,76
DA:111,76
DA:112,98
DA:113,76
DA:115,58
DA:118,80
DA:119,80
DA:120,80
DA:121,80
DA:122,80
DA:123,80
DA:125,80
DA:126,58
DA:127,58
DA:128,58
DA:129,58
DA:132,80
DA:133,80
DA:134,80
DA:135,80
DA:136,83
DA:137,83
DA:138,83
DA:139,83
DA:140,83
DA:141,61
DA:142,61
DA:143,83
DA:144,83
DA:146,83
DA:147,83
DA:148,83
DA:149,83
DA:150,83
DA:151,83
DA:153,83
DA:155,83
DA:156,83
DA:157,83
DA:158,83
DA:159,83
DA:160,83
DA:162,61
DA:163,61
DA:164,83
DA:165,61
DA:166,61
DA:168,58
DA:171,80
DA:172,80
DA:173,80
DA:174,80
DA:176,80
DA:177,58
DA:178,58
DA:179,58
DA:181,80
LF:141
LH:139
BRDA:29,0,0,80
BRDA:123,1,0,76
BRDA:125,2,0,4
BRDA:125,3,0,76
BRDA:176,4,0,0
BRDA:48,5,0,72
BRDA:49,6,0,0
BRDA:49,7,0,0
BRDA:54,8,0,2
BRDA:58,9,0,2
BRDA:76,10,0,83
BRDA:102,11,0,98
BRDA:135,12,0,83
BRDA:4,13,0,0
BRF:14
BRH:10
end_of_record
TN:
SF:src/components/auth/forms/email-verification.tsx
FN:31,EmailVerificationForm
FN:56,handleSubmit
FN:60,handleSendOtp
FN:78,render
FN:104,render
FN:136,render
FNF:6
FNH:6
FNDA:78,EmailVerificationForm
FNDA:2,handleSubmit
FNDA:2,handleSendOtp
FNDA:81,render
FNDA:96,render
FNDA:81,render
DA:3,2
DA:4,2
DA:5,2
DA:7,2
DA:8,2
DA:9,2
DA:10,1
DA:11,1
DA:12,1
DA:13,1
DA:14,1
DA:15,1
DA:16,1
DA:17,2
DA:18,2
DA:20,1
DA:21,1
DA:31,78
DA:32,78
DA:33,78
DA:34,78
DA:35,78
DA:36,78
DA:37,78
DA:38,78
DA:39,78
DA:40,78
DA:41,78
DA:42,78
DA:43,78
DA:44,78
DA:45,78
DA:48,78
DA:50,78
DA:51,71
DA:52,0
DA:53,0
DA:54,78
DA:56,78
DA:57,2
DA:58,2
DA:60,78
DA:61,2
DA:62,2
DA:63,2
DA:64,2
DA:66,78
DA:67,78
DA:68,78
DA:69,78
DA:71,78
DA:72,78
DA:74,56
DA:75,78
DA:76,78
DA:77,78
DA:78,78
DA:79,81
DA:80,81
DA:81,81
DA:82,81
DA:83,81
DA:84,81
DA:85,81
DA:86,59
DA:87,59
DA:88,81
DA:89,59
DA:91,56
DA:92,56
DA:95,78
DA:96,78
DA:98,56
DA:99,78
DA:101,78
DA:102,78
DA:103,78
DA:104,78
DA:105,96
DA:106,96
DA:107,96
DA:108,96
DA:109,96
DA:110,96
DA:111,96
DA:112,74
DA:113,74
DA:114,96
DA:115,74
DA:117,56
DA:120,78
DA:121,78
DA:122,78
DA:123,78
DA:124,78
DA:125,78
DA:127,78
DA:128,56
DA:129,56
DA:130,56
DA:133,78
DA:134,78
DA:135,78
DA:136,78
DA:137,81
DA:138,81
DA:139,81
DA:140,81
DA:141,81
DA:142,59
DA:143,59
DA:144,81
DA:145,81
DA:147,81
DA:148,81
DA:149,81
DA:150,81
DA:152,81
DA:154,81
DA:155,81
DA:156,81
DA:157,81
DA:159,81
DA:161,59
DA:162,81
DA:163,59
DA:164,59
DA:166,56
DA:167,56
DA:170,78
DA:171,78
DA:172,78
DA:173,78
DA:175,78
DA:176,56
DA:179,78
DA:180,78
DA:181,78
DA:182,78
DA:183,78
DA:185,56
DA:186,56
DA:187,56
DA:188,56
DA:190,78
LF:145
LH:143
BRDA:31,0,0,78
BRDA:127,1,0,2
BRDA:175,2,0,0
BRDA:50,3,0,71
BRDA:51,4,0,0
BRDA:51,5,0,0
BRDA:56,6,0,2
BRDA:60,7,0,2
BRDA:78,8,0,81
BRDA:104,9,0,96
BRDA:136,10,0,81
BRDA:125,11,0,76
BRDA:127,12,0,76
BRF:13
BRH:10
end_of_record
TN:
SF:src/components/auth/forms/password-setup.tsx
FN:38,PasswordSetupForm
FN:58,handleSubmit
FN:114,render
FN:131,onClick
FN:153,render
FN:170,onClick
FN:131,onClick
FN:170,onClick
FNF:8
FNH:8
FNDA:213,PasswordSetupForm
FNDA:1,handleSubmit
FNDA:220,render
FNDA:1,onClick
FNDA:315,render
FNDA:2,onClick
FNDA:200,onClick
FNDA:295,onClick
DA:3,2
DA:4,2
DA:5,2
DA:6,2
DA:7,2
DA:9,2
DA:10,2
DA:11,1
DA:12,1
DA:13,1
DA:14,1
DA:15,1
DA:16,1
DA:17,1
DA:18,2
DA:19,2
DA:38,213
DA:39,213
DA:40,213
DA:41,213
DA:42,213
DA:44,213
DA:45,213
DA:46,213
DA:47,213
DA:48,213
DA:49,213
DA:50,213
DA:52,213
DA:54,213
DA:55,213
DA:58,213
DA:59,1
DA:60,1
DA:63,213
DA:66,213
DA:67,213
DA:71,213
DA:72,213
DA:73,213
DA:74,213
DA:75,213
DA:76,213
DA:77,213
DA:78,213
DA:79,213
DA:80,213
DA:81,213
DA:82,213
DA:83,213
DA:84,213
DA:85,213
DA:86,213
DA:87,213
DA:88,213
DA:89,213
DA:90,213
DA:91,213
DA:92,213
DA:93,213
DA:94,193
DA:96,213
DA:97,213
DA:98,213
DA:100,213
DA:101,22
DA:102,22
DA:103,22
DA:104,22
DA:105,2
DA:106,2
DA:109,213
DA:111,213
DA:112,213
DA:113,213
DA:114,213
DA:115,220
DA:116,220
DA:118,200
DA:119,220
DA:120,220
DA:121,220
DA:122,220
DA:123,220
DA:124,220
DA:125,220
DA:126,200
DA:127,200
DA:128,220
DA:129,220
DA:130,220
DA:131,220
DA:132,1
DA:133,1
DA:134,1
DA:135,220
DA:137,220
DA:138,1
DA:140,219
DA:142,200
DA:143,200
DA:144,220
DA:145,200
DA:147,193
DA:150,213
DA:151,213
DA:152,213
DA:153,213
DA:154,315
DA:155,315
DA:157,295
DA:158,315
DA:159,315
DA:160,315
DA:161,315
DA:162,315
DA:163,315
DA:164,315
DA:165,295
DA:166,295
DA:167,315
DA:168,315
DA:169,315
DA:170,315
DA:171,2
DA:172,2
DA:173,2
DA:174,315
DA:176,315
DA:177,1
DA:179,314
DA:181,295
DA:182,295
DA:183,315
DA:184,295
DA:186,193
DA:189,213
DA:190,213
DA:192,193
DA:193,213
DA:194,213
DA:195,985
DA:196,985
DA:197,426
DA:198,66
DA:199,326
DA:200,599
DA:201,319
DA:203,297
DA:206,985
DA:207,985
DA:208,985
DA:209,385
DA:210,680
DA:211,360
DA:212,320
DA:215,985
DA:216,965
DA:217,965
DA:218,193
DA:219,193
DA:220,213
DA:221,213
DA:222,213
DA:223,213
DA:224,213
DA:225,213
DA:226,213
DA:227,121
DA:228,92
DA:229,68
DA:230,24
DA:231,10
DA:232,14
DA:233,10
DA:234,22
DA:235,193
DA:236,193
DA:237,193
DA:238,213
DA:239,213
DA:240,213
DA:241,189
DA:242,24
DA:243,10
DA:244,30
DA:245,193
DA:247,213
DA:248,189
DA:249,24
DA:250,10
DA:251,14
DA:252,193
DA:253,193
DA:254,193
DA:255,193
DA:256,193
DA:259,213
DA:260,213
DA:261,213
DA:262,213
DA:264,213
DA:266,193
DA:268,213
DA:269,213
DA:271,193
DA:272,193
DA:273,193
DA:274,193
DA:276,213
LF:210
LH:210
BRDA:38,0,0,213
BRDA:74,1,0,68
BRDA:100,2,0,22
BRDA:226,3,0,121
BRDA:227,4,0,103
BRDA:228,5,0,68
BRDA:229,6,0,38
BRDA:230,7,0,10
BRDA:231,8,0,30
BRDA:232,9,0,10
BRDA:233,10,0,22
BRDA:240,11,0,189
BRDA:241,12,0,38
BRDA:242,13,0,10
BRDA:243,14,0,30
BRDA:247,15,0,189
BRDA:248,16,0,24
BRDA:249,17,0,10
BRDA:250,18,0,14
BRDA:264,19,0,4
BRDA:264,20,0,209
BRDA:58,21,0,21
BRDA:114,22,0,220
BRDA:123,23,0,1
BRDA:123,24,0,219
BRDA:135,25,0,1
BRDA:135,26,0,219
BRDA:137,27,0,1
BRDA:138,28,0,219
BRDA:131,29,0,21
BRDA:153,30,0,315
BRDA:162,31,0,1
BRDA:162,32,0,314
BRDA:174,33,0,1
BRDA:174,34,0,314
BRDA:176,35,0,1
BRDA:177,36,0,314
BRDA:170,37,0,22
BRDA:194,38,0,985
BRDA:196,39,0,426
BRDA:197,40,0,66
BRDA:198,41,0,326
BRDA:199,42,0,599
BRDA:200,43,0,319
BRDA:201,44,0,297
BRDA:208,45,0,385
BRDA:209,46,0,680
BRDA:210,47,0,360
BRDA:211,48,0,320
BRDA:7,49,0,0
BRDA:227,50,0,92
BRDA:229,51,0,24
BRDA:231,52,0,14
BRDA:233,53,0,4
BRDA:241,54,0,24
BRDA:243,55,0,14
BRDA:137,56,0,200
BRDA:176,57,0,295
BRDA:197,58,0,389
BRDA:199,59,0,616
BRDA:200,60,0,596
BRF:61
BRH:60
end_of_record
TN:
SF:src/components/auth/forms/phone-login.tsx
FN:25,PhoneLoginForm
FN:38,handleSubmit
FN:50,render
FN:74,render
FN:96,render
FNF:5
FNH:5
FNDA:26,PhoneLoginForm
FNDA:2,handleSubmit
FNDA:78,render
FNDA:86,render
FNDA:31,render
DA:3,2
DA:4,2
DA:5,2
DA:7,2
DA:8,2
DA:9,2
DA:10,1
DA:11,1
DA:12,1
DA:13,1
DA:14,1
DA:15,1
DA:16,1
DA:17,2
DA:18,2
DA:25,26
DA:26,26
DA:27,26
DA:28,26
DA:29,26
DA:30,26
DA:31,26
DA:32,26
DA:33,26
DA:34,26
DA:35,26
DA:36,26
DA:38,26
DA:39,2
DA:40,2
DA:42,26
DA:43,26
DA:44,26
DA:45,26
DA:47,26
DA:48,26
DA:49,26
DA:50,26
DA:51,78
DA:52,78
DA:54,72
DA:55,78
DA:56,78
DA:57,78
DA:58,78
DA:59,78
DA:60,78
DA:61,78
DA:62,78
DA:63,72
DA:64,72
DA:65,78
DA:66,72
DA:68,20
DA:71,26
DA:72,26
DA:73,26
DA:74,26
DA:75,86
DA:76,86
DA:78,80
DA:79,86
DA:80,86
DA:81,86
DA:82,86
DA:83,86
DA:84,86
DA:85,80
DA:86,80
DA:87,86
DA:88,80
DA:90,20
DA:93,26
DA:94,26
DA:95,26
DA:96,26
DA:97,31
DA:98,31
DA:99,31
DA:100,31
DA:101,31
DA:102,25
DA:103,25
DA:104,31
DA:105,31
DA:107,31
DA:108,31
DA:109,31
DA:110,31
DA:111,31
DA:112,31
DA:114,31
DA:116,31
DA:117,31
DA:118,31
DA:119,31
DA:120,31
DA:121,31
DA:123,31
DA:125,25
DA:126,31
DA:127,25
DA:128,25
DA:130,20
DA:131,20
DA:134,26
DA:135,26
DA:136,26
DA:137,26
DA:139,26
DA:140,20
DA:141,20
DA:142,20
DA:144,26
LF:114
LH:114
BRDA:25,0,0,26
BRDA:139,1,0,4
BRDA:139,2,0,22
BRDA:38,3,0,2
BRDA:50,4,0,78
BRDA:74,5,0,86
BRDA:96,6,0,31
BRDA:4,7,0,0
BRF:8
BRH:7
end_of_record
TN:
SF:src/components/auth/forms/phone-otp-login.tsx
FN:29,PhoneOtpLoginForm
FN:54,handleSubmit
FN:58,handleSendOtp
FN:79,render
FN:109,render
FN:141,render
FNF:6
FNH:6
FNDA:87,PhoneOtpLoginForm
FNDA:2,handleSubmit
FNDA:3,handleSendOtp
FNDA:93,render
FNDA:119,render
FNDA:91,render
DA:3,2
DA:4,2
DA:5,2
DA:6,2
DA:8,2
DA:9,2
DA:10,2
DA:11,1
DA:12,1
DA:13,1
DA:14,1
DA:15,1
DA:16,1
DA:17,1
DA:18,2
DA:19,2
DA:29,87
DA:30,87
DA:31,87
DA:32,87
DA:33,87
DA:34,87
DA:35,87
DA:36,87
DA:37,87
DA:38,87
DA:39,87
DA:40,87
DA:41,87
DA:42,87
DA:43,87
DA:46,87
DA:48,87
DA:49,74
DA:50,0
DA:51,0
DA:52,87
DA:54,87
DA:55,2
DA:56,2
DA:58,87
DA:60,3
DA:62,3
DA:63,1
DA:64,1
DA:66,2
DA:67,2
DA:68,2
DA:69,3
DA:71,87
DA:72,87
DA:73,87
DA:74,87
DA:76,87
DA:77,87
DA:78,87
DA:79,87
DA:80,93
DA:81,93
DA:83,76
DA:84,93
DA:85,93
DA:86,93
DA:87,93
DA:88,93
DA:89,93
DA:90,93
DA:91,93
DA:92,76
DA:93,76
DA:94,93
DA:95,76
DA:97,70
DA:100,87
DA:101,87
DA:103,70
DA:104,87
DA:106,87
DA:107,87
DA:108,87
DA:109,87
DA:110,119
DA:111,119
DA:112,119
DA:113,119
DA:114,119
DA:115,119
DA:116,119
DA:117,102
DA:118,102
DA:119,119
DA:120,102
DA:122,70
DA:125,87
DA:126,87
DA:127,87
DA:128,87
DA:129,87
DA:130,87
DA:132,87
DA:133,70
DA:134,70
DA:135,70
DA:138,87
DA:139,87
DA:140,87
DA:141,87
DA:142,91
DA:143,91
DA:144,91
DA:145,91
DA:146,91
DA:147,74
DA:148,74
DA:149,91
DA:150,91
DA:152,91
DA:153,91
DA:154,91
DA:155,91
DA:156,91
DA:157,91
DA:159,91
DA:161,91
DA:162,91
DA:163,91
DA:164,91
DA:165,91
DA:166,91
DA:168,91
DA:170,74
DA:171,91
DA:172,74
DA:173,74
DA:175,70
DA:176,70
DA:179,87
DA:180,87
DA:181,87
DA:182,87
DA:184,87
DA:185,70
DA:186,70
DA:187,70
DA:189,87
LF:145
LH:143
BRDA:29,0,0,87
BRDA:130,1,0,83
BRDA:132,2,0,4
BRDA:132,3,0,83
BRDA:184,4,0,2
BRDA:184,5,0,85
BRDA:48,6,0,74
BRDA:49,7,0,0
BRDA:49,8,0,0
BRDA:54,9,0,2
BRDA:58,10,0,3
BRDA:62,11,0,2
BRDA:79,12,0,93
BRDA:109,13,0,119
BRDA:141,14,0,91
BRDA:4,15,0,0
BRDA:62,16,0,1
BRF:17
BRH:14
end_of_record
TN:
SF:src/components/auth/forms/phone-verification.tsx
FN:31,PhoneVerificationForm
FN:56,handleSubmit
FN:60,handleSendOtp
FN:74,render
FN:104,render
FN:136,render
FNF:6
FNH:6
FNDA:82,PhoneVerificationForm
FNDA:2,handleSubmit
FNDA:2,handleSendOtp
FNDA:87,render
FNDA:114,render
FNDA:86,render
DA:3,2
DA:4,2
DA:5,2
DA:7,2
DA:8,2
DA:9,2
DA:10,1
DA:11,1
DA:12,1
DA:13,1
DA:14,1
DA:15,1
DA:16,1
DA:17,2
DA:18,2
DA:20,1
DA:21,1
DA:31,82
DA:32,82
DA:33,82
DA:34,82
DA:35,82
DA:36,82
DA:37,82
DA:38,82
DA:39,82
DA:40,82
DA:41,82
DA:42,82
DA:43,82
DA:44,82
DA:45,82
DA:48,82
DA:50,82
DA:51,70
DA:52,0
DA:53,0
DA:54,82
DA:56,82
DA:57,2
DA:58,2
DA:60,82
DA:61,2
DA:62,2
DA:63,2
DA:64,2
DA:66,82
DA:67,82
DA:68,82
DA:69,82
DA:71,82
DA:72,82
DA:73,82
DA:74,82
DA:75,87
DA:76,87
DA:78,70
DA:79,87
DA:80,87
DA:81,87
DA:82,87
DA:83,87
DA:84,87
DA:85,87
DA:86,87
DA:87,70
DA:88,70
DA:89,87
DA:90,70
DA:92,65
DA:95,82
DA:96,82
DA:98,65
DA:99,82
DA:101,82
DA:102,82
DA:103,82
DA:104,82
DA:105,114
DA:106,114
DA:107,114
DA:108,114
DA:109,114
DA:110,114
DA:111,114
DA:112,97
DA:113,97
DA:114,114
DA:115,97
DA:117,65
DA:120,82
DA:121,82
DA:122,82
DA:123,82
DA:124,82
DA:125,82
DA:127,82
DA:128,65
DA:129,65
DA:130,65
DA:133,82
DA:134,82
DA:135,82
DA:136,82
DA:137,86
DA:138,86
DA:139,86
DA:140,86
DA:141,86
DA:142,69
DA:143,69
DA:144,86
DA:145,86
DA:147,86
DA:148,86
DA:149,86
DA:150,86
DA:152,86
DA:154,86
DA:155,86
DA:156,86
DA:157,86
DA:159,86
DA:161,69
DA:162,86
DA:163,69
DA:164,69
DA:166,65
DA:167,65
DA:170,82
DA:171,82
DA:172,82
DA:173,82
DA:175,82
DA:176,65
DA:179,82
DA:180,82
DA:181,82
DA:182,82
DA:183,82
DA:185,65
DA:186,65
DA:187,65
DA:188,65
DA:190,82
LF:145
LH:143
BRDA:31,0,0,82
BRDA:125,1,0,78
BRDA:127,2,0,4
BRDA:127,3,0,78
BRDA:175,4,0,2
BRDA:175,5,0,80
BRDA:50,6,0,70
BRDA:51,7,0,0
BRDA:51,8,0,0
BRDA:56,9,0,2
BRDA:60,10,0,2
BRDA:74,11,0,87
BRDA:104,12,0,114
BRDA:136,13,0,86
BRF:14
BRH:12
end_of_record
TN:
SF:src/components/common/app-sidebar.tsx
FN:1,(empty-report)
FNF:1
FNH:1
FNDA:1,(empty-report)
DA:3,0
DA:23,0
DA:24,0
DA:25,0
DA:27,0
DA:28,0
DA:33,0
DA:34,0
DA:46,0
DA:69,0
DA:71,0
DA:72,0
DA:73,0
DA:74,0
DA:75,0
DA:76,0
DA:77,0
DA:78,0
DA:79,0
DA:80,0
DA:81,0
DA:82,0
DA:83,0
DA:84,0
DA:85,0
DA:86,0
DA:87,0
DA:88,0
DA:89,0
DA:90,0
DA:91,0
DA:92,0
DA:93,0
DA:94,0
DA:95,0
DA:96,0
DA:97,0
DA:98,0
DA:99,0
DA:100,0
DA:101,0
DA:102,0
DA:103,0
DA:104,0
DA:105,0
DA:106,0
DA:107,0
DA:108,0
DA:109,0
DA:110,0
DA:111,0
DA:112,0
DA:113,0
DA:114,0
DA:115,0
DA:116,0
DA:117,0
DA:118,0
DA:119,0
DA:120,0
DA:121,0
DA:122,0
DA:123,0
DA:124,0
DA:125,0
DA:126,0
DA:127,0
DA:128,0
DA:129,0
DA:130,0
DA:131,0
DA:132,0
DA:133,0
DA:134,0
DA:135,0
DA:136,0
DA:137,0
DA:138,0
DA:139,0
DA:140,0
DA:141,0
DA:142,0
DA:144,0
DA:145,0
DA:146,0
DA:147,0
DA:148,0
DA:149,0
DA:150,0
DA:151,0
DA:152,0
DA:153,0
DA:154,0
DA:155,0
DA:156,0
DA:157,0
DA:158,0
DA:159,0
DA:160,0
DA:162,0
DA:163,0
DA:164,0
DA:165,0
DA:166,0
DA:167,0
DA:168,0
DA:169,0
DA:170,0
DA:171,0
DA:172,0
DA:173,0
DA:174,0
DA:175,0
DA:176,0
DA:177,0
DA:178,0
DA:180,0
DA:181,0
DA:182,0
DA:183,0
DA:184,0
DA:185,0
DA:186,0
DA:187,0
DA:188,0
DA:189,0
DA:190,0
DA:191,0
DA:192,0
DA:193,0
DA:194,0
DA:195,0
DA:196,0
DA:197,0
DA:200,0
DA:201,0
DA:202,0
DA:203,0
DA:204,0
DA:205,0
DA:206,0
DA:209,0
DA:210,0
DA:212,0
DA:214,0
DA:215,0
DA:216,0
DA:217,0
DA:220,0
DA:223,0
DA:226,0
DA:227,0
DA:228,0
DA:230,0
DA:231,0
DA:233,0
DA:234,0
DA:235,0
DA:236,0
DA:237,0
DA:240,0
DA:241,0
DA:242,0
DA:243,0
DA:244,0
DA:247,0
DA:249,0
DA:250,0
DA:251,0
DA:252,0
DA:253,0
DA:254,0
DA:255,0
DA:256,0
DA:257,0
DA:259,0
DA:260,0
DA:261,0
DA:262,0
DA:263,0
DA:264,0
DA:265,0
DA:266,0
DA:268,0
DA:269,0
DA:270,0
DA:274,0
DA:275,0
DA:276,0
DA:279,0
DA:280,0
DA:281,0
DA:282,0
DA:283,0
DA:284,0
DA:285,0
DA:286,0
DA:287,0
DA:288,0
DA:289,0
DA:290,0
DA:291,0
DA:292,0
DA:293,0
DA:294,0
DA:295,0
DA:296,0
DA:298,0
DA:299,0
DA:301,0
DA:302,0
DA:303,0
DA:305,0
DA:308,0
DA:309,0
DA:310,0
DA:311,0
DA:312,0
DA:313,0
DA:314,0
DA:315,0
DA:316,0
DA:318,0
DA:319,0
DA:320,0
DA:321,0
DA:322,0
DA:323,0
DA:325,0
DA:326,0
DA:327,0
DA:328,0
DA:329,0
DA:330,0
DA:331,0
DA:333,0
DA:335,0
DA:336,0
DA:338,0
DA:339,0
DA:340,0
DA:342,0
DA:343,0
DA:344,0
DA:345,0
DA:346,0
DA:347,0
DA:349,0
DA:350,0
DA:351,0
DA:352,0
DA:353,0
DA:355,0
DA:357,0
DA:358,0
DA:359,0
DA:360,0
DA:361,0
DA:362,0
DA:363,0
DA:364,0
DA:365,0
DA:367,0
DA:370,0
DA:371,0
DA:372,0
DA:373,0
DA:374,0
DA:375,0
DA:376,0
DA:377,0
DA:378,0
DA:380,0
DA:383,0
DA:384,0
DA:385,0
DA:386,0
DA:387,0
DA:388,0
DA:389,0
DA:390,0
DA:391,0
DA:393,0
DA:396,0
DA:397,0
DA:398,0
DA:399,0
DA:400,0
DA:401,0
DA:402,0
DA:403,0
DA:404,0
DA:405,0
DA:407,0
DA:408,0
DA:410,0
LF:296
LH:0
BRDA:1,0,0,1
BRF:1
BRH:1
end_of_record
TN:
SF:src/components/common/construction.tsx
FN:1,(empty-report)
FNF:1
FNH:0
FNDA:0,(empty-report)
DA:1,0
DA:3,0
DA:12,0
DA:13,0
DA:14,0
DA:15,0
DA:16,0
DA:20,0
DA:21,0
DA:22,0
DA:23,0
DA:24,0
DA:25,0
DA:26,0
DA:27,0
DA:28,0
DA:29,0
DA:30,0
DA:31,0
DA:33,0
LF:20
LH:0
BRDA:1,0,0,0
BRF:1
BRH:0
end_of_record
TN:
SF:src/components/common/data-table-with-actions.tsx
FN:1,(empty-report)
FNF:1
FNH:1
FNDA:1,(empty-report)
DA:3,0
DA:5,0
DA:15,0
DA:16,0
DA:17,0
DA:18,0
DA:26,0
DA:111,0
DA:112,0
DA:113,0
DA:114,0
DA:115,0
DA:116,0
DA:117,0
DA:118,0
DA:119,0
DA:120,0
DA:121,0
DA:122,0
DA:123,0
DA:124,0
DA:125,0
DA:126,0
DA:127,0
DA:128,0
DA:129,0
DA:130,0
DA:131,0
DA:132,0
DA:133,0
DA:134,0
DA:135,0
DA:137,0
DA:139,0
DA:141,0
DA:144,0
DA:145,0
DA:149,0
DA:151,0
DA:152,0
DA:153,0
DA:154,0
DA:155,0
DA:156,0
DA:157,0
DA:160,0
DA:161,0
DA:162,0
DA:163,0
DA:164,0
DA:165,0
DA:166,0
DA:167,0
DA:168,0
DA:171,0
DA:172,0
DA:173,0
DA:175,0
DA:177,0
DA:178,0
DA:179,0
DA:180,0
DA:182,0
DA:183,0
DA:184,0
DA:185,0
DA:186,0
DA:189,0
DA:190,0
DA:191,0
DA:192,0
DA:195,0
DA:196,0
DA:197,0
DA:200,0
DA:201,0
DA:204,0
DA:205,0
DA:206,0
DA:207,0
DA:208,0
DA:209,0
DA:210,0
DA:211,0
DA:212,0
DA:213,0
DA:214,0
DA:217,0
DA:218,0
DA:219,0
DA:222,0
DA:223,0
DA:224,0
DA:225,0
DA:226,0
DA:227,0
DA:233,0
DA:234,0
DA:235,0
DA:236,0
DA:239,0
DA:240,0
DA:241,0
DA:242,0
DA:243,0
DA:245,0
DA:246,0
DA:247,0
DA:248,0
DA:249,0
DA:251,0
DA:252,0
DA:254,0
DA:255,0
DA:258,0
DA:259,0
DA:260,0
DA:261,0
DA:265,0
DA:266,0
DA:267,0
DA:268,0
DA:269,0
DA:270,0
DA:271,0
DA:272,0
DA:273,0
DA:274,0
DA:275,0
DA:276,0
DA:277,0
DA:279,0
DA:280,0
DA:281,0
DA:282,0
DA:283,0
DA:285,0
DA:286,0
DA:287,0
DA:288,0
DA:289,0
DA:290,0
DA:291,0
DA:293,0
DA:294,0
DA:296,0
DA:297,0
DA:299,0
DA:300,0
DA:301,0
DA:302,0
DA:303,0
DA:304,0
DA:306,0
DA:307,0
DA:308,0
DA:309,0
DA:310,0
DA:311,0
DA:312,0
DA:313,0
DA:314,0
DA:316,0
DA:317,0
DA:318,0
DA:320,0
DA:321,0
DA:322,0
DA:323,0
DA:324,0
DA:325,0
DA:327,0
DA:329,0
DA:330,0
DA:331,0
DA:334,0
DA:335,0
DA:336,0
DA:337,0
DA:339,0
DA:340,0
DA:341,0
DA:342,0
DA:343,0
DA:344,0
DA:345,0
DA:347,0
DA:348,0
DA:349,0
DA:350,0
DA:351,0
DA:352,0
DA:353,0
DA:354,0
DA:356,0
DA:357,0
DA:358,0
DA:359,0
DA:361,0
DA:362,0
DA:363,0
DA:364,0
DA:365,0
DA:366,0
DA:367,0
DA:368,0
DA:369,0
DA:370,0
DA:371,0
DA:372,0
DA:373,0
DA:374,0
DA:375,0
DA:377,0
DA:378,0
DA:379,0
DA:380,0
DA:381,0
DA:382,0
DA:384,0
DA:385,0
DA:386,0
DA:387,0
DA:388,0
DA:389,0
DA:391,0
DA:393,0
DA:395,0
DA:396,0
DA:397,0
DA:400,0
DA:401,0
DA:403,0
DA:404,0
DA:405,0
DA:406,0
DA:407,0
DA:408,0
DA:409,0
DA:410,0
DA:411,0
DA:412,0
DA:414,0
DA:415,0
DA:416,0
DA:417,0
DA:418,0
DA:420,0
DA:421,0
DA:423,0
DA:424,0
DA:425,0
DA:426,0
DA:427,0
DA:428,0
DA:429,0
DA:430,0
DA:431,0
DA:432,0
DA:434,0
DA:435,0
DA:436,0
DA:437,0
DA:438,0
DA:439,0
DA:440,0
DA:441,0
DA:442,0
DA:443,0
DA:444,0
DA:446,0
DA:447,0
DA:448,0
DA:449,0
DA:451,0
DA:452,0
DA:453,0
DA:454,0
DA:456,0
DA:460,0
DA:461,0
DA:462,0
DA:463,0
DA:464,0
DA:465,0
DA:466,0
DA:467,0
DA:469,0
DA:470,0
DA:471,0
DA:472,0
DA:473,0
DA:474,0
DA:475,0
DA:476,0
DA:477,0
DA:478,0
DA:479,0
DA:480,0
DA:482,0
DA:484,0
DA:485,0
DA:487,0
DA:491,0
DA:492,0
DA:493,0
DA:494,0
DA:495,0
DA:496,0
DA:497,0
DA:498,0
DA:499,0
DA:500,0
DA:501,0
DA:502,0
DA:504,0
DA:506,0
DA:507,0
DA:508,0
DA:509,0
DA:511,0
LF:321
LH:0
BRDA:1,0,0,1
BRF:1
BRH:1
end_of_record
TN:
SF:src/components/common/dev-user-switcher.tsx
FN:1,(empty-report)
FNF:1
FNH:1
FNDA:1,(empty-report)
DA:18,0
DA:19,0
DA:21,0
DA:22,0
DA:23,0
DA:24,0
DA:25,0
DA:26,0
DA:33,0
DA:38,0
DA:39,0
DA:43,0
DA:45,0
DA:46,0
DA:47,0
DA:48,0
DA:49,0
DA:51,0
DA:53,0
DA:54,0
DA:55,0
DA:56,0
DA:57,0
DA:58,0
DA:59,0
DA:60,0
DA:61,0
DA:62,0
DA:63,0
DA:64,0
DA:66,0
DA:67,0
DA:69,0
DA:71,0
DA:73,0
DA:74,0
DA:75,0
DA:76,0
DA:77,0
DA:82,0
DA:83,0
DA:84,0
DA:85,0
DA:86,0
DA:87,0
DA:90,0
DA:91,0
DA:92,0
DA:94,0
DA:95,0
DA:96,0
DA:97,0
DA:98,0
DA:99,0
DA:100,0
DA:101,0
DA:103,0
DA:104,0
DA:105,0
DA:107,0
DA:108,0
DA:109,0
DA:110,0
DA:112,0
DA:114,0
DA:115,0
DA:116,0
DA:117,0
DA:118,0
DA:120,0
DA:121,0
DA:122,0
DA:124,0
DA:125,0
DA:126,0
DA:127,0
DA:128,0
DA:129,0
DA:131,0
DA:132,0
DA:133,0
DA:134,0
DA:135,0
DA:136,0
DA:137,0
DA:139,0
DA:140,0
DA:141,0
DA:142,0
DA:143,0
DA:144,0
DA:145,0
DA:146,0
DA:147,0
DA:149,0
DA:150,0
DA:151,0
DA:152,0
DA:153,0
DA:154,0
DA:155,0
DA:156,0
DA:158,0
DA:160,0
DA:161,0
DA:163,0
DA:165,0
DA:166,0
DA:167,0
DA:168,0
DA:170,0
DA:171,0
DA:173,0
DA:175,0
DA:177,0
DA:179,0
DA:180,0
DA:182,0
DA:183,0
DA:184,0
DA:186,0
LF:121
LH:0
BRDA:1,0,0,1
BRF:1
BRH:1
end_of_record
TN:
SF:src/components/common/footer.tsx
FN:1,(empty-report)
FNF:1
FNH:0
FNDA:0,(empty-report)
DA:1,0
DA:3,0
DA:4,0
DA:6,0
DA:7,0
DA:8,0
DA:9,0
DA:11,0
DA:12,0
DA:13,0
DA:15,0
DA:16,0
DA:17,0
DA:18,0
DA:20,0
DA:21,0
DA:24,0
DA:25,0
DA:26,0
DA:27,0
DA:28,0
DA:29,0
DA:30,0
DA:31,0
DA:33,0
DA:34,0
DA:35,0
DA:36,0
DA:37,0
DA:38,0
DA:39,0
DA:41,0
DA:42,0
DA:43,0
DA:44,0
DA:47,0
DA:48,0
DA:49,0
DA:50,0
DA:51,0
DA:52,0
DA:53,0
DA:54,0
DA:56,0
DA:57,0
DA:58,0
DA:59,0
DA:60,0
DA:61,0
DA:62,0
DA:64,0
DA:65,0
DA:66,0
DA:67,0
DA:68,0
DA:69,0
DA:70,0
DA:72,0
DA:73,0
DA:74,0
DA:75,0
DA:76,0
DA:79,0
DA:80,0
DA:81,0
DA:82,0
DA:83,0
DA:85,0
LF:68
LH:0
BRDA:1,0,0,0
BRF:1
BRH:0
end_of_record
TN:
SF:src/components/common/header.tsx
FN:1,(empty-report)
FNF:1
FNH:1
FNDA:1,(empty-report)
DA:3,0
DA:4,0
DA:5,0
DA:6,0
DA:8,0
DA:9,0
DA:10,0
DA:11,0
DA:16,0
DA:18,0
DA:19,0
DA:21,0
DA:22,0
DA:23,0
DA:25,0
DA:26,0
DA:27,0
DA:28,0
DA:29,0
DA:30,0
DA:31,0
DA:32,0
DA:33,0
DA:34,0
DA:37,0
DA:40,0
DA:42,0
DA:44,0
DA:47,0
DA:48,0
DA:49,0
DA:51,0
DA:52,0
DA:53,0
DA:54,0
DA:55,0
DA:56,0
DA:57,0
DA:58,0
DA:59,0
DA:61,0
DA:62,0
DA:63,0
DA:64,0
DA:65,0
DA:66,0
DA:67,0
DA:69,0
DA:70,0
DA:71,0
DA:72,0
DA:73,0
DA:74,0
DA:75,0
DA:77,0
DA:78,0
DA:79,0
DA:80,0
DA:81,0
DA:82,0
DA:83,0
DA:84,0
DA:86,0
DA:87,0
DA:88,0
DA:89,0
DA:90,0
DA:92,0
DA:95,0
DA:96,0
DA:97,0
DA:99,0
DA:100,0
DA:101,0
DA:102,0
DA:103,0
DA:104,0
DA:105,0
DA:106,0
DA:107,0
DA:108,0
DA:110,0
DA:111,0
DA:112,0
DA:113,0
DA:114,0
DA:115,0
DA:116,0
DA:117,0
DA:119,0
DA:120,0
DA:121,0
DA:122,0
DA:123,0
DA:125,0
DA:128,0
DA:129,0
DA:130,0
DA:131,0
DA:132,0
DA:134,0
DA:135,0
DA:136,0
DA:137,0
DA:138,0
DA:139,0
DA:140,0
DA:142,0
LF:108
LH:0
BRDA:1,0,0,1
BRF:1
BRH:1
end_of_record
TN:
SF:src/components/common/search-bar.tsx
FN:1,(empty-report)
FNF:1
FNH:1
FNDA:1,(empty-report)
DA:3,0
DA:4,0
DA:5,0
DA:7,0
DA:8,0
DA:10,0
DA:11,0
DA:13,0
DA:14,0
DA:15,0
DA:16,0
DA:18,0
DA:19,0
DA:21,0
DA:22,0
DA:23,0
DA:24,0
DA:25,0
DA:26,0
DA:27,0
DA:28,0
DA:29,0
DA:30,0
DA:31,0
DA:32,0
DA:33,0
DA:34,0
DA:35,0
DA:36,0
DA:37,0
DA:39,0
DA:40,0
DA:41,0
DA:42,0
DA:44,0
LF:35
LH:0
BRDA:1,0,0,1
BRF:1
BRH:1
end_of_record
TN:
SF:src/components/common/stepper.tsx
FNF:0
FNH:0
DA:3,1
DA:5,1
DA:20,1
DA:21,19
DA:22,19
DA:23,19
DA:24,19
DA:25,19
DA:26,71
DA:27,71
DA:28,71
DA:29,71
DA:31,71
DA:32,71
DA:34,71
DA:36,71
DA:37,71
DA:38,71
DA:39,71
DA:41,71
DA:42,71
DA:44,71
DA:45,71
DA:47,71
DA:48,71
DA:49,71
DA:52,71
DA:53,24
DA:54,24
DA:55,24
DA:56,24
DA:58,24
DA:59,24
DA:60,24
DA:61,24
DA:65,71
DA:66,71
DA:72,71
DA:73,71
DA:74,71
DA:75,71
DA:76,71
DA:77,71
DA:79,71
DA:81,71
DA:82,71
DA:83,71
DA:90,71
DA:91,71
DA:92,71
DA:93,71
DA:94,71
DA:95,71
DA:96,71
DA:97,71
DA:98,71
DA:99,71
DA:107,19
DA:111,19
DA:114,1
DA:116,1
LF:61
LH:61
BRDA:3,0,0,1
BRDA:3,1,0,0
BRDA:3,2,0,0
BRDA:3,3,0,0
BRDA:20,4,0,19
BRDA:25,5,0,71
BRDA:48,6,0,52
BRDA:52,7,0,24
BRDA:75,8,0,52
BRDA:76,9,0,52
BRDA:81,10,0,46
BRF:11
BRH:8
end_of_record
TN:
SF:src/components/common/theme-provider.tsx
FN:6,ThemeProvider
FNF:1
FNH:1
FNDA:273,ThemeProvider
DA:3,1
DA:6,1
DA:7,273
DA:8,273
DA:9,273
DA:10,273
DA:11,273
LF:7
LH:7
BRDA:6,0,0,273
BRF:1
BRH:1
end_of_record
TN:
SF:src/components/common/user-menu.tsx
FN:43,UserMenu
FN:46,handleSignOut
FNF:2
FNH:1
FNDA:9,UserMenu
FNDA:0,handleSignOut
DA:3,1
DA:4,1
DA:6,1
DA:7,1
DA:8,1
DA:9,1
DA:14,1
DA:15,1
DA:16,1
DA:43,9
DA:44,9
DA:46,9
DA:47,0
DA:48,0
DA:50,9
DA:51,1
DA:52,1
DA:53,1
DA:54,1
DA:56,1
DA:58,9
DA:59,2
DA:60,2
DA:61,2
DA:62,2
DA:63,2
DA:64,2
DA:65,2
DA:66,2
DA:67,2
DA:69,2
DA:71,6
DA:72,6
DA:73,6
DA:74,6
DA:75,6
DA:76,6
DA:78,6
DA:79,6
DA:80,9
DA:81,9
DA:82,9
DA:83,9
DA:84,9
DA:85,9
DA:86,9
DA:87,9
DA:89,9
DA:90,9
DA:91,9
DA:92,9
DA:93,9
DA:94,9
DA:95,9
DA:96,9
DA:97,9
DA:98,9
DA:99,9
DA:100,9
DA:101,9
DA:102,9
DA:103,9
DA:104,9
DA:105,9
DA:106,9
DA:107,9
DA:108,9
DA:109,9
DA:111,9
DA:112,9
DA:113,9
DA:114,9
DA:116,9
DA:118,9
DA:119,9
DA:120,9
DA:121,9
DA:122,9
DA:124,9
DA:125,9
DA:127,9
DA:128,9
DA:130,9
DA:131,9
DA:132,9
DA:133,9
DA:134,9
DA:136,9
DA:137,9
DA:139,9
DA:140,9
DA:142,9
DA:144,9
DA:145,9
DA:146,9
DA:147,9
DA:148,9
DA:150,9
DA:152,9
DA:153,9
DA:154,9
DA:155,9
DA:157,9
LF:103
LH:101
BRDA:43,0,0,9
BRDA:50,1,0,1
BRDA:56,2,0,8
BRDA:58,3,0,2
BRDA:69,4,0,6
BRDA:80,5,0,2
BRDA:81,6,0,6
BRDA:81,7,0,2
BRDA:84,8,0,6
BRDA:84,9,0,2
BRDA:98,10,0,6
BRDA:98,11,0,2
BRDA:99,12,0,6
BRDA:99,13,0,2
BRDA:102,14,0,6
BRDA:102,15,0,2
BRF:16
BRH:16
end_of_record
TN:
SF:src/components/emails/index.ts
FN:1,(empty-report)
FNF:1
FNH:1
FNDA:1,(empty-report)
DA:2,0
LF:1
LH:0
BRDA:1,0,0,1
BRF:1
BRH:1
end_of_record
TN:
SF:src/components/emails/otp.tsx
FN:18,OtpEmailTemplate
FNF:1
FNH:1
FNDA:1,OtpEmailTemplate
DA:1,1
DA:18,1
DA:19,1
DA:20,1
DA:21,1
DA:22,1
DA:23,1
DA:24,1
DA:26,1
DA:27,1
DA:29,1
DA:31,1
DA:33,1
DA:36,1
DA:37,1
DA:38,1
DA:40,1
DA:43,1
DA:46,1
DA:47,1
DA:48,1
DA:49,1
DA:50,1
DA:52,1
DA:54,1
DA:55,1
DA:56,1
DA:59,1
DA:60,1
DA:61,1
DA:62,1
DA:64,1
DA:65,1
DA:66,1
DA:68,1
DA:69,1
DA:70,1
DA:72,1
DA:73,1
DA:74,1
DA:75,1
DA:76,1
DA:77,1
DA:79,1
DA:81,1
DA:82,1
DA:83,1
DA:85,1
DA:88,1
DA:89,1
DA:90,1
DA:91,1
DA:92,1
DA:93,1
DA:95,1
DA:96,1
DA:97,1
DA:98,1
DA:99,1
DA:100,1
DA:101,1
DA:102,1
DA:104,1
DA:105,1
DA:106,1
DA:108,1
DA:109,1
DA:110,1
DA:111,1
DA:112,1
DA:113,1
DA:114,1
DA:115,1
DA:117,1
DA:118,1
DA:119,1
DA:120,1
DA:121,1
DA:122,1
DA:123,1
DA:124,1
DA:125,1
DA:127,1
DA:128,1
DA:129,1
DA:130,1
DA:131,1
DA:132,1
DA:133,1
DA:135,1
DA:136,1
DA:137,1
DA:138,1
DA:139,1
DA:140,1
DA:141,1
DA:142,1
DA:144,1
DA:145,1
DA:146,1
DA:147,1
DA:148,1
DA:149,1
DA:150,1
DA:151,1
DA:152,1
DA:153,1
DA:155,1
DA:156,1
DA:157,1
DA:158,1
DA:159,1
DA:160,1
DA:161,1
DA:162,1
DA:164,1
DA:165,1
DA:166,1
DA:167,1
DA:169,1
DA:170,1
DA:171,1
DA:173,1
DA:174,1
DA:175,1
DA:176,1
DA:177,1
DA:178,1
DA:179,1
DA:181,1
DA:182,1
DA:183,1
DA:184,1
DA:185,1
DA:187,1
DA:188,1
DA:189,1
DA:190,1
DA:191,1
DA:192,1
DA:194,1
DA:195,1
DA:196,1
DA:197,1
DA:198,1
DA:199,1
DA:201,1
DA:202,1
DA:203,1
DA:204,1
DA:205,1
DA:206,1
DA:208,1
DA:209,1
DA:210,1
DA:211,1
DA:212,1
DA:213,1
LF:158
LH:158
BRDA:18,0,0,1
BRF:1
BRH:1
end_of_record
TN:
SF:src/components/flights/ancillary-selection.tsx
FN:45,AncillarySelection
FN:51,renderServiceOption
FN:62,onCheckedChange
FN:63,onClick
FN:88,getCategoryIcon
FN:101,getCategoryTitle
FNF:6
FNH:4
FNDA:6,AncillarySelection
FNDA:60,renderServiceOption
FNDA:0,onCheckedChange
FNDA:0,onClick
FNDA:18,getCategoryIcon
FNDA:18,getCategoryTitle
DA:3,1
DA:5,1
DA:6,1
DA:7,1
DA:8,1
DA:9,1
DA:10,1
DA:11,1
DA:12,1
DA:13,1
DA:14,1
DA:16,1
DA:17,1
DA:18,1
DA:45,1
DA:46,6
DA:47,6
DA:48,6
DA:49,6
DA:50,6
DA:51,6
DA:52,60
DA:54,60
DA:55,60
DA:56,60
DA:57,60
DA:59,60
DA:60,60
DA:61,60
DA:62,60
DA:63,60
DA:64,60
DA:66,60
DA:67,60
DA:68,60
DA:69,60
DA:71,60
DA:73,60
DA:74,60
DA:75,60
DA:79,60
DA:80,60
DA:81,60
DA:86,60
DA:88,6
DA:89,18
DA:90,18
DA:91,18
DA:92,18
DA:93,18
DA:94,18
DA:95,18
DA:96,18
DA:97,0
DA:98,18
DA:99,18
DA:101,6
DA:102,18
DA:103,18
DA:104,6
DA:105,18
DA:106,6
DA:107,18
DA:108,6
DA:109,18
DA:110,0
DA:111,18
DA:112,18
DA:114,6
DA:115,6
DA:116,6
DA:117,6
DA:119,6
DA:120,6
DA:122,6
DA:123,6
DA:124,6
DA:125,6
DA:126,6
DA:127,6
DA:131,6
DA:132,6
DA:133,6
DA:134,18
DA:141,6
DA:142,6
DA:143,6
DA:144,6
DA:145,6
DA:146,6
DA:150,6
DA:151,6
DA:152,6
DA:153,18
DA:160,6
DA:161,6
DA:162,6
DA:163,6
DA:164,6
DA:165,6
DA:169,6
DA:170,6
DA:171,6
DA:172,24
DA:181,6
LF:105
LH:103
BRDA:45,0,0,6
BRDA:51,1,0,60
BRDA:88,2,0,18
BRDA:96,3,0,0
BRDA:101,4,0,18
BRDA:103,5,0,6
BRDA:105,6,0,6
BRDA:107,7,0,6
BRDA:109,8,0,0
BRDA:133,9,0,18
BRDA:152,10,0,18
BRDA:171,11,0,24
BRF:12
BRH:10
end_of_record
TN:
SF:src/components/flights/city-selector.tsx
FN:49,CitySelector
FN:98,handleCitySelect
FN:104,handleRegionChange
FN:126,onClick
FN:137,onClick
FN:183,onClick
FN:213,CityInput
FN:224,handleDepartureSelect
FNF:8
FNH:2
FNDA:14,CitySelector
FNDA:0,handleCitySelect
FNDA:0,handleRegionChange
FNDA:0,onClick
FNDA:0,onClick
FNDA:0,onClick
FNDA:7,CityInput
FNDA:0,handleDepartureSelect
DA:3,1
DA:4,1
DA:6,1
DA:7,1
DA:8,1
DA:9,1
DA:10,1
DA:11,1
DA:12,1
DA:13,1
DA:14,1
DA:27,1
DA:28,1
DA:29,1
DA:30,1
DA:31,1
DA:32,1
DA:33,1
DA:34,1
DA:35,1
DA:36,1
DA:37,1
DA:40,1
DA:41,1
DA:42,1
DA:43,1
DA:44,1
DA:45,1
DA:46,1
DA:49,1
DA:50,14
DA:51,14
DA:52,14
DA:53,14
DA:54,14
DA:55,14
DA:56,14
DA:57,14
DA:58,14
DA:60,14
DA:62,14
DA:63,14
DA:65,14
DA:66,14
DA:67,14
DA:68,266
DA:71,14
DA:72,14
DA:73,14
DA:74,0
DA:75,0
DA:76,0
DA:77,0
DA:79,0
DA:80,0
DA:81,14
DA:82,0
DA:83,0
DA:86,0
DA:87,0
DA:88,0
DA:89,0
DA:90,0
DA:92,0
DA:93,0
DA:95,0
DA:96,14
DA:98,14
DA:99,0
DA:101,0
DA:102,0
DA:104,14
DA:105,0
DA:106,0
DA:107,0
DA:109,14
DA:110,14
DA:112,14
DA:113,14
DA:114,14
DA:115,14
DA:116,14
DA:117,14
DA:118,14
DA:119,14
DA:121,14
DA:122,14
DA:123,14
DA:125,14
DA:126,14
DA:127,14
DA:130,14
DA:131,14
DA:132,14
DA:133,0
DA:134,14
DA:136,14
DA:137,14
DA:138,14
DA:143,14
DA:144,14
DA:145,14
DA:146,14
DA:147,14
DA:149,14
DA:150,14
DA:151,14
DA:152,14
DA:153,14
DA:154,14
DA:156,14
DA:161,14
DA:163,14
DA:164,14
DA:165,14
DA:166,14
DA:167,14
DA:169,14
DA:170,14
DA:171,0
DA:175,14
DA:176,14
DA:177,14
DA:178,14
DA:179,14
DA:180,42
DA:181,462
DA:183,14
DA:184,14
DA:186,14
DA:187,14
DA:188,14
DA:202,14
DA:213,1
DA:214,7
DA:215,7
DA:216,7
DA:217,7
DA:218,7
DA:219,7
DA:220,7
DA:221,7
DA:222,7
DA:224,7
DA:225,0
DA:227,0
DA:228,0
DA:230,7
DA:231,7
DA:232,7
DA:233,7
DA:234,7
DA:235,7
DA:236,7
DA:237,7
DA:238,7
DA:239,7
DA:241,7
DA:242,7
DA:243,7
DA:245,7
DA:246,7
DA:247,7
DA:248,5
DA:249,2
DA:255,7
DA:256,7
DA:257,7
DA:258,7
DA:259,7
DA:260,7
DA:262,7
DA:266,7
DA:267,7
DA:268,7
DA:269,7
DA:270,7
DA:271,7
DA:272,7
DA:273,7
DA:275,7
DA:276,7
DA:277,7
DA:279,7
DA:280,7
DA:281,7
DA:282,5
DA:283,2
DA:290,7
LF:189
LH:162
BRDA:49,0,0,14
BRDA:110,1,0,0
BRDA:123,2,0,0
BRDA:132,3,0,0
BRDA:65,4,0,14
BRDA:73,5,0,0
BRDA:81,6,0,0
BRDA:67,7,0,266
BRDA:72,8,0,140
BRDA:170,9,0,0
BRDA:179,10,0,360
BRDA:179,11,0,42
BRDA:180,12,0,462
BRDA:213,13,0,7
BRDA:247,14,0,5
BRDA:248,15,0,2
BRDA:281,16,0,5
BRDA:282,17,0,2
BRF:18
BRH:12
end_of_record
TN:
SF:src/components/flights/contact-info-card.tsx
FN:32,isValidEmail
FN:40,isValidPhone
FN:48,validateContactInfo
FN:75,ContactInfoCard
FN:80,handleMethodChange
FN:84,handleEmailChange
FN:88,handlePhoneChange
FN:105,onValueChange
FN:140,onChange
FN:160,onChange
FNF:10
FNH:1
FNDA:0,isValidEmail
FNDA:0,isValidPhone
FNDA:0,validateContactInfo
FNDA:6,ContactInfoCard
FNDA:0,handleMethodChange
FNDA:0,handleEmailChange
FNDA:0,handlePhoneChange
FNDA:0,onValueChange
FNDA:0,onChange
FNDA:0,onChange
DA:3,1
DA:5,1
DA:6,1
DA:7,1
DA:8,1
DA:32,0
DA:33,0
DA:34,0
DA:35,0
DA:40,0
DA:41,0
DA:42,0
DA:43,0
DA:48,1
DA:49,0
DA:51,0
DA:54,0
DA:55,0
DA:56,0
DA:57,0
DA:58,0
DA:59,0
DA:60,0
DA:61,0
DA:62,0
DA:63,0
DA:64,0
DA:65,0
DA:66,0
DA:68,0
DA:69,0
DA:75,1
DA:76,6
DA:77,6
DA:78,6
DA:79,6
DA:80,6
DA:81,0
DA:82,0
DA:84,6
DA:85,0
DA:86,0
DA:88,6
DA:89,0
DA:90,0
DA:92,6
DA:93,6
DA:94,6
DA:95,6
DA:97,6
DA:99,6
DA:100,6
DA:101,6
DA:103,6
DA:104,6
DA:105,6
DA:107,6
DA:108,6
DA:109,6
DA:110,6
DA:111,6
DA:113,6
DA:117,6
DA:118,6
DA:119,6
DA:120,6
DA:121,6
DA:123,6
DA:131,6
DA:132,6
DA:133,6
DA:134,6
DA:136,6
DA:137,6
DA:138,6
DA:139,6
DA:140,6
DA:141,6
DA:142,6
DA:144,6
DA:145,6
DA:151,6
DA:152,6
DA:153,6
DA:154,6
DA:156,6
DA:157,6
DA:158,6
DA:159,6
DA:160,6
DA:161,6
DA:162,6
DA:164,6
DA:165,6
DA:172,6
LF:95
LH:64
BRDA:75,0,0,6
BRDA:142,1,0,1
BRDA:142,2,0,2
BRDA:162,3,0,1
BRDA:162,4,0,2
BRF:5
BRH:5
end_of_record
TN:
SF:src/components/flights/date-selector.tsx
FN:20,getRelativeDateLabel
FN:50,DateSelector
FN:88,handleDateSelect
FN:163,handleDepartureClick
FN:168,handleReturnClick
FN:173,handleAddReturnDate
FN:179,getDisabledDates
FN:312,onOpenChange
FNF:8
FNH:2
FNDA:4,getRelativeDateLabel
FNDA:2,DateSelector
FNDA:0,handleDateSelect
FNDA:0,handleDepartureClick
FNDA:0,handleReturnClick
FNDA:0,handleAddReturnDate
FNDA:0,getDisabledDates
FNDA:0,onOpenChange
DA:3,1
DA:4,1
DA:5,1
DA:8,1
DA:9,1
DA:10,1
DA:11,1
DA:12,1
DA:13,1
DA:14,1
DA:15,1
DA:20,4
DA:21,4
DA:22,4
DA:23,4
DA:26,4
DA:27,4
DA:28,2
DA:29,4
DA:30,2
DA:31,4
DA:32,0
DA:33,4
DA:34,0
DA:35,4
DA:36,4
DA:50,1
DA:51,2
DA:52,2
DA:53,2
DA:54,2
DA:55,2
DA:56,2
DA:57,2
DA:58,2
DA:59,2
DA:60,2
DA:61,2
DA:62,2
DA:66,2
DA:67,2
DA:68,2
DA:69,2
DA:70,0
DA:71,0
DA:72,0
DA:73,2
DA:74,2
DA:75,2
DA:76,2
DA:77,2
DA:78,2
DA:80,2
DA:83,2
DA:84,2
DA:85,1
DA:86,1
DA:88,2
DA:89,0
DA:90,0
DA:92,0
DA:94,0
DA:96,0
DA:98,0
DA:99,0
DA:100,0
DA:101,0
DA:103,0
DA:104,0
DA:106,0
DA:107,0
DA:109,0
DA:110,0
DA:112,0
DA:114,0
DA:115,0
DA:117,0
DA:119,0
DA:120,0
DA:121,0
DA:123,0
DA:125,0
DA:126,0
DA:127,0
DA:128,0
DA:130,0
DA:132,0
DA:133,0
DA:135,0
DA:136,0
DA:137,0
DA:139,0
DA:140,0
DA:141,0
DA:142,0
DA:143,0
DA:145,0
DA:146,0
DA:147,0
DA:148,0
DA:149,0
DA:150,0
DA:151,0
DA:152,0
DA:153,0
DA:154,0
DA:155,0
DA:156,0
DA:157,0
DA:158,0
DA:159,0
DA:160,0
DA:161,0
DA:163,2
DA:164,0
DA:165,0
DA:166,0
DA:168,2
DA:169,0
DA:170,0
DA:171,0
DA:173,2
DA:174,0
DA:175,0
DA:176,0
DA:177,0
DA:179,2
DA:180,0
DA:181,0
DA:182,0
DA:183,0
DA:184,0
DA:185,0
DA:186,0
DA:187,0
DA:188,0
DA:189,0
DA:190,0
DA:191,0
DA:192,0
DA:193,0
DA:194,0
DA:195,0
DA:197,2
DA:198,2
DA:199,2
DA:201,2
DA:202,2
DA:204,2
DA:205,2
DA:206,2
DA:207,2
DA:209,2
DA:212,2
DA:213,2
DA:214,2
DA:215,2
DA:216,2
DA:218,2
DA:219,2
DA:220,2
DA:223,2
DA:224,2
DA:229,2
DA:238,2
DA:239,2
DA:240,2
DA:241,2
DA:242,2
DA:243,2
DA:245,2
DA:251,2
DA:252,2
DA:253,2
DA:254,2
DA:256,2
DA:259,2
DA:260,2
DA:261,2
DA:262,2
DA:263,2
DA:264,2
DA:267,2
DA:268,2
DA:271,2
DA:272,2
DA:276,2
DA:285,2
DA:286,2
DA:287,2
DA:288,2
DA:290,2
DA:291,2
DA:292,2
DA:293,2
DA:294,2
DA:295,2
DA:296,0
DA:297,0
DA:298,0
DA:300,2
DA:301,2
DA:302,2
DA:303,2
DA:309,2
DA:310,2
DA:311,2
DA:312,2
DA:313,0
DA:314,0
DA:315,0
DA:316,0
DA:318,2
DA:319,2
DA:320,2
DA:323,2
DA:324,2
DA:325,0
DA:326,0
DA:327,0
DA:329,0
DA:330,0
DA:331,0
DA:334,0
DA:335,0
DA:340,2
DA:347,2
DA:348,2
DA:349,2
DA:350,2
DA:351,2
DA:352,2
DA:353,2
DA:354,2
DA:355,2
DA:361,2
DA:362,2
DA:363,2
DA:364,2
DA:371,2
LF:240
LH:139
BRDA:20,0,0,4
BRDA:27,1,0,2
BRDA:29,2,0,2
BRDA:31,3,0,0
BRDA:33,4,0,0
BRDA:50,5,0,2
BRDA:84,6,0,1
BRDA:84,7,0,1
BRDA:85,8,0,1
BRDA:292,9,0,0
BRDA:295,10,0,0
BRDA:311,11,0,0
BRDA:324,12,0,0
BRDA:68,13,0,2
BRDA:69,14,0,0
BRF:15
BRH:8
end_of_record
TN:
SF:src/components/flights/flight-card-skeleton.tsx
FN:10,FlightCardSkeleton
FNF:1
FNH:1
FNDA:3,FlightCardSkeleton
DA:1,1
DA:2,1
DA:3,1
DA:10,1
DA:11,3
DA:12,3
DA:13,3
DA:14,3
DA:15,3
DA:18,3
DA:19,3
DA:21,3
DA:23,3
DA:26,3
DA:27,3
DA:28,3
DA:33,3
DA:35,3
DA:36,3
DA:37,3
DA:41,3
DA:42,3
DA:43,3
DA:44,3
DA:45,3
DA:46,3
DA:51,3
DA:52,3
DA:53,3
DA:58,3
DA:60,3
DA:63,3
DA:69,3
LF:33
LH:33
BRDA:10,0,0,3
BRF:1
BRH:1
end_of_record
TN:
SF:src/components/flights/flight-card.tsx
FN:62,FlightCard
FN:84,getAirlineInitials
FN:94,getSeatClassName
FN:196,onClick
FNF:4
FNH:2
FNDA:11,FlightCard
FNDA:11,getAirlineInitials
FNDA:0,getSeatClassName
FNDA:0,onClick
DA:3,1
DA:4,1
DA:6,1
DA:7,1
DA:8,1
DA:9,1
DA:23,1
DA:62,1
DA:63,11
DA:64,11
DA:65,11
DA:66,11
DA:67,11
DA:68,11
DA:69,11
DA:70,11
DA:71,11
DA:72,11
DA:73,11
DA:74,11
DA:75,11
DA:76,11
DA:77,11
DA:78,11
DA:79,11
DA:80,11
DA:81,11
DA:84,11
DA:85,11
DA:86,11
DA:87,11
DA:88,11
DA:89,11
DA:90,11
DA:91,11
DA:94,11
DA:95,0
DA:96,0
DA:97,0
DA:98,0
DA:99,0
DA:100,0
DA:101,0
DA:102,0
DA:103,0
DA:104,0
DA:105,0
DA:108,11
DA:110,11
DA:112,11
DA:113,11
DA:114,11
DA:115,11
DA:116,11
DA:119,11
DA:121,11
DA:123,11
DA:125,11
DA:126,11
DA:127,11
DA:128,11
DA:133,11
DA:134,11
DA:135,11
DA:137,11
DA:138,11
DA:144,11
DA:146,11
DA:147,11
DA:148,11
DA:150,11
DA:151,11
DA:156,11
DA:157,11
DA:158,11
DA:159,11
DA:160,11
DA:161,11
DA:166,11
DA:167,11
DA:168,11
DA:169,11
DA:170,11
DA:171,11
DA:175,11
DA:176,11
DA:182,11
DA:184,11
DA:185,11
DA:186,11
DA:187,11
DA:188,11
DA:194,11
DA:195,1
DA:196,1
DA:197,1
DA:198,1
DA:200,1
DA:201,0
DA:202,0
DA:205,1
DA:206,1
DA:211,11
DA:212,11
DA:213,11
DA:215,11
DA:222,11
DA:223,11
DA:224,11
DA:225,11
DA:226,11
DA:227,11
DA:229,11
DA:230,11
DA:231,11
DA:233,11
DA:234,11
DA:237,11
DA:238,11
DA:239,11
DA:241,11
DA:242,11
DA:243,11
DA:244,11
DA:246,11
DA:256,11
LF:126
LH:113
BRDA:62,0,0,11
BRDA:108,1,0,2
BRDA:110,2,0,9
BRDA:110,3,0,0
BRDA:169,4,0,3
BRDA:194,5,0,1
BRDA:200,6,0,0
BRDA:222,7,0,1
BRDA:222,8,0,0
BRDA:84,9,0,11
BRDA:87,10,0,28
BRF:11
BRH:8
end_of_record
TN:
SF:src/components/flights/flight-filter-sort.tsx
FN:1,(empty-report)
FNF:1
FNH:1
FNDA:1,(empty-report)
DA:3,0
DA:11,0
DA:13,0
DA:14,0
DA:15,0
DA:16,0
DA:22,0
DA:50,0
DA:51,0
DA:52,0
DA:53,0
DA:54,0
DA:55,0
DA:56,0
DA:57,0
DA:58,0
DA:59,0
DA:60,0
DA:61,0
DA:64,0
DA:65,0
DA:68,0
DA:69,0
DA:70,0
DA:71,0
DA:72,0
DA:73,0
DA:74,0
DA:75,0
DA:76,0
DA:77,0
DA:78,0
DA:79,0
DA:82,0
DA:83,0
DA:84,0
DA:86,0
DA:87,0
DA:88,0
DA:89,0
DA:90,0
DA:91,0
DA:92,0
DA:93,0
DA:94,0
DA:95,0
DA:96,0
DA:97,0
DA:98,0
DA:101,0
DA:103,0
DA:106,0
DA:107,0
DA:108,0
DA:109,0
DA:110,0
DA:113,0
DA:114,0
DA:115,0
DA:116,0
DA:117,0
DA:118,0
DA:119,0
DA:122,0
DA:123,0
DA:124,0
DA:125,0
DA:126,0
DA:127,0
DA:128,0
DA:131,0
DA:132,0
DA:133,0
DA:134,0
DA:135,0
DA:136,0
DA:137,0
DA:140,0
DA:141,0
DA:142,0
DA:143,0
DA:144,0
DA:145,0
DA:146,0
DA:147,0
DA:148,0
DA:149,0
DA:150,0
DA:151,0
DA:152,0
DA:153,0
DA:154,0
DA:155,0
DA:156,0
DA:157,0
DA:158,0
DA:159,0
DA:160,0
DA:161,0
DA:162,0
DA:163,0
DA:164,0
DA:165,0
DA:166,0
DA:167,0
DA:169,0
DA:170,0
DA:171,0
DA:172,0
DA:174,0
DA:175,0
DA:176,0
DA:177,0
DA:179,0
DA:180,0
DA:183,0
DA:184,0
DA:185,0
DA:188,0
DA:189,0
DA:190,0
DA:191,0
DA:192,0
DA:193,0
DA:194,0
DA:195,0
DA:198,0
DA:199,0
DA:200,0
DA:201,0
DA:202,0
DA:203,0
DA:204,0
DA:205,0
DA:208,0
DA:209,0
DA:210,0
DA:211,0
DA:212,0
DA:213,0
DA:214,0
DA:215,0
DA:216,0
DA:217,0
DA:219,0
DA:220,0
DA:221,0
DA:222,0
DA:223,0
DA:224,0
DA:226,0
DA:227,0
DA:228,0
DA:230,0
DA:231,0
DA:232,0
DA:233,0
DA:234,0
DA:236,0
DA:237,0
DA:238,0
DA:239,0
DA:241,0
DA:243,0
DA:244,0
DA:245,0
DA:247,0
DA:248,0
DA:249,0
DA:250,0
DA:251,0
DA:252,0
DA:253,0
DA:255,0
DA:256,0
DA:257,0
DA:258,0
DA:259,0
DA:260,0
DA:261,0
DA:262,0
DA:264,0
DA:265,0
DA:266,0
DA:267,0
DA:268,0
DA:269,0
DA:270,0
DA:271,0
DA:273,0
DA:274,0
DA:275,0
DA:276,0
DA:277,0
DA:278,0
DA:279,0
DA:282,0
DA:283,0
DA:284,0
DA:286,0
DA:287,0
DA:288,0
DA:289,0
DA:290,0
DA:291,0
DA:292,0
DA:294,0
DA:295,0
DA:296,0
DA:297,0
DA:298,0
DA:299,0
DA:300,0
DA:301,0
DA:303,0
DA:304,0
DA:305,0
DA:306,0
DA:307,0
DA:308,0
DA:309,0
DA:310,0
DA:312,0
DA:313,0
DA:314,0
DA:315,0
DA:316,0
DA:317,0
DA:318,0
DA:321,0
DA:322,0
DA:323,0
DA:324,0
DA:325,0
DA:326,0
DA:327,0
DA:328,0
DA:329,0
DA:330,0
DA:332,0
DA:333,0
DA:334,0
DA:335,0
DA:337,0
DA:338,0
DA:340,0
DA:341,0
DA:342,0
DA:343,0
DA:344,0
DA:345,0
DA:347,0
DA:348,0
DA:349,0
DA:350,0
DA:351,0
DA:352,0
DA:353,0
DA:355,0
DA:356,0
DA:357,0
DA:358,0
DA:360,0
DA:361,0
DA:362,0
DA:363,0
DA:364,0
DA:365,0
DA:367,0
DA:370,0
DA:371,0
DA:373,0
DA:374,0
DA:375,0
DA:376,0
DA:377,0
DA:378,0
DA:380,0
DA:381,0
DA:382,0
DA:383,0
DA:384,0
DA:385,0
DA:386,0
DA:388,0
DA:389,0
DA:390,0
DA:391,0
DA:393,0
DA:394,0
DA:395,0
DA:396,0
DA:397,0
DA:398,0
DA:399,0
DA:400,0
DA:401,0
DA:402,0
DA:404,0
DA:407,0
DA:408,0
DA:410,0
DA:411,0
DA:412,0
DA:413,0
DA:414,0
DA:415,0
DA:417,0
DA:418,0
DA:419,0
DA:420,0
DA:421,0
DA:424,0
DA:426,0
DA:427,0
DA:428,0
DA:429,0
DA:430,0
DA:431,0
DA:432,0
DA:433,0
DA:434,0
DA:435,0
DA:436,0
DA:438,0
DA:439,0
DA:440,0
DA:441,0
DA:442,0
DA:443,0
DA:444,0
DA:447,0
DA:449,0
DA:450,0
DA:451,0
DA:452,0
DA:453,0
DA:454,0
DA:455,0
DA:456,0
DA:457,0
DA:458,0
DA:459,0
DA:460,0
DA:462,0
DA:463,0
DA:464,0
DA:465,0
DA:466,0
DA:467,0
DA:468,0
DA:471,0
DA:473,0
DA:474,0
DA:475,0
DA:476,0
DA:477,0
DA:478,0
DA:479,0
DA:480,0
DA:481,0
DA:482,0
DA:484,0
LF:363
LH:0
BRDA:1,0,0,1
BRF:1
BRH:1
end_of_record
TN:
SF:src/components/flights/flight-summary-card.tsx
FN:29,formatFlightTime
FN:39,FlightSegment
FN:116,FlightSummaryCard
FNF:3
FNH:3
FNDA:14,formatFlightTime
FNDA:7,FlightSegment
FNDA:6,FlightSummaryCard
DA:1,1
DA:4,1
DA:5,1
DA:6,1
DA:7,1
DA:8,1
DA:9,1
DA:10,1
DA:11,1
DA:12,1
DA:13,1
DA:29,14
DA:30,14
DA:31,14
DA:32,14
DA:33,14
DA:39,7
DA:41,7
DA:42,7
DA:43,7
DA:44,7
DA:45,7
DA:48,7
DA:49,7
DA:50,5
DA:51,2
DA:52,1
DA:53,1
DA:55,7
DA:56,7
DA:58,7
DA:59,7
DA:60,7
DA:62,7
DA:63,7
DA:64,7
DA:65,7
DA:70,7
DA:71,7
DA:72,7
DA:73,7
DA:74,7
DA:75,7
DA:78,7
DA:79,7
DA:80,7
DA:81,7
DA:85,7
DA:86,7
DA:87,7
DA:89,7
DA:90,7
DA:91,7
DA:92,7
DA:95,7
DA:96,7
DA:101,7
DA:102,7
DA:103,7
DA:105,7
DA:106,7
DA:108,7
DA:109,7
DA:114,7
DA:116,1
DA:117,6
DA:118,6
DA:119,6
DA:120,6
DA:121,6
DA:122,1
DA:123,1
DA:125,5
DA:126,5
DA:127,2
DA:128,3
DA:129,6
DA:130,6
DA:131,6
DA:133,6
DA:134,6
DA:135,6
DA:138,6
DA:139,6
DA:140,6
DA:141,6
DA:143,6
DA:145,6
DA:148,6
DA:149,6
DA:150,6
DA:151,6
DA:155,6
DA:158,6
DA:159,6
DA:160,6
DA:161,6
DA:164,6
DA:165,6
DA:166,6
DA:167,6
DA:168,6
DA:173,6
DA:174,6
DA:175,6
DA:178,6
DA:180,6
DA:181,6
DA:182,6
DA:188,6
LF:110
LH:110
BRDA:29,0,0,14
BRDA:39,1,0,7
BRDA:49,2,0,5
BRDA:50,3,0,2
BRDA:51,4,0,1
BRDA:52,5,0,1
BRDA:60,6,0,5
BRDA:60,7,0,2
BRDA:80,8,0,0
BRDA:116,9,0,6
BRDA:121,10,0,1
BRDA:123,11,0,5
BRDA:126,12,0,2
BRDA:127,13,0,3
BRF:14
BRH:13
end_of_record
TN:
SF:src/components/flights/passenger-form-card.tsx
FN:38,QuickPassengerSelect
FN:61,onCheckedChange
FN:65,onClick
FN:91,PassengerInfoForm
FN:145,onChange
FN:156,onValueChange
FN:176,onChange
FN:204,onChange
FN:250,PassengerFormCard
FN:279,onChange
FN:280,onRemove
FNF:11
FNH:3
FNDA:4,QuickPassengerSelect
FNDA:0,onCheckedChange
FNDA:0,onClick
FNDA:5,PassengerInfoForm
FNDA:0,onChange
FNDA:0,onValueChange
FNDA:0,onChange
FNDA:0,onChange
FNDA:4,PassengerFormCard
FNDA:0,onChange
FNDA:0,onRemove
DA:3,1
DA:6,1
DA:7,1
DA:8,1
DA:9,1
DA:10,1
DA:11,1
DA:12,1
DA:13,1
DA:14,1
DA:15,1
DA:16,1
DA:17,1
DA:18,1
DA:38,4
DA:39,4
DA:40,4
DA:41,4
DA:42,4
DA:43,4
DA:44,1
DA:45,1
DA:48,3
DA:49,3
DA:51,3
DA:52,3
DA:53,3
DA:55,3
DA:56,3
DA:57,3
DA:59,3
DA:60,3
DA:61,3
DA:63,0
DA:64,0
DA:65,3
DA:67,3
DA:70,3
DA:71,4
DA:77,4
DA:91,5
DA:92,5
DA:93,5
DA:94,5
DA:95,5
DA:96,5
DA:97,5
DA:98,5
DA:100,5
DA:101,5
DA:102,5
DA:104,5
DA:105,5
DA:106,5
DA:109,5
DA:113,5
DA:115,5
DA:116,5
DA:117,5
DA:118,5
DA:119,5
DA:120,5
DA:124,5
DA:125,5
DA:126,5
DA:127,5
DA:128,5
DA:129,5
DA:131,5
DA:138,5
DA:139,5
DA:140,5
DA:142,5
DA:143,5
DA:144,5
DA:145,5
DA:146,5
DA:147,5
DA:152,5
DA:153,5
DA:154,5
DA:155,5
DA:156,5
DA:158,5
DA:159,5
DA:160,5
DA:162,5
DA:164,5
DA:165,5
DA:166,5
DA:167,5
DA:172,5
DA:173,5
DA:174,5
DA:175,5
DA:176,5
DA:177,5
DA:178,5
DA:184,5
DA:185,5
DA:186,5
DA:187,5
DA:188,5
DA:190,5
DA:191,5
DA:192,5
DA:193,5
DA:194,5
DA:195,5
DA:200,5
DA:201,5
DA:202,5
DA:203,5
DA:204,5
DA:205,5
DA:206,5
DA:212,5
DA:213,5
DA:214,5
DA:215,5
DA:216,5
DA:218,5
DA:219,5
DA:220,5
DA:221,5
DA:230,5
DA:250,1
DA:251,4
DA:252,4
DA:253,4
DA:254,4
DA:255,4
DA:256,4
DA:257,4
DA:258,4
DA:259,4
DA:260,4
DA:261,4
DA:262,4
DA:264,4
DA:266,4
DA:267,4
DA:268,4
DA:269,4
DA:273,4
DA:274,4
DA:275,4
DA:276,4
DA:277,4
DA:278,4
DA:279,4
DA:280,4
DA:281,4
DA:287,4
DA:288,4
DA:289,4
DA:290,4
DA:292,4
DA:298,4
LF:159
LH:157
BRDA:38,0,0,4
BRDA:43,1,0,1
BRDA:45,2,0,3
BRDA:91,3,0,5
BRDA:124,4,0,3
BRDA:250,5,0,4
BRF:6
BRH:6
end_of_record
TN:
SF:src/components/flights/quick-date-selector.tsx
FN:1,(empty-report)
FNF:1
FNH:1
FNDA:1,(empty-report)
DA:3,0
DA:4,0
DA:5,0
DA:7,0
DA:11,0
DA:12,0
DA:13,0
DA:15,0
DA:16,0
DA:27,0
DA:28,0
DA:29,0
DA:30,0
DA:31,0
DA:32,0
DA:33,0
DA:34,0
DA:35,0
DA:36,0
DA:37,0
DA:38,0
DA:39,0
DA:42,0
DA:43,0
DA:44,0
DA:45,0
DA:46,0
DA:47,0
DA:48,0
DA:49,0
DA:50,0
DA:51,0
DA:52,0
DA:53,0
DA:54,0
DA:55,0
DA:56,0
DA:57,0
DA:58,0
DA:59,0
DA:60,0
DA:61,0
DA:63,0
DA:64,0
DA:67,0
DA:68,0
DA:70,0
DA:71,0
DA:74,0
DA:75,0
DA:76,0
DA:77,0
DA:78,0
DA:79,0
DA:80,0
DA:81,0
DA:82,0
DA:85,0
DA:86,0
DA:87,0
DA:88,0
DA:91,0
DA:92,0
DA:93,0
DA:94,0
DA:95,0
DA:97,0
DA:98,0
DA:99,0
DA:100,0
DA:101,0
DA:104,0
DA:105,0
DA:106,0
DA:107,0
DA:108,0
DA:109,0
DA:110,0
DA:112,0
DA:113,0
DA:114,0
DA:115,0
DA:116,0
DA:117,0
DA:118,0
DA:120,0
DA:121,0
DA:122,0
DA:123,0
DA:124,0
DA:125,0
DA:126,0
DA:127,0
DA:128,0
DA:129,0
DA:130,0
DA:131,0
DA:132,0
DA:134,0
DA:136,0
DA:137,0
DA:139,0
DA:140,0
DA:141,0
DA:142,0
DA:143,0
DA:144,0
DA:145,0
DA:147,0
DA:148,0
DA:151,0
DA:152,0
DA:153,0
DA:154,0
DA:156,0
DA:157,0
DA:158,0
DA:159,0
DA:160,0
DA:161,0
DA:162,0
DA:163,0
DA:164,0
DA:165,0
DA:166,0
DA:167,0
DA:168,0
DA:169,0
DA:172,0
DA:173,0
DA:174,0
DA:177,0
DA:178,0
DA:179,0
DA:180,0
DA:181,0
DA:185,0
DA:186,0
DA:187,0
DA:188,0
DA:189,0
DA:191,0
DA:193,0
DA:194,0
DA:197,0
DA:198,0
DA:200,0
DA:202,0
DA:203,0
DA:206,0
DA:207,0
DA:208,0
DA:209,0
DA:210,0
DA:211,0
DA:212,0
DA:214,0
DA:215,0
DA:216,0
DA:218,0
LF:160
LH:0
BRDA:1,0,0,1
BRF:1
BRH:1
end_of_record
TN:
SF:src/components/flights/search-form.tsx
FN:1,(empty-report)
FNF:1
FNH:1
FNDA:1,(empty-report)
DA:3,0
DA:4,0
DA:6,0
DA:7,0
DA:8,0
DA:9,0
DA:10,0
DA:11,0
DA:37,0
DA:38,0
DA:39,0
DA:40,0
DA:41,0
DA:42,0
DA:43,0
DA:44,0
DA:45,0
DA:46,0
DA:47,0
DA:48,0
DA:49,0
DA:50,0
DA:51,0
DA:52,0
DA:53,0
DA:54,0
DA:55,0
DA:56,0
DA:57,0
DA:58,0
DA:59,0
DA:62,0
DA:64,0
DA:67,0
DA:68,0
DA:69,0
DA:71,0
DA:72,0
DA:73,0
DA:74,0
DA:75,0
DA:76,0
DA:77,0
DA:78,0
DA:79,0
DA:80,0
DA:81,0
DA:82,0
DA:85,0
DA:86,0
DA:87,0
DA:88,0
DA:89,0
DA:93,0
DA:95,0
DA:96,0
DA:97,0
DA:98,0
DA:101,0
DA:102,0
DA:103,0
DA:105,0
DA:108,0
DA:109,0
DA:110,0
DA:113,0
DA:114,0
DA:115,0
DA:117,0
DA:118,0
DA:119,0
DA:120,0
DA:121,0
DA:122,0
DA:123,0
DA:124,0
DA:125,0
DA:126,0
DA:127,0
DA:128,0
DA:129,0
DA:130,0
DA:131,0
DA:132,0
DA:133,0
DA:135,0
DA:136,0
DA:137,0
DA:138,0
DA:139,0
DA:141,0
DA:142,0
DA:143,0
DA:144,0
DA:145,0
DA:146,0
DA:147,0
DA:148,0
DA:149,0
DA:150,0
DA:151,0
DA:152,0
DA:155,0
DA:156,0
DA:159,0
DA:161,0
DA:162,0
DA:163,0
DA:164,0
DA:165,0
DA:167,0
DA:168,0
DA:170,0
DA:172,0
DA:173,0
DA:174,0
DA:175,0
DA:176,0
DA:178,0
DA:180,0
DA:181,0
DA:182,0
DA:183,0
DA:184,0
DA:185,0
DA:186,0
DA:188,0
DA:189,0
DA:190,0
DA:191,0
DA:192,0
DA:193,0
DA:194,0
DA:195,0
DA:196,0
DA:197,0
DA:198,0
DA:199,0
DA:201,0
DA:202,0
DA:203,0
DA:204,0
DA:207,0
DA:208,0
DA:209,0
DA:210,0
DA:211,0
DA:212,0
DA:213,0
DA:214,0
DA:215,0
DA:216,0
DA:217,0
DA:218,0
DA:219,0
DA:220,0
DA:223,0
DA:225,0
DA:226,0
DA:227,0
DA:228,0
DA:229,0
DA:230,0
DA:231,0
DA:232,0
DA:233,0
DA:234,0
DA:236,0
DA:238,0
DA:239,0
DA:240,0
DA:241,0
DA:242,0
DA:243,0
DA:244,0
DA:245,0
DA:246,0
DA:247,0
DA:248,0
DA:251,0
DA:252,0
DA:253,0
DA:254,0
DA:255,0
DA:256,0
DA:258,0
DA:260,0
DA:261,0
DA:263,0
DA:265,0
LF:190
LH:0
BRDA:1,0,0,1
BRF:1
BRH:1
end_of_record
TN:
SF:src/components/flights/search-history.tsx
FN:23,FlightSearchHistoryCard
FN:30,getPriceStatus
FN:56,formatOneWayDate
FN:63,formatRoundTripDate
FN:73,handleClick
FNF:5
FNH:4
FNDA:12,FlightSearchHistoryCard
FNDA:12,getPriceStatus
FNDA:10,formatOneWayDate
FNDA:4,formatRoundTripDate
FNDA:0,handleClick
DA:3,1
DA:4,1
DA:6,1
DA:7,1
DA:9,1
DA:10,1
DA:11,1
DA:12,1
DA:13,1
DA:14,1
DA:15,1
DA:23,1
DA:24,12
DA:25,12
DA:26,12
DA:27,12
DA:30,12
DA:31,12
DA:32,12
DA:33,11
DA:34,11
DA:35,11
DA:36,12
DA:37,1
DA:38,1
DA:40,11
DA:41,11
DA:42,11
DA:44,12
DA:45,3
DA:46,12
DA:47,2
DA:48,8
DA:49,6
DA:50,6
DA:51,12
DA:53,12
DA:56,12
DA:57,10
DA:58,10
DA:59,10
DA:60,10
DA:63,12
DA:64,4
DA:65,4
DA:67,4
DA:68,4
DA:69,4
DA:70,4
DA:73,12
DA:74,0
DA:75,0
DA:76,0
DA:77,0
DA:79,0
DA:80,0
DA:81,0
DA:82,0
DA:83,0
DA:84,0
DA:85,0
DA:86,0
DA:87,0
DA:89,0
DA:90,0
DA:92,12
DA:93,12
DA:94,12
DA:95,12
DA:97,12
DA:99,12
DA:101,12
DA:102,12
DA:103,12
DA:105,12
DA:106,2
DA:108,12
DA:110,12
DA:111,12
DA:116,12
DA:117,12
DA:119,12
DA:122,12
DA:123,12
DA:124,12
DA:125,12
DA:126,12
DA:133,12
DA:134,12
DA:135,12
DA:137,12
DA:138,12
DA:140,12
DA:142,12
DA:143,12
DA:144,12
DA:145,12
DA:146,12
DA:147,12
DA:150,12
DA:158,12
LF:101
LH:86
BRDA:23,0,0,12
BRDA:105,1,0,2
BRDA:133,2,0,11
BRDA:30,3,0,12
BRDA:32,4,0,11
BRDA:33,5,0,11
BRDA:34,6,0,11
BRDA:36,7,0,1
BRDA:38,8,0,11
BRDA:44,9,0,3
BRDA:46,10,0,8
BRDA:46,11,0,2
BRDA:48,12,0,6
BRDA:56,13,0,10
BRDA:63,14,0,4
BRDA:68,15,0,2
BRDA:68,16,0,2
BRF:17
BRH:17
end_of_record
TN:
SF:src/components/passengers/edit-passenger-client.tsx
FN:1,(empty-report)
FNF:1
FNH:1
FNDA:1,(empty-report)
DA:3,0
DA:4,0
DA:5,0
DA:7,0
DA:8,0
DA:15,0
DA:16,0
DA:17,0
DA:19,0
DA:20,0
DA:21,0
DA:22,0
DA:24,0
DA:25,0
DA:26,0
DA:27,0
DA:28,0
DA:29,0
DA:30,0
DA:31,0
DA:32,0
DA:33,0
DA:34,0
DA:35,0
DA:36,0
DA:37,0
DA:39,0
DA:40,0
DA:41,0
DA:44,0
DA:46,0
DA:47,0
DA:48,0
DA:49,0
DA:50,0
DA:51,0
DA:52,0
DA:54,0
DA:55,0
DA:56,0
DA:57,0
DA:58,0
DA:59,0
DA:60,0
DA:61,0
DA:62,0
DA:63,0
DA:64,0
DA:65,0
DA:66,0
DA:67,0
DA:68,0
DA:69,0
DA:70,0
DA:71,0
DA:72,0
DA:73,0
DA:75,0
DA:76,0
DA:77,0
DA:78,0
DA:79,0
DA:80,0
DA:82,0
DA:83,0
DA:85,0
DA:86,0
DA:87,0
DA:88,0
DA:89,0
DA:90,0
DA:91,0
DA:92,0
DA:93,0
DA:95,0
LF:75
LH:0
BRDA:1,0,0,1
BRF:1
BRH:1
end_of_record
TN:
SF:src/components/passengers/new-passenger-client.tsx
FN:1,(empty-report)
FNF:1
FNH:1
FNDA:1,(empty-report)
DA:3,0
DA:4,0
DA:5,0
DA:7,0
DA:8,0
DA:10,0
DA:11,0
DA:12,0
DA:14,0
DA:15,0
DA:16,0
DA:17,0
DA:19,0
DA:20,0
DA:21,0
DA:22,0
DA:23,0
DA:24,0
DA:25,0
DA:26,0
DA:27,0
DA:28,0
DA:29,0
DA:30,0
DA:31,0
DA:32,0
DA:34,0
DA:35,0
DA:36,0
DA:38,0
DA:39,0
DA:40,0
DA:41,0
DA:42,0
DA:43,0
DA:45,0
DA:46,0
DA:48,0
DA:49,0
DA:50,0
DA:51,0
DA:52,0
DA:53,0
DA:54,0
DA:55,0
DA:57,0
LF:46
LH:0
BRDA:1,0,0,1
BRF:1
BRH:1
end_of_record
TN:
SF:src/components/passengers/passenger-detail-view.tsx
FN:34,PassengerDetailView
FNF:1
FNH:1
FNDA:6,PassengerDetailView
DA:1,1
DA:2,1
DA:22,1
DA:23,1
DA:24,1
DA:25,1
DA:26,1
DA:28,1
DA:29,1
DA:30,1
DA:31,1
DA:32,1
DA:34,6
DA:35,6
DA:36,6
DA:37,6
DA:38,6
DA:40,6
DA:41,6
DA:42,6
DA:44,6
DA:45,6
DA:46,6
DA:48,6
DA:50,6
DA:52,6
DA:53,6
DA:54,6
DA:55,6
DA:58,6
DA:59,6
DA:61,6
DA:62,6
DA:63,6
DA:64,6
DA:67,6
DA:68,6
DA:69,6
DA:70,6
DA:71,6
DA:72,6
DA:75,6
DA:76,6
DA:77,6
DA:78,6
DA:79,6
DA:80,6
DA:83,6
DA:84,6
DA:85,6
DA:86,6
DA:87,6
DA:88,6
DA:91,6
DA:92,6
DA:93,6
DA:94,6
DA:95,6
DA:96,6
DA:99,6
DA:100,6
DA:101,6
DA:102,6
DA:103,6
DA:104,6
DA:107,6
DA:108,6
DA:109,6
DA:110,6
DA:111,6
DA:112,6
DA:113,6
DA:114,6
DA:117,6
DA:118,6
DA:119,6
DA:121,6
DA:122,6
DA:123,6
DA:125,6
DA:127,6
DA:129,6
DA:130,6
DA:131,6
DA:132,6
DA:133,6
DA:134,6
DA:137,6
DA:138,6
DA:139,6
DA:140,6
DA:141,6
DA:142,6
DA:145,6
DA:146,6
DA:147,6
DA:148,6
DA:149,6
DA:150,6
DA:151,6
DA:152,6
DA:153,6
DA:155,6
LF:103
LH:103
BRDA:34,0,0,6
BRDA:86,1,0,1
BRDA:94,2,0,1
BRDA:110,3,0,1
BRF:4
BRH:4
end_of_record
TN:
SF:src/components/passengers/passenger-list.tsx
FN:1,(empty-report)
FNF:1
FNH:1
FNDA:1,(empty-report)
DA:3,0
DA:5,0
DA:6,0
DA:7,0
DA:8,0
DA:26,0
DA:27,0
DA:28,0
DA:29,0
DA:30,0
DA:31,0
DA:32,0
DA:33,0
DA:34,0
DA:37,0
DA:38,0
DA:39,0
DA:40,0
DA:41,0
DA:42,0
DA:43,0
DA:46,0
DA:47,0
DA:48,0
DA:49,0
DA:50,0
DA:51,0
DA:52,0
DA:53,0
DA:54,0
DA:57,0
DA:58,0
DA:59,0
DA:60,0
DA:61,0
DA:62,0
DA:65,0
DA:66,0
DA:67,0
DA:68,0
DA:69,0
DA:72,0
DA:73,0
DA:74,0
DA:75,0
DA:76,0
DA:77,0
DA:79,0
DA:82,0
DA:83,0
DA:84,0
DA:85,0
DA:86,0
DA:87,0
DA:88,0
DA:89,0
DA:92,0
DA:93,0
DA:94,0
DA:95,0
DA:96,0
DA:97,0
DA:98,0
DA:99,0
DA:100,0
DA:102,0
DA:103,0
DA:105,0
DA:106,0
DA:108,0
DA:109,0
DA:110,0
DA:111,0
DA:112,0
DA:113,0
DA:114,0
DA:115,0
DA:116,0
DA:117,0
DA:119,0
DA:120,0
DA:122,0
DA:123,0
DA:124,0
DA:127,0
DA:128,0
DA:129,0
DA:130,0
DA:131,0
DA:132,0
DA:133,0
DA:134,0
DA:135,0
DA:136,0
DA:137,0
DA:138,0
DA:139,0
DA:140,0
DA:141,0
DA:143,0
DA:144,0
DA:148,0
DA:149,0
DA:150,0
DA:151,0
DA:152,0
DA:153,0
DA:154,0
DA:155,0
DA:156,0
DA:157,0
DA:158,0
DA:159,0
DA:160,0
DA:161,0
DA:162,0
DA:163,0
DA:164,0
DA:165,0
DA:166,0
DA:167,0
DA:168,0
DA:169,0
DA:170,0
DA:171,0
DA:172,0
DA:173,0
DA:174,0
DA:175,0
DA:176,0
DA:178,0
DA:179,0
DA:181,0
DA:182,0
DA:183,0
DA:184,0
DA:185,0
DA:186,0
DA:187,0
DA:189,0
DA:190,0
DA:191,0
DA:192,0
DA:193,0
DA:194,0
DA:195,0
DA:196,0
DA:198,0
DA:199,0
DA:200,0
DA:201,0
DA:202,0
DA:203,0
DA:204,0
DA:205,0
DA:206,0
DA:207,0
DA:208,0
DA:209,0
DA:210,0
DA:211,0
DA:212,0
DA:213,0
DA:214,0
DA:215,0
DA:216,0
DA:217,0
DA:218,0
DA:219,0
DA:220,0
DA:221,0
DA:222,0
DA:224,0
DA:225,0
DA:226,0
DA:227,0
DA:228,0
DA:229,0
DA:230,0
DA:231,0
DA:233,0
DA:234,0
DA:235,0
DA:236,0
DA:237,0
DA:238,0
DA:239,0
DA:240,0
DA:242,0
DA:243,0
DA:244,0
DA:245,0
DA:246,0
DA:248,0
DA:249,0
DA:250,0
DA:253,0
DA:254,0
DA:255,0
DA:256,0
DA:257,0
DA:258,0
DA:259,0
DA:260,0
DA:261,0
DA:262,0
DA:263,0
DA:264,0
DA:265,0
DA:266,0
DA:267,0
DA:269,0
DA:270,0
DA:272,0
DA:274,0
LF:215
LH:0
BRDA:1,0,0,1
BRF:1
BRH:1
end_of_record
TN:
SF:src/components/passengers/passengers-data-table.tsx
FN:1,(empty-report)
FNF:1
FNH:1
FNDA:1,(empty-report)
DA:3,0
DA:4,0
DA:6,0
DA:12,0
DA:23,0
DA:24,0
DA:25,0
DA:26,0
DA:27,0
DA:29,0
DA:30,0
DA:31,0
DA:32,0
DA:33,0
DA:34,0
DA:36,0
DA:38,0
DA:39,0
DA:40,0
DA:41,0
DA:42,0
DA:43,0
DA:44,0
DA:45,0
DA:47,0
DA:48,0
DA:49,0
DA:50,0
DA:51,0
DA:52,0
DA:53,0
DA:54,0
DA:55,0
DA:57,0
DA:59,0
DA:60,0
DA:61,0
DA:62,0
DA:63,0
DA:64,0
DA:65,0
DA:66,0
DA:67,0
DA:68,0
DA:71,0
DA:72,0
DA:73,0
DA:76,0
DA:77,0
DA:78,0
DA:79,0
DA:80,0
DA:81,0
DA:82,0
DA:83,0
DA:85,0
DA:88,0
DA:89,0
DA:90,0
DA:91,0
DA:92,0
DA:93,0
DA:94,0
DA:95,0
DA:96,0
DA:97,0
DA:98,0
DA:99,0
DA:101,0
DA:102,0
DA:103,0
DA:104,0
DA:105,0
DA:106,0
DA:107,0
DA:108,0
DA:109,0
DA:111,0
DA:112,0
DA:113,0
DA:114,0
DA:115,0
DA:116,0
DA:117,0
DA:118,0
DA:119,0
DA:121,0
DA:122,0
DA:123,0
DA:124,0
DA:125,0
DA:126,0
DA:127,0
DA:129,0
DA:130,0
DA:131,0
DA:132,0
DA:133,0
DA:134,0
DA:135,0
DA:136,0
DA:137,0
DA:139,0
DA:140,0
DA:141,0
DA:142,0
DA:143,0
DA:144,0
DA:145,0
DA:146,0
DA:147,0
DA:150,0
DA:151,0
DA:152,0
DA:153,0
DA:154,0
DA:155,0
DA:156,0
DA:157,0
DA:158,0
DA:159,0
DA:160,0
DA:161,0
DA:162,0
DA:163,0
DA:164,0
DA:165,0
DA:166,0
DA:167,0
DA:168,0
DA:169,0
DA:170,0
DA:171,0
DA:172,0
DA:173,0
DA:174,0
DA:175,0
DA:178,0
DA:179,0
DA:180,0
DA:181,0
DA:182,0
DA:183,0
DA:184,0
DA:185,0
DA:186,0
DA:187,0
DA:190,0
DA:194,0
DA:197,0
DA:198,0
DA:199,0
DA:200,0
DA:201,0
DA:202,0
DA:203,0
DA:204,0
DA:205,0
DA:206,0
DA:209,0
DA:210,0
DA:211,0
DA:212,0
DA:213,0
DA:214,0
DA:215,0
DA:216,0
DA:217,0
DA:218,0
DA:219,0
DA:220,0
DA:221,0
DA:222,0
DA:223,0
DA:224,0
DA:225,0
DA:226,0
DA:227,0
DA:229,0
LF:179
LH:0
BRDA:1,0,0,1
BRF:1
BRH:1
end_of_record
TN:
SF:src/components/passengers/passengers-page-client.tsx
FN:1,(empty-report)
FNF:1
FNH:1
FNDA:1,(empty-report)
DA:3,0
DA:4,0
DA:5,0
DA:7,0
DA:8,0
DA:18,0
DA:28,0
DA:29,0
DA:30,0
DA:31,0
DA:32,0
DA:33,0
DA:34,0
DA:35,0
DA:36,0
DA:39,0
DA:40,0
DA:41,0
DA:42,0
DA:45,0
DA:46,0
DA:48,0
DA:49,0
DA:50,0
DA:52,0
DA:53,0
DA:54,0
DA:55,0
DA:56,0
DA:57,0
DA:58,0
DA:59,0
DA:60,0
DA:61,0
DA:62,0
DA:63,0
DA:64,0
DA:65,0
DA:66,0
DA:69,0
DA:70,0
DA:71,0
DA:72,0
DA:74,0
DA:75,0
DA:76,0
DA:77,0
DA:78,0
DA:79,0
DA:80,0
DA:81,0
DA:82,0
DA:83,0
DA:84,0
DA:85,0
DA:86,0
DA:89,0
DA:90,0
DA:91,0
DA:93,0
DA:94,0
DA:95,0
DA:96,0
DA:97,0
DA:98,0
DA:99,0
DA:100,0
DA:101,0
DA:102,0
DA:105,0
DA:106,0
DA:107,0
DA:108,0
DA:109,0
DA:111,0
DA:112,0
DA:113,0
DA:114,0
DA:115,0
DA:116,0
DA:117,0
DA:118,0
DA:119,0
DA:121,0
LF:84
LH:0
BRDA:1,0,0,1
BRF:1
BRH:1
end_of_record
TN:
SF:src/components/passengers/forms/passenger-form.tsx
FN:73,PassengerForm
FN:107,handleSubmit
FN:126,render
FN:146,render
FN:165,render
FN:182,render
FN:220,render
FN:244,onSelect
FN:248,disabled
FN:263,render
FN:279,render
FN:310,render
FN:323,render
FN:336,render
FN:352,render
FN:377,render
FN:406,render
FN:423,render
FN:447,onSelect
FN:452,disabled
FN:244,onSelect
FN:248,disabled
FN:447,onSelect
FN:452,disabled
FNF:24
FNH:19
FNDA:18,PassengerForm
FNDA:0,handleSubmit
FNDA:20,render
FNDA:20,render
FNDA:18,render
FNDA:18,render
FNDA:18,render
FNDA:0,onSelect
FNDA:0,disabled
FNDA:18,render
FNDA:18,render
FNDA:18,render
FNDA:18,render
FNDA:18,render
FNDA:18,render
FNDA:18,render
FNDA:18,render
FNDA:18,render
FNDA:0,onSelect
FNDA:0,disabled
FNDA:12,onSelect
FNDA:12,disabled
FNDA:12,onSelect
FNDA:12,disabled
DA:3,2
DA:4,2
DA:5,2
DA:6,2
DA:8,2
DA:9,2
DA:10,2
DA:11,2
DA:12,1
DA:13,1
DA:14,1
DA:15,1
DA:16,1
DA:17,1
DA:18,1
DA:19,2
DA:20,2
DA:21,1
DA:22,1
DA:23,1
DA:24,1
DA:25,2
DA:26,2
DA:27,1
DA:28,1
DA:29,1
DA:30,1
DA:31,1
DA:32,1
DA:33,2
DA:34,2
DA:37,2
DA:38,2
DA:39,2
DA:40,2
DA:41,2
DA:42,2
DA:43,2
DA:44,2
DA:45,2
DA:46,2
DA:47,2
DA:48,2
DA:49,2
DA:50,2
DA:51,2
DA:52,2
DA:53,2
DA:54,2
DA:55,2
DA:56,2
DA:57,2
DA:58,2
DA:59,2
DA:60,2
DA:61,2
DA:62,2
DA:73,18
DA:74,18
DA:75,18
DA:76,18
DA:77,18
DA:78,18
DA:79,18
DA:80,18
DA:81,18
DA:82,18
DA:83,18
DA:84,12
DA:86,18
DA:87,18
DA:88,18
DA:89,18
DA:90,18
DA:91,18
DA:92,18
DA:93,18
DA:94,18
DA:95,18
DA:96,18
DA:97,18
DA:98,18
DA:99,18
DA:100,18
DA:101,18
DA:102,18
DA:103,18
DA:104,18
DA:105,18
DA:107,18
DA:108,0
DA:109,0
DA:111,18
DA:112,18
DA:113,18
DA:115,18
DA:116,18
DA:118,12
DA:120,18
DA:123,18
DA:124,18
DA:125,18
DA:126,18
DA:127,20
DA:128,20
DA:129,20
DA:130,14
DA:131,20
DA:132,20
DA:133,14
DA:134,20
DA:136,14
DA:137,20
DA:138,14
DA:140,12
DA:143,18
DA:144,18
DA:145,18
DA:146,18
DA:147,20
DA:148,20
DA:149,20
DA:150,20
DA:151,20
DA:152,14
DA:153,14
DA:154,20
DA:156,14
DA:157,14
DA:159,12
DA:162,18
DA:163,18
DA:164,18
DA:165,18
DA:166,18
DA:167,18
DA:168,18
DA:169,12
DA:170,18
DA:171,18
DA:172,12
DA:173,18
DA:174,12
DA:176,12
DA:179,18
DA:180,18
DA:181,18
DA:182,18
DA:183,18
DA:184,18
DA:185,18
DA:186,18
DA:187,18
DA:188,18
DA:189,18
DA:191,18
DA:192,18
DA:193,18
DA:195,12
DA:196,12
DA:197,18
DA:198,18
DA:199,18
DA:201,12
DA:202,12
DA:203,18
DA:204,18
DA:205,18
DA:207,12
DA:208,12
DA:209,12
DA:210,12
DA:211,18
DA:212,12
DA:214,12
DA:217,18
DA:218,18
DA:219,18
DA:220,18
DA:221,18
DA:222,18
DA:223,18
DA:224,18
DA:225,18
DA:226,18
DA:227,18
DA:228,18
DA:229,18
DA:230,18
DA:231,12
DA:233,18
DA:234,0
DA:235,18
DA:236,12
DA:237,12
DA:238,12
DA:239,18
DA:240,18
DA:241,18
DA:242,18
DA:243,18
DA:244,18
DA:245,0
DA:246,0
DA:247,0
DA:248,18
DA:249,18
DA:250,18
DA:251,12
DA:252,12
DA:253,12
DA:254,18
DA:255,12
DA:257,12
DA:260,18
DA:261,18
DA:262,18
DA:263,18
DA:264,18
DA:265,18
DA:266,18
DA:267,18
DA:268,12
DA:269,18
DA:270,12
DA:272,12
DA:275,18
DA:276,18
DA:277,18
DA:278,18
DA:279,18
DA:280,18
DA:281,18
DA:282,18
DA:283,18
DA:285,12
DA:286,18
DA:287,18
DA:288,18
DA:289,18
DA:290,18
DA:291,18
DA:292,12
DA:293,12
DA:294,12
DA:295,18
DA:296,12
DA:298,12
DA:300,18
DA:301,18
DA:302,12
DA:303,12
DA:306,18
DA:307,18
DA:308,18
DA:309,18
DA:310,18
DA:311,18
DA:312,18
DA:313,18
DA:314,18
DA:315,12
DA:316,18
DA:317,12
DA:319,12
DA:320,18
DA:321,18
DA:322,18
DA:323,18
DA:324,18
DA:325,18
DA:326,18
DA:327,18
DA:328,12
DA:329,18
DA:330,12
DA:332,12
DA:333,18
DA:334,18
DA:335,18
DA:336,18
DA:337,18
DA:338,18
DA:339,18
DA:340,18
DA:341,12
DA:342,18
DA:343,12
DA:345,12
DA:346,12
DA:349,18
DA:350,18
DA:351,18
DA:352,18
DA:353,18
DA:354,18
DA:355,18
DA:356,18
DA:357,12
DA:358,18
DA:359,12
DA:361,12
DA:362,12
DA:364,18
DA:367,18
DA:368,18
DA:370,12
DA:372,18
DA:374,18
DA:375,18
DA:376,18
DA:377,18
DA:378,18
DA:379,18
DA:380,18
DA:381,12
DA:382,18
DA:383,18
DA:384,18
DA:386,18
DA:387,18
DA:388,18
DA:389,12
DA:390,12
DA:391,18
DA:392,18
DA:393,18
DA:394,18
DA:395,12
DA:396,12
DA:397,18
DA:398,12
DA:400,12
DA:403,18
DA:404,18
DA:405,18
DA:406,18
DA:407,18
DA:408,18
DA:409,18
DA:410,12
DA:411,18
DA:412,18
DA:413,12
DA:414,18
DA:415,12
DA:417,12
DA:420,18
DA:421,18
DA:422,18
DA:423,18
DA:424,18
DA:425,18
DA:426,18
DA:427,18
DA:428,18
DA:429,18
DA:430,18
DA:431,18
DA:432,18
DA:433,18
DA:434,12
DA:436,18
DA:437,0
DA:438,18
DA:439,12
DA:440,12
DA:441,12
DA:442,18
DA:443,18
DA:444,18
DA:445,18
DA:446,18
DA:447,18
DA:448,0
DA:449,0
DA:450,0
DA:451,0
DA:452,18
DA:453,18
DA:454,18
DA:455,12
DA:456,12
DA:457,12
DA:458,18
DA:459,12
DA:461,12
DA:462,12
DA:464,18
DA:466,12
DA:467,12
DA:470,18
DA:471,18
DA:472,18
DA:473,18
DA:474,18
DA:476,18
DA:477,12
DA:478,18
DA:479,18
DA:480,18
DA:481,18
DA:482,18
DA:483,18
DA:485,12
DA:486,12
DA:487,12
DA:488,12
DA:490,18
LF:409
LH:398
BRDA:73,0,0,18
BRDA:89,1,0,4
BRDA:89,2,0,14
BRDA:90,3,0,4
BRDA:90,4,0,16
BRDA:91,5,0,4
BRDA:91,6,0,14
BRDA:92,7,0,4
BRDA:92,8,0,14
BRDA:93,9,0,4
BRDA:94,10,0,4
BRDA:95,11,0,4
BRDA:96,12,0,4
BRDA:97,13,0,4
BRDA:98,14,0,4
BRDA:99,15,0,4
BRDA:100,16,0,4
BRDA:101,17,0,4
BRDA:101,18,0,14
BRDA:102,19,0,4
BRDA:102,20,0,14
BRDA:103,21,0,4
BRDA:476,22,0,2
BRDA:476,23,0,16
BRDA:126,24,0,20
BRDA:146,25,0,20
BRDA:165,26,0,18
BRDA:182,27,0,18
BRDA:220,28,0,18
BRDA:233,29,0,0
BRDA:263,30,0,18
BRDA:279,31,0,18
BRDA:310,32,0,18
BRDA:323,33,0,18
BRDA:336,34,0,18
BRDA:352,35,0,18
BRDA:377,36,0,18
BRDA:406,37,0,18
BRDA:423,38,0,18
BRDA:436,39,0,0
BRDA:95,40,0,16
BRDA:96,41,0,16
BRDA:100,42,0,16
BRF:43
BRH:41
end_of_record
TN:
SF:src/components/security/change-password-form.tsx
FN:34,z.object.refine.message
FN:38,z.object.refine.refine.message
FN:59,ChangePasswordForm
FN:78,handleSubmit
FN:122,onClick
FN:156,onClick
FN:218,onClick
FNF:7
FNH:4
FNDA:1,z.object.refine.message
FNDA:1,z.object.refine.refine.message
FNDA:20,ChangePasswordForm
FNDA:1,handleSubmit
FNDA:0,onClick
FNDA:0,onClick
FNDA:0,onClick
DA:3,1
DA:4,1
DA:5,1
DA:6,1
DA:7,1
DA:9,1
DA:10,1
DA:11,1
DA:12,1
DA:13,1
DA:14,1
DA:15,1
DA:16,1
DA:17,1
DA:18,1
DA:23,1
DA:24,1
DA:25,1
DA:26,1
DA:27,1
DA:28,1
DA:29,1
DA:30,1
DA:31,1
DA:32,1
DA:33,1
DA:34,1
DA:35,1
DA:36,1
DA:37,1
DA:38,1
DA:39,1
DA:40,1
DA:41,1
DA:59,20
DA:60,20
DA:61,20
DA:62,20
DA:64,20
DA:65,20
DA:66,20
DA:67,20
DA:68,20
DA:69,20
DA:70,20
DA:71,20
DA:73,20
DA:74,20
DA:75,20
DA:78,20
DA:79,1
DA:80,1
DA:83,20
DA:86,20
DA:87,20
DA:88,20
DA:89,20
DA:90,20
DA:91,20
DA:92,20
DA:93,20
DA:94,20
DA:95,20
DA:96,20
DA:97,20
DA:98,20
DA:101,20
DA:102,20
DA:103,20
DA:105,20
DA:106,20
DA:107,20
DA:108,20
DA:109,20
DA:110,20
DA:111,20
DA:112,20
DA:113,20
DA:114,20
DA:115,20
DA:116,20
DA:117,20
DA:118,20
DA:120,20
DA:121,20
DA:122,20
DA:123,20
DA:125,20
DA:126,0
DA:128,20
DA:133,20
DA:139,20
DA:140,20
DA:141,20
DA:142,20
DA:143,20
DA:144,20
DA:145,20
DA:146,20
DA:147,20
DA:148,20
DA:149,20
DA:150,20
DA:151,20
DA:152,20
DA:154,20
DA:155,20
DA:156,20
DA:157,20
DA:159,20
DA:160,0
DA:162,20
DA:167,20
DA:170,20
DA:171,20
DA:172,20
DA:173,20
DA:174,20
DA:175,20
DA:176,20
DA:177,20
DA:179,20
DA:180,27
DA:182,20
DA:184,20
DA:185,20
DA:186,20
DA:189,20
DA:201,20
DA:202,20
DA:203,20
DA:204,20
DA:205,20
DA:206,20
DA:207,20
DA:208,20
DA:209,20
DA:210,20
DA:211,20
DA:212,20
DA:213,20
DA:214,20
DA:216,20
DA:217,20
DA:218,20
DA:219,20
DA:221,20
DA:222,0
DA:224,20
DA:229,20
DA:235,20
DA:236,20
DA:241,20
LF:153
LH:150
BRDA:34,0,0,1
BRDA:38,1,0,1
BRDA:59,2,0,20
BRDA:236,3,0,2
BRDA:236,4,0,18
BRDA:78,5,0,1
BRDA:115,6,0,0
BRDA:125,7,0,0
BRDA:149,8,0,0
BRDA:159,9,0,0
BRDA:179,10,0,27
BRDA:186,11,0,27
BRDA:186,12,0,18
BRDA:211,13,0,0
BRDA:221,14,0,0
BRF:15
BRH:9
end_of_record
TN:
SF:src/components/security/update-email-form.tsx
FN:41,UpdateEmailForm
FN:59,handleSubmit
FN:63,handleSendOtp
FNF:3
FNH:3
FNDA:26,UpdateEmailForm
FNDA:1,handleSubmit
FNDA:1,handleSendOtp
DA:3,1
DA:4,1
DA:5,1
DA:7,1
DA:8,1
DA:9,1
DA:10,1
DA:11,1
DA:12,1
DA:13,1
DA:14,1
DA:15,1
DA:16,1
DA:22,1
DA:23,1
DA:24,1
DA:25,1
DA:26,1
DA:27,1
DA:28,1
DA:29,1
DA:41,26
DA:42,26
DA:43,26
DA:44,26
DA:45,26
DA:46,26
DA:47,26
DA:48,26
DA:49,26
DA:50,26
DA:51,26
DA:52,26
DA:53,26
DA:54,26
DA:57,26
DA:59,26
DA:60,1
DA:61,1
DA:63,26
DA:65,1
DA:66,1
DA:67,1
DA:68,1
DA:69,1
DA:71,26
DA:72,26
DA:73,26
DA:75,26
DA:76,26
DA:77,26
DA:81,26
DA:83,26
DA:84,26
DA:85,26
DA:86,26
DA:87,26
DA:88,26
DA:91,26
DA:92,26
DA:93,26
DA:94,26
DA:95,26
DA:96,26
DA:97,26
DA:100,26
DA:106,26
DA:107,26
DA:110,26
DA:111,26
DA:112,26
DA:113,26
DA:114,26
DA:115,26
DA:116,26
DA:117,26
DA:118,26
DA:119,26
DA:120,26
DA:121,26
DA:122,26
DA:125,26
DA:131,26
DA:132,26
DA:133,26
DA:134,26
DA:135,26
DA:136,26
DA:138,26
DA:145,26
DA:146,26
DA:147,26
DA:148,26
DA:150,26
DA:155,26
LF:95
LH:95
BRDA:41,0,0,26
BRDA:136,1,0,24
BRDA:136,2,0,24
BRDA:138,3,0,2
BRDA:138,4,0,24
BRDA:150,5,0,0
BRDA:59,6,0,1
BRDA:63,7,0,1
BRF:8
BRH:7
end_of_record
TN:
SF:src/components/security/update-phone-form.tsx
FN:46,UpdatePhoneForm
FN:64,handleSubmit
FN:68,handleSendOtp
FNF:3
FNH:3
FNDA:17,UpdatePhoneForm
FNDA:1,handleSubmit
FNDA:1,handleSendOtp
DA:3,1
DA:4,1
DA:5,1
DA:7,1
DA:8,1
DA:9,1
DA:10,1
DA:11,1
DA:12,1
DA:13,1
DA:14,1
DA:15,1
DA:16,1
DA:22,1
DA:23,1
DA:24,1
DA:25,1
DA:26,1
DA:27,1
DA:28,1
DA:29,1
DA:30,1
DA:31,1
DA:32,1
DA:33,1
DA:34,1
DA:46,17
DA:47,17
DA:48,17
DA:49,17
DA:50,17
DA:51,17
DA:52,17
DA:53,17
DA:54,17
DA:55,17
DA:56,17
DA:57,17
DA:58,17
DA:59,17
DA:62,17
DA:64,17
DA:65,1
DA:66,1
DA:68,17
DA:70,1
DA:71,1
DA:72,1
DA:73,1
DA:74,1
DA:76,17
DA:77,17
DA:78,17
DA:80,17
DA:81,17
DA:82,17
DA:84,17
DA:89,17
DA:91,17
DA:92,17
DA:93,17
DA:94,17
DA:95,17
DA:96,17
DA:99,17
DA:100,17
DA:101,17
DA:102,17
DA:103,17
DA:104,17
DA:105,17
DA:106,17
DA:109,17
DA:115,17
DA:116,17
DA:119,17
DA:120,17
DA:121,17
DA:122,17
DA:123,17
DA:124,17
DA:125,17
DA:126,17
DA:127,17
DA:128,17
DA:129,17
DA:130,17
DA:131,17
DA:134,17
DA:140,17
DA:141,17
DA:142,17
DA:143,17
DA:144,17
DA:145,17
DA:147,17
DA:154,17
DA:155,17
DA:156,17
DA:157,17
DA:159,17
DA:164,17
LF:102
LH:102
BRDA:46,0,0,17
BRDA:145,1,0,15
BRDA:145,2,0,15
BRDA:147,3,0,2
BRDA:147,4,0,15
BRDA:159,5,0,0
BRDA:64,6,0,1
BRDA:68,7,0,1
BRF:8
BRH:7
end_of_record
TN:
SF:src/components/user/index.ts
FN:1,(empty-report)
FNF:1
FNH:0
FNDA:0,(empty-report)
DA:1,0
LF:1
LH:0
BRDA:1,0,0,0
BRF:1
BRH:0
end_of_record
TN:
SF:src/components/user/user-info-form.tsx
FN:1,(empty-report)
FNF:1
FNH:1
FNDA:1,(empty-report)
DA:3,0
DA:4,0
DA:5,0
DA:6,0
DA:8,0
DA:9,0
DA:17,0
DA:25,0
DA:26,0
DA:27,0
DA:28,0
DA:33,0
DA:39,0
DA:40,0
DA:41,0
DA:42,0
DA:43,0
DA:45,0
DA:46,0
DA:47,0
DA:48,0
DA:51,0
DA:54,0
DA:56,0
DA:57,0
DA:58,0
DA:59,0
DA:60,0
DA:61,0
DA:62,0
DA:63,0
DA:64,0
DA:67,0
DA:68,0
DA:69,0
DA:70,0
DA:72,0
DA:73,0
DA:74,0
DA:76,0
DA:78,0
DA:79,0
DA:80,0
DA:81,0
DA:82,0
DA:85,0
DA:86,0
DA:88,0
DA:89,0
DA:91,0
DA:92,0
DA:93,0
DA:94,0
DA:95,0
DA:96,0
DA:97,0
DA:99,0
DA:100,0
DA:101,0
DA:102,0
DA:103,0
DA:104,0
DA:106,0
DA:108,0
DA:109,0
DA:110,0
DA:111,0
DA:114,0
DA:115,0
DA:116,0
DA:117,0
DA:118,0
DA:119,0
DA:120,0
DA:121,0
DA:122,0
DA:123,0
DA:124,0
DA:126,0
DA:129,0
DA:130,0
DA:131,0
DA:132,0
DA:133,0
DA:134,0
DA:135,0
DA:136,0
DA:137,0
DA:138,0
DA:139,0
DA:141,0
DA:144,0
DA:145,0
DA:146,0
DA:147,0
DA:148,0
DA:149,0
DA:150,0
DA:151,0
DA:152,0
DA:153,0
DA:154,0
DA:156,0
DA:157,0
DA:158,0
DA:159,0
DA:161,0
DA:162,0
DA:163,0
DA:164,0
DA:165,0
DA:166,0
DA:167,0
DA:168,0
DA:169,0
DA:170,0
DA:172,0
DA:175,0
DA:176,0
DA:177,0
DA:178,0
DA:179,0
DA:180,0
DA:181,0
DA:182,0
DA:183,0
DA:184,0
DA:185,0
DA:187,0
DA:190,0
DA:191,0
DA:192,0
DA:193,0
DA:197,0
DA:198,0
DA:199,0
DA:200,0
DA:201,0
DA:202,0
DA:203,0
DA:204,0
DA:205,0
DA:206,0
DA:208,0
DA:209,0
DA:210,0
DA:211,0
DA:212,0
DA:214,0
DA:217,0
DA:218,0
DA:219,0
DA:220,0
DA:221,0
DA:222,0
DA:223,0
DA:225,0
DA:227,0
DA:229,0
DA:230,0
DA:232,0
DA:233,0
DA:234,0
DA:235,0
DA:236,0
DA:239,0
DA:240,0
DA:242,0
DA:243,0
DA:244,0
DA:247,0
DA:248,0
DA:250,0
DA:251,0
DA:252,0
DA:253,0
DA:254,0
DA:257,0
DA:258,0
DA:260,0
DA:261,0
DA:262,0
DA:263,0
DA:264,0
DA:265,0
DA:266,0
DA:269,0
DA:270,0
DA:271,0
DA:272,0
DA:273,0
DA:274,0
DA:275,0
DA:276,0
DA:277,0
DA:278,0
DA:279,0
DA:280,0
DA:282,0
LF:199
LH:0
BRDA:1,0,0,1
BRF:1
BRH:1
end_of_record
TN:
SF:src/lib/email.tsx
FN:1,(empty-report)
FNF:1
FNH:0
FNDA:0,(empty-report)
DA:1,0
DA:3,0
DA:9,0
DA:13,0
DA:14,0
DA:16,0
DA:17,0
DA:18,0
DA:19,0
DA:21,0
DA:22,0
DA:23,0
DA:24,0
DA:25,0
DA:31,0
DA:32,0
DA:33,0
DA:34,0
DA:35,0
DA:36,0
DA:44,0
DA:45,0
DA:46,0
DA:47,0
DA:48,0
DA:49,0
DA:50,0
DA:52,0
DA:53,0
DA:54,0
DA:56,0
DA:57,0
DA:58,0
DA:60,0
DA:61,0
DA:62,0
DA:65,0
DA:66,0
DA:67,0
DA:68,0
DA:69,0
DA:70,0
DA:72,0
DA:73,0
DA:74,0
DA:75,0
DA:77,0
DA:78,0
DA:79,0
DA:80,0
DA:81,0
DA:82,0
DA:84,0
DA:85,0
DA:86,0
DA:88,0
DA:89,0
DA:90,0
DA:91,0
DA:99,0
DA:100,0
DA:101,0
DA:102,0
DA:103,0
DA:104,0
DA:105,0
LF:66
LH:0
BRDA:1,0,0,0
BRF:1
BRH:0
end_of_record
TN:
SF:src/lib/sms.ts
FN:1,(empty-report)
FNF:1
FNH:0
FNDA:0,(empty-report)
DA:1,0
DA:2,0
DA:3,0
DA:4,0
DA:10,0
DA:14,0
DA:17,0
DA:19,0
DA:20,0
DA:21,0
DA:24,0
DA:26,0
DA:27,0
DA:32,0
DA:33,0
DA:34,0
DA:35,0
DA:36,0
DA:37,0
DA:44,0
DA:46,0
DA:47,0
DA:55,0
DA:56,0
DA:57,0
DA:58,0
DA:60,0
DA:61,0
DA:62,0
DA:65,0
DA:66,0
DA:67,0
DA:68,0
DA:70,0
DA:71,0
DA:72,0
DA:73,0
DA:74,0
DA:77,0
DA:78,0
DA:79,0
DA:80,0
DA:81,0
DA:82,0
DA:83,0
DA:84,0
DA:86,0
DA:89,0
DA:90,0
DA:91,0
DA:92,0
DA:95,0
DA:96,0
DA:97,0
DA:98,0
DA:99,0
DA:100,0
DA:101,0
DA:102,0
DA:103,0
DA:104,0
DA:105,0
DA:106,0
DA:107,0
DA:110,0
DA:111,0
DA:112,0
DA:113,0
DA:115,0
DA:116,0
DA:117,0
DA:118,0
DA:119,0
DA:121,0
DA:122,0
DA:123,0
DA:124,0
DA:132,0
DA:133,0
DA:134,0
DA:135,0
DA:136,0
DA:137,0
DA:138,0
LF:84
LH:0
BRDA:1,0,0,0
BRF:1
BRH:0
end_of_record
TN:
SF:src/lib/utils.ts
FN:4,cn
FNF:1
FNH:1
FNDA:15338,cn
DA:1,2
DA:2,2
DA:4,2
DA:5,15338
DA:6,15338
LF:5
LH:5
BRDA:4,0,0,15338
BRF:1
BRH:1
end_of_record
TN:
SF:src/lib/actions/auth.ts
FN:1,(empty-report)
FNF:1
FNH:1
FNDA:1,(empty-report)
DA:3,0
DA:4,0
DA:5,0
DA:7,0
DA:8,0
DA:9,0
DA:10,0
DA:30,0
DA:31,0
DA:33,0
DA:34,0
DA:35,0
DA:36,0
DA:38,0
DA:39,0
DA:40,0
DA:41,0
DA:42,0
DA:43,0
DA:46,0
DA:49,0
DA:50,0
DA:51,0
DA:54,0
DA:55,0
DA:56,0
DA:57,0
DA:58,0
DA:59,0
DA:60,0
DA:61,0
DA:62,0
DA:63,0
DA:74,0
DA:75,0
DA:77,0
DA:78,0
DA:79,0
DA:80,0
DA:83,0
DA:84,0
DA:85,0
DA:86,0
DA:87,0
DA:88,0
DA:92,0
DA:93,0
DA:94,0
DA:95,0
DA:96,0
DA:97,0
DA:98,0
DA:99,0
DA:100,0
DA:103,0
DA:104,0
DA:105,0
DA:106,0
DA:107,0
DA:108,0
DA:112,0
DA:113,0
DA:114,0
DA:115,0
DA:116,0
DA:117,0
DA:119,0
DA:120,0
DA:121,0
DA:122,0
DA:123,0
DA:124,0
DA:125,0
DA:126,0
DA:127,0
DA:128,0
DA:129,0
DA:130,0
DA:146,0
DA:147,0
DA:148,0
DA:149,0
DA:150,0
DA:152,0
DA:153,0
DA:154,0
DA:155,0
DA:157,0
DA:158,0
DA:159,0
DA:160,0
DA:161,0
DA:162,0
DA:165,0
DA:166,0
DA:167,0
DA:168,0
DA:169,0
DA:171,0
DA:172,0
DA:173,0
DA:176,0
DA:177,0
DA:178,0
DA:179,0
DA:180,0
DA:181,0
DA:182,0
DA:183,0
DA:186,0
DA:187,0
DA:188,0
DA:189,0
DA:190,0
DA:191,0
DA:194,0
DA:197,0
DA:198,0
DA:199,0
DA:200,0
DA:201,0
DA:202,0
DA:203,0
DA:204,0
DA:205,0
DA:206,0
DA:207,0
DA:208,0
DA:223,0
DA:224,0
DA:226,0
DA:227,0
DA:228,0
DA:229,0
DA:231,0
DA:232,0
DA:233,0
DA:234,0
DA:235,0
DA:236,0
DA:239,0
DA:240,0
DA:241,0
DA:242,0
DA:244,0
DA:245,0
DA:246,0
DA:249,0
DA:250,0
DA:251,0
DA:252,0
DA:253,0
DA:254,0
DA:257,0
DA:260,0
DA:261,0
DA:262,0
DA:263,0
DA:264,0
DA:265,0
DA:266,0
DA:267,0
DA:268,0
DA:269,0
DA:270,0
DA:271,0
DA:285,0
DA:286,0
DA:288,0
DA:289,0
DA:290,0
DA:291,0
DA:293,0
DA:294,0
DA:295,0
DA:296,0
DA:297,0
DA:298,0
DA:301,0
DA:303,0
DA:304,0
DA:305,0
DA:308,0
DA:311,0
DA:312,0
DA:313,0
DA:314,0
DA:315,0
DA:316,0
DA:317,0
DA:318,0
DA:319,0
DA:320,0
DA:321,0
DA:322,0
DA:336,0
DA:337,0
DA:339,0
DA:340,0
DA:341,0
DA:342,0
DA:344,0
DA:345,0
DA:346,0
DA:347,0
DA:348,0
DA:349,0
DA:352,0
DA:354,0
DA:355,0
DA:356,0
DA:359,0
DA:362,0
DA:363,0
DA:364,0
DA:365,0
DA:366,0
DA:367,0
DA:368,0
DA:369,0
DA:370,0
DA:371,0
DA:372,0
DA:373,0
LF:224
LH:0
BRDA:1,0,0,1
BRF:1
BRH:1
end_of_record
TN:
SF:src/lib/actions/dev-tools.ts
FN:1,(empty-report)
FNF:1
FNH:1
FNDA:1,(empty-report)
DA:3,0
DA:4,0
DA:6,0
DA:7,0
DA:8,0
DA:31,0
DA:32,0
DA:33,0
DA:34,0
DA:36,0
DA:37,0
DA:38,0
DA:39,0
DA:40,0
DA:41,0
DA:42,0
DA:43,0
DA:56,0
DA:57,0
DA:58,0
DA:59,0
DA:60,0
DA:61,0
DA:63,0
DA:65,0
DA:66,0
DA:67,0
DA:68,0
DA:69,0
DA:71,0
DA:72,0
DA:73,0
DA:75,0
DA:78,0
DA:79,0
DA:80,0
DA:81,0
DA:82,0
DA:83,0
DA:84,0
DA:88,0
DA:90,0
DA:91,0
DA:92,0
DA:93,0
DA:94,0
DA:95,0
DA:97,0
DA:98,0
DA:99,0
DA:103,0
DA:105,0
DA:108,0
DA:109,0
DA:110,0
DA:111,0
DA:112,0
DA:113,0
DA:114,0
DA:116,0
DA:117,0
DA:118,0
DA:120,0
DA:121,0
DA:122,0
DA:123,0
DA:124,0
DA:125,0
DA:126,0
DA:127,0
DA:128,0
LF:71
LH:0
BRDA:1,0,0,1
BRF:1
BRH:1
end_of_record
TN:
SF:src/lib/actions/flight-search-history.ts
FN:1,(empty-report)
FNF:1
FNH:1
FNDA:1,(empty-report)
DA:3,0
DA:4,0
DA:6,0
DA:7,0
DA:8,0
DA:9,0
DA:32,0
DA:33,0
DA:34,0
DA:35,0
DA:36,0
DA:38,0
DA:39,0
DA:41,0
DA:43,0
DA:44,0
DA:45,0
DA:47,0
DA:50,0
DA:51,0
DA:52,0
DA:53,0
DA:54,0
DA:55,0
DA:56,0
DA:57,0
DA:58,0
DA:59,0
DA:60,0
DA:61,0
DA:62,0
DA:63,0
DA:65,0
DA:66,0
DA:67,0
DA:68,0
DA:71,0
DA:79,0
DA:80,0
DA:81,0
DA:82,0
DA:83,0
DA:84,0
DA:85,0
DA:86,0
DA:87,0
DA:88,0
DA:89,0
DA:90,0
DA:92,0
DA:94,0
DA:95,0
DA:96,0
DA:97,0
DA:98,0
DA:99,0
DA:100,0
DA:101,0
DA:102,0
DA:103,0
DA:104,0
DA:105,0
DA:107,0
DA:108,0
DA:109,0
DA:110,0
DA:111,0
DA:112,0
DA:113,0
DA:114,0
DA:115,0
DA:116,0
DA:117,0
DA:118,0
DA:119,0
DA:120,0
DA:121,0
DA:122,0
DA:123,0
DA:124,0
DA:125,0
DA:127,0
DA:128,0
DA:129,0
LF:84
LH:0
BRDA:1,0,0,1
BRF:1
BRH:1
end_of_record
TN:
SF:src/lib/actions/index.ts
FN:1,(empty-report)
FNF:1
FNH:0
FNDA:0,(empty-report)
DA:1,0
DA:2,0
DA:3,0
DA:4,0
LF:4
LH:0
BRDA:1,0,0,0
BRF:1
BRH:0
end_of_record
TN:
SF:src/lib/actions/orders.ts
FN:1,(empty-report)
FNF:1
FNH:1
FNDA:1,(empty-report)
DA:3,0
DA:4,0
DA:5,0
DA:6,0
DA:8,0
DA:9,0
DA:10,0
DA:11,0
DA:12,0
DA:13,0
DA:29,0
DA:30,0
DA:31,0
DA:32,0
DA:33,0
DA:34,0
DA:39,0
DA:40,0
DA:41,0
DA:42,0
DA:43,0
DA:48,0
DA:49,0
DA:50,0
DA:51,0
DA:52,0
DA:53,0
DA:54,0
DA:55,0
DA:61,0
DA:62,0
DA:63,0
DA:64,0
DA:65,0
DA:66,0
DA:67,0
DA:69,0
DA:70,0
DA:75,0
DA:76,0
DA:77,0
DA:78,0
DA:79,0
DA:90,0
DA:91,0
DA:92,0
DA:93,0
DA:95,0
DA:96,0
DA:97,0
DA:98,0
DA:100,0
DA:101,0
DA:102,0
DA:103,0
DA:104,0
DA:105,0
DA:108,0
DA:110,0
DA:111,0
DA:112,0
DA:113,0
DA:114,0
DA:115,0
DA:116,0
DA:118,0
DA:119,0
DA:122,0
DA:123,0
DA:124,0
DA:125,0
DA:126,0
DA:127,0
DA:128,0
DA:129,0
DA:130,0
DA:131,0
DA:132,0
DA:133,0
DA:134,0
DA:135,0
DA:136,0
DA:139,0
DA:140,0
DA:141,0
DA:142,0
DA:144,0
DA:145,0
DA:146,0
DA:147,0
DA:148,0
DA:149,0
DA:150,0
DA:151,0
DA:152,0
DA:154,0
DA:155,0
DA:156,0
DA:157,0
DA:158,0
DA:159,0
DA:162,0
DA:163,0
DA:164,0
DA:165,0
DA:166,0
DA:167,0
DA:168,0
DA:169,0
DA:172,0
DA:173,0
DA:174,0
DA:175,0
DA:176,0
DA:177,0
DA:179,0
DA:180,0
DA:181,0
DA:182,0
DA:183,0
DA:184,0
DA:185,0
DA:186,0
DA:187,0
DA:188,0
DA:189,0
DA:190,0
DA:193,0
DA:194,0
DA:196,0
DA:198,0
DA:199,0
DA:200,0
DA:201,0
DA:202,0
DA:203,0
DA:204,0
DA:205,0
DA:206,0
DA:207,0
DA:208,0
DA:209,0
DA:210,0
DA:211,0
DA:212,0
DA:213,0
DA:214,0
DA:215,0
DA:216,0
DA:219,0
DA:220,0
DA:221,0
DA:222,0
DA:226,0
DA:227,0
DA:228,0
DA:230,0
DA:233,0
DA:234,0
DA:235,0
DA:236,0
DA:237,0
DA:238,0
DA:239,0
DA:240,0
DA:241,0
DA:243,0
DA:244,0
DA:246,0
DA:247,0
DA:248,0
DA:249,0
DA:250,0
DA:251,0
DA:252,0
DA:253,0
DA:254,0
DA:255,0
DA:256,0
DA:257,0
DA:258,0
DA:259,0
DA:260,0
DA:261,0
DA:266,0
DA:267,0
DA:268,0
DA:269,0
DA:279,0
DA:280,0
DA:281,0
DA:282,0
DA:284,0
DA:285,0
DA:286,0
DA:287,0
DA:288,0
DA:289,0
DA:290,0
DA:291,0
DA:293,0
DA:296,0
DA:297,0
DA:298,0
DA:299,0
DA:301,0
DA:302,0
DA:303,0
DA:304,0
DA:305,0
DA:306,0
DA:309,0
DA:310,0
DA:311,0
DA:312,0
DA:314,0
DA:315,0
DA:316,0
DA:317,0
DA:318,0
DA:319,0
DA:322,0
DA:323,0
DA:324,0
DA:325,0
DA:326,0
DA:327,0
DA:328,0
DA:329,0
DA:330,0
DA:331,0
DA:332,0
DA:335,0
DA:336,0
DA:337,0
DA:338,0
DA:339,0
DA:340,0
DA:341,0
DA:342,0
DA:343,0
DA:345,0
DA:346,0
DA:347,0
DA:348,0
DA:349,0
DA:350,0
DA:351,0
DA:352,0
DA:353,0
DA:354,0
DA:355,0
DA:356,0
DA:357,0
DA:358,0
DA:359,0
DA:364,0
DA:365,0
DA:366,0
DA:380,0
DA:381,0
DA:382,0
DA:383,0
DA:385,0
DA:387,0
DA:388,0
DA:389,0
DA:390,0
DA:391,0
DA:392,0
DA:393,0
DA:395,0
DA:398,0
DA:399,0
DA:401,0
DA:402,0
DA:403,0
DA:404,0
DA:405,0
DA:406,0
DA:409,0
DA:410,0
DA:411,0
DA:412,0
DA:414,0
DA:415,0
DA:416,0
DA:417,0
DA:418,0
DA:419,0
DA:422,0
DA:423,0
DA:424,0
DA:425,0
DA:426,0
DA:427,0
[...]
DA:344,0
DA:345,0
DA:347,0
DA:348,0
DA:349,0
DA:350,0
DA:351,0
DA:352,0
DA:353,0
DA:354,0
DA:355,0
DA:356,0
DA:357,0
LF:213
LH:44
BRDA:31,0,0,9
BRDA:71,1,0,5
BRDA:74,2,0,4
BRDA:79,3,0,0
BRDA:37,4,0,9
BRDA:45,5,0,3
BRDA:49,6,0,6
BRDA:56,7,0,1
BRDA:58,8,0,5
BRDA:53,9,0,8
BRF:10
BRH:9
end_of_record
TN:
SF:src/lib/services/index.ts
FN:1,(empty-report)
FNF:1
FNH:1
FNDA:1,(empty-report)
DA:12,0
DA:19,0
DA:23,0
DA:32,0
LF:4
LH:0
BRDA:1,0,0,1
BRF:1
BRH:1
end_of_record
TN:
SF:src/lib/services/orders.ts
FN:51,cancelExpiredOrders
FNF:1
FNH:1
FNDA:5,cancelExpiredOrders
DA:12,1
DA:14,1
DA:15,1
DA:16,1
DA:51,5
DA:52,5
DA:53,5
DA:56,5
DA:57,5
DA:58,5
DA:59,5
DA:60,5
DA:61,5
DA:62,5
DA:63,5
DA:64,5
DA:65,5
DA:66,5
DA:67,5
DA:68,5
DA:71,5
DA:72,3
DA:73,3
DA:74,3
DA:75,3
DA:76,3
DA:77,3
DA:78,3
DA:79,3
DA:80,3
DA:83,2
DA:84,2
DA:87,2
DA:88,2
DA:89,2
DA:90,2
DA:91,2
DA:92,2
DA:93,2
DA:94,2
DA:95,2
DA:96,2
DA:97,2
DA:98,2
DA:101,2
DA:102,4
DA:105,4
DA:106,4
DA:107,4
DA:108,4
DA:109,4
DA:110,4
DA:111,4
DA:113,4
DA:116,4
DA:117,0
DA:118,0
DA:119,0
DA:120,0
DA:121,0
DA:122,0
DA:123,0
DA:125,0
DA:126,0
DA:127,4
DA:129,2
DA:130,2
DA:131,2
DA:132,2
DA:133,2
DA:135,2
DA:136,2
DA:137,2
DA:138,2
DA:139,2
DA:140,5
DA:141,0
DA:143,0
DA:144,0
DA:145,0
DA:146,0
DA:147,0
DA:148,0
DA:149,0
DA:150,0
DA:151,5
LF:86
LH:68
BRDA:51,0,0,5
BRDA:71,1,0,3
BRDA:80,2,0,2
BRDA:140,3,0,0
BRDA:83,4,0,2
BRDA:101,5,0,4
BRDA:116,6,0,0
BRF:7
BRH:5
end_of_record
TN:
SF:src/lib/services/passengers.ts
FN:35,isValidUUID
FN:61,createPassenger
FN:153,updatePassenger
FN:264,getPassenger
FN:342,deletePassenger
FN:407,batchDeletePassengers
FNF:6
FNH:6
FNDA:10,isValidUUID
FNDA:3,createPassenger
FNDA:3,updatePassenger
FNDA:3,getPassenger
FNDA:4,deletePassenger
FNDA:4,batchDeletePassengers
DA:1,1
DA:3,1
DA:4,1
DA:27,1
DA:28,1
DA:35,10
DA:36,10
DA:37,10
DA:61,3
DA:62,3
DA:63,3
DA:64,3
DA:65,3
DA:67,3
DA:68,3
DA:69,2
DA:70,2
DA:71,2
DA:72,3
DA:73,1
DA:74,1
DA:75,1
DA:76,1
DA:77,1
DA:78,1
DA:81,2
DA:82,2
DA:83,2
DA:84,3
DA:85,3
DA:86,3
DA:87,3
DA:88,3
DA:89,3
DA:90,3
DA:91,3
DA:92,3
DA:93,3
DA:94,3
DA:95,3
DA:98,3
DA:99,3
DA:100,3
DA:101,3
DA:104,2
DA:105,2
DA:106,2
DA:107,2
DA:108,2
DA:109,2
DA:110,2
DA:111,2
DA:112,2
DA:113,2
DA:114,2
DA:115,2
DA:116,3
DA:117,3
DA:118,3
DA:119,3
DA:120,3
DA:121,3
DA:122,3
DA:124,3
DA:125,3
DA:126,3
DA:127,3
DA:128,3
DA:129,3
DA:130,0
DA:131,0
DA:132,0
DA:133,0
DA:134,0
DA:135,0
DA:136,0
DA:137,3
DA:153,3
DA:154,3
DA:155,3
DA:156,3
DA:157,3
DA:158,3
DA:160,3
DA:161,1
DA:162,1
DA:163,1
DA:164,1
DA:165,1
DA:168,2
DA:169,2
DA:170,2
DA:171,2
DA:172,2
DA:173,2
DA:174,2
DA:175,2
DA:176,2
DA:177,2
DA:179,3
DA:180,1
DA:181,1
DA:182,1
DA:183,1
DA:184,1
DA:187,1
DA:188,1
DA:189,1
DA:191,1
DA:192,1
DA:193,1
DA:194,3
DA:195,1
DA:196,3
DA:197,1
DA:198,3
DA:199,3
DA:200,3
DA:201,1
DA:202,1
DA:203,3
DA:204,1
DA:205,3
DA:206,1
DA:207,3
DA:210,1
DA:211,1
DA:212,1
DA:213,1
DA:214,1
DA:217,1
DA:218,1
DA:219,1
DA:220,1
DA:221,1
DA:222,1
DA:223,1
DA:224,1
DA:225,1
DA:226,1
DA:227,1
DA:228,1
DA:229,3
DA:230,3
DA:231,3
DA:232,3
DA:233,3
DA:234,3
DA:235,3
DA:237,3
DA:238,3
DA:239,3
DA:240,3
DA:241,3
DA:242,3
DA:243,0
DA:244,0
DA:245,0
DA:246,0
DA:247,0
DA:248,0
DA:249,0
DA:250,3
DA:264,3
DA:265,3
DA:266,3
DA:267,3
DA:268,3
DA:270,3
DA:271,1
DA:272,1
DA:273,1
DA:274,1
DA:275,1
DA:276,1
DA:279,2
DA:280,2
DA:281,2
DA:282,2
DA:283,2
DA:284,2
DA:285,2
DA:286,2
DA:287,2
DA:288,2
DA:290,3
DA:291,1
DA:292,1
DA:293,1
DA:294,1
DA:295,1
DA:296,1
DA:299,1
DA:300,1
DA:301,1
DA:302,1
DA:303,1
DA:304,1
DA:305,1
DA:306,1
DA:307,1
DA:308,1
DA:309,1
DA:310,1
DA:311,3
DA:312,3
DA:313,3
DA:314,3
DA:315,3
DA:317,3
DA:318,3
DA:319,3
DA:320,3
DA:321,3
DA:322,0
DA:323,0
DA:324,0
DA:325,0
DA:326,0
DA:327,0
DA:328,3
DA:342,4
DA:343,4
DA:344,4
DA:345,4
DA:346,4
DA:348,4
DA:349,1
DA:350,1
DA:351,1
DA:352,1
DA:353,1
DA:356,3
DA:357,3
DA:358,3
DA:359,3
DA:360,3
DA:361,3
DA:362,3
DA:363,3
DA:364,3
DA:365,3
DA:367,4
DA:368,2
DA:369,2
DA:370,2
DA:371,2
DA:372,2
DA:375,1
DA:376,1
DA:377,1
DA:378,1
DA:380,1
DA:381,1
DA:382,1
DA:383,1
DA:384,4
DA:385,0
DA:386,0
DA:387,0
DA:388,0
DA:389,0
DA:390,0
DA:391,0
DA:392,4
DA:407,4
DA:408,4
DA:409,4
DA:410,4
DA:411,4
DA:413,4
DA:414,1
DA:415,1
DA:416,1
DA:417,1
DA:418,1
DA:421,3
DA:422,3
DA:423,3
DA:424,3
DA:425,3
DA:426,3
DA:427,3
DA:428,3
DA:429,3
DA:430,3
DA:431,3
DA:433,3
DA:435,3
DA:436,3
DA:437,3
DA:438,3
DA:439,3
DA:440,4
DA:441,0
DA:442,0
DA:443,0
DA:444,0
DA:445,0
DA:446,0
DA:447,0
DA:448,4
LF:302
LH:268
BRDA:35,0,0,10
BRDA:61,1,0,3
BRDA:68,2,0,2
BRDA:69,3,0,2
BRDA:70,4,0,2
BRDA:72,5,0,1
BRDA:78,6,0,2
BRDA:84,7,0,1
BRDA:85,8,0,1
BRDA:86,9,0,1
BRDA:87,10,0,1
BRDA:88,11,0,1
BRDA:89,12,0,2
BRDA:90,13,0,1
BRDA:101,14,0,2
BRDA:116,15,0,0
BRDA:119,16,0,2
BRDA:119,17,0,0
BRDA:121,18,0,2
BRDA:121,19,0,0
BRDA:129,20,0,0
BRDA:153,21,0,3
BRDA:160,22,0,1
BRDA:165,23,0,2
BRDA:179,24,0,1
BRDA:194,25,0,0
BRDA:194,26,0,1
BRDA:196,27,0,0
BRDA:196,28,0,1
BRDA:198,29,0,0
BRDA:198,30,0,1
BRDA:199,31,0,0
BRDA:199,32,0,1
BRDA:200,33,0,0
BRDA:200,34,0,1
BRDA:203,35,0,0
BRDA:203,36,0,1
BRDA:205,37,0,0
BRDA:205,38,0,1
BRDA:207,39,0,0
BRDA:207,40,0,1
BRDA:229,41,0,0
BRDA:232,42,0,1
BRDA:232,43,0,0
BRDA:234,44,0,1
BRDA:234,45,0,0
BRDA:242,46,0,0
BRDA:264,47,0,3
BRDA:270,48,0,1
BRDA:276,49,0,2
BRDA:290,50,0,1
BRDA:311,51,0,0
BRDA:313,52,0,1
BRDA:313,53,0,0
BRDA:314,54,0,1
BRDA:314,55,0,0
BRDA:321,56,0,0
BRDA:342,57,0,4
BRDA:348,58,0,1
BRDA:353,59,0,3
BRDA:367,60,0,2
BRDA:372,61,0,1
BRDA:384,62,0,0
BRDA:407,63,0,4
BRDA:413,64,0,1
BRDA:418,65,0,3
BRDA:440,66,0,0
BRF:67
BRH:45
end_of_record
TN:
SF:src/lib/services/types.ts
FN:1,(empty-report)
FNF:1
FNH:1
FNDA:1,(empty-report)
LF:0
LH:0
BRDA:1,0,0,1
BRF:1
BRH:1
end_of_record
TN:
SF:src/lib/services/user.ts
FN:1,(empty-report)
FNF:1
FNH:0
FNDA:0,(empty-report)
DA:1,0
DA:3,0
DA:4,0
DA:29,0
DA:30,0
DA:31,0
DA:32,0
DA:33,0
DA:34,0
DA:37,0
DA:43,0
DA:44,0
DA:45,0
DA:48,0
DA:49,0
DA:50,0
DA:52,0
DA:53,0
DA:54,0
DA:55,0
DA:56,0
DA:57,0
DA:58,0
DA:59,0
DA:60,0
DA:63,0
DA:65,0
DA:66,0
DA:67,0
DA:68,0
DA:69,0
DA:70,0
DA:71,0
DA:72,0
DA:73,0
DA:74,0
DA:75,0
DA:76,0
DA:77,0
DA:78,0
LF:40
LH:0
BRDA:1,0,0,0
BRF:1
BRH:0
end_of_record
TN:
SF:src/lib/utils/airline.ts
FN:1,(empty-report)
FNF:1
FNH:1
FNDA:1,(empty-report)
DA:25,0
DA:26,0
DA:31,0
DA:32,0
DA:34,0
DA:35,0
DA:36,0
DA:40,0
DA:41,0
DA:42,0
DA:43,0
DA:44,0
DA:45,0
DA:46,0
DA:47,0
DA:49,0
DA:50,0
DA:61,0
DA:69,0
DA:70,0
DA:71,0
DA:72,0
DA:73,0
DA:74,0
LF:24
LH:0
BRDA:1,0,0,1
BRF:1
BRH:1
end_of_record
TN:
SF:src/lib/utils/api-response.ts
FN:1,(empty-report)
FNF:1
FNH:0
FNDA:0,(empty-report)
DA:1,0
DA:2,0
DA:23,0
DA:27,0
DA:28,0
DA:29,0
DA:30,0
DA:31,0
DA:32,0
DA:37,0
DA:38,0
DA:39,0
DA:40,0
DA:41,0
DA:42,0
DA:43,0
DA:44,0
DA:45,0
DA:46,0
DA:48,0
DA:49,0
DA:54,0
DA:55,0
DA:56,0
DA:57,0
DA:58,0
DA:59,0
DA:60,0
DA:61,0
DA:62,0
DA:63,0
DA:64,0
DA:65,0
DA:66,0
DA:67,0
DA:68,0
DA:70,0
DA:71,0
DA:76,0
DA:77,0
DA:78,0
DA:79,0
DA:80,0
DA:81,0
DA:82,0
DA:83,0
DA:84,0
DA:85,0
DA:86,0
DA:87,0
DA:88,0
DA:89,0
DA:91,0
DA:92,0
DA:97,0
DA:98,0
DA:99,0
DA:100,0
DA:101,0
DA:102,0
DA:103,0
DA:104,0
DA:105,0
DA:110,0
DA:111,0
DA:112,0
DA:113,0
DA:114,0
DA:115,0
DA:116,0
DA:121,0
DA:122,0
DA:123,0
DA:124,0
DA:125,0
DA:126,0
DA:127,0
DA:132,0
DA:133,0
DA:134,0
DA:135,0
DA:136,0
DA:137,0
DA:138,0
DA:143,0
DA:144,0
DA:145,0
DA:146,0
DA:147,0
DA:148,0
DA:149,0
DA:154,0
DA:155,0
DA:156,0
DA:157,0
DA:158,0
DA:159,0
DA:160,0
DA:165,0
DA:166,0
DA:167,0
DA:168,0
DA:169,0
DA:170,0
DA:175,0
DA:176,0
DA:177,0
DA:178,0
DA:179,0
DA:180,0
DA:185,0
DA:186,0
DA:187,0
DA:188,0
DA:189,0
DA:190,0
DA:196,0
DA:197,0
DA:198,0
DA:199,0
LF:120
LH:0
BRDA:1,0,0,0
BRF:1
BRH:0
end_of_record
TN:
SF:src/lib/utils/auth-helpers.ts
FN:1,(empty-report)
FNF:1
FNH:0
FNDA:0,(empty-report)
DA:1,0
DA:3,0
DA:34,0
DA:35,0
DA:36,0
DA:37,0
DA:38,0
DA:39,0
DA:41,0
DA:42,0
DA:43,0
DA:44,0
DA:45,0
DA:46,0
DA:48,0
DA:49,0
DA:50,0
DA:51,0
DA:52,0
DA:53,0
DA:54,0
DA:55,0
DA:56,0
DA:57,0
DA:58,0
DA:59,0
DA:80,0
DA:81,0
DA:83,0
DA:84,0
DA:85,0
DA:87,0
DA:88,0
LF:33
LH:0
BRDA:1,0,0,0
BRF:1
BRH:0
end_of_record
TN:
SF:src/lib/utils/cron-auth.ts
FN:1,(empty-report)
FNF:1
FNH:1
FNDA:1,(empty-report)
DA:29,0
DA:31,0
DA:33,0
DA:34,0
DA:35,0
DA:36,0
DA:39,0
DA:40,0
DA:41,0
DA:42,0
DA:45,0
DA:48,0
DA:50,0
DA:51,0
DA:52,0
DA:53,0
DA:54,0
DA:55,0
DA:58,0
DA:59,0
DA:66,0
DA:67,0
DA:68,0
DA:69,0
DA:70,0
DA:71,0
DA:72,0
DA:73,0
DA:74,0
DA:75,0
DA:76,0
DA:77,0
DA:78,0
DA:79,0
DA:80,0
DA:89,0
DA:91,0
DA:92,0
DA:93,0
DA:97,0
DA:98,0
DA:99,0
DA:100,0
DA:102,0
DA:103,0
LF:45
LH:0
BRDA:1,0,0,1
BRF:1
BRH:1
end_of_record
TN:
SF:src/lib/utils/currency.ts
FN:55,CNY
FN:69,parseCurrency
FN:83,formatCurrency
FN:96,formatCurrencyWithoutSymbol
FN:110,addCurrency
FN:129,subtractCurrency
FN:147,multiplyCurrency
FN:165,divideCurrency
FN:183,toDatabaseValue
FN:197,fromDatabaseValue
FN:213,compareCurrency
FN:237,isEqualCurrency
FN:257,isValidCurrency
FN:295,getCurrencyValue
FNF:14
FNH:8
FNDA:184,CNY
FNDA:43,parseCurrency
FNDA:83,formatCurrency
FNDA:11,formatCurrencyWithoutSymbol
FNDA:5,addCurrency
FNDA:0,subtractCurrency
FNDA:5,multiplyCurrency
FNDA:0,divideCurrency
FNDA:0,toDatabaseValue
FNDA:0,fromDatabaseValue
FNDA:11,compareCurrency
FNDA:0,isEqualCurrency
FNDA:0,isValidCurrency
FNDA:15,getCurrencyValue
DA:17,1
DA:26,1
DA:27,1
DA:28,1
DA:29,1
DA:30,1
DA:31,1
DA:55,184
DA:56,184
DA:57,184
DA:69,1
DA:70,43
DA:71,43
DA:83,1
DA:84,83
DA:85,83
DA:96,1
DA:97,11
DA:98,11
DA:110,1
DA:111,5
DA:112,0
DA:113,0
DA:115,5
DA:116,5
DA:129,1
DA:130,0
DA:131,0
DA:133,0
DA:134,0
DA:147,1
DA:148,5
DA:149,5
DA:151,5
DA:152,5
DA:165,1
DA:166,0
DA:167,0
DA:169,0
DA:170,0
DA:183,1
DA:184,0
DA:185,0
DA:197,1
DA:198,0
DA:199,0
DA:213,1
DA:214,11
DA:215,11
DA:217,11
DA:218,11
DA:220,11
DA:221,11
DA:222,6
DA:223,6
DA:237,1
DA:238,0
DA:239,0
DA:257,1
DA:259,0
DA:260,0
DA:261,0
DA:264,0
DA:266,0
DA:267,0
DA:268,0
DA:270,0
DA:271,0
DA:272,0
DA:273,0
DA:274,0
DA:276,0
DA:277,0
DA:279,0
DA:280,0
DA:281,0
DA:282,0
DA:283,0
DA:295,1
DA:296,15
DA:297,15
LF:81
LH:46
BRDA:55,0,0,184
BRDA:69,1,0,43
BRDA:83,2,0,83
BRDA:96,3,0,11
BRDA:110,4,0,5
BRDA:111,5,0,0
BRDA:115,6,0,10
BRDA:147,7,0,5
BRDA:213,8,0,11
BRDA:220,9,0,3
BRDA:220,10,0,8
BRDA:221,11,0,2
BRDA:221,12,0,6
BRDA:295,13,0,15
BRF:14
BRH:13
end_of_record
TN:
SF:src/lib/utils/string.ts
FN:6,getInitials
FNF:1
FNH:1
FNDA:16,getInitials
DA:6,2
DA:7,16
DA:8,12
DA:9,12
DA:10,12
DA:11,12
DA:12,12
DA:13,12
DA:14,12
LF:9
LH:9
BRDA:6,0,0,16
BRDA:7,1,0,4
BRDA:7,2,0,12
BRDA:10,3,0,12
BRDA:10,4,0,12
BRF:5
BRH:5
end_of_record
TN:
SF:src/types/auth.ts
FN:17,__vite_ssr_import_0__.z.object.agreedToTerms.__vite_ssr_import_0__.z.boolean.refine.message
FN:34,__vite_ssr_import_0__.z.object.refine.message
FN:49,__vite_ssr_import_0__.z.object.agreedToTerms.__vite_ssr_import_0__.z.boolean.refine.message
FN:68,__vite_ssr_import_0__.z.object.agreedToTerms.__vite_ssr_import_0__.z.boolean.refine.message
FN:81,__vite_ssr_import_0__.z.object.agreedToTerms.__vite_ssr_import_0__.z.boolean.refine.message
FN:90,__vite_ssr_import_0__.z.object.agreedToTerms.__vite_ssr_import_0__.z.boolean.refine.message
FN:103,__vite_ssr_import_0__.z.object.agreedToTerms.__vite_ssr_import_0__.z.boolean.refine.message
FN:17,z.object.agreedToTerms.z.boolean.refine.message
FN:34,z.object.refine.message
FN:49,z.object.agreedToTerms.z.boolean.refine.message
FN:68,z.object.agreedToTerms.z.boolean.refine.message
FN:81,z.object.agreedToTerms.z.boolean.refine.message
FN:90,z.object.agreedToTerms.z.boolean.refine.message
FN:103,z.object.agreedToTerms.z.boolean.refine.message
FNF:14
FNH:14
FNDA:6,__vite_ssr_import_0__.z.object.agreedToTerms.__vite_ssr_import_0__.z.boolean.refine.message
FNDA:9,__vite_ssr_import_0__.z.object.refine.message
FNDA:7,__vite_ssr_import_0__.z.object.agreedToTerms.__vite_ssr_import_0__.z.boolean.refine.message
FNDA:9,__vite_ssr_import_0__.z.object.agreedToTerms.__vite_ssr_import_0__.z.boolean.refine.message
FNDA:4,__vite_ssr_import_0__.z.object.agreedToTerms.__vite_ssr_import_0__.z.boolean.refine.message
FNDA:5,__vite_ssr_import_0__.z.object.agreedToTerms.__vite_ssr_import_0__.z.boolean.refine.message
FNDA:4,__vite_ssr_import_0__.z.object.agreedToTerms.__vite_ssr_import_0__.z.boolean.refine.message
FNDA:1,z.object.agreedToTerms.z.boolean.refine.message
FNDA:1,z.object.refine.message
FNDA:1,z.object.agreedToTerms.z.boolean.refine.message
FNDA:2,z.object.agreedToTerms.z.boolean.refine.message
FNDA:1,z.object.agreedToTerms.z.boolean.refine.message
FNDA:1,z.object.agreedToTerms.z.boolean.refine.message
FNDA:1,z.object.agreedToTerms.z.boolean.refine.message
DA:1,2
DA:5,2
DA:6,2
DA:7,2
DA:8,2
DA:9,2
DA:10,2
DA:11,2
DA:12,2
DA:13,2
DA:14,2
DA:15,2
DA:16,2
DA:17,2
DA:18,2
DA:19,2
DA:20,2
DA:23,2
DA:24,2
DA:25,2
DA:26,2
DA:27,2
DA:28,2
DA:29,2
DA:30,2
DA:31,2
DA:32,2
DA:33,2
DA:34,2
DA:35,2
DA:36,2
DA:37,2
DA:41,2
DA:42,2
DA:43,2
DA:44,2
DA:45,2
DA:46,2
DA:47,2
DA:48,2
DA:49,2
DA:50,2
DA:51,2
DA:52,2
DA:56,2
DA:57,2
DA:58,2
DA:59,2
DA:60,2
DA:61,2
DA:62,2
DA:63,2
DA:64,2
DA:65,2
DA:66,2
DA:67,2
DA:68,2
DA:69,2
DA:70,2
DA:71,2
DA:74,2
DA:75,2
DA:76,2
DA:77,2
DA:78,2
DA:79,2
DA:80,2
DA:81,2
DA:82,2
DA:83,2
DA:84,2
DA:87,2
DA:88,2
DA:89,2
DA:90,2
DA:91,2
DA:92,2
DA:93,2
DA:96,2
DA:97,2
DA:98,2
DA:99,2
DA:100,2
DA:101,2
DA:102,2
DA:103,2
DA:104,2
DA:105,2
DA:106,2
LF:89
LH:89
BRDA:17,0,0,6
BRDA:34,1,0,9
BRDA:49,2,0,7
BRDA:68,3,0,9
BRDA:81,4,0,4
BRDA:90,5,0,5
BRDA:103,6,0,4
BRDA:17,7,0,1
BRDA:34,8,0,1
BRDA:49,9,0,1
BRDA:68,10,0,2
BRDA:81,11,0,1
BRDA:90,12,0,1
BRDA:103,13,0,1
BRF:14
BRH:14
end_of_record
TN:
SF:src/types/example.ts
FN:1,(empty-report)
FNF:1
FNH:0
FNDA:0,(empty-report)
DA:1,0
DA:9,0
DA:10,0
DA:11,0
DA:12,0
DA:13,0
DA:14,0
DA:15,0
DA:16,0
DA:19,0
DA:20,0
DA:21,0
DA:22,0
DA:25,0
DA:26,0
DA:27,0
DA:28,0
DA:29,0
DA:30,0
DA:33,0
DA:34,0
DA:35,0
DA:36,0
DA:39,0
DA:40,0
DA:41,0
DA:44,0
DA:45,0
DA:46,0
DA:47,0
DA:48,0
DA:49,0
DA:52,0
DA:53,0
DA:54,0
DA:55,0
DA:58,0
DA:59,0
DA:60,0
DA:61,0
DA:62,0
DA:65,0
DA:66,0
DA:67,0
DA:68,0
DA:69,0
DA:70,0
DA:71,0
DA:72,0
DA:73,0
DA:76,0
DA:77,0
DA:78,0
DA:79,0
LF:54
LH:0
BRDA:1,0,0,0
BRF:1
BRH:0
end_of_record
TN:
SF:src/types/user.ts
FN:1,(empty-report)
FNF:1
FNH:0
FNDA:0,(empty-report)
DA:1,0
DA:7,0
DA:8,0
DA:9,0
DA:10,0
DA:11,0
DA:12,0
DA:13,0
DA:15,0
DA:16,0
DA:17,0
DA:18,0
DA:19,0
DA:20,0
DA:22,0
DA:23,0
DA:24,0
DA:25,0
DA:26,0
DA:28,0
DA:29,0
DA:30,0
DA:31,0
DA:32,0
DA:33,0
DA:34,0
DA:35,0
DA:36,0
LF:28
LH:0
BRDA:1,0,0,0
BRF:1
BRH:0
end_of_record
TN:
SF:src/types/actions/orders.ts
FN:1,(empty-report)
FNF:1
FNH:0
FNDA:0,(empty-report)
DA:1,0
DA:29,0
DA:30,0
DA:31,0
DA:32,0
DA:33,0
DA:41,0
DA:42,0
DA:43,0
DA:44,0
DA:54,0
DA:55,0
DA:56,0
DA:57,0
DA:58,0
DA:59,0
DA:60,0
DA:61,0
DA:62,0
DA:63,0
DA:64,0
DA:65,0
DA:66,0
DA:67,0
DA:68,0
DA:69,0
DA:70,0
DA:71,0
DA:72,0
DA:73,0
DA:74,0
DA:75,0
DA:76,0
DA:77,0
DA:78,0
DA:79,0
DA:80,0
DA:81,0
DA:82,0
DA:83,0
DA:84,0
DA:85,0
DA:86,0
DA:87,0
DA:88,0
DA:89,0
DA:90,0
DA:91,0
DA:92,0
DA:93,0
DA:94,0
DA:95,0
DA:96,0
DA:97,0
DA:98,0
DA:99,0
DA:100,0
DA:101,0
DA:102,0
DA:103,0
DA:104,0
DA:105,0
DA:106,0
DA:107,0
DA:108,0
DA:109,0
DA:110,0
DA:111,0
DA:112,0
DA:113,0
DA:114,0
DA:115,0
DA:116,0
DA:117,0
DA:118,0
DA:119,0
DA:131,0
DA:132,0
DA:133,0
DA:134,0
DA:135,0
DA:136,0
DA:137,0
DA:138,0
DA:139,0
DA:140,0
DA:141,0
DA:142,0
DA:143,0
DA:144,0
DA:145,0
DA:146,0
DA:147,0
DA:148,0
DA:149,0
DA:150,0
DA:151,0
DA:152,0
DA:153,0
DA:154,0
DA:155,0
DA:156,0
DA:157,0
DA:158,0
DA:159,0
DA:160,0
DA:161,0
DA:162,0
DA:163,0
DA:164,0
DA:165,0
DA:166,0
DA:167,0
DA:168,0
DA:169,0
DA:170,0
DA:171,0
LF:117
LH:0
BRDA:1,0,0,0
BRF:1
BRH:0
end_of_record
TN:
SF:src/types/actions/payments.ts
FN:1,(empty-report)
FNF:1
FNH:0
FNDA:0,(empty-report)
DA:1,0
DA:29,0
DA:30,0
DA:31,0
DA:32,0
DA:33,0
DA:34,0
DA:35,0
DA:36,0
DA:44,0
DA:45,0
DA:46,0
DA:47,0
LF:13
LH:0
BRDA:1,0,0,0
BRF:1
BRH:0
end_of_record
TN:
SF:src/types/api/health.ts
FN:1,(empty-report)
FNF:1
FNH:0
FNDA:0,(empty-report)
DA:1,0
DA:3,0
DA:10,0
DA:11,0
DA:12,0
DA:13,0
DA:14,0
DA:15,0
DA:18,0
DA:19,0
DA:20,0
DA:21,0
DA:22,0
LF:13
LH:0
BRDA:1,0,0,0
BRF:1
BRH:0
end_of_record
TN:
SF:src/types/api/passengers.ts
FN:1,(empty-report)
FNF:1
FNH:0
FNDA:0,(empty-report)
DA:1,0
DA:3,0
DA:16,0
DA:17,0
DA:18,0
DA:19,0
DA:20,0
DA:21,0
DA:22,0
DA:23,0
DA:24,0
DA:25,0
DA:26,0
DA:27,0
DA:28,0
DA:29,0
DA:30,0
DA:31,0
DA:32,0
DA:35,0
DA:36,0
DA:37,0
DA:38,0
DA:39,0
DA:40,0
DA:41,0
DA:42,0
DA:43,0
DA:44,0
DA:45,0
DA:46,0
DA:47,0
DA:50,0
DA:51,0
DA:52,0
DA:53,0
DA:54,0
DA:55,0
DA:56,0
DA:57,0
DA:58,0
DA:59,0
DA:60,0
DA:61,0
DA:62,0
DA:63,0
DA:66,0
DA:67,0
DA:68,0
DA:71,0
DA:72,0
DA:73,0
DA:74,0
DA:75,0
DA:78,0
DA:79,0
DA:80,0
DA:81,0
DA:82,0
DA:83,0
DA:84,0
DA:87,0
DA:88,0
DA:89,0
DA:90,0
DA:91,0
DA:92,0
DA:93,0
LF:68
LH:0
BRDA:1,0,0,0
BRF:1
BRH:0
end_of_record
TN:
SF:src/types/api/response.ts
FN:1,(empty-report)
FNF:1
FNH:0
FNDA:0,(empty-report)
DA:1,0
DA:15,0
DA:16,0
DA:17,0
DA:18,0
DA:21,0
DA:22,0
DA:23,0
DA:24,0
DA:27,0
DA:28,0
DA:29,0
DA:30,0
DA:31,0
DA:32,0
DA:33,0
DA:34,0
DA:35,0
DA:38,0
DA:39,0
DA:40,0
DA:41,0
DA:42,0
DA:43,0
DA:44,0
DA:45,0
DA:46,0
DA:49,0
DA:50,0
DA:51,0
DA:52,0
DA:53,0
DA:54,0
DA:57,0
DA:58,0
DA:59,0
DA:60,0
DA:61,0
DA:62,0
DA:63,0
DA:64,0
DA:65,0
DA:66,0
DA:67,0
DA:68,0
DA:71,0
DA:72,0
DA:73,0
DA:74,0
DA:100,0
DA:101,0
DA:102,0
DA:107,0
DA:108,0
DA:109,0
LF:55
LH:0
BRDA:1,0,0,0
BRF:1
BRH:0
end_of_record
TN:
SF:src/utils/date.ts
FN:37,getWeekdayLabel
FN:53,formatDateWithWeekday
FN:72,formatTime
FN:90,formatDateString
FN:111,getBookingDateRange
FN:172,calculateQuickSelectDateRange
FNF:6
FNH:3
FNDA:17,getWeekdayLabel
FNDA:7,formatDateWithWeekday
FNDA:0,formatTime
FNDA:12,formatDateString
FNDA:0,getBookingDateRange
FNDA:0,calculateQuickSelectDateRange
DA:9,2
DA:10,2
DA:15,2
DA:16,2
DA:17,2
DA:18,2
DA:19,2
DA:20,2
DA:21,2
DA:22,2
DA:23,1
DA:37,2
DA:38,17
DA:39,17
DA:53,2
DA:54,7
DA:55,7
DA:56,7
DA:57,7
DA:58,7
DA:72,2
DA:73,0
DA:74,0
DA:90,2
DA:91,12
DA:92,12
DA:93,12
DA:94,12
DA:95,11
DA:96,0
DA:97,0
DA:111,2
DA:114,0
DA:116,0
DA:117,0
DA:120,0
DA:123,0
DA:126,0
DA:128,0
DA:129,0
DA:172,2
DA:173,0
DA:174,0
DA:175,0
DA:176,0
DA:177,0
DA:178,0
DA:179,0
DA:182,0
DA:183,0
DA:184,0
DA:185,0
DA:186,0
DA:187,0
DA:190,0
DA:191,0
DA:192,0
DA:195,0
DA:196,0
DA:199,0
DA:200,0
DA:203,0
DA:204,0
DA:205,0
DA:206,0
DA:209,0
DA:210,0
DA:213,0
DA:214,0
DA:215,0
DA:216,0
DA:218,0
DA:219,0
DA:220,0
DA:221,0
DA:222,0
DA:225,0
DA:226,0
DA:227,0
DA:228,0
DA:229,0
DA:230,0
DA:232,0
DA:233,0
DA:234,0
DA:235,0
DA:236,0
DA:237,0
LF:88
LH:29
BRDA:90,0,0,12
BRDA:94,1,0,1
BRDA:94,2,0,11
BRDA:95,3,0,0
BRDA:37,4,0,17
BRDA:53,5,0,7
BRF:6
BRH:5
end_of_record
TN:
SF:src/utils/flight.ts
FN:1,(empty-report)
FNF:1
FNH:1
FNDA:1,(empty-report)
DA:16,0
DA:17,0
DA:18,0
DA:19,0
DA:20,0
DA:21,0
DA:22,0
DA:23,0
DA:31,0
DA:32,0
DA:33,0
DA:34,0
DA:35,0
DA:43,0
DA:44,0
DA:45,0
DA:46,0
DA:47,0
DA:48,0
DA:57,0
DA:58,0
DA:59,0
DA:60,0
DA:61,0
DA:62,0
DA:65,0
DA:66,0
DA:68,0
DA:69,0
DA:71,0
DA:72,0
DA:74,0
DA:75,0
DA:83,0
DA:84,0
DA:85,0
DA:86,0
DA:87,0
DA:88,0
DA:90,0
DA:91,0
DA:92,0
DA:101,0
DA:102,0
DA:103,0
DA:104,0
DA:105,0
DA:106,0
DA:107,0
DA:108,0
DA:109,0
LF:51
LH:0
BRDA:1,0,0,1
BRF:1
BRH:1
end_of_record
TN:
SF:src/utils/logger.ts
FN:1,(empty-report)
FNF:1
FNH:0
FNDA:0,(empty-report)
DA:1,0
DA:2,0
DA:5,0
DA:6,0
DA:7,0
DA:9,0
DA:10,0
DA:11,0
DA:12,0
DA:13,0
DA:14,0
DA:15,0
DA:16,0
DA:17,0
DA:30,0
DA:31,0
DA:32,0
DA:33,0
DA:35,0
DA:36,0
DA:37,0
DA:38,0
DA:39,0
DA:40,0
DA:41,0
DA:44,0
DA:45,0
DA:49,0
DA:50,0
DA:52,0
DA:53,0
DA:55,0
DA:56,0
DA:60,0
DA:61,0
DA:62,0
DA:63,0
DA:64,0
DA:65,0
DA:66,0
DA:67,0
DA:74,0
DA:75,0
DA:77,0
DA:78,0
DA:79,0
DA:80,0
DA:81,0
DA:82,0
DA:83,0
DA:84,0
DA:87,0
DA:88,0
DA:110,0
DA:112,0
LF:55
LH:0
BRDA:1,0,0,0
BRF:1
BRH:0
end_of_record
TN:
SF:src/utils/mask-data.ts
FN:1,(empty-report)
FNF:1
FNH:1
FNDA:1,(empty-report)
DA:9,0
DA:10,0
DA:11,0
DA:12,0
DA:14,0
DA:15,0
DA:16,0
DA:18,0
DA:19,0
DA:26,0
DA:27,0
DA:28,0
DA:29,0
DA:32,0
DA:34,0
DA:35,0
DA:36,0
DA:38,0
DA:39,0
DA:40,0
DA:42,0
DA:43,0
DA:49,0
DA:50,0
DA:51,0
DA:52,0
DA:54,0
DA:56,0
DA:57,0
DA:58,0
DA:60,0
DA:61,0
DA:63,0
DA:64,0
LF:34
LH:0
BRDA:1,0,0,1
BRF:1
BRH:1
end_of_record
