TN:
SF:src/mdx-components.tsx
FN:1,(empty-report)
FNF:1
FNH:1
FNDA:1,(empty-report)
DA:2,0
DA:3,0
DA:4,0
DA:7,0
DA:9,0
DA:10,0
DA:11,0
DA:12,0
DA:13,0
DA:14,0
DA:15,0
DA:16,0
DA:17,0
LF:13
LH:0
BRDA:1,0,0,1
BRF:1
BRH:1
end_of_record
TN:
SF:src/components/auth/link-button.tsx
FN:1,(empty-report)
FNF:1
FNH:1
FNDA:1,(empty-report)
DA:3,0
DA:5,0
DA:6,0
DA:33,0
DA:38,0
DA:39,0
DA:41,0
DA:42,0
DA:43,0
DA:44,0
DA:46,0
DA:47,0
DA:48,0
DA:49,0
DA:50,0
DA:51,0
DA:53,0
DA:54,0
DA:55,0
DA:56,0
DA:57,0
DA:58,0
DA:59,0
DA:61,0
DA:62,0
DA:63,0
DA:64,0
DA:65,0
DA:66,0
DA:67,0
DA:69,0
DA:71,0
LF:32
LH:0
BRDA:1,0,0,1
BRF:1
BRH:1
end_of_record
TN:
SF:src/components/auth/sign-up-modal.tsx
FN:1,(empty-report)
FNF:1
FNH:1
FNDA:1,(empty-report)
DA:3,0
DA:5,0
DA:6,0
DA:22,0
DA:23,0
DA:24,0
DA:25,0
DA:26,0
DA:27,0
DA:28,0
DA:29,0
DA:30,0
DA:31,0
DA:32,0
DA:33,0
DA:34,0
DA:35,0
DA:36,0
DA:37,0
DA:38,0
DA:39,0
DA:40,0
DA:41,0
DA:42,0
DA:44,0
DA:45,0
DA:46,0
DA:47,0
DA:48,0
DA:49,0
DA:50,0
DA:51,0
DA:52,0
DA:53,0
DA:54,0
DA:56,0
DA:57,0
DA:59,0
DA:60,0
DA:62,0
DA:63,0
DA:67,0
DA:69,0
DA:70,0
DA:71,0
DA:72,0
DA:73,0
DA:74,0
DA:75,0
DA:77,0
DA:78,0
DA:79,0
DA:80,0
DA:81,0
DA:82,0
DA:83,0
DA:85,0
DA:86,0
DA:88,0
DA:89,0
DA:90,0
DA:91,0
DA:92,0
DA:93,0
DA:94,0
DA:95,0
DA:96,0
DA:97,0
DA:98,0
DA:99,0
DA:100,0
DA:102,0
DA:103,0
DA:104,0
DA:105,0
DA:106,0
DA:107,0
DA:109,0
DA:110,0
DA:111,0
DA:112,0
DA:113,0
DA:115,0
DA:116,0
DA:117,0
DA:118,0
DA:120,0
LF:87
LH:0
BRDA:1,0,0,1
BRF:1
BRH:1
end_of_record
TN:
SF:src/components/auth/social-account-card.tsx
FN:29,GithubIcon
FN:45,GoogleIcon
FN:91,SocialAccountCard
FN:104,onMouseEnter
FN:105,onMouseLeave
FNF:5
FNH:3
FNDA:2,GithubIcon
FNDA:2,GoogleIcon
FNDA:4,SocialAccountCard
FNDA:0,onMouseEnter
FNDA:0,onMouseLeave
DA:3,1
DA:4,1
DA:6,1
DA:29,2
DA:30,2
DA:31,2
DA:32,2
DA:33,2
DA:34,2
DA:35,2
DA:37,2
DA:40,2
DA:45,2
DA:46,2
DA:47,2
DA:48,2
DA:49,2
DA:50,2
DA:52,2
DA:53,2
DA:54,2
DA:56,2
DA:57,2
DA:58,2
DA:60,2
DA:61,2
DA:62,2
DA:66,2
DA:91,4
DA:92,4
DA:93,4
DA:94,4
DA:95,4
DA:96,4
DA:97,4
DA:98,4
DA:99,4
DA:101,4
DA:102,4
DA:103,4
DA:104,4
DA:105,4
DA:107,4
DA:109,4
DA:110,4
DA:111,4
DA:116,4
DA:119,4
DA:120,4
DA:122,4
DA:125,4
DA:126,4
DA:127,4
DA:132,4
DA:138,4
LF:55
LH:55
BRDA:29,0,0,2
BRDA:45,1,0,2
BRDA:91,2,0,4
BRDA:99,3,0,2
BRDA:99,4,0,2
BRDA:122,5,0,0
BRF:6
BRH:5
end_of_record
TN:
SF:src/components/auth/unlink-button.tsx
FN:1,(empty-report)
FNF:1
FNH:1
FNDA:1,(empty-report)
DA:3,0
DA:4,0
DA:6,0
DA:7,0
DA:33,0
DA:34,0
DA:40,0
DA:41,0
DA:42,0
DA:44,0
DA:45,0
DA:46,0
DA:47,0
DA:48,0
DA:49,0
DA:50,0
DA:52,0
DA:53,0
DA:54,0
DA:55,0
DA:56,0
DA:57,0
DA:58,0
DA:60,0
DA:61,0
DA:63,0
LF:26
LH:0
BRDA:1,0,0,1
BRF:1
BRH:1
end_of_record
TN:
SF:src/components/auth/user-sidebar.tsx
FN:1,(empty-report)
FNF:1
FNH:1
FNDA:1,(empty-report)
DA:3,0
DA:4,0
DA:5,0
DA:7,0
DA:9,0
DA:10,0
DA:24,0
DA:25,0
DA:26,0
DA:27,0
DA:28,0
DA:29,0
DA:30,0
DA:31,0
DA:32,0
DA:33,0
DA:34,0
DA:35,0
DA:36,0
DA:37,0
DA:38,0
DA:39,0
DA:40,0
DA:41,0
DA:42,0
DA:43,0
DA:44,0
DA:45,0
DA:46,0
DA:47,0
DA:48,0
DA:49,0
DA:50,0
DA:51,0
DA:52,0
DA:53,0
DA:54,0
DA:55,0
DA:56,0
DA:57,0
DA:58,0
DA:59,0
DA:60,0
DA:61,0
DA:63,0
DA:64,0
DA:67,0
DA:68,0
DA:69,0
DA:70,0
DA:73,0
DA:74,0
DA:75,0
DA:76,0
DA:77,0
DA:80,0
DA:81,0
DA:83,0
DA:84,0
DA:87,0
DA:88,0
DA:89,0
DA:90,0
DA:91,0
DA:93,0
DA:94,0
DA:95,0
DA:96,0
DA:97,0
DA:99,0
DA:100,0
DA:101,0
DA:102,0
DA:103,0
DA:104,0
DA:105,0
DA:106,0
DA:107,0
DA:108,0
DA:109,0
DA:111,0
DA:114,0
DA:115,0
DA:118,0
DA:119,0
DA:120,0
DA:121,0
DA:122,0
DA:123,0
DA:124,0
DA:126,0
DA:127,0
DA:129,0
DA:132,0
DA:133,0
DA:134,0
DA:135,0
DA:136,0
DA:137,0
DA:138,0
DA:140,0
DA:141,0
DA:142,0
DA:143,0
DA:145,0
DA:148,0
DA:149,0
DA:151,0
DA:152,0
LF:109
LH:0
BRDA:1,0,0,1
BRF:1
BRH:1
end_of_record
TN:
SF:src/components/auth/forms/email-login.tsx
FN:25,EmailLoginForm
FN:38,handleSubmit
FN:50,render
FN:72,render
FN:95,render
FNF:5
FNH:5
FNDA:10,EmailLoginForm
FNDA:1,handleSubmit
FNDA:61,render
FNDA:46,render
FNDA:13,render
DA:3,1
DA:4,1
DA:5,1
DA:7,1
DA:8,1
DA:9,1
DA:17,1
DA:18,1
DA:25,10
DA:26,10
DA:27,10
DA:28,10
DA:29,10
DA:30,10
DA:31,10
DA:32,10
DA:33,10
DA:34,10
DA:35,10
DA:36,10
DA:38,10
DA:39,1
DA:40,1
DA:42,10
DA:43,10
DA:44,10
DA:45,10
DA:47,10
DA:48,10
DA:49,10
DA:50,10
DA:51,61
DA:52,61
DA:54,61
DA:55,61
DA:56,61
DA:57,61
DA:58,61
DA:59,61
DA:60,61
DA:61,61
DA:62,61
DA:63,61
DA:64,61
DA:66,10
DA:69,10
DA:70,10
DA:71,10
DA:72,10
DA:73,46
DA:74,46
DA:76,46
DA:77,46
DA:78,46
DA:79,46
DA:80,46
DA:81,46
DA:82,46
DA:83,46
DA:84,46
DA:85,46
DA:86,46
DA:88,10
DA:89,10
DA:92,10
DA:93,10
DA:94,10
DA:95,10
DA:96,13
DA:97,13
DA:98,13
DA:99,13
DA:100,13
DA:101,13
DA:102,13
DA:103,13
DA:104,13
DA:106,13
DA:107,13
DA:108,13
DA:109,13
DA:110,13
DA:111,13
DA:113,13
DA:115,13
DA:116,13
DA:117,13
DA:118,13
DA:119,13
DA:120,13
DA:122,13
DA:123,13
DA:124,13
DA:125,13
DA:126,13
DA:128,10
DA:131,10
DA:132,10
DA:133,10
DA:134,10
DA:136,10
DA:137,10
DA:138,10
DA:139,10
DA:141,10
LF:105
LH:105
BRDA:25,0,0,10
BRDA:136,1,0,0
BRDA:38,2,0,1
BRDA:50,3,0,61
BRDA:72,4,0,46
BRDA:95,5,0,13
BRF:6
BRH:5
end_of_record
TN:
SF:src/components/auth/forms/email-otp-login.tsx
FN:30,EmailOtpLoginForm
FN:58,handleSubmit
FN:62,handleSendOtp
FN:87,render
FN:113,render
FN:141,onSuccess
FN:145,onError
FN:149,onExpire
FN:165,render
FNF:9
FNH:7
FNDA:59,EmailOtpLoginForm
FNDA:1,handleSubmit
FNDA:1,handleSendOtp
FNDA:62,render
FNDA:77,render
FNDA:1,onSuccess
FNDA:0,onError
FNDA:0,onExpire
FNDA:62,render
DA:3,1
DA:4,1
DA:5,1
DA:6,1
DA:8,1
DA:9,1
DA:10,1
DA:11,1
DA:19,1
DA:20,1
DA:30,59
DA:31,59
DA:32,59
DA:33,59
DA:34,59
DA:35,59
DA:36,59
DA:37,59
DA:38,59
DA:39,59
DA:40,59
DA:41,59
DA:42,59
DA:43,59
DA:44,59
DA:46,59
DA:47,59
DA:50,59
DA:52,59
DA:53,53
DA:54,0
DA:55,0
DA:56,59
DA:58,59
DA:59,1
DA:60,1
DA:62,59
DA:63,1
DA:64,0
DA:65,0
DA:66,0
DA:68,1
DA:70,1
DA:71,1
DA:72,1
DA:73,1
DA:75,59
DA:76,59
DA:77,59
DA:78,59
DA:80,59
DA:81,59
DA:83,59
DA:84,59
DA:85,59
DA:86,59
DA:87,59
DA:88,62
DA:89,62
DA:90,62
DA:91,62
DA:92,62
DA:93,62
DA:94,62
DA:95,62
DA:96,62
DA:97,62
DA:98,62
DA:100,59
DA:101,59
DA:104,59
DA:105,59
DA:107,59
DA:108,59
DA:110,59
DA:111,59
DA:112,59
DA:113,59
DA:114,77
DA:115,77
DA:116,77
DA:117,77
DA:118,77
DA:119,77
DA:120,77
DA:121,77
DA:122,77
DA:123,77
DA:124,77
DA:126,59
DA:129,59
DA:130,59
DA:131,59
DA:132,59
DA:133,59
DA:134,59
DA:136,59
DA:137,59
DA:138,59
DA:139,59
DA:140,59
DA:141,59
DA:142,1
DA:143,1
DA:144,1
DA:145,59
DA:146,0
DA:147,0
DA:148,0
DA:149,59
DA:150,0
DA:151,0
DA:152,0
DA:153,59
DA:154,59
DA:155,0
DA:157,59
DA:158,59
DA:159,59
DA:162,59
DA:163,59
DA:164,59
DA:165,59
DA:166,62
DA:167,62
DA:168,62
DA:169,62
DA:170,62
DA:171,62
DA:172,62
DA:173,62
DA:174,62
DA:176,62
DA:177,62
DA:178,62
DA:179,62
DA:180,62
DA:181,62
DA:183,62
DA:185,62
DA:186,62
DA:187,62
DA:188,62
DA:189,62
DA:190,62
DA:192,62
DA:193,62
DA:194,62
DA:195,62
DA:196,62
DA:198,59
DA:201,59
DA:202,59
DA:203,59
DA:204,59
DA:206,59
DA:207,59
DA:208,59
DA:209,59
DA:211,59
LF:160
LH:148
BRDA:30,0,0,59
BRDA:134,1,0,57
BRDA:134,2,0,57
BRDA:136,3,0,2
BRDA:136,4,0,57
BRDA:154,5,0,0
BRDA:206,6,0,0
BRDA:52,7,0,53
BRDA:53,8,0,0
BRDA:53,9,0,0
BRDA:58,10,0,1
BRDA:62,11,0,1
BRDA:63,12,0,0
BRDA:87,13,0,62
BRDA:113,14,0,77
BRDA:141,15,0,1
BRDA:165,16,0,62
BRF:17
BRH:12
end_of_record
TN:
SF:src/components/auth/forms/email-verification.tsx
FN:32,EmailVerificationForm
FN:60,handleSubmit
FN:64,handleSendOtp
FN:89,render
FN:115,render
FN:143,onSuccess
FN:147,onError
FN:151,onExpire
FN:166,render
FNF:9
FNH:7
FNDA:57,EmailVerificationForm
FNDA:1,handleSubmit
FNDA:1,handleSendOtp
FNDA:60,render
FNDA:75,render
FNDA:1,onSuccess
FNDA:0,onError
FNDA:0,onExpire
FNDA:60,render
DA:3,1
DA:4,1
DA:5,1
DA:7,1
DA:8,1
DA:9,1
DA:10,1
DA:18,1
DA:19,1
DA:32,57
DA:33,57
DA:34,57
DA:35,57
DA:36,57
DA:37,57
DA:38,57
DA:39,57
DA:40,57
DA:41,57
DA:42,57
DA:43,57
DA:44,57
DA:45,57
DA:46,57
DA:48,57
DA:49,57
DA:52,57
DA:54,57
DA:55,52
DA:56,0
DA:57,0
DA:58,57
DA:60,57
DA:61,1
DA:62,1
DA:64,57
DA:65,1
DA:66,0
DA:67,0
DA:68,0
DA:70,1
DA:72,1
DA:73,1
DA:74,1
DA:75,1
DA:77,57
DA:78,57
DA:79,57
DA:80,57
DA:82,57
DA:83,57
DA:85,57
DA:86,57
DA:87,57
DA:88,57
DA:89,57
DA:90,60
DA:91,60
DA:92,60
DA:93,60
DA:94,60
DA:95,60
DA:96,60
DA:97,60
DA:98,60
DA:99,60
DA:100,60
DA:102,57
DA:103,57
DA:106,57
DA:107,57
DA:109,57
DA:110,57
DA:112,57
DA:113,57
DA:114,57
DA:115,57
DA:116,75
DA:117,75
DA:118,75
DA:119,75
DA:120,75
DA:121,75
DA:122,75
DA:123,75
DA:124,75
DA:125,75
DA:126,75
DA:128,57
DA:131,57
DA:132,57
DA:133,57
DA:134,57
DA:135,57
DA:136,57
DA:138,57
DA:139,57
DA:140,57
DA:141,57
DA:142,57
DA:143,57
DA:144,1
DA:145,1
DA:146,1
DA:147,57
DA:148,0
DA:149,0
DA:150,0
DA:151,57
DA:152,0
DA:153,0
DA:154,0
DA:155,57
DA:156,57
DA:157,0
DA:159,57
DA:160,57
DA:163,57
DA:164,57
DA:165,57
DA:166,57
DA:167,60
DA:168,60
DA:169,60
DA:170,60
DA:171,60
DA:172,60
DA:173,60
DA:174,60
DA:175,60
DA:177,60
DA:178,60
DA:179,60
DA:180,60
DA:182,60
DA:184,60
DA:185,60
DA:186,60
DA:187,60
DA:189,60
DA:191,60
DA:192,60
DA:193,60
DA:194,60
DA:196,57
DA:197,57
DA:200,57
DA:201,57
DA:202,57
DA:203,57
DA:205,57
DA:206,57
DA:209,57
DA:210,57
DA:211,57
DA:212,57
DA:213,57
DA:215,57
DA:216,57
DA:217,57
DA:218,57
DA:220,57
LF:162
LH:150
BRDA:32,0,0,57
BRDA:138,1,0,0
BRDA:156,2,0,0
BRDA:205,3,0,0
BRDA:54,4,0,52
BRDA:55,5,0,0
BRDA:55,6,0,0
BRDA:60,7,0,1
BRDA:64,8,0,1
BRDA:65,9,0,0
BRDA:89,10,0,60
BRDA:115,11,0,75
BRDA:143,12,0,1
BRDA:166,13,0,60
BRF:14
BRH:8
end_of_record
TN:
SF:src/components/auth/forms/password-setup.tsx
FN:39,PasswordSetupForm
FN:58,handleSubmit
FN:114,render
FN:131,onClick
FN:153,render
FN:170,onClick
FN:191,render
FN:199,onSuccess
FN:205,onError
FN:212,onExpire
FNF:10
FNH:7
FNDA:104,PasswordSetupForm
FNDA:2,handleSubmit
FNDA:117,render
FNDA:1,onClick
FNDA:189,render
FNDA:0,onClick
FNDA:111,render
FNDA:6,onSuccess
FNDA:0,onError
FNDA:0,onExpire
DA:3,1
DA:4,1
DA:5,1
DA:6,1
DA:7,1
DA:9,1
DA:10,1
DA:11,1
DA:19,1
DA:20,1
DA:39,104
DA:40,104
DA:41,104
DA:42,104
DA:43,104
DA:45,104
DA:46,104
DA:47,104
DA:48,104
DA:49,104
DA:50,104
DA:51,104
DA:52,104
DA:54,104
DA:55,104
DA:58,104
DA:59,2
DA:60,2
DA:63,104
DA:66,104
DA:67,104
DA:71,104
DA:72,104
DA:73,104
DA:74,104
DA:75,104
DA:76,104
DA:77,104
DA:78,104
DA:79,104
DA:80,104
DA:81,104
DA:82,104
DA:83,104
DA:84,104
DA:85,104
DA:86,104
DA:87,104
DA:88,104
DA:89,104
DA:90,104
DA:91,104
DA:92,104
DA:93,104
DA:94,104
DA:96,104
DA:97,104
DA:98,104
DA:100,104
DA:101,2
DA:102,2
DA:103,2
DA:104,2
DA:105,2
DA:106,2
DA:109,104
DA:111,104
DA:112,104
DA:113,104
DA:114,104
DA:115,117
DA:116,117
DA:118,117
DA:119,117
DA:120,117
DA:121,117
DA:122,117
DA:123,117
DA:124,117
DA:125,117
DA:126,117
DA:127,117
DA:128,117
DA:129,117
DA:130,117
DA:131,117
DA:132,1
DA:133,1
DA:134,1
DA:135,117
DA:137,117
DA:138,1
DA:140,116
DA:142,117
DA:143,117
DA:144,117
DA:145,117
DA:147,104
DA:150,104
DA:151,104
DA:152,104
DA:153,104
DA:154,189
DA:155,189
DA:157,189
DA:158,189
DA:159,189
DA:160,189
DA:161,189
DA:162,189
DA:163,189
DA:164,189
DA:165,189
DA:166,189
DA:167,189
DA:168,189
DA:169,189
DA:170,189
DA:171,0
DA:172,0
DA:173,0
DA:174,189
DA:176,189
DA:177,0
DA:179,189
DA:181,189
DA:182,189
DA:183,189
DA:184,189
DA:186,104
DA:188,104
DA:189,104
DA:190,104
DA:191,104
DA:192,104
DA:194,104
DA:195,104
DA:197,104
DA:198,104
DA:199,104
DA:200,6
DA:201,6
DA:202,6
DA:203,6
DA:204,6
DA:205,104
DA:206,0
DA:207,0
DA:208,0
DA:209,0
DA:210,0
DA:211,0
DA:212,104
DA:213,0
DA:214,0
DA:215,0
DA:216,0
DA:217,0
DA:218,0
DA:219,104
DA:220,104
DA:221,1
DA:222,1
DA:223,1
DA:225,104
DA:228,104
DA:229,104
DA:231,104
DA:232,104
DA:233,104
DA:234,520
DA:235,520
DA:236,208
DA:237,32
DA:238,176
DA:239,312
DA:240,153
DA:242,159
DA:245,520
DA:246,520
DA:247,520
DA:248,185
DA:249,335
DA:250,176
DA:251,159
DA:254,520
DA:255,520
DA:256,520
DA:257,104
DA:258,104
DA:259,104
DA:260,104
DA:261,104
DA:262,104
DA:263,104
DA:264,104
DA:265,104
DA:266,66
DA:267,38
DA:268,38
DA:269,0
DA:270,0
DA:271,0
DA:272,0
DA:273,0
DA:274,104
DA:275,104
DA:276,104
DA:277,104
DA:278,104
DA:279,104
DA:280,104
DA:281,0
DA:282,0
DA:283,0
DA:284,104
DA:286,104
DA:287,104
DA:288,0
DA:289,0
DA:290,0
DA:291,104
DA:292,104
DA:293,104
DA:294,104
DA:295,104
DA:298,104
DA:299,104
DA:300,104
DA:301,104
DA:303,104
DA:305,104
DA:307,104
DA:308,104
DA:310,104
DA:311,104
DA:312,104
DA:313,104
DA:315,104
LF:239
LH:212
BRDA:39,0,0,104
BRDA:74,1,0,33
BRDA:100,2,0,2
BRDA:220,3,0,1
BRDA:265,4,0,66
BRDA:266,5,0,38
BRDA:268,6,0,0
BRDA:280,7,0,0
BRDA:287,8,0,0
BRDA:303,9,0,2
BRDA:303,10,0,102
BRDA:58,11,0,2
BRDA:114,12,0,117
BRDA:123,13,0,1
BRDA:123,14,0,116
BRDA:135,15,0,1
BRDA:135,16,0,116
BRDA:137,17,0,1
BRDA:138,18,0,116
BRDA:131,19,0,1
BRDA:153,20,0,189
BRDA:162,21,0,0
BRDA:174,22,0,0
BRDA:176,23,0,0
BRDA:191,24,0,111
BRDA:199,25,0,6
BRDA:233,26,0,520
BRDA:235,27,0,208
BRDA:236,28,0,32
BRDA:237,29,0,176
BRDA:238,30,0,312
BRDA:239,31,0,153
BRDA:240,32,0,159
BRDA:247,33,0,185
BRDA:248,34,0,335
BRDA:249,35,0,176
BRDA:250,36,0,159
BRF:37
BRH:31
end_of_record
TN:
SF:src/components/auth/forms/phone-login.tsx
FN:25,PhoneLoginForm
FN:38,handleSubmit
FN:50,render
FN:74,render
FN:96,render
FNF:5
FNH:5
FNDA:20,PhoneLoginForm
FNDA:1,handleSubmit
FNDA:72,render
FNDA:80,render
FNDA:25,render
DA:3,1
DA:4,1
DA:5,1
DA:7,1
DA:8,1
DA:9,1
DA:17,1
DA:18,1
DA:25,20
DA:26,20
DA:27,20
DA:28,20
DA:29,20
DA:30,20
DA:31,20
DA:32,20
DA:33,20
DA:34,20
DA:35,20
DA:36,20
DA:38,20
DA:39,1
DA:40,1
DA:42,20
DA:43,20
DA:44,20
DA:45,20
DA:47,20
DA:48,20
DA:49,20
DA:50,20
DA:51,72
DA:52,72
DA:54,72
DA:55,72
DA:56,72
DA:57,72
DA:58,72
DA:59,72
DA:60,72
DA:61,72
DA:62,72
DA:63,72
DA:64,72
DA:65,72
DA:66,72
DA:68,20
DA:71,20
DA:72,20
DA:73,20
DA:74,20
DA:75,80
DA:76,80
DA:78,80
DA:79,80
DA:80,80
DA:81,80
DA:82,80
DA:83,80
DA:84,80
DA:85,80
DA:86,80
DA:87,80
DA:88,80
DA:90,20
DA:93,20
DA:94,20
DA:95,20
DA:96,20
DA:97,25
DA:98,25
DA:99,25
DA:100,25
DA:101,25
DA:102,25
DA:103,25
DA:104,25
DA:105,25
DA:107,25
DA:108,25
DA:109,25
DA:110,25
DA:111,25
DA:112,25
DA:114,25
DA:116,25
DA:117,25
DA:118,25
DA:119,25
DA:120,25
DA:121,25
DA:123,25
DA:125,25
DA:126,25
DA:127,25
DA:128,25
DA:130,20
DA:131,20
DA:134,20
DA:135,20
DA:136,20
DA:137,20
DA:139,20
DA:140,20
DA:141,20
DA:142,20
DA:144,20
LF:107
LH:107
BRDA:25,0,0,20
BRDA:139,1,0,2
BRDA:139,2,0,18
BRDA:38,3,0,1
BRDA:50,4,0,72
BRDA:74,5,0,80
BRDA:96,6,0,25
BRF:7
BRH:7
end_of_record
TN:
SF:src/components/auth/forms/phone-otp-login.tsx
FN:30,PhoneOtpLoginForm
FN:58,handleSubmit
FN:62,handleSendOtp
FN:90,render
FN:120,render
FN:148,onSuccess
FN:152,onError
FN:156,onExpire
FN:171,render
FNF:9
FNH:7
FNDA:72,PhoneOtpLoginForm
FNDA:1,handleSubmit
FNDA:2,handleSendOtp
FNDA:78,render
FNDA:104,render
FNDA:2,onSuccess
FNDA:0,onError
FNDA:0,onExpire
FNDA:76,render
DA:3,1
DA:4,1
DA:5,1
DA:6,1
DA:8,1
DA:9,1
DA:10,1
DA:11,1
DA:19,1
DA:20,1
DA:30,72
DA:31,72
DA:32,72
DA:33,72
DA:34,72
DA:35,72
DA:36,72
DA:37,72
DA:38,72
DA:39,72
DA:40,72
DA:41,72
DA:42,72
DA:43,72
DA:44,72
DA:46,72
DA:47,72
DA:50,72
DA:52,72
DA:53,60
DA:54,0
DA:55,0
DA:56,72
DA:58,72
DA:59,1
DA:60,1
DA:62,72
DA:64,2
DA:66,2
DA:67,1
DA:68,1
DA:70,2
DA:71,0
DA:72,0
DA:73,0
DA:75,1
DA:77,1
DA:78,1
DA:79,1
DA:80,2
DA:82,72
DA:83,72
DA:84,72
DA:85,72
DA:87,72
DA:88,72
DA:89,72
DA:90,72
DA:91,78
DA:92,78
DA:94,78
DA:95,78
DA:96,78
DA:97,78
DA:98,78
DA:99,78
DA:100,78
DA:101,78
DA:102,78
DA:103,78
DA:104,78
DA:105,78
DA:106,78
DA:108,72
DA:111,72
DA:112,72
DA:114,72
DA:115,72
DA:117,72
DA:118,72
DA:119,72
DA:120,72
DA:121,104
DA:122,104
DA:123,104
DA:124,104
DA:125,104
DA:126,104
DA:127,104
DA:128,104
DA:129,104
DA:130,104
DA:131,104
DA:133,72
DA:136,72
DA:137,72
DA:138,72
DA:139,72
DA:140,72
DA:141,72
DA:143,72
DA:144,72
DA:145,72
DA:146,72
DA:147,72
DA:148,72
DA:149,2
DA:150,2
DA:151,2
DA:152,72
DA:153,0
DA:154,0
DA:155,0
DA:156,72
DA:157,0
DA:158,0
DA:159,0
DA:160,72
DA:161,72
DA:162,0
DA:164,72
DA:165,72
DA:168,72
DA:169,72
DA:170,72
DA:171,72
DA:172,76
DA:173,76
DA:174,76
DA:175,76
DA:176,76
DA:177,76
DA:178,76
DA:179,76
DA:180,76
DA:182,76
DA:183,76
DA:184,76
DA:185,76
DA:186,76
DA:187,76
DA:189,76
DA:191,76
DA:192,76
DA:193,76
DA:194,76
DA:195,76
DA:196,76
DA:198,76
DA:200,76
DA:201,76
DA:202,76
DA:203,76
DA:205,72
DA:206,72
DA:209,72
DA:210,72
DA:211,72
DA:212,72
DA:214,72
DA:215,72
DA:216,72
DA:217,72
DA:219,72
LF:164
LH:152
BRDA:30,0,0,72
BRDA:141,1,0,70
BRDA:141,2,0,68
BRDA:143,3,0,2
BRDA:143,4,0,70
BRDA:161,5,0,0
BRDA:214,6,0,2
BRDA:214,7,0,70
BRDA:52,8,0,60
BRDA:53,9,0,0
BRDA:53,10,0,0
BRDA:58,11,0,1
BRDA:62,12,0,2
BRDA:66,13,0,1
BRDA:70,14,0,0
BRDA:73,15,0,1
BRDA:90,16,0,78
BRDA:120,17,0,104
BRDA:148,18,0,2
BRDA:171,19,0,76
BRF:20
BRH:16
end_of_record
TN:
SF:src/components/auth/forms/phone-verification.tsx
FN:32,PhoneVerificationForm
FN:60,handleSubmit
FN:64,handleSendOtp
FN:91,render
FN:121,render
FN:149,onSuccess
FN:153,onError
FN:157,onExpire
FN:172,render
FNF:9
FNH:7
FNDA:66,PhoneVerificationForm
FNDA:1,handleSubmit
FNDA:1,handleSendOtp
FNDA:71,render
FNDA:98,render
FNDA:1,onSuccess
FNDA:0,onError
FNDA:0,onExpire
FNDA:70,render
DA:3,1
DA:4,1
DA:5,1
DA:7,1
DA:8,1
DA:9,1
DA:10,1
DA:18,1
DA:19,1
DA:32,66
DA:33,66
DA:34,66
DA:35,66
DA:36,66
DA:37,66
DA:38,66
DA:39,66
DA:40,66
DA:41,66
DA:42,66
DA:43,66
DA:44,66
DA:45,66
DA:46,66
DA:48,66
DA:49,66
DA:52,66
DA:54,66
DA:55,56
DA:56,0
DA:57,0
DA:58,66
DA:60,66
DA:61,1
DA:62,1
DA:64,66
DA:65,1
DA:67,1
DA:68,0
DA:69,0
DA:70,0
DA:72,1
DA:74,1
DA:75,1
DA:76,1
DA:77,1
DA:78,1
DA:79,1
DA:80,1
DA:81,1
DA:83,66
DA:84,66
DA:85,66
DA:86,66
DA:88,66
DA:89,66
DA:90,66
DA:91,66
DA:92,71
DA:93,71
DA:95,71
DA:96,71
DA:97,71
DA:98,71
DA:99,71
DA:100,71
DA:101,71
DA:102,71
DA:103,71
DA:104,71
DA:105,71
DA:106,71
DA:107,71
DA:109,66
DA:112,66
DA:113,66
DA:115,66
DA:116,66
DA:118,66
DA:119,66
DA:120,66
DA:121,66
DA:122,98
DA:123,98
DA:124,98
DA:125,98
DA:126,98
DA:127,98
DA:128,98
DA:129,98
DA:130,98
DA:131,98
DA:132,98
DA:134,66
DA:137,66
DA:138,66
DA:139,66
DA:140,66
DA:141,66
DA:142,66
DA:144,66
DA:145,66
DA:146,66
DA:147,66
DA:148,66
DA:149,66
DA:150,1
DA:151,1
DA:152,1
DA:153,66
DA:154,0
DA:155,0
DA:156,0
DA:157,66
DA:158,0
DA:159,0
DA:160,0
DA:161,66
DA:162,66
DA:163,0
DA:165,66
DA:166,66
DA:169,66
DA:170,66
DA:171,66
DA:172,66
DA:173,70
DA:174,70
DA:175,70
DA:176,70
DA:177,70
DA:178,70
DA:179,70
DA:180,70
DA:181,70
DA:183,70
DA:184,70
DA:185,70
DA:186,70
DA:188,70
DA:190,70
DA:191,70
DA:192,70
DA:193,70
DA:195,70
DA:197,70
DA:198,70
DA:199,70
DA:200,70
DA:202,66
DA:203,66
DA:206,66
DA:207,66
DA:208,66
DA:209,66
DA:211,66
DA:212,66
DA:215,66
DA:216,66
DA:217,66
DA:218,66
DA:219,66
DA:221,66
DA:222,66
DA:223,66
DA:224,66
DA:226,66
LF:167
LH:155
BRDA:32,0,0,66
BRDA:142,1,0,64
BRDA:142,2,0,62
BRDA:144,3,0,2
BRDA:144,4,0,64
BRDA:162,5,0,0
BRDA:211,6,0,2
BRDA:211,7,0,64
BRDA:54,8,0,56
BRDA:55,9,0,0
BRDA:55,10,0,0
BRDA:60,11,0,1
BRDA:64,12,0,1
BRDA:67,13,0,0
BRDA:91,14,0,71
BRDA:121,15,0,98
BRDA:149,16,0,1
BRDA:172,17,0,70
BRF:18
BRH:14
end_of_record
TN:
SF:src/components/common/app-sidebar.tsx
FN:200,SidebarMenuItemWithHover
FN:335,AppSidebar
FNF:2
FNH:0
FNDA:0,SidebarMenuItemWithHover
FNDA:0,AppSidebar
DA:3,1
DA:4,1
DA:5,1
DA:6,1
DA:7,1
DA:8,1
DA:9,1
DA:10,1
DA:11,1
DA:12,1
DA:13,1
DA:15,1
DA:16,1
DA:17,1
DA:18,1
DA:19,1
DA:20,1
DA:21,1
DA:22,1
DA:23,1
DA:24,1
DA:25,1
DA:27,1
DA:28,1
DA:29,1
DA:30,1
DA:31,1
DA:32,1
DA:33,1
DA:34,1
DA:35,1
DA:36,1
DA:37,1
DA:38,1
DA:39,1
DA:40,1
DA:41,1
DA:42,1
DA:43,1
DA:44,1
DA:45,1
DA:46,1
DA:69,1
DA:71,1
DA:72,1
DA:73,1
DA:74,1
DA:75,1
DA:76,1
DA:77,1
DA:78,1
DA:80,1
DA:81,1
DA:82,1
DA:83,1
DA:84,1
DA:85,1
DA:86,1
DA:87,1
DA:88,1
DA:89,1
DA:90,1
DA:91,1
DA:93,1
DA:94,1
DA:95,1
DA:96,1
DA:97,1
DA:98,1
DA:99,1
DA:100,1
DA:102,1
DA:103,1
DA:104,1
DA:105,1
DA:106,1
DA:107,1
DA:108,1
DA:109,1
DA:110,1
DA:112,1
DA:113,1
DA:114,1
DA:115,1
DA:116,1
DA:117,1
DA:118,1
DA:119,1
DA:121,1
DA:122,1
DA:123,1
DA:124,1
DA:125,1
DA:126,1
DA:127,1
DA:128,1
DA:130,1
DA:131,1
DA:132,1
DA:133,1
DA:134,1
DA:135,1
DA:136,1
DA:137,1
DA:138,1
DA:139,1
DA:141,1
DA:144,1
DA:145,1
DA:146,1
DA:147,1
DA:148,1
DA:149,1
DA:150,1
DA:151,1
DA:152,1
DA:153,1
DA:154,1
DA:155,1
DA:156,1
DA:157,1
DA:158,1
DA:159,1
DA:162,1
DA:163,1
DA:164,1
DA:165,1
DA:166,1
DA:167,1
DA:168,1
DA:169,1
DA:170,1
DA:171,1
DA:172,1
DA:173,1
DA:174,1
DA:175,1
DA:176,1
DA:177,1
DA:180,1
DA:181,1
DA:182,1
DA:183,1
DA:184,1
DA:185,1
DA:186,1
DA:187,1
DA:188,1
DA:189,1
DA:190,1
DA:191,1
DA:192,1
DA:193,1
DA:194,1
DA:195,1
DA:197,1
DA:200,0
DA:201,0
DA:202,0
DA:203,0
DA:204,0
DA:205,0
DA:206,0
DA:209,0
DA:210,0
DA:212,0
DA:214,0
DA:215,0
DA:216,0
DA:217,0
DA:220,0
DA:223,0
DA:226,0
DA:227,0
DA:228,0
DA:230,0
DA:231,0
DA:233,0
DA:234,0
DA:235,0
DA:236,0
DA:240,0
DA:241,0
DA:242,0
DA:243,0
DA:244,0
DA:247,0
DA:249,0
DA:250,0
DA:251,0
DA:252,0
DA:253,0
DA:254,0
DA:255,0
DA:256,0
DA:257,0
DA:259,0
DA:260,0
DA:261,0
DA:262,0
DA:263,0
DA:264,0
DA:265,0
DA:268,0
DA:269,0
DA:274,0
DA:275,0
DA:276,0
DA:279,0
DA:280,0
DA:281,0
DA:282,0
DA:283,0
DA:284,0
DA:285,0
DA:286,0
DA:287,0
DA:288,0
DA:289,0
DA:290,0
DA:291,0
DA:292,0
DA:293,0
DA:294,0
DA:295,0
DA:298,0
DA:301,0
DA:305,0
DA:308,0
DA:309,0
DA:310,0
DA:311,0
DA:312,0
DA:313,0
DA:314,0
DA:315,0
DA:316,0
DA:318,0
DA:319,0
DA:320,0
DA:321,0
DA:322,0
DA:323,0
DA:325,0
DA:333,0
DA:335,1
DA:336,0
DA:338,0
DA:339,0
DA:340,0
DA:342,0
DA:343,0
DA:344,0
DA:345,0
DA:346,0
DA:347,0
DA:349,0
DA:355,0
DA:357,0
DA:358,0
DA:359,0
DA:360,0
DA:361,0
DA:367,0
DA:370,0
DA:371,0
DA:372,0
DA:373,0
DA:374,0
DA:380,0
DA:383,0
DA:384,0
DA:385,0
DA:386,0
DA:387,0
DA:393,0
DA:396,0
DA:397,0
DA:398,0
DA:399,0
DA:400,0
DA:407,0
DA:410,0
LF:283
LH:157
BRF:0
BRH:0
end_of_record
TN:
SF:src/components/common/construction.tsx
FN:12,UnderConstruction
FNF:1
FNH:0
FNDA:0,UnderConstruction
DA:1,1
DA:3,1
DA:4,1
DA:5,1
DA:6,1
DA:7,1
DA:8,1
DA:9,1
DA:10,1
DA:12,0
DA:13,0
DA:14,0
DA:15,0
DA:20,0
DA:21,0
DA:22,0
DA:23,0
DA:24,0
DA:25,0
DA:27,0
DA:28,0
DA:30,0
DA:33,0
LF:23
LH:9
BRF:0
BRH:0
end_of_record
TN:
SF:src/components/common/data-table-with-actions.tsx
FN:111,DataTableWithActions
FNF:1
FNH:0
FNDA:0,DataTableWithActions
DA:3,1
DA:5,1
DA:6,1
DA:7,1
DA:8,1
DA:9,1
DA:10,1
DA:11,1
DA:12,1
DA:13,1
DA:14,1
DA:15,1
DA:16,1
DA:17,1
DA:18,1
DA:19,1
DA:20,1
DA:21,1
DA:22,1
DA:23,1
DA:24,1
DA:25,1
DA:26,1
DA:111,1
DA:113,0
DA:114,0
DA:115,0
DA:116,0
DA:117,0
DA:118,0
DA:119,0
DA:120,0
DA:121,0
DA:122,0
DA:123,0
DA:124,0
DA:125,0
DA:126,0
DA:127,0
DA:128,0
DA:129,0
DA:130,0
DA:131,0
DA:132,0
DA:133,0
DA:134,0
DA:135,0
DA:137,0
DA:139,0
DA:141,0
DA:144,0
DA:145,0
DA:149,0
DA:151,0
DA:152,0
DA:153,0
DA:154,0
DA:155,0
DA:156,0
DA:157,0
DA:160,0
DA:161,0
DA:162,0
DA:163,0
DA:164,0
DA:165,0
DA:166,0
DA:167,0
DA:168,0
DA:171,0
DA:172,0
DA:173,0
DA:175,0
DA:177,0
DA:178,0
DA:179,0
DA:180,0
DA:182,0
DA:183,0
DA:184,0
DA:185,0
DA:186,0
DA:189,0
DA:190,0
DA:191,0
DA:192,0
DA:195,0
DA:196,0
DA:197,0
DA:200,0
DA:201,0
DA:204,0
DA:205,0
DA:206,0
DA:207,0
DA:208,0
DA:209,0
DA:210,0
DA:211,0
DA:212,0
DA:213,0
DA:214,0
DA:217,0
DA:218,0
DA:219,0
DA:222,0
DA:223,0
DA:224,0
DA:225,0
DA:227,0
DA:233,0
DA:234,0
DA:235,0
DA:236,0
DA:239,0
DA:240,0
DA:241,0
DA:242,0
DA:245,0
DA:246,0
DA:247,0
DA:248,0
DA:251,0
DA:252,0
DA:258,0
DA:259,0
DA:260,0
DA:265,0
DA:266,0
DA:267,0
DA:268,0
DA:269,0
DA:270,0
DA:271,0
DA:272,0
DA:273,0
DA:274,0
DA:275,0
DA:279,0
DA:280,0
DA:281,0
DA:282,0
DA:283,0
DA:285,0
DA:286,0
DA:287,0
DA:290,0
DA:291,0
DA:296,0
DA:297,0
DA:299,0
DA:300,0
DA:301,0
DA:302,0
DA:303,0
DA:306,0
DA:307,0
DA:308,0
DA:311,0
DA:312,0
DA:313,0
DA:318,0
DA:320,0
DA:321,0
DA:322,0
DA:323,0
DA:324,0
DA:325,0
DA:327,0
DA:329,0
DA:334,0
DA:335,0
DA:336,0
DA:337,0
DA:339,0
DA:340,0
DA:341,0
DA:342,0
DA:343,0
DA:344,0
DA:347,0
DA:348,0
DA:349,0
DA:350,0
DA:351,0
DA:352,0
DA:356,0
DA:357,0
DA:358,0
DA:359,0
DA:361,0
DA:364,0
DA:365,0
DA:366,0
DA:367,0
DA:368,0
DA:369,0
DA:370,0
DA:371,0
DA:372,0
DA:373,0
DA:374,0
DA:375,0
DA:377,0
DA:378,0
DA:379,0
DA:380,0
DA:381,0
DA:384,0
DA:385,0
DA:393,0
DA:400,0
DA:401,0
DA:403,0
DA:404,0
DA:405,0
DA:406,0
DA:407,0
DA:408,0
DA:409,0
DA:411,0
DA:414,0
DA:415,0
DA:416,0
DA:417,0
DA:418,0
DA:420,0
DA:421,0
DA:423,0
DA:424,0
DA:425,0
DA:426,0
DA:427,0
DA:428,0
DA:429,0
DA:430,0
DA:431,0
DA:432,0
DA:434,0
DA:435,0
DA:436,0
DA:437,0
DA:438,0
DA:439,0
DA:440,0
DA:441,0
DA:442,0
DA:443,0
DA:444,0
DA:446,0
DA:447,0
DA:451,0
DA:452,0
DA:453,0
DA:460,0
DA:461,0
DA:462,0
DA:463,0
DA:464,0
DA:465,0
DA:466,0
DA:467,0
DA:470,0
DA:471,0
DA:472,0
DA:474,0
DA:475,0
DA:476,0
DA:477,0
DA:478,0
DA:479,0
DA:480,0
DA:482,0
DA:491,0
DA:492,0
DA:493,0
DA:494,0
DA:495,0
DA:496,0
DA:499,0
DA:500,0
DA:501,0
DA:502,0
DA:511,0
LF:284
LH:24
BRF:0
BRH:0
end_of_record
TN:
SF:src/components/common/footer.tsx
FN:3,Footer
FNF:1
FNH:0
FNDA:0,Footer
DA:1,1
DA:3,0
DA:4,0
DA:6,0
DA:7,0
DA:8,0
DA:9,0
DA:11,0
DA:12,0
DA:13,0
DA:16,0
DA:18,0
DA:24,0
DA:25,0
DA:26,0
DA:27,0
DA:28,0
DA:29,0
DA:30,0
DA:31,0
DA:35,0
DA:36,0
DA:37,0
DA:38,0
DA:39,0
DA:47,0
DA:48,0
DA:49,0
DA:50,0
DA:51,0
DA:52,0
DA:53,0
DA:54,0
DA:58,0
DA:59,0
DA:60,0
DA:61,0
DA:62,0
DA:66,0
DA:67,0
DA:68,0
DA:69,0
DA:70,0
DA:79,0
DA:80,0
DA:85,0
LF:46
LH:1
BRDA:1,0,0,0
BRF:1
BRH:0
end_of_record
TN:
SF:src/components/common/header.tsx
FN:18,Header
FNF:1
FNH:0
FNDA:0,Header
DA:3,1
DA:4,1
DA:5,1
DA:6,1
DA:8,1
DA:9,1
DA:10,1
DA:11,1
DA:12,1
DA:13,1
DA:14,1
DA:15,1
DA:16,1
DA:18,0
DA:19,0
DA:21,0
DA:22,0
DA:23,0
DA:25,0
DA:26,0
DA:27,0
DA:28,0
DA:29,0
DA:30,0
DA:31,0
DA:33,0
DA:37,0
DA:40,0
DA:42,0
DA:44,0
DA:47,0
DA:48,0
DA:49,0
DA:53,0
DA:54,0
DA:55,0
DA:56,0
DA:57,0
DA:58,0
DA:59,0
DA:61,0
DA:63,0
DA:64,0
DA:65,0
DA:66,0
DA:67,0
DA:69,0
DA:71,0
DA:72,0
DA:73,0
DA:74,0
DA:75,0
DA:77,0
DA:79,0
DA:80,0
DA:81,0
DA:82,0
DA:83,0
DA:84,0
DA:86,0
DA:92,0
DA:95,0
DA:96,0
DA:97,0
DA:101,0
DA:102,0
DA:103,0
DA:104,0
DA:105,0
DA:106,0
DA:107,0
DA:108,0
DA:111,0
DA:112,0
DA:113,0
DA:114,0
DA:115,0
DA:116,0
DA:117,0
DA:125,0
DA:128,0
DA:129,0
DA:130,0
DA:131,0
DA:132,0
DA:134,0
DA:135,0
DA:136,0
DA:142,0
LF:89
LH:13
BRDA:5,0,0,0
BRF:1
BRH:0
end_of_record
TN:
SF:src/components/common/search-bar.tsx
FN:10,SearchBar
FNF:1
FNH:0
FNDA:0,SearchBar
DA:3,1
DA:4,1
DA:5,1
DA:7,1
DA:8,1
DA:10,0
DA:11,0
DA:13,0
DA:14,0
DA:15,0
DA:16,0
DA:18,0
DA:19,0
DA:21,0
DA:22,0
DA:23,0
DA:24,0
DA:25,0
DA:26,0
DA:27,0
DA:28,0
DA:29,0
DA:30,0
DA:33,0
DA:34,0
DA:35,0
DA:36,0
DA:37,0
DA:39,0
DA:40,0
DA:44,0
LF:31
LH:5
BRF:0
BRH:0
end_of_record
TN:
SF:src/components/common/stepper.tsx
FNF:0
FNH:0
DA:3,1
DA:5,1
DA:20,1
DA:21,19
DA:22,19
DA:23,19
DA:24,19
DA:25,19
DA:26,71
DA:27,71
DA:28,71
DA:29,71
DA:31,71
DA:32,71
DA:34,71
DA:36,71
DA:37,71
DA:38,71
DA:39,71
DA:41,71
DA:42,71
DA:44,71
DA:45,71
DA:47,71
DA:48,71
DA:49,71
DA:52,71
DA:53,24
DA:54,24
DA:55,24
DA:56,24
DA:58,24
DA:59,24
DA:60,24
DA:61,24
DA:65,71
DA:66,71
DA:72,71
DA:73,71
DA:74,71
DA:75,71
DA:76,71
DA:77,71
DA:79,71
DA:81,71
DA:82,71
DA:83,71
DA:90,71
DA:91,71
DA:92,71
DA:93,71
DA:94,71
DA:95,71
DA:96,71
DA:97,71
DA:98,71
DA:99,71
DA:107,19
DA:111,19
DA:114,1
DA:116,1
LF:61
LH:61
BRDA:3,0,0,2
BRDA:3,1,0,0
BRDA:3,2,0,0
BRDA:3,3,0,0
BRDA:20,4,0,19
BRDA:25,5,0,71
BRDA:48,6,0,52
BRDA:52,7,0,24
BRDA:75,8,0,52
BRDA:76,9,0,52
BRDA:81,10,0,46
BRF:11
BRH:8
end_of_record
TN:
SF:src/components/common/theme-provider.tsx
FN:6,ThemeProvider
FNF:1
FNH:1
FNDA:207,ThemeProvider
DA:3,1
DA:6,1
DA:7,207
DA:8,207
DA:9,207
DA:10,207
DA:11,207
LF:7
LH:7
BRDA:6,0,0,207
BRF:1
BRH:1
end_of_record
TN:
SF:src/components/common/user-menu.tsx
FN:17,getInitials
FN:52,UserMenu
FN:55,handleSignOut
FNF:3
FNH:2
FNDA:16,getInitials
FNDA:9,UserMenu
FNDA:0,handleSignOut
DA:3,2
DA:4,2
DA:6,2
DA:7,2
DA:8,2
DA:9,2
DA:10,1
DA:11,1
DA:12,1
DA:13,1
DA:14,2
DA:15,2
DA:17,2
DA:18,16
DA:19,12
DA:20,12
DA:21,12
DA:22,12
DA:23,12
DA:24,12
DA:25,12
DA:52,9
DA:53,9
DA:55,9
DA:56,0
DA:57,0
DA:59,9
DA:60,1
DA:61,1
DA:62,1
DA:63,1
DA:65,1
DA:67,9
DA:68,2
DA:69,2
DA:70,2
DA:71,2
DA:72,2
DA:73,2
DA:74,2
DA:75,2
DA:76,2
DA:78,2
DA:80,6
DA:81,6
DA:82,6
DA:83,6
DA:84,6
DA:85,6
DA:87,6
DA:88,6
DA:89,9
DA:90,9
DA:91,9
DA:92,9
DA:93,9
DA:94,9
DA:95,9
DA:96,9
DA:98,9
DA:99,9
DA:100,9
DA:101,9
DA:102,9
DA:103,9
DA:104,9
DA:105,9
DA:106,9
DA:107,9
DA:108,9
DA:109,9
DA:110,9
DA:111,9
DA:112,9
DA:113,9
DA:114,9
DA:115,9
DA:116,9
DA:117,9
DA:118,9
DA:120,9
DA:121,9
DA:122,9
DA:123,9
DA:125,9
DA:127,9
DA:128,9
DA:129,9
DA:130,9
DA:131,9
DA:133,9
DA:134,9
DA:136,9
DA:137,9
DA:139,9
DA:140,9
DA:141,9
DA:142,9
DA:143,9
DA:145,9
DA:146,9
DA:148,9
DA:149,9
DA:151,9
DA:153,9
DA:154,9
DA:155,9
DA:156,9
DA:157,9
DA:159,9
DA:161,9
DA:162,9
DA:163,9
DA:164,9
DA:166,9
LF:115
LH:113
BRDA:17,0,0,16
BRDA:18,1,0,4
BRDA:18,2,0,12
BRDA:21,3,0,12
BRDA:52,4,0,9
BRDA:59,5,0,1
BRDA:65,6,0,8
BRDA:67,7,0,2
BRDA:78,8,0,6
BRDA:89,9,0,2
BRDA:90,10,0,6
BRDA:90,11,0,2
BRDA:93,12,0,6
BRDA:93,13,0,2
BRDA:107,14,0,6
BRDA:107,15,0,2
BRDA:108,16,0,6
BRDA:108,17,0,2
BRDA:111,18,0,6
BRDA:111,19,0,2
BRDA:4,20,0,0
BRDA:21,21,0,12
BRF:22
BRH:21
end_of_record
TN:
SF:src/components/emails/index.ts
FNF:0
FNH:0
DA:2,1
LF:1
LH:1
BRF:0
BRH:0
end_of_record
TN:
SF:src/components/emails/otp.tsx
FN:18,OtpEmailTemplate
FNF:1
FNH:1
FNDA:1,OtpEmailTemplate
DA:1,1
DA:18,1
DA:19,1
DA:20,1
DA:21,1
DA:22,1
DA:23,1
DA:24,1
DA:26,1
DA:27,1
DA:29,1
DA:31,1
DA:33,1
DA:36,1
DA:37,1
DA:38,1
DA:40,1
DA:43,1
DA:46,1
DA:47,1
DA:48,1
DA:49,1
DA:50,1
DA:52,1
DA:54,1
DA:55,1
DA:56,1
DA:59,1
DA:60,1
DA:61,1
DA:62,1
DA:64,1
DA:65,1
DA:66,1
DA:68,1
DA:69,1
DA:70,1
DA:72,1
DA:73,1
DA:74,1
DA:75,1
DA:76,1
DA:77,1
DA:79,1
DA:81,1
DA:82,1
DA:83,1
DA:85,1
DA:88,1
DA:89,1
DA:90,1
DA:91,1
DA:92,1
DA:93,1
DA:95,1
DA:96,1
DA:97,1
DA:98,1
DA:99,1
DA:100,1
DA:101,1
DA:102,1
DA:104,1
DA:105,1
DA:106,1
DA:108,1
DA:109,1
DA:110,1
DA:111,1
DA:112,1
DA:113,1
DA:114,1
DA:115,1
DA:117,1
DA:118,1
DA:119,1
DA:120,1
DA:121,1
DA:122,1
DA:123,1
DA:124,1
DA:125,1
DA:127,1
DA:128,1
DA:129,1
DA:130,1
DA:131,1
DA:132,1
DA:133,1
DA:135,1
DA:136,1
DA:137,1
DA:138,1
DA:139,1
DA:140,1
DA:141,1
DA:142,1
DA:144,1
DA:145,1
DA:146,1
DA:147,1
DA:148,1
DA:149,1
DA:150,1
DA:151,1
DA:152,1
DA:153,1
DA:155,1
DA:156,1
DA:157,1
DA:158,1
DA:159,1
DA:160,1
DA:161,1
DA:162,1
DA:164,1
DA:165,1
DA:166,1
DA:167,1
DA:169,1
DA:170,1
DA:171,1
DA:173,1
DA:174,1
DA:175,1
DA:176,1
DA:177,1
DA:178,1
DA:179,1
DA:181,1
DA:182,1
DA:183,1
DA:184,1
DA:185,1
DA:187,1
DA:188,1
DA:189,1
DA:190,1
DA:191,1
DA:192,1
DA:194,1
DA:195,1
DA:196,1
DA:197,1
DA:198,1
DA:199,1
DA:201,1
DA:202,1
DA:203,1
DA:204,1
DA:205,1
DA:206,1
DA:208,1
DA:209,1
DA:210,1
DA:211,1
DA:212,1
DA:213,1
LF:158
LH:158
BRDA:18,0,0,1
BRF:1
BRH:1
end_of_record
TN:
SF:src/components/flights/ancillary-selection.tsx
FN:45,AncillarySelection
FN:51,renderServiceOption
FN:62,onCheckedChange
FN:63,onClick
FN:88,getCategoryIcon
FN:101,getCategoryTitle
FNF:6
FNH:4
FNDA:6,AncillarySelection
FNDA:60,renderServiceOption
FNDA:0,onCheckedChange
FNDA:0,onClick
FNDA:18,getCategoryIcon
FNDA:18,getCategoryTitle
DA:3,1
DA:5,1
DA:6,1
DA:7,1
DA:8,1
DA:9,1
DA:10,1
DA:11,1
DA:12,1
DA:13,1
DA:14,1
DA:16,1
DA:17,1
DA:18,1
DA:45,1
DA:46,6
DA:47,6
DA:48,6
DA:49,6
DA:50,6
DA:51,6
DA:52,60
DA:54,60
DA:55,60
DA:56,60
DA:57,60
DA:59,60
DA:60,60
DA:61,60
DA:62,60
DA:63,60
DA:64,60
DA:66,60
DA:67,60
DA:68,60
DA:69,60
DA:71,60
DA:73,60
DA:74,60
DA:75,60
DA:79,60
DA:80,60
DA:81,60
DA:86,60
DA:88,6
DA:89,18
DA:90,18
DA:91,18
DA:92,18
DA:93,18
DA:94,18
DA:95,18
DA:96,18
DA:97,0
DA:98,18
DA:99,18
DA:101,6
DA:102,18
DA:103,18
DA:104,6
DA:105,18
DA:106,6
DA:107,18
DA:108,6
DA:109,18
DA:110,0
DA:111,18
DA:112,18
DA:114,6
DA:115,6
DA:116,6
DA:117,6
DA:119,6
DA:120,6
DA:122,6
DA:123,6
DA:124,6
DA:125,6
DA:126,6
DA:127,6
DA:131,6
DA:132,6
DA:133,6
DA:134,18
DA:141,6
DA:142,6
DA:143,6
DA:144,6
DA:145,6
DA:146,6
DA:150,6
DA:151,6
DA:152,6
DA:153,18
DA:160,6
DA:161,6
DA:162,6
DA:163,6
DA:164,6
DA:165,6
DA:169,6
DA:170,6
DA:171,6
DA:172,24
DA:181,6
LF:105
LH:103
BRDA:45,0,0,6
BRDA:51,1,0,60
BRDA:88,2,0,18
BRDA:96,3,0,0
BRDA:101,4,0,18
BRDA:103,5,0,6
BRDA:105,6,0,6
BRDA:107,7,0,6
BRDA:109,8,0,0
BRDA:133,9,0,18
BRDA:152,10,0,18
BRDA:171,11,0,24
BRF:12
BRH:10
end_of_record
TN:
SF:src/components/flights/city-selector.tsx
FN:49,CitySelector
FN:98,handleCitySelect
FN:104,handleRegionChange
FN:126,onClick
FN:137,onClick
FN:183,onClick
FN:213,CityInput
FN:224,handleDepartureSelect
FNF:8
FNH:2
FNDA:14,CitySelector
FNDA:0,handleCitySelect
FNDA:0,handleRegionChange
FNDA:0,onClick
FNDA:0,onClick
FNDA:0,onClick
FNDA:7,CityInput
FNDA:0,handleDepartureSelect
DA:3,1
DA:4,1
DA:6,1
DA:7,1
DA:8,1
DA:9,1
DA:10,1
DA:11,1
DA:12,1
DA:13,1
DA:14,1
DA:27,1
DA:28,1
DA:29,1
DA:30,1
DA:31,1
DA:32,1
DA:33,1
DA:34,1
DA:35,1
DA:36,1
DA:37,1
DA:40,1
DA:41,1
DA:42,1
DA:43,1
DA:44,1
DA:45,1
DA:46,1
DA:49,1
DA:50,14
DA:51,14
DA:52,14
DA:53,14
DA:54,14
DA:55,14
DA:56,14
DA:57,14
DA:58,14
DA:60,14
DA:62,14
DA:63,14
DA:65,14
DA:66,14
DA:67,14
DA:68,266
DA:71,14
DA:72,14
DA:73,14
DA:74,0
DA:75,0
DA:76,0
DA:77,0
DA:79,0
DA:80,0
DA:81,14
DA:82,0
DA:83,0
DA:86,0
DA:87,0
DA:88,0
DA:89,0
DA:90,0
DA:92,0
DA:93,0
DA:95,0
DA:96,14
DA:98,14
DA:99,0
DA:101,0
DA:102,0
DA:104,14
DA:105,0
DA:106,0
DA:107,0
DA:109,14
DA:110,14
DA:112,14
DA:113,14
DA:114,14
DA:115,14
DA:116,14
DA:117,14
DA:118,14
DA:119,14
DA:121,14
DA:122,14
DA:123,14
DA:125,14
DA:126,14
DA:127,14
DA:130,14
DA:131,14
DA:132,14
DA:133,0
DA:134,14
DA:136,14
DA:137,14
DA:138,14
DA:143,14
DA:144,14
DA:145,14
DA:146,14
DA:147,14
DA:149,14
DA:150,14
DA:151,14
DA:152,14
DA:153,14
DA:154,14
DA:156,14
DA:161,14
DA:163,14
DA:164,14
DA:165,14
DA:166,14
DA:167,14
DA:169,14
DA:170,14
DA:171,0
DA:175,14
DA:176,14
DA:177,14
DA:178,14
DA:179,14
DA:180,42
DA:181,462
DA:183,14
DA:184,14
DA:186,14
DA:187,14
DA:188,14
DA:202,14
DA:213,1
DA:214,7
DA:215,7
DA:216,7
DA:217,7
DA:218,7
DA:219,7
DA:220,7
DA:221,7
DA:222,7
DA:224,7
DA:225,0
DA:227,0
DA:228,0
DA:230,7
DA:231,7
DA:232,7
DA:233,7
DA:234,7
DA:235,7
DA:236,7
DA:237,7
DA:238,7
DA:239,7
DA:241,7
DA:242,7
DA:243,7
DA:245,7
DA:246,7
DA:247,7
DA:248,5
DA:249,2
DA:255,7
DA:256,7
DA:257,7
DA:258,7
DA:259,7
DA:260,7
DA:262,7
DA:266,7
DA:267,7
DA:268,7
DA:269,7
DA:270,7
DA:271,7
DA:272,7
DA:273,7
DA:275,7
DA:276,7
DA:277,7
DA:279,7
DA:280,7
DA:281,7
DA:282,5
DA:283,2
DA:290,7
LF:189
LH:162
BRDA:49,0,0,14
BRDA:110,1,0,0
BRDA:123,2,0,0
BRDA:132,3,0,0
BRDA:65,4,0,14
BRDA:73,5,0,0
BRDA:81,6,0,0
BRDA:67,7,0,266
BRDA:72,8,0,140
BRDA:170,9,0,0
BRDA:179,10,0,360
BRDA:179,11,0,42
BRDA:180,12,0,462
BRDA:213,13,0,7
BRDA:247,14,0,5
BRDA:248,15,0,2
BRDA:281,16,0,5
BRDA:282,17,0,2
BRF:18
BRH:12
end_of_record
TN:
SF:src/components/flights/contact-info-card.tsx
FN:32,isValidEmail
FN:40,isValidPhone
FN:48,validateContactInfo
FN:75,ContactInfoCard
FN:80,handleMethodChange
FN:84,handleEmailChange
FN:88,handlePhoneChange
FN:105,onValueChange
FN:140,onChange
FN:160,onChange
FNF:10
FNH:1
FNDA:0,isValidEmail
FNDA:0,isValidPhone
FNDA:0,validateContactInfo
FNDA:6,ContactInfoCard
FNDA:0,handleMethodChange
FNDA:0,handleEmailChange
FNDA:0,handlePhoneChange
FNDA:0,onValueChange
FNDA:0,onChange
FNDA:0,onChange
DA:3,1
DA:5,1
DA:6,1
DA:7,1
DA:8,1
DA:32,0
DA:33,0
DA:34,0
DA:35,0
DA:40,0
DA:41,0
DA:42,0
DA:43,0
DA:48,1
DA:49,0
DA:51,0
DA:54,0
DA:55,0
DA:56,0
DA:57,0
DA:58,0
DA:59,0
DA:60,0
DA:61,0
DA:62,0
DA:63,0
DA:64,0
DA:65,0
DA:66,0
DA:68,0
DA:69,0
DA:75,1
DA:76,6
DA:77,6
DA:78,6
DA:79,6
DA:80,6
DA:81,0
DA:82,0
DA:84,6
DA:85,0
DA:86,0
DA:88,6
DA:89,0
DA:90,0
DA:92,6
DA:93,6
DA:94,6
DA:95,6
DA:97,6
DA:99,6
DA:100,6
DA:101,6
DA:103,6
DA:104,6
DA:105,6
DA:107,6
DA:108,6
DA:109,6
DA:110,6
DA:111,6
DA:113,6
DA:117,6
DA:118,6
DA:119,6
DA:120,6
DA:121,6
DA:123,6
DA:131,6
DA:132,6
DA:133,6
DA:134,6
DA:136,6
DA:137,6
DA:138,6
DA:139,6
DA:140,6
DA:141,6
DA:142,6
DA:144,6
DA:145,6
DA:151,6
DA:152,6
DA:153,6
DA:154,6
DA:156,6
DA:157,6
DA:158,6
DA:159,6
DA:160,6
DA:161,6
DA:162,6
DA:164,6
DA:165,6
DA:172,6
LF:95
LH:64
BRDA:75,0,0,6
BRDA:142,1,0,1
BRDA:142,2,0,2
BRDA:162,3,0,1
BRDA:162,4,0,2
BRF:5
BRH:5
end_of_record
TN:
SF:src/components/flights/date-selector.tsx
FN:20,getRelativeDateLabel
FN:50,DateSelector
FN:88,handleDateSelect
FN:163,handleDepartureClick
FN:168,handleReturnClick
FN:173,handleAddReturnDate
FN:179,getDisabledDates
FN:312,onOpenChange
FNF:8
FNH:2
FNDA:4,getRelativeDateLabel
FNDA:2,DateSelector
FNDA:0,handleDateSelect
FNDA:0,handleDepartureClick
FNDA:0,handleReturnClick
FNDA:0,handleAddReturnDate
FNDA:0,getDisabledDates
FNDA:0,onOpenChange
DA:3,1
DA:4,1
DA:5,1
DA:8,1
DA:9,1
DA:10,1
DA:11,1
DA:12,1
DA:13,1
DA:14,1
DA:15,1
DA:20,4
DA:21,4
DA:22,4
DA:23,4
DA:26,4
DA:27,4
DA:28,2
DA:29,4
DA:30,2
DA:31,4
DA:32,0
DA:33,4
DA:34,0
DA:35,4
DA:36,4
DA:50,1
DA:51,2
DA:52,2
DA:53,2
DA:54,2
DA:55,2
DA:56,2
DA:57,2
DA:58,2
DA:59,2
DA:60,2
DA:61,2
DA:62,2
DA:66,2
DA:67,2
DA:68,2
DA:69,2
DA:70,0
DA:71,0
DA:72,0
DA:73,2
DA:74,2
DA:75,2
DA:76,2
DA:77,2
DA:78,2
DA:80,2
DA:83,2
DA:84,2
DA:85,1
DA:86,1
DA:88,2
DA:89,0
DA:90,0
DA:92,0
DA:94,0
DA:96,0
DA:98,0
DA:99,0
DA:100,0
DA:101,0
DA:103,0
DA:104,0
DA:106,0
DA:107,0
DA:109,0
DA:110,0
DA:112,0
DA:114,0
DA:115,0
DA:117,0
DA:119,0
DA:120,0
DA:121,0
DA:123,0
DA:125,0
DA:126,0
DA:127,0
DA:128,0
DA:130,0
DA:132,0
DA:133,0
DA:135,0
DA:136,0
DA:137,0
DA:139,0
DA:140,0
DA:141,0
DA:142,0
DA:143,0
DA:145,0
DA:146,0
DA:147,0
DA:148,0
DA:149,0
DA:150,0
DA:151,0
DA:152,0
DA:153,0
DA:154,0
DA:155,0
DA:156,0
DA:157,0
DA:158,0
DA:159,0
DA:160,0
DA:161,0
DA:163,2
DA:164,0
DA:165,0
DA:166,0
DA:168,2
DA:169,0
DA:170,0
DA:171,0
DA:173,2
DA:174,0
DA:175,0
DA:176,0
DA:177,0
DA:179,2
DA:180,0
DA:181,0
DA:182,0
DA:183,0
DA:184,0
DA:185,0
DA:186,0
DA:187,0
DA:188,0
DA:189,0
DA:190,0
DA:191,0
DA:192,0
DA:193,0
DA:194,0
DA:195,0
DA:197,2
DA:198,2
DA:199,2
DA:201,2
DA:202,2
DA:204,2
DA:205,2
DA:206,2
DA:207,2
DA:209,2
DA:212,2
DA:213,2
DA:214,2
DA:215,2
DA:216,2
DA:218,2
DA:219,2
DA:220,2
DA:223,2
DA:224,2
DA:229,2
DA:238,2
DA:239,2
DA:240,2
DA:241,2
DA:242,2
DA:243,2
DA:245,2
DA:251,2
DA:252,2
DA:253,2
DA:254,2
DA:256,2
DA:259,2
DA:260,2
DA:261,2
DA:262,2
DA:263,2
DA:264,2
DA:267,2
DA:268,2
DA:271,2
DA:272,2
DA:276,2
DA:285,2
DA:286,2
DA:287,2
DA:288,2
DA:290,2
DA:291,2
DA:292,2
DA:293,2
DA:294,2
DA:295,2
DA:296,0
DA:297,0
DA:298,0
DA:300,2
DA:301,2
DA:302,2
DA:303,2
DA:309,2
DA:310,2
DA:311,2
DA:312,2
DA:313,0
DA:314,0
DA:315,0
DA:316,0
DA:318,2
DA:319,2
DA:320,2
DA:323,2
DA:324,2
DA:325,0
DA:326,0
DA:327,0
DA:329,0
DA:330,0
DA:331,0
DA:334,0
DA:335,0
DA:340,2
DA:347,2
DA:348,2
DA:349,2
DA:350,2
DA:351,2
DA:352,2
DA:353,2
DA:354,2
DA:355,2
DA:361,2
DA:362,2
DA:363,2
DA:364,2
DA:371,2
LF:240
LH:139
BRDA:20,0,0,4
BRDA:27,1,0,2
BRDA:29,2,0,2
BRDA:31,3,0,0
BRDA:33,4,0,0
BRDA:50,5,0,2
BRDA:84,6,0,1
BRDA:84,7,0,1
BRDA:85,8,0,1
BRDA:292,9,0,0
BRDA:295,10,0,0
BRDA:311,11,0,0
BRDA:324,12,0,0
BRDA:68,13,0,2
BRDA:69,14,0,0
BRF:15
BRH:8
end_of_record
TN:
SF:src/components/flights/flight-card-skeleton.tsx
FN:10,FlightCardSkeleton
FNF:1
FNH:1
FNDA:3,FlightCardSkeleton
DA:1,1
DA:2,1
DA:3,1
DA:10,1
DA:11,3
DA:12,3
DA:13,3
DA:14,3
DA:15,3
DA:18,3
DA:19,3
DA:21,3
DA:23,3
DA:26,3
DA:27,3
DA:28,3
DA:33,3
DA:35,3
DA:36,3
DA:37,3
DA:41,3
DA:42,3
DA:43,3
DA:44,3
DA:45,3
DA:46,3
DA:51,3
DA:52,3
DA:53,3
DA:58,3
DA:60,3
DA:63,3
DA:69,3
LF:33
LH:33
BRDA:10,0,0,3
BRF:1
BRH:1
end_of_record
TN:
SF:src/components/flights/flight-card.tsx
FN:62,FlightCard
FN:84,getAirlineInitials
FN:94,getSeatClassName
FN:196,onClick
FNF:4
FNH:2
FNDA:11,FlightCard
FNDA:11,getAirlineInitials
FNDA:0,getSeatClassName
FNDA:0,onClick
DA:3,1
DA:4,1
DA:6,1
DA:7,1
DA:8,1
DA:9,1
DA:23,1
DA:62,1
DA:63,11
DA:64,11
DA:65,11
DA:66,11
DA:67,11
DA:68,11
DA:69,11
DA:70,11
DA:71,11
DA:72,11
DA:73,11
DA:74,11
DA:75,11
DA:76,11
DA:77,11
DA:78,11
DA:79,11
DA:80,11
DA:81,11
DA:84,11
DA:85,11
DA:86,11
DA:87,11
DA:88,11
DA:89,11
DA:90,11
DA:91,11
DA:94,11
DA:95,0
DA:96,0
DA:97,0
DA:98,0
DA:99,0
DA:100,0
DA:101,0
DA:102,0
DA:103,0
DA:104,0
DA:105,0
DA:108,11
DA:110,11
DA:112,11
DA:113,11
DA:114,11
DA:115,11
DA:116,11
DA:119,11
DA:121,11
DA:123,11
DA:125,11
DA:126,11
DA:127,11
DA:128,11
DA:133,11
DA:134,11
DA:135,11
DA:137,11
DA:138,11
DA:144,11
DA:146,11
DA:147,11
DA:148,11
DA:150,11
DA:151,11
DA:156,11
DA:157,11
DA:158,11
DA:159,11
DA:160,11
DA:161,11
DA:166,11
DA:167,11
DA:168,11
DA:169,11
DA:170,11
DA:171,11
DA:175,11
DA:176,11
DA:182,11
DA:184,11
DA:185,11
DA:186,11
DA:187,11
DA:188,11
DA:194,11
DA:195,1
DA:196,1
DA:197,1
DA:198,1
DA:200,1
DA:201,0
DA:202,0
DA:205,1
DA:206,1
DA:211,11
DA:212,11
DA:213,11
DA:215,11
DA:222,11
DA:223,11
DA:224,11
DA:225,11
DA:226,11
DA:227,11
DA:229,11
DA:230,11
DA:231,11
DA:233,11
DA:234,11
DA:237,11
DA:238,11
DA:239,11
DA:241,11
DA:242,11
DA:243,11
DA:244,11
DA:246,11
DA:256,11
LF:126
LH:113
BRDA:62,0,0,11
BRDA:108,1,0,2
BRDA:110,2,0,9
BRDA:110,3,0,0
BRDA:169,4,0,3
BRDA:194,5,0,1
BRDA:200,6,0,0
BRDA:222,7,0,1
BRDA:222,8,0,0
BRDA:84,9,0,11
BRDA:87,10,0,28
BRF:11
BRH:8
end_of_record
TN:
SF:src/components/flights/flight-filter-sort.tsx
FN:1,(empty-report)
FNF:1
FNH:1
FNDA:1,(empty-report)
DA:3,0
DA:11,0
DA:13,0
DA:14,0
DA:15,0
DA:16,0
DA:22,0
DA:50,0
DA:51,0
DA:52,0
DA:53,0
DA:54,0
DA:55,0
DA:56,0
DA:57,0
DA:58,0
DA:59,0
DA:60,0
DA:61,0
DA:64,0
DA:65,0
DA:68,0
DA:69,0
DA:70,0
DA:71,0
DA:72,0
DA:73,0
DA:74,0
DA:75,0
DA:76,0
DA:77,0
DA:78,0
DA:79,0
DA:82,0
DA:83,0
DA:84,0
DA:86,0
DA:87,0
DA:88,0
DA:89,0
DA:90,0
DA:91,0
DA:92,0
DA:93,0
DA:94,0
DA:95,0
DA:96,0
DA:97,0
DA:98,0
DA:101,0
DA:103,0
DA:106,0
DA:107,0
DA:108,0
DA:109,0
DA:110,0
DA:113,0
DA:114,0
DA:115,0
DA:116,0
DA:117,0
DA:118,0
DA:119,0
DA:122,0
DA:123,0
DA:124,0
DA:125,0
DA:126,0
DA:127,0
DA:128,0
DA:131,0
DA:132,0
DA:133,0
DA:134,0
DA:135,0
DA:136,0
DA:137,0
DA:140,0
DA:141,0
DA:142,0
DA:143,0
DA:144,0
DA:145,0
DA:146,0
DA:147,0
DA:148,0
DA:149,0
DA:150,0
DA:151,0
DA:152,0
DA:153,0
DA:154,0
DA:155,0
DA:156,0
DA:157,0
DA:158,0
DA:159,0
DA:160,0
DA:161,0
DA:162,0
DA:163,0
DA:164,0
DA:165,0
DA:166,0
DA:167,0
DA:169,0
DA:170,0
DA:171,0
DA:172,0
DA:174,0
DA:175,0
DA:176,0
DA:177,0
DA:179,0
DA:180,0
DA:183,0
DA:184,0
DA:185,0
DA:188,0
DA:189,0
DA:190,0
DA:191,0
DA:192,0
DA:193,0
DA:194,0
DA:195,0
DA:198,0
DA:199,0
DA:200,0
DA:201,0
DA:202,0
DA:203,0
DA:204,0
DA:205,0
DA:208,0
DA:209,0
DA:210,0
DA:211,0
DA:212,0
DA:213,0
DA:214,0
DA:215,0
DA:216,0
DA:217,0
DA:219,0
DA:220,0
DA:221,0
DA:222,0
DA:223,0
DA:224,0
DA:226,0
DA:227,0
DA:228,0
DA:230,0
DA:231,0
DA:232,0
DA:233,0
DA:234,0
DA:236,0
DA:237,0
DA:238,0
DA:239,0
DA:241,0
DA:243,0
DA:244,0
DA:245,0
DA:247,0
DA:248,0
DA:249,0
DA:250,0
DA:251,0
DA:252,0
DA:253,0
DA:255,0
DA:256,0
DA:257,0
DA:258,0
DA:259,0
DA:260,0
DA:261,0
DA:262,0
DA:264,0
DA:265,0
DA:266,0
DA:267,0
DA:268,0
DA:269,0
DA:270,0
DA:271,0
DA:273,0
DA:274,0
DA:275,0
DA:276,0
DA:277,0
DA:278,0
DA:279,0
DA:282,0
DA:283,0
DA:284,0
DA:286,0
DA:287,0
DA:288,0
DA:289,0
DA:290,0
DA:291,0
DA:292,0
DA:294,0
DA:295,0
DA:296,0
DA:297,0
DA:298,0
DA:299,0
DA:300,0
DA:301,0
DA:303,0
DA:304,0
DA:305,0
DA:306,0
DA:307,0
DA:308,0
DA:309,0
DA:310,0
DA:312,0
DA:313,0
DA:314,0
DA:315,0
DA:316,0
DA:317,0
DA:318,0
DA:321,0
DA:322,0
DA:323,0
DA:324,0
DA:325,0
DA:326,0
DA:327,0
DA:328,0
DA:329,0
DA:330,0
DA:332,0
DA:333,0
DA:334,0
DA:335,0
DA:337,0
DA:338,0
DA:340,0
DA:341,0
DA:342,0
DA:343,0
DA:344,0
DA:345,0
DA:347,0
DA:348,0
DA:349,0
DA:350,0
DA:351,0
DA:352,0
DA:353,0
DA:355,0
DA:356,0
DA:357,0
DA:358,0
DA:360,0
DA:361,0
DA:362,0
DA:363,0
DA:364,0
DA:365,0
DA:367,0
DA:370,0
DA:371,0
DA:373,0
DA:374,0
DA:375,0
DA:376,0
DA:377,0
DA:378,0
DA:380,0
DA:381,0
DA:382,0
DA:383,0
DA:384,0
DA:385,0
DA:386,0
DA:388,0
DA:389,0
DA:390,0
DA:391,0
DA:393,0
DA:394,0
DA:395,0
DA:396,0
DA:397,0
DA:398,0
DA:399,0
DA:400,0
DA:401,0
DA:402,0
DA:404,0
DA:407,0
DA:408,0
DA:410,0
DA:411,0
DA:412,0
DA:413,0
DA:414,0
DA:415,0
DA:417,0
DA:418,0
DA:419,0
DA:420,0
DA:421,0
DA:424,0
DA:426,0
DA:427,0
DA:428,0
DA:429,0
DA:430,0
DA:431,0
DA:432,0
DA:433,0
DA:434,0
DA:435,0
DA:436,0
DA:438,0
DA:439,0
DA:440,0
DA:441,0
DA:442,0
DA:443,0
DA:444,0
DA:447,0
DA:449,0
DA:450,0
DA:451,0
DA:452,0
DA:453,0
DA:454,0
DA:455,0
DA:456,0
DA:457,0
DA:458,0
DA:459,0
DA:460,0
DA:462,0
DA:463,0
DA:464,0
DA:465,0
DA:466,0
DA:467,0
DA:468,0
DA:471,0
DA:473,0
DA:474,0
DA:475,0
DA:476,0
DA:477,0
DA:478,0
DA:479,0
DA:480,0
DA:481,0
DA:482,0
DA:484,0
LF:363
LH:0
BRDA:1,0,0,1
BRF:1
BRH:1
end_of_record
TN:
SF:src/components/flights/flight-summary-card.tsx
FN:29,formatFlightTime
FN:39,FlightSegment
FN:116,FlightSummaryCard
FNF:3
FNH:3
FNDA:14,formatFlightTime
FNDA:7,FlightSegment
FNDA:6,FlightSummaryCard
DA:1,1
DA:4,1
DA:5,1
DA:6,1
DA:7,1
DA:8,1
DA:9,1
DA:10,1
DA:11,1
DA:12,1
DA:13,1
DA:29,14
DA:30,14
DA:31,14
DA:32,14
DA:33,14
DA:39,7
DA:41,7
DA:42,7
DA:43,7
DA:44,7
DA:45,7
DA:48,7
DA:49,7
DA:50,5
DA:51,2
DA:52,1
DA:53,1
DA:55,7
DA:56,7
DA:58,7
DA:59,7
DA:60,7
DA:62,7
DA:63,7
DA:64,7
DA:65,7
DA:70,7
DA:71,7
DA:72,7
DA:73,7
DA:74,7
DA:75,7
DA:78,7
DA:79,7
DA:80,7
DA:81,7
DA:85,7
DA:86,7
DA:87,7
DA:89,7
DA:90,7
DA:91,7
DA:92,7
DA:95,7
DA:96,7
DA:101,7
DA:102,7
DA:103,7
DA:105,7
DA:106,7
DA:108,7
DA:109,7
DA:114,7
DA:116,1
DA:117,6
DA:118,6
DA:119,6
DA:120,6
DA:121,6
DA:122,1
DA:123,1
DA:125,5
DA:126,5
DA:127,2
DA:128,3
DA:129,6
DA:130,6
DA:131,6
DA:133,6
DA:134,6
DA:135,6
DA:138,6
DA:139,6
DA:140,6
DA:141,6
DA:143,6
DA:145,6
DA:148,6
DA:149,6
DA:150,6
DA:151,6
DA:155,6
DA:158,6
DA:159,6
DA:160,6
DA:161,6
DA:164,6
DA:165,6
DA:166,6
DA:167,6
DA:168,6
DA:173,6
DA:174,6
DA:175,6
DA:178,6
DA:180,6
DA:181,6
DA:182,6
DA:188,6
LF:110
LH:110
BRDA:29,0,0,14
BRDA:39,1,0,7
BRDA:49,2,0,5
BRDA:50,3,0,2
BRDA:51,4,0,1
BRDA:52,5,0,1
BRDA:60,6,0,5
BRDA:60,7,0,2
BRDA:80,8,0,0
BRDA:116,9,0,6
BRDA:121,10,0,1
BRDA:123,11,0,5
BRDA:126,12,0,2
BRDA:127,13,0,3
BRF:14
BRH:13
end_of_record
TN:
SF:src/components/flights/passenger-form-card.tsx
FN:38,QuickPassengerSelect
FN:61,onCheckedChange
FN:65,onClick
FN:91,PassengerInfoForm
FN:145,onChange
FN:156,onValueChange
FN:176,onChange
FN:204,onChange
FN:250,PassengerFormCard
FN:279,onChange
FN:280,onRemove
FNF:11
FNH:3
FNDA:4,QuickPassengerSelect
FNDA:0,onCheckedChange
FNDA:0,onClick
FNDA:5,PassengerInfoForm
FNDA:0,onChange
FNDA:0,onValueChange
FNDA:0,onChange
FNDA:0,onChange
FNDA:4,PassengerFormCard
FNDA:0,onChange
FNDA:0,onRemove
DA:3,1
DA:6,1
DA:7,1
DA:8,1
DA:9,1
DA:10,1
DA:11,1
DA:12,1
DA:13,1
DA:14,1
DA:15,1
DA:16,1
DA:17,1
DA:18,1
DA:38,4
DA:39,4
DA:40,4
DA:41,4
DA:42,4
DA:43,4
DA:44,1
DA:45,1
DA:48,3
DA:49,3
DA:51,3
DA:52,3
DA:53,3
DA:55,3
DA:56,3
DA:57,3
DA:59,3
DA:60,3
DA:61,3
DA:63,0
DA:64,0
DA:65,3
DA:67,3
DA:70,3
DA:71,4
DA:77,4
DA:91,5
DA:92,5
DA:93,5
DA:94,5
DA:95,5
DA:96,5
DA:97,5
DA:98,5
DA:100,5
DA:101,5
DA:102,5
DA:104,5
DA:105,5
DA:106,5
DA:109,5
DA:113,5
DA:115,5
DA:116,5
DA:117,5
DA:118,5
DA:119,5
DA:120,5
DA:124,5
DA:125,5
DA:126,5
DA:127,5
DA:128,5
DA:129,5
DA:131,5
DA:138,5
DA:139,5
DA:140,5
DA:142,5
DA:143,5
DA:144,5
DA:145,5
DA:146,5
DA:147,5
DA:152,5
DA:153,5
DA:154,5
DA:155,5
DA:156,5
DA:158,5
DA:159,5
DA:160,5
DA:162,5
DA:164,5
DA:165,5
DA:166,5
DA:167,5
DA:172,5
DA:173,5
DA:174,5
DA:175,5
DA:176,5
DA:177,5
DA:178,5
DA:184,5
DA:185,5
DA:186,5
DA:187,5
DA:188,5
DA:190,5
DA:191,5
DA:192,5
DA:193,5
DA:194,5
DA:195,5
DA:200,5
DA:201,5
DA:202,5
DA:203,5
DA:204,5
DA:205,5
DA:206,5
DA:212,5
DA:213,5
DA:214,5
DA:215,5
DA:216,5
DA:218,5
DA:219,5
DA:220,5
DA:221,5
DA:230,5
DA:250,1
DA:251,4
DA:252,4
DA:253,4
DA:254,4
DA:255,4
DA:256,4
DA:257,4
DA:258,4
DA:259,4
DA:260,4
DA:261,4
DA:262,4
DA:264,4
DA:266,4
DA:267,4
DA:268,4
DA:269,4
DA:273,4
DA:274,4
DA:275,4
DA:276,4
DA:277,4
DA:278,4
DA:279,4
DA:280,4
DA:281,4
DA:287,4
DA:288,4
DA:289,4
DA:290,4
DA:292,4
DA:298,4
LF:159
LH:157
BRDA:38,0,0,4
BRDA:43,1,0,1
BRDA:45,2,0,3
BRDA:91,3,0,5
BRDA:124,4,0,3
BRDA:250,5,0,4
BRF:6
BRH:6
end_of_record
TN:
SF:src/components/flights/quick-date-selector.tsx
FN:1,(empty-report)
FNF:1
FNH:1
FNDA:1,(empty-report)
DA:3,0
DA:4,0
DA:5,0
DA:7,0
DA:11,0
DA:12,0
DA:13,0
DA:15,0
DA:16,0
DA:27,0
DA:28,0
DA:29,0
DA:30,0
DA:31,0
DA:32,0
DA:33,0
DA:34,0
DA:35,0
DA:36,0
DA:37,0
DA:38,0
DA:39,0
DA:42,0
DA:43,0
DA:44,0
DA:45,0
DA:46,0
DA:47,0
DA:48,0
DA:49,0
DA:50,0
DA:51,0
DA:52,0
DA:53,0
DA:54,0
DA:55,0
DA:56,0
DA:57,0
DA:58,0
DA:59,0
DA:60,0
DA:61,0
DA:63,0
DA:64,0
DA:67,0
DA:68,0
DA:70,0
DA:71,0
DA:74,0
DA:75,0
DA:76,0
DA:77,0
DA:78,0
DA:79,0
DA:80,0
DA:81,0
DA:82,0
DA:85,0
DA:86,0
DA:87,0
DA:88,0
DA:91,0
DA:92,0
DA:93,0
DA:94,0
DA:95,0
DA:97,0
DA:98,0
DA:99,0
DA:100,0
DA:101,0
DA:104,0
DA:105,0
DA:106,0
DA:107,0
DA:108,0
DA:109,0
DA:110,0
DA:112,0
DA:113,0
DA:114,0
DA:115,0
DA:116,0
DA:117,0
DA:118,0
DA:120,0
DA:121,0
DA:122,0
DA:123,0
DA:124,0
DA:125,0
DA:126,0
DA:127,0
DA:128,0
DA:129,0
DA:130,0
DA:131,0
DA:132,0
DA:134,0
DA:136,0
DA:137,0
DA:139,0
DA:140,0
DA:141,0
DA:142,0
DA:143,0
DA:144,0
DA:145,0
DA:147,0
DA:148,0
DA:151,0
DA:152,0
DA:153,0
DA:154,0
DA:156,0
DA:157,0
DA:158,0
DA:159,0
DA:160,0
DA:161,0
DA:162,0
DA:163,0
DA:164,0
DA:165,0
DA:166,0
DA:167,0
DA:168,0
DA:169,0
DA:172,0
DA:173,0
DA:174,0
DA:177,0
DA:178,0
DA:179,0
DA:180,0
DA:181,0
DA:185,0
DA:186,0
DA:187,0
DA:188,0
DA:189,0
DA:191,0
DA:193,0
DA:194,0
DA:197,0
DA:198,0
DA:200,0
DA:202,0
DA:203,0
DA:206,0
DA:207,0
DA:208,0
DA:209,0
DA:210,0
DA:211,0
DA:212,0
DA:214,0
DA:215,0
DA:216,0
DA:218,0
LF:160
LH:0
BRDA:1,0,0,1
BRF:1
BRH:1
end_of_record
TN:
SF:src/components/flights/search-form.tsx
FN:1,(empty-report)
FNF:1
FNH:1
FNDA:1,(empty-report)
DA:3,0
DA:4,0
DA:6,0
DA:7,0
DA:8,0
DA:9,0
DA:10,0
DA:11,0
DA:37,0
DA:38,0
DA:39,0
DA:40,0
DA:41,0
DA:42,0
DA:43,0
DA:44,0
DA:45,0
DA:46,0
DA:47,0
DA:48,0
DA:49,0
DA:50,0
DA:51,0
DA:52,0
DA:53,0
DA:54,0
DA:55,0
DA:56,0
DA:57,0
DA:58,0
DA:59,0
DA:62,0
DA:64,0
DA:67,0
DA:68,0
DA:69,0
DA:71,0
DA:72,0
DA:73,0
DA:74,0
DA:75,0
DA:76,0
DA:77,0
DA:78,0
DA:79,0
DA:80,0
DA:81,0
DA:82,0
DA:85,0
DA:86,0
DA:87,0
DA:88,0
DA:89,0
DA:93,0
DA:95,0
DA:96,0
DA:97,0
DA:98,0
DA:101,0
DA:102,0
DA:103,0
DA:105,0
DA:108,0
DA:109,0
DA:110,0
DA:113,0
DA:114,0
DA:115,0
DA:117,0
DA:118,0
DA:119,0
DA:120,0
DA:121,0
DA:122,0
DA:123,0
DA:124,0
DA:125,0
DA:126,0
DA:127,0
DA:128,0
DA:129,0
DA:130,0
DA:131,0
DA:132,0
DA:133,0
DA:135,0
DA:136,0
DA:137,0
DA:138,0
DA:139,0
DA:141,0
DA:142,0
DA:143,0
DA:144,0
DA:145,0
DA:146,0
DA:147,0
DA:148,0
DA:149,0
DA:150,0
DA:151,0
DA:152,0
DA:155,0
DA:156,0
DA:159,0
DA:161,0
DA:162,0
DA:163,0
DA:164,0
DA:165,0
DA:167,0
DA:168,0
DA:170,0
DA:172,0
DA:173,0
DA:174,0
DA:175,0
DA:176,0
DA:178,0
DA:180,0
DA:181,0
DA:182,0
DA:183,0
DA:184,0
DA:185,0
DA:186,0
DA:188,0
DA:189,0
DA:190,0
DA:191,0
DA:192,0
DA:193,0
DA:194,0
DA:195,0
DA:196,0
DA:197,0
DA:198,0
DA:199,0
DA:201,0
DA:202,0
DA:203,0
DA:204,0
DA:207,0
DA:208,0
DA:209,0
DA:210,0
DA:211,0
DA:212,0
DA:213,0
DA:214,0
DA:215,0
DA:216,0
DA:217,0
DA:218,0
DA:219,0
DA:220,0
DA:223,0
DA:225,0
DA:226,0
DA:227,0
DA:228,0
DA:229,0
DA:230,0
DA:231,0
DA:232,0
DA:233,0
DA:234,0
DA:236,0
DA:238,0
DA:239,0
DA:240,0
DA:241,0
DA:242,0
DA:243,0
DA:244,0
DA:245,0
DA:246,0
DA:247,0
DA:248,0
DA:251,0
DA:252,0
DA:253,0
DA:254,0
DA:255,0
DA:256,0
DA:258,0
DA:260,0
DA:261,0
DA:263,0
DA:265,0
LF:190
LH:0
BRDA:1,0,0,1
BRF:1
BRH:1
end_of_record
TN:
SF:src/components/flights/search-history.tsx
FN:23,FlightSearchHistoryCard
FN:30,getPriceStatus
FN:56,formatOneWayDate
FN:63,formatRoundTripDate
FN:73,handleClick
FNF:5
FNH:4
FNDA:12,FlightSearchHistoryCard
FNDA:12,getPriceStatus
FNDA:10,formatOneWayDate
FNDA:4,formatRoundTripDate
FNDA:0,handleClick
DA:3,1
DA:4,1
DA:6,1
DA:7,1
DA:9,1
DA:10,1
DA:11,1
DA:12,1
DA:13,1
DA:14,1
DA:15,1
DA:23,1
DA:24,12
DA:25,12
DA:26,12
DA:27,12
DA:30,12
DA:31,12
DA:32,12
DA:33,11
DA:34,11
DA:35,11
DA:36,12
DA:37,1
DA:38,1
DA:40,11
DA:41,11
DA:42,11
DA:44,12
DA:45,3
DA:46,12
DA:47,2
DA:48,8
DA:49,6
DA:50,6
DA:51,12
DA:53,12
DA:56,12
DA:57,10
DA:58,10
DA:59,10
DA:60,10
DA:63,12
DA:64,4
DA:65,4
DA:67,4
DA:68,4
DA:69,4
DA:70,4
DA:73,12
DA:74,0
DA:75,0
DA:76,0
DA:77,0
DA:79,0
DA:80,0
DA:81,0
DA:82,0
DA:83,0
DA:84,0
DA:85,0
DA:86,0
DA:87,0
DA:89,0
DA:90,0
DA:92,12
DA:93,12
DA:94,12
DA:95,12
DA:97,12
DA:99,12
DA:101,12
DA:102,12
DA:103,12
DA:105,12
DA:106,2
DA:108,12
DA:110,12
DA:111,12
DA:116,12
DA:117,12
DA:119,12
DA:122,12
DA:123,12
DA:124,12
DA:125,12
DA:126,12
DA:133,12
DA:134,12
DA:135,12
DA:137,12
DA:138,12
DA:140,12
DA:142,12
DA:143,12
DA:144,12
DA:145,12
DA:146,12
DA:147,12
DA:150,12
DA:158,12
LF:101
LH:86
BRDA:23,0,0,12
BRDA:105,1,0,2
BRDA:133,2,0,11
BRDA:30,3,0,12
BRDA:32,4,0,11
BRDA:33,5,0,11
BRDA:34,6,0,11
BRDA:36,7,0,1
BRDA:38,8,0,11
BRDA:44,9,0,3
BRDA:46,10,0,8
BRDA:46,11,0,2
BRDA:48,12,0,6
BRDA:56,13,0,10
BRDA:63,14,0,4
BRDA:68,15,0,2
BRDA:68,16,0,2
BRF:17
BRH:17
end_of_record
TN:
SF:src/components/passengers/edit-passenger-client.tsx
FN:1,(empty-report)
FNF:1
FNH:1
FNDA:1,(empty-report)
DA:3,0
DA:4,0
DA:5,0
DA:7,0
DA:8,0
DA:15,0
DA:16,0
DA:17,0
DA:19,0
DA:20,0
DA:21,0
DA:22,0
DA:24,0
DA:25,0
DA:26,0
DA:27,0
DA:28,0
DA:29,0
DA:30,0
DA:31,0
DA:32,0
DA:33,0
DA:34,0
DA:35,0
DA:36,0
DA:37,0
DA:39,0
DA:40,0
DA:41,0
DA:44,0
DA:46,0
DA:47,0
DA:48,0
DA:49,0
DA:50,0
DA:51,0
DA:52,0
DA:54,0
DA:55,0
DA:56,0
DA:57,0
DA:58,0
DA:59,0
DA:60,0
DA:61,0
DA:62,0
DA:63,0
DA:64,0
DA:65,0
DA:66,0
DA:67,0
DA:68,0
DA:69,0
DA:70,0
DA:71,0
DA:72,0
DA:73,0
DA:75,0
DA:76,0
DA:77,0
DA:78,0
DA:79,0
DA:80,0
DA:82,0
DA:83,0
DA:85,0
DA:86,0
DA:87,0
DA:88,0
DA:89,0
DA:90,0
DA:91,0
DA:92,0
DA:93,0
DA:95,0
LF:75
LH:0
BRDA:1,0,0,1
BRF:1
BRH:1
end_of_record
TN:
SF:src/components/passengers/new-passenger-client.tsx
FN:1,(empty-report)
FNF:1
FNH:1
FNDA:1,(empty-report)
DA:3,0
DA:4,0
DA:5,0
DA:7,0
DA:8,0
DA:10,0
DA:11,0
DA:12,0
DA:14,0
DA:15,0
DA:16,0
DA:17,0
DA:19,0
DA:20,0
DA:21,0
DA:22,0
DA:23,0
DA:24,0
DA:25,0
DA:26,0
DA:27,0
DA:28,0
DA:29,0
DA:30,0
DA:31,0
DA:32,0
DA:34,0
DA:35,0
DA:36,0
DA:38,0
DA:39,0
DA:40,0
DA:41,0
DA:42,0
DA:43,0
DA:45,0
DA:46,0
DA:48,0
DA:49,0
DA:50,0
DA:51,0
DA:52,0
DA:53,0
DA:54,0
DA:55,0
DA:57,0
LF:46
LH:0
BRDA:1,0,0,1
BRF:1
BRH:1
end_of_record
TN:
SF:src/components/passengers/passenger-detail-view.tsx
FN:34,PassengerDetailView
FNF:1
FNH:1
FNDA:6,PassengerDetailView
DA:1,1
DA:2,1
DA:22,1
DA:23,1
DA:24,1
DA:25,1
DA:26,1
DA:28,1
DA:29,1
DA:30,1
DA:31,1
DA:32,1
DA:34,6
DA:35,6
DA:36,6
DA:37,6
DA:38,6
DA:40,6
DA:41,6
DA:42,6
DA:44,6
DA:45,6
DA:46,6
DA:48,6
DA:50,6
DA:52,6
DA:53,6
DA:54,6
DA:55,6
DA:58,6
DA:59,6
DA:61,6
DA:62,6
DA:63,6
DA:64,6
DA:67,6
DA:68,6
DA:69,6
DA:70,6
DA:71,6
DA:72,6
DA:75,6
DA:76,6
DA:77,6
DA:78,6
DA:79,6
DA:80,6
DA:83,6
DA:84,6
DA:85,6
DA:86,6
DA:87,6
DA:88,6
DA:91,6
DA:92,6
DA:93,6
DA:94,6
DA:95,6
DA:96,6
DA:99,6
DA:100,6
DA:101,6
DA:102,6
DA:103,6
DA:104,6
DA:107,6
DA:108,6
DA:109,6
DA:110,6
DA:111,6
DA:112,6
DA:113,6
DA:114,6
DA:117,6
DA:118,6
DA:119,6
DA:121,6
DA:122,6
DA:123,6
DA:125,6
DA:127,6
DA:129,6
DA:130,6
DA:131,6
DA:132,6
DA:133,6
DA:134,6
DA:137,6
DA:138,6
DA:139,6
DA:140,6
DA:141,6
DA:142,6
DA:145,6
DA:146,6
DA:147,6
DA:148,6
DA:149,6
DA:150,6
DA:151,6
DA:152,6
DA:153,6
DA:155,6
LF:103
LH:103
BRDA:34,0,0,6
BRDA:86,1,0,1
BRDA:94,2,0,1
BRDA:110,3,0,1
BRF:4
BRH:4
end_of_record
TN:
SF:src/components/passengers/passenger-list.tsx
FN:1,(empty-report)
FNF:1
FNH:1
FNDA:1,(empty-report)
DA:3,0
DA:5,0
DA:6,0
DA:7,0
DA:8,0
DA:26,0
DA:27,0
DA:28,0
DA:29,0
DA:30,0
DA:31,0
DA:32,0
DA:33,0
DA:34,0
DA:37,0
DA:38,0
DA:39,0
DA:40,0
DA:41,0
DA:42,0
DA:43,0
DA:46,0
DA:47,0
DA:48,0
DA:49,0
DA:50,0
DA:51,0
DA:52,0
DA:53,0
DA:54,0
DA:57,0
DA:58,0
DA:59,0
DA:60,0
DA:61,0
DA:62,0
DA:65,0
DA:66,0
DA:67,0
DA:68,0
DA:69,0
DA:72,0
DA:73,0
DA:74,0
DA:75,0
DA:76,0
DA:77,0
DA:79,0
DA:82,0
DA:83,0
DA:84,0
DA:85,0
DA:86,0
DA:87,0
DA:88,0
DA:89,0
DA:92,0
DA:93,0
DA:94,0
DA:95,0
DA:96,0
DA:97,0
DA:98,0
DA:99,0
DA:100,0
DA:102,0
DA:103,0
DA:105,0
DA:106,0
DA:108,0
DA:109,0
DA:110,0
DA:111,0
DA:112,0
DA:113,0
DA:114,0
DA:115,0
DA:116,0
DA:117,0
DA:119,0
DA:120,0
DA:122,0
DA:123,0
DA:124,0
DA:127,0
DA:128,0
DA:129,0
DA:130,0
DA:131,0
DA:132,0
DA:133,0
DA:134,0
DA:135,0
DA:136,0
DA:137,0
DA:138,0
DA:139,0
DA:140,0
DA:141,0
DA:143,0
DA:144,0
DA:148,0
DA:149,0
DA:150,0
DA:151,0
DA:152,0
DA:153,0
DA:154,0
DA:155,0
DA:156,0
DA:157,0
DA:158,0
DA:159,0
DA:160,0
DA:161,0
DA:162,0
DA:163,0
DA:164,0
DA:165,0
DA:166,0
DA:167,0
DA:168,0
DA:169,0
DA:170,0
DA:171,0
DA:172,0
DA:173,0
DA:174,0
DA:175,0
DA:176,0
DA:178,0
DA:179,0
DA:181,0
DA:182,0
DA:183,0
DA:184,0
DA:185,0
DA:186,0
DA:187,0
DA:189,0
DA:190,0
DA:191,0
DA:192,0
DA:193,0
DA:194,0
DA:195,0
DA:196,0
DA:198,0
DA:199,0
DA:200,0
DA:201,0
DA:202,0
DA:203,0
DA:204,0
DA:205,0
DA:206,0
DA:207,0
DA:208,0
DA:209,0
DA:210,0
DA:211,0
DA:212,0
DA:213,0
DA:214,0
DA:215,0
DA:216,0
DA:217,0
DA:218,0
DA:219,0
DA:220,0
DA:221,0
DA:222,0
DA:224,0
DA:225,0
DA:226,0
DA:227,0
DA:228,0
DA:229,0
DA:230,0
DA:231,0
DA:233,0
DA:234,0
DA:235,0
DA:236,0
DA:237,0
DA:238,0
DA:239,0
DA:240,0
DA:242,0
DA:243,0
DA:244,0
DA:245,0
DA:246,0
DA:248,0
DA:249,0
DA:250,0
DA:253,0
DA:254,0
DA:255,0
DA:256,0
DA:257,0
DA:258,0
DA:259,0
DA:260,0
DA:261,0
DA:262,0
DA:263,0
DA:264,0
DA:265,0
DA:266,0
DA:267,0
DA:269,0
DA:270,0
DA:272,0
DA:274,0
LF:215
LH:0
BRDA:1,0,0,1
BRF:1
BRH:1
end_of_record
TN:
SF:src/components/passengers/passengers-data-table.tsx
FN:1,(empty-report)
FNF:1
FNH:1
FNDA:1,(empty-report)
DA:3,0
DA:4,0
DA:6,0
DA:12,0
DA:23,0
DA:24,0
DA:25,0
DA:26,0
DA:27,0
DA:29,0
DA:30,0
DA:31,0
DA:32,0
DA:33,0
DA:34,0
DA:36,0
DA:38,0
DA:39,0
DA:40,0
DA:41,0
DA:42,0
DA:43,0
DA:44,0
DA:45,0
DA:47,0
DA:48,0
DA:49,0
DA:50,0
DA:51,0
DA:52,0
DA:53,0
DA:54,0
DA:55,0
DA:57,0
DA:59,0
DA:60,0
DA:61,0
DA:62,0
DA:63,0
DA:64,0
DA:65,0
DA:66,0
DA:67,0
DA:68,0
DA:71,0
DA:72,0
DA:73,0
DA:76,0
DA:77,0
DA:78,0
DA:79,0
DA:80,0
DA:81,0
DA:82,0
DA:83,0
DA:85,0
DA:88,0
DA:89,0
DA:90,0
DA:91,0
DA:92,0
DA:93,0
DA:94,0
DA:95,0
DA:96,0
DA:97,0
DA:98,0
DA:99,0
DA:101,0
DA:102,0
DA:103,0
DA:104,0
DA:105,0
DA:106,0
DA:107,0
DA:108,0
DA:109,0
DA:111,0
DA:112,0
DA:113,0
DA:114,0
DA:115,0
DA:116,0
DA:117,0
DA:118,0
DA:119,0
DA:121,0
DA:122,0
DA:123,0
DA:124,0
DA:125,0
DA:126,0
DA:127,0
DA:129,0
DA:130,0
DA:131,0
DA:132,0
DA:133,0
DA:134,0
DA:135,0
DA:136,0
DA:137,0
DA:139,0
DA:140,0
DA:141,0
DA:142,0
DA:143,0
DA:144,0
DA:145,0
DA:146,0
DA:147,0
DA:150,0
DA:151,0
DA:152,0
DA:153,0
DA:154,0
DA:155,0
DA:156,0
DA:157,0
DA:158,0
DA:159,0
DA:160,0
DA:161,0
DA:162,0
DA:163,0
DA:164,0
DA:165,0
DA:166,0
DA:167,0
DA:168,0
DA:169,0
DA:170,0
DA:171,0
DA:172,0
DA:173,0
DA:174,0
DA:175,0
DA:178,0
DA:179,0
DA:180,0
DA:181,0
DA:182,0
DA:183,0
DA:184,0
DA:185,0
DA:186,0
DA:187,0
DA:190,0
DA:194,0
DA:197,0
DA:198,0
DA:199,0
DA:200,0
DA:201,0
DA:202,0
DA:203,0
DA:204,0
DA:205,0
DA:206,0
DA:209,0
DA:210,0
DA:211,0
DA:212,0
DA:213,0
DA:214,0
DA:215,0
DA:216,0
DA:217,0
DA:218,0
DA:219,0
DA:220,0
DA:221,0
DA:222,0
DA:223,0
DA:224,0
DA:225,0
DA:226,0
DA:227,0
DA:229,0
LF:179
LH:0
BRDA:1,0,0,1
BRF:1
BRH:1
end_of_record
TN:
SF:src/components/passengers/passengers-page-client.tsx
FN:1,(empty-report)
FNF:1
FNH:1
FNDA:1,(empty-report)
DA:3,0
DA:4,0
DA:5,0
DA:7,0
DA:8,0
DA:18,0
DA:28,0
DA:29,0
DA:30,0
DA:31,0
DA:32,0
DA:33,0
DA:34,0
DA:35,0
DA:36,0
DA:39,0
DA:40,0
DA:41,0
DA:42,0
DA:45,0
DA:46,0
DA:48,0
DA:49,0
DA:50,0
DA:52,0
DA:53,0
DA:54,0
DA:55,0
DA:56,0
DA:57,0
DA:58,0
DA:59,0
DA:60,0
DA:61,0
DA:62,0
DA:63,0
DA:64,0
DA:65,0
DA:66,0
DA:69,0
DA:70,0
DA:71,0
DA:72,0
DA:74,0
DA:75,0
DA:76,0
DA:77,0
DA:78,0
DA:79,0
DA:80,0
DA:81,0
DA:82,0
DA:83,0
DA:84,0
DA:85,0
DA:86,0
DA:89,0
DA:90,0
DA:91,0
DA:93,0
DA:94,0
DA:95,0
DA:96,0
DA:97,0
DA:98,0
DA:99,0
DA:100,0
DA:101,0
DA:102,0
DA:105,0
DA:106,0
DA:107,0
DA:108,0
DA:109,0
DA:111,0
DA:112,0
DA:113,0
DA:114,0
DA:115,0
DA:116,0
DA:117,0
DA:118,0
DA:119,0
DA:121,0
LF:84
LH:0
BRDA:1,0,0,1
BRF:1
BRH:1
end_of_record
TN:
SF:src/components/passengers/forms/passenger-form.tsx
FN:73,PassengerForm
FN:107,handleSubmit
FN:126,render
FN:146,render
FN:165,render
FN:182,render
FN:220,render
FN:244,onSelect
FN:248,disabled
FN:263,render
FN:279,render
FN:310,render
FN:323,render
FN:336,render
FN:352,render
FN:377,render
FN:406,render
FN:423,render
FN:447,onSelect
FN:452,disabled
FNF:20
FNH:15
FNDA:12,PassengerForm
FNDA:0,handleSubmit
FNDA:14,render
FNDA:14,render
FNDA:12,render
FNDA:12,render
FNDA:12,render
FNDA:0,onSelect
FNDA:0,disabled
FNDA:12,render
FNDA:12,render
FNDA:12,render
FNDA:12,render
FNDA:12,render
FNDA:12,render
FNDA:12,render
FNDA:12,render
FNDA:12,render
FNDA:0,onSelect
FNDA:0,disabled
DA:3,1
DA:4,1
DA:5,1
DA:6,1
DA:8,1
DA:9,1
DA:10,1
DA:11,1
DA:19,1
DA:20,1
DA:25,1
DA:26,1
DA:33,1
DA:34,1
DA:37,1
DA:38,1
DA:39,1
DA:40,1
DA:41,1
DA:42,1
DA:43,1
DA:44,1
DA:45,1
DA:46,1
DA:47,1
DA:48,1
DA:49,1
DA:50,1
DA:51,1
DA:52,1
DA:53,1
DA:54,1
DA:55,1
DA:56,1
DA:57,1
DA:58,1
DA:59,1
DA:60,1
DA:61,1
DA:62,1
DA:73,12
DA:74,12
DA:75,12
DA:76,12
DA:77,12
DA:78,12
DA:79,12
DA:80,12
DA:81,12
DA:82,12
DA:83,12
DA:84,12
DA:86,12
DA:87,12
DA:88,12
DA:89,12
DA:90,12
DA:91,12
DA:92,12
DA:93,12
DA:94,12
DA:95,12
DA:96,12
DA:97,12
DA:98,12
DA:99,12
DA:100,12
DA:101,12
DA:102,12
DA:103,12
DA:104,12
DA:105,12
DA:107,12
DA:108,0
DA:109,0
DA:111,12
DA:112,12
DA:113,12
DA:115,12
DA:116,12
DA:118,12
DA:120,12
DA:123,12
DA:124,12
DA:125,12
DA:126,12
DA:127,14
DA:128,14
DA:129,14
DA:130,14
DA:131,14
DA:132,14
DA:133,14
DA:134,14
DA:136,14
DA:137,14
DA:138,14
DA:140,12
DA:143,12
DA:144,12
DA:145,12
DA:146,12
DA:147,14
DA:148,14
DA:149,14
DA:150,14
DA:151,14
DA:152,14
DA:153,14
DA:154,14
DA:156,14
DA:157,14
DA:159,12
DA:162,12
DA:163,12
DA:164,12
DA:165,12
DA:166,12
DA:167,12
DA:168,12
DA:169,12
DA:170,12
DA:171,12
DA:172,12
DA:173,12
DA:174,12
DA:176,12
DA:179,12
DA:180,12
DA:181,12
DA:182,12
DA:183,12
DA:184,12
DA:185,12
DA:186,12
DA:187,12
DA:188,12
DA:189,12
DA:191,12
DA:192,12
DA:193,12
DA:195,12
DA:196,12
DA:197,12
DA:198,12
DA:199,12
DA:201,12
DA:202,12
DA:203,12
DA:204,12
DA:205,12
DA:207,12
DA:208,12
DA:209,12
DA:210,12
DA:211,12
DA:212,12
DA:214,12
DA:217,12
DA:218,12
DA:219,12
DA:220,12
DA:221,12
DA:222,12
DA:223,12
DA:224,12
DA:225,12
DA:226,12
DA:227,12
DA:228,12
DA:229,12
DA:230,12
DA:231,12
DA:233,12
DA:234,0
DA:235,12
DA:236,12
DA:237,12
DA:238,12
DA:239,12
DA:240,12
DA:241,12
DA:242,12
DA:243,12
DA:244,12
DA:245,0
DA:246,0
DA:247,0
DA:248,12
DA:249,12
DA:250,12
DA:251,12
DA:252,12
DA:253,12
DA:254,12
DA:255,12
DA:257,12
DA:260,12
DA:261,12
DA:262,12
DA:263,12
DA:264,12
DA:265,12
DA:266,12
DA:267,12
DA:268,12
DA:269,12
DA:270,12
DA:272,12
DA:275,12
DA:276,12
DA:277,12
DA:278,12
DA:279,12
DA:280,12
DA:281,12
DA:282,12
DA:283,12
DA:285,12
DA:286,12
DA:287,12
DA:288,12
DA:289,12
DA:290,12
DA:291,12
DA:292,12
DA:293,12
DA:294,12
DA:295,12
DA:296,12
DA:298,12
DA:300,12
DA:301,12
DA:302,12
DA:303,12
DA:306,12
DA:307,12
DA:308,12
DA:309,12
DA:310,12
DA:311,12
DA:312,12
DA:313,12
DA:314,12
DA:315,12
DA:316,12
DA:317,12
DA:319,12
DA:320,12
DA:321,12
DA:322,12
DA:323,12
DA:324,12
DA:325,12
DA:326,12
DA:327,12
DA:328,12
DA:329,12
DA:330,12
DA:332,12
DA:333,12
DA:334,12
DA:335,12
DA:336,12
DA:337,12
DA:338,12
DA:339,12
DA:340,12
DA:341,12
DA:342,12
DA:343,12
DA:345,12
DA:346,12
DA:349,12
DA:350,12
DA:351,12
DA:352,12
DA:353,12
DA:354,12
DA:355,12
DA:356,12
DA:357,12
DA:358,12
DA:359,12
DA:361,12
DA:362,12
DA:364,12
DA:367,12
DA:368,12
DA:370,12
DA:372,12
DA:374,12
DA:375,12
DA:376,12
DA:377,12
DA:378,12
DA:379,12
DA:380,12
DA:381,12
DA:382,12
DA:383,12
DA:384,12
DA:386,12
DA:387,12
DA:388,12
DA:389,12
DA:390,12
DA:391,12
DA:392,12
DA:393,12
DA:394,12
DA:395,12
DA:396,12
DA:397,12
DA:398,12
DA:400,12
DA:403,12
DA:404,12
DA:405,12
DA:406,12
DA:407,12
DA:408,12
DA:409,12
DA:410,12
DA:411,12
DA:412,12
DA:413,12
DA:414,12
DA:415,12
DA:417,12
DA:420,12
DA:421,12
DA:422,12
DA:423,12
DA:424,12
DA:425,12
DA:426,12
DA:427,12
DA:428,12
DA:429,12
DA:430,12
DA:431,12
DA:432,12
DA:433,12
DA:434,12
DA:436,12
DA:437,0
DA:438,12
DA:439,12
DA:440,12
DA:441,12
DA:442,12
DA:443,12
DA:444,12
DA:445,12
DA:446,12
DA:447,12
DA:448,0
DA:449,0
DA:450,0
DA:451,0
DA:452,12
DA:453,12
DA:454,12
DA:455,12
DA:456,12
DA:457,12
DA:458,12
DA:459,12
DA:461,12
DA:462,12
DA:464,12
DA:466,12
DA:467,12
DA:470,12
DA:471,12
DA:472,12
DA:473,12
DA:474,12
DA:476,12
DA:477,12
DA:478,12
DA:479,12
DA:480,12
DA:481,12
DA:482,12
DA:483,12
DA:485,12
DA:486,12
DA:487,12
DA:488,12
DA:490,12
LF:392
LH:381
BRDA:73,0,0,12
BRDA:89,1,0,2
BRDA:89,2,0,10
BRDA:90,3,0,2
BRDA:90,4,0,10
BRDA:91,5,0,2
BRDA:91,6,0,10
BRDA:92,7,0,2
BRDA:92,8,0,10
BRDA:93,9,0,2
BRDA:94,10,0,2
BRDA:95,11,0,2
BRDA:96,12,0,2
BRDA:97,13,0,2
BRDA:98,14,0,2
BRDA:99,15,0,2
BRDA:100,16,0,2
BRDA:101,17,0,2
BRDA:101,18,0,10
BRDA:102,19,0,2
BRDA:102,20,0,10
BRDA:103,21,0,2
BRDA:476,22,0,2
BRDA:476,23,0,10
BRDA:126,24,0,14
BRDA:146,25,0,14
BRDA:165,26,0,12
BRDA:182,27,0,12
BRDA:220,28,0,12
BRDA:233,29,0,0
BRDA:263,30,0,12
BRDA:279,31,0,12
BRDA:310,32,0,12
BRDA:323,33,0,12
BRDA:336,34,0,12
BRDA:352,35,0,12
BRDA:377,36,0,12
BRDA:406,37,0,12
BRDA:423,38,0,12
BRDA:436,39,0,0
BRF:40
BRH:38
end_of_record
TN:
SF:src/components/security/change-password-form.tsx
FN:1,(empty-report)
FNF:1
FNH:1
FNDA:1,(empty-report)
DA:3,0
DA:4,0
DA:5,0
DA:6,0
DA:7,0
DA:9,0
DA:10,0
DA:18,0
DA:23,0
DA:24,0
DA:25,0
DA:26,0
DA:27,0
DA:28,0
DA:29,0
DA:30,0
DA:31,0
DA:32,0
DA:33,0
DA:34,0
DA:35,0
DA:36,0
DA:37,0
DA:38,0
DA:39,0
DA:40,0
DA:41,0
DA:59,0
DA:60,0
DA:61,0
DA:62,0
DA:64,0
DA:65,0
DA:66,0
DA:67,0
DA:68,0
DA:69,0
DA:70,0
DA:71,0
DA:73,0
DA:74,0
DA:75,0
DA:78,0
DA:79,0
DA:80,0
DA:83,0
DA:86,0
DA:87,0
DA:88,0
DA:89,0
DA:90,0
DA:91,0
DA:92,0
DA:93,0
DA:94,0
DA:95,0
DA:96,0
DA:97,0
DA:98,0
DA:99,0
DA:101,0
DA:102,0
DA:103,0
DA:105,0
DA:106,0
DA:107,0
DA:108,0
DA:109,0
DA:110,0
DA:111,0
DA:112,0
DA:113,0
DA:114,0
DA:115,0
DA:116,0
DA:117,0
DA:118,0
DA:119,0
DA:120,0
DA:121,0
DA:122,0
DA:123,0
DA:125,0
DA:126,0
DA:128,0
DA:130,0
DA:131,0
DA:132,0
DA:133,0
DA:134,0
DA:136,0
DA:139,0
DA:140,0
DA:141,0
DA:142,0
DA:143,0
DA:144,0
DA:145,0
DA:146,0
DA:147,0
DA:148,0
DA:149,0
DA:150,0
DA:151,0
DA:152,0
DA:153,0
DA:154,0
DA:155,0
DA:156,0
DA:157,0
DA:159,0
DA:160,0
DA:162,0
DA:164,0
DA:165,0
DA:166,0
DA:167,0
DA:170,0
DA:171,0
DA:172,0
DA:173,0
DA:174,0
DA:175,0
DA:176,0
DA:177,0
DA:179,0
DA:180,0
DA:182,0
DA:184,0
DA:185,0
DA:186,0
DA:189,0
DA:190,0
DA:191,0
DA:192,0
DA:193,0
DA:194,0
DA:196,0
DA:198,0
DA:201,0
DA:202,0
DA:203,0
DA:204,0
DA:205,0
DA:206,0
DA:207,0
DA:208,0
DA:209,0
DA:210,0
DA:211,0
DA:212,0
DA:213,0
DA:214,0
DA:215,0
DA:216,0
DA:217,0
DA:218,0
DA:219,0
DA:221,0
DA:222,0
DA:224,0
DA:226,0
DA:227,0
DA:228,0
DA:229,0
DA:230,0
DA:232,0
DA:235,0
DA:236,0
DA:237,0
DA:238,0
DA:239,0
DA:241,0
LF:173
LH:0
BRDA:1,0,0,1
BRF:1
BRH:1
end_of_record
TN:
SF:src/components/security/turnstile-widget.tsx
FN:11,TurnstileWidget
FN:32,handleSuccess
FN:37,handleError
FN:42,handleExpire
FNF:4
FNH:4
FNDA:14,TurnstileWidget
FNDA:1,handleSuccess
FNDA:1,handleError
FNDA:1,handleExpire
DA:3,1
DA:4,1
DA:5,1
DA:9,1
DA:11,1
DA:12,14
DA:13,14
DA:14,14
DA:15,14
DA:16,14
DA:17,14
DA:18,14
DA:20,14
DA:21,14
DA:23,14
DA:24,6
DA:25,14
DA:28,14
DA:29,7
DA:30,14
DA:32,14
DA:33,1
DA:34,1
DA:35,1
DA:37,14
DA:38,1
DA:39,1
DA:40,1
DA:42,14
DA:43,1
DA:44,1
DA:45,1
DA:47,14
DA:48,14
DA:49,14
DA:50,14
DA:51,14
DA:52,14
DA:53,14
DA:54,14
DA:55,14
DA:56,14
DA:57,14
DA:58,14
DA:59,14
DA:61,14
LF:46
LH:46
BRDA:11,0,0,14
BRDA:21,1,0,12
BRDA:53,2,0,2
BRDA:53,3,0,12
BRDA:23,4,0,6
BRDA:28,5,0,7
BRDA:29,6,0,7
BRDA:32,7,0,1
BRDA:37,8,0,1
BRDA:42,9,0,1
BRF:10
BRH:10
end_of_record
TN:
SF:src/components/security/update-email-form.tsx
FN:1,(empty-report)
FNF:1
FNH:1
FNDA:1,(empty-report)
DA:3,0
DA:4,0
DA:5,0
DA:6,0
DA:8,0
DA:9,0
DA:10,0
DA:18,0
DA:24,0
DA:25,0
DA:26,0
DA:27,0
DA:28,0
DA:29,0
DA:30,0
DA:31,0
DA:43,0
DA:44,0
DA:45,0
DA:46,0
DA:47,0
DA:48,0
DA:49,0
DA:50,0
DA:51,0
DA:52,0
DA:53,0
DA:54,0
DA:55,0
DA:56,0
DA:58,0
DA:59,0
DA:62,0
DA:64,0
DA:65,0
DA:66,0
DA:68,0
DA:70,0
DA:71,0
DA:72,0
DA:73,0
DA:74,0
DA:75,0
DA:77,0
DA:78,0
DA:79,0
DA:80,0
DA:82,0
DA:83,0
DA:84,0
DA:86,0
DA:87,0
DA:88,0
DA:89,0
DA:90,0
DA:92,0
DA:94,0
DA:95,0
DA:96,0
DA:97,0
DA:98,0
DA:99,0
DA:101,0
DA:102,0
DA:103,0
DA:104,0
DA:105,0
DA:106,0
DA:107,0
DA:108,0
DA:109,0
DA:110,0
DA:111,0
DA:112,0
DA:114,0
DA:117,0
DA:118,0
DA:120,0
DA:121,0
DA:122,0
DA:123,0
DA:124,0
DA:125,0
DA:126,0
DA:127,0
DA:128,0
DA:129,0
DA:130,0
DA:131,0
DA:132,0
DA:133,0
DA:134,0
DA:135,0
DA:136,0
DA:137,0
DA:139,0
DA:142,0
DA:143,0
DA:144,0
DA:145,0
DA:146,0
DA:147,0
DA:148,0
DA:151,0
DA:152,0
DA:153,0
DA:154,0
DA:155,0
DA:156,0
DA:157,0
DA:158,0
DA:159,0
DA:160,0
DA:161,0
DA:162,0
DA:163,0
DA:164,0
DA:165,0
DA:166,0
DA:167,0
DA:168,0
DA:169,0
DA:170,0
DA:172,0
DA:173,0
DA:174,0
DA:177,0
DA:178,0
DA:179,0
DA:180,0
DA:182,0
DA:183,0
DA:184,0
DA:185,0
DA:187,0
LF:135
LH:0
BRDA:1,0,0,1
BRF:1
BRH:1
end_of_record
TN:
SF:src/components/security/update-phone-form.tsx
FN:1,(empty-report)
FNF:1
FNH:1
FNDA:1,(empty-report)
DA:3,0
DA:4,0
DA:5,0
DA:6,0
DA:8,0
DA:9,0
DA:10,0
DA:18,0
DA:24,0
DA:25,0
DA:26,0
DA:27,0
DA:28,0
DA:29,0
DA:30,0
DA:31,0
DA:32,0
DA:33,0
DA:34,0
DA:35,0
DA:36,0
DA:48,0
DA:49,0
DA:50,0
DA:51,0
DA:52,0
DA:53,0
DA:54,0
DA:55,0
DA:56,0
DA:57,0
DA:58,0
DA:59,0
DA:60,0
DA:61,0
DA:63,0
DA:64,0
DA:67,0
DA:69,0
DA:70,0
DA:71,0
DA:73,0
DA:75,0
DA:76,0
DA:77,0
DA:78,0
DA:79,0
DA:80,0
DA:82,0
DA:83,0
DA:84,0
DA:85,0
DA:87,0
DA:88,0
DA:89,0
DA:91,0
DA:92,0
DA:93,0
DA:95,0
DA:96,0
DA:97,0
DA:100,0
DA:102,0
DA:103,0
DA:104,0
DA:105,0
DA:106,0
DA:107,0
DA:109,0
DA:110,0
DA:111,0
DA:112,0
DA:113,0
DA:114,0
DA:115,0
DA:116,0
DA:117,0
DA:118,0
DA:119,0
DA:120,0
DA:121,0
DA:123,0
DA:126,0
DA:127,0
DA:129,0
DA:130,0
DA:131,0
DA:132,0
DA:133,0
DA:134,0
DA:135,0
DA:136,0
DA:137,0
DA:138,0
DA:139,0
DA:140,0
DA:141,0
DA:142,0
DA:143,0
DA:144,0
DA:145,0
DA:146,0
DA:148,0
DA:151,0
DA:152,0
DA:153,0
DA:154,0
DA:155,0
DA:156,0
DA:157,0
DA:160,0
DA:161,0
DA:162,0
DA:163,0
DA:164,0
DA:165,0
DA:166,0
DA:167,0
DA:168,0
DA:169,0
DA:170,0
DA:171,0
DA:172,0
DA:173,0
DA:174,0
DA:175,0
DA:176,0
DA:177,0
DA:178,0
DA:179,0
DA:181,0
DA:182,0
DA:183,0
DA:186,0
DA:187,0
DA:188,0
DA:189,0
DA:191,0
DA:192,0
DA:193,0
DA:194,0
DA:196,0
LF:142
LH:0
BRDA:1,0,0,1
BRF:1
BRH:1
end_of_record
TN:
SF:src/components/user/index.ts
FN:1,(empty-report)
FNF:1
FNH:0
FNDA:0,(empty-report)
DA:1,0
LF:1
LH:0
BRDA:1,0,0,0
BRF:1
BRH:0
end_of_record
TN:
SF:src/components/user/user-info-form.tsx
FN:1,(empty-report)
FNF:1
FNH:1
FNDA:1,(empty-report)
DA:3,0
DA:4,0
DA:5,0
DA:6,0
DA:8,0
DA:9,0
DA:17,0
DA:25,0
DA:26,0
DA:27,0
DA:28,0
DA:33,0
DA:39,0
DA:40,0
DA:41,0
DA:42,0
DA:43,0
DA:45,0
DA:46,0
DA:47,0
DA:48,0
DA:51,0
DA:54,0
DA:56,0
DA:57,0
DA:58,0
DA:59,0
DA:60,0
DA:61,0
DA:62,0
DA:63,0
DA:64,0
DA:67,0
DA:68,0
DA:69,0
DA:70,0
DA:72,0
DA:73,0
DA:74,0
DA:76,0
DA:78,0
DA:79,0
DA:80,0
DA:81,0
DA:82,0
DA:85,0
DA:86,0
DA:88,0
DA:89,0
DA:91,0
DA:92,0
DA:93,0
DA:94,0
DA:95,0
DA:96,0
DA:97,0
DA:99,0
DA:100,0
DA:101,0
DA:102,0
DA:103,0
DA:104,0
DA:106,0
DA:108,0
DA:109,0
DA:110,0
DA:111,0
DA:114,0
DA:115,0
DA:116,0
DA:117,0
DA:118,0
DA:119,0
DA:120,0
DA:121,0
DA:122,0
DA:123,0
DA:124,0
DA:126,0
DA:129,0
DA:130,0
DA:131,0
DA:132,0
DA:133,0
DA:134,0
DA:135,0
DA:136,0
DA:137,0
DA:138,0
DA:139,0
DA:141,0
DA:144,0
DA:145,0
DA:146,0
DA:147,0
DA:148,0
DA:149,0
DA:150,0
DA:151,0
DA:152,0
DA:153,0
DA:154,0
DA:156,0
DA:157,0
DA:158,0
DA:159,0
DA:161,0
DA:162,0
DA:163,0
DA:164,0
DA:165,0
DA:166,0
DA:167,0
DA:168,0
DA:169,0
DA:170,0
DA:172,0
DA:175,0
DA:176,0
DA:177,0
DA:178,0
DA:179,0
DA:180,0
DA:181,0
DA:182,0
DA:183,0
DA:184,0
DA:185,0
DA:187,0
DA:190,0
DA:191,0
DA:192,0
DA:193,0
DA:197,0
DA:198,0
DA:199,0
DA:200,0
DA:201,0
DA:202,0
DA:203,0
DA:204,0
DA:205,0
DA:206,0
DA:208,0
DA:209,0
DA:210,0
DA:211,0
DA:212,0
DA:214,0
DA:217,0
DA:218,0
DA:219,0
DA:220,0
DA:221,0
DA:222,0
DA:223,0
DA:225,0
DA:227,0
DA:229,0
DA:230,0
DA:232,0
DA:233,0
DA:234,0
DA:235,0
DA:236,0
DA:239,0
DA:240,0
DA:242,0
DA:243,0
DA:244,0
DA:247,0
DA:248,0
DA:250,0
DA:251,0
DA:252,0
DA:253,0
DA:254,0
DA:257,0
DA:258,0
DA:260,0
DA:261,0
DA:262,0
DA:263,0
DA:264,0
DA:265,0
DA:266,0
DA:269,0
DA:270,0
DA:271,0
DA:272,0
DA:273,0
DA:274,0
DA:275,0
DA:276,0
DA:277,0
DA:278,0
DA:279,0
DA:280,0
DA:282,0
LF:199
LH:0
BRDA:1,0,0,1
BRF:1
BRH:1
end_of_record
TN:
SF:src/lib/email.tsx
FN:13,ResendEmailClient
FN:31,getInstance
FN:44,sendVerificationEmail
FN:99,sendEmailOtp
FNF:4
FNH:4
FNDA:1,ResendEmailClient
FNDA:14,getInstance
FNDA:14,sendVerificationEmail
FNDA:14,sendEmailOtp
DA:1,1
DA:3,1
DA:9,1
DA:13,1
DA:14,1
DA:16,1
DA:17,0
DA:18,0
DA:19,0
DA:21,0
DA:22,1
DA:23,1
DA:24,1
DA:25,1
DA:31,1
DA:32,14
DA:33,1
DA:34,1
DA:35,14
DA:36,14
DA:44,1
DA:45,14
DA:46,14
DA:47,14
DA:48,14
DA:49,14
DA:50,14
DA:52,14
DA:53,14
DA:54,14
DA:56,14
DA:57,14
DA:58,14
DA:60,14
DA:61,1
DA:62,1
DA:65,13
DA:66,13
DA:67,13
DA:68,13
DA:69,13
DA:70,13
DA:72,14
DA:73,1
DA:74,1
DA:75,1
DA:77,11
DA:78,14
DA:79,14
DA:80,14
DA:81,14
DA:82,2
DA:84,2
DA:85,2
DA:86,2
DA:88,2
DA:89,2
DA:90,14
DA:91,1
DA:99,14
DA:100,14
DA:101,14
DA:102,14
DA:103,14
DA:104,14
DA:105,14
LF:66
LH:62
BRDA:13,0,0,1
BRDA:16,1,0,0
BRDA:31,2,0,14
BRDA:32,3,0,1
BRDA:44,4,0,14
BRDA:50,5,0,1
BRDA:60,6,0,1
BRDA:62,7,0,13
BRDA:70,8,0,12
BRDA:72,9,0,1
BRDA:75,10,0,11
BRDA:81,11,0,2
BRDA:99,12,0,14
BRF:13
BRH:12
end_of_record
TN:
SF:src/lib/sms.ts
FN:14,AliyunSmsClient
FN:32,getInstance
FN:44,formatPhoneNumber
FN:55,sendSms
FN:132,sendSmsOtp
FNF:5
FNH:5
FNDA:1,AliyunSmsClient
FNDA:7,getInstance
FNDA:7,formatPhoneNumber
FNDA:7,sendSms
FNDA:7,sendSmsOtp
DA:1,1
DA:2,1
DA:3,1
DA:4,1
DA:10,1
DA:14,1
DA:17,1
DA:19,1
DA:20,1
DA:21,1
DA:24,1
DA:26,1
DA:27,1
DA:32,1
DA:33,7
DA:34,1
DA:35,1
DA:36,7
DA:37,7
DA:44,1
DA:46,7
DA:47,7
DA:55,1
DA:56,7
DA:57,7
DA:58,7
DA:60,7
DA:61,7
DA:62,7
DA:65,7
DA:66,7
DA:67,7
DA:68,7
DA:70,7
DA:71,1
DA:72,1
DA:73,1
DA:74,1
DA:77,6
DA:78,6
DA:79,6
DA:80,6
DA:81,6
DA:82,6
DA:83,6
DA:84,6
DA:86,6
DA:89,6
DA:90,6
DA:91,6
DA:92,6
DA:95,7
DA:96,3
DA:97,3
DA:98,3
DA:99,3
DA:100,7
DA:101,1
DA:102,1
DA:103,1
DA:104,1
DA:105,1
DA:106,7
DA:107,3
DA:110,3
DA:111,2
DA:112,2
DA:113,3
DA:115,1
DA:116,1
DA:117,1
DA:118,1
DA:119,1
DA:121,3
DA:122,3
DA:123,7
DA:124,1
DA:132,7
DA:133,7
DA:134,7
DA:135,7
DA:136,7
DA:137,7
DA:138,7
LF:84
LH:84
BRDA:14,0,0,1
BRDA:32,1,0,7
BRDA:33,2,0,1
BRDA:44,3,0,7
BRDA:55,4,0,7
BRDA:70,5,0,6
BRDA:70,6,0,1
BRDA:74,7,0,6
BRDA:92,8,0,4
BRDA:95,9,0,3
BRDA:100,10,0,1
BRDA:106,11,0,3
BRDA:110,12,0,2
BRDA:110,13,0,2
BRDA:113,14,0,1
BRDA:132,15,0,7
BRF:16
BRH:16
end_of_record
TN:
SF:src/lib/turnstile.ts
FN:10,mapTurnstileError
FN:33,verifyTurnstileToken
FNF:2
FNH:2
FNDA:1,mapTurnstileError
FNDA:6,verifyTurnstileToken
DA:2,1
DA:4,1
DA:5,1
DA:10,1
DA:11,1
DA:12,0
DA:13,0
DA:14,1
DA:15,1
DA:16,1
DA:17,1
DA:18,0
DA:19,0
DA:20,1
DA:21,1
DA:22,1
DA:23,1
DA:24,1
DA:25,1
DA:27,0
DA:28,0
DA:33,6
DA:34,6
DA:35,6
DA:36,6
DA:37,6
DA:39,6
DA:40,2
DA:41,1
DA:42,1
DA:43,1
DA:44,1
DA:45,1
DA:46,1
DA:47,1
DA:48,1
DA:49,1
DA:51,1
DA:52,1
DA:53,1
DA:54,1
DA:55,1
DA:56,1
DA:58,6
DA:59,1
DA:60,1
DA:61,1
DA:62,1
DA:63,1
DA:64,1
DA:65,1
DA:67,3
DA:68,3
DA:69,3
DA:70,3
DA:72,3
DA:73,3
DA:74,3
DA:75,3
DA:76,3
DA:78,6
DA:79,1
DA:80,1
DA:82,3
DA:83,3
DA:84,3
DA:85,3
DA:87,3
DA:88,3
DA:89,3
DA:90,3
DA:91,3
DA:92,3
DA:93,3
DA:95,2
DA:102,2
DA:103,2
DA:104,2
DA:105,2
DA:106,2
DA:107,2
DA:108,2
DA:109,2
DA:111,6
DA:112,1
DA:113,1
DA:114,1
DA:115,1
DA:116,1
DA:117,1
DA:118,1
DA:119,1
DA:120,1
DA:122,1
DA:123,1
DA:124,1
DA:125,1
DA:126,1
DA:127,1
DA:128,1
DA:129,1
DA:130,1
DA:131,6
LF:103
LH:97
BRDA:10,0,0,1
BRDA:11,1,0,0
BRDA:17,2,0,0
BRDA:25,3,0,0
BRDA:33,4,0,6
BRDA:39,5,0,2
BRDA:40,6,0,1
BRDA:56,7,0,4
BRDA:58,8,0,1
BRDA:65,9,0,3
BRDA:78,10,0,1
BRDA:80,11,0,3
BRDA:93,12,0,2
BRDA:111,13,0,1
BRDA:112,14,0,0
BRF:15
BRH:11
end_of_record
TN:
SF:src/lib/utils.ts
FN:4,cn
FNF:1
FNH:1
FNDA:9240,cn
DA:1,2
DA:2,2
DA:4,2
DA:5,9240
DA:6,9240
LF:5
LH:5
BRDA:4,0,0,9240
BRF:1
BRH:1
end_of_record
TN:
SF:src/lib/actions/auth.ts
FN:1,(empty-report)
FNF:1
FNH:1
FNDA:1,(empty-report)
DA:3,0
DA:4,0
DA:5,0
DA:7,0
DA:8,0
DA:9,0
DA:10,0
DA:17,0
DA:31,0
DA:32,0
DA:34,0
DA:35,0
DA:36,0
DA:37,0
DA:39,0
DA:40,0
DA:41,0
DA:42,0
DA:43,0
DA:44,0
DA:47,0
DA:50,0
DA:51,0
DA:52,0
DA:55,0
DA:56,0
DA:57,0
DA:58,0
DA:59,0
DA:60,0
DA:61,0
DA:62,0
DA:63,0
DA:64,0
DA:76,0
DA:79,0
DA:80,0
DA:82,0
DA:84,0
DA:85,0
DA:86,0
DA:87,0
DA:88,0
DA:89,0
DA:90,0
DA:93,0
DA:94,0
DA:95,0
DA:96,0
DA:99,0
DA:100,0
DA:101,0
DA:102,0
DA:103,0
DA:104,0
DA:108,0
DA:109,0
DA:110,0
DA:111,0
DA:112,0
DA:113,0
DA:114,0
DA:115,0
DA:116,0
DA:119,0
DA:120,0
DA:121,0
DA:122,0
DA:123,0
DA:124,0
DA:128,0
DA:129,0
DA:130,0
DA:131,0
DA:132,0
DA:133,0
DA:135,0
DA:136,0
DA:137,0
DA:138,0
DA:139,0
DA:140,0
DA:141,0
DA:142,0
DA:143,0
DA:144,0
DA:145,0
DA:146,0
DA:162,0
DA:163,0
DA:164,0
DA:165,0
DA:166,0
DA:168,0
DA:169,0
DA:170,0
DA:171,0
DA:173,0
DA:174,0
DA:175,0
DA:176,0
DA:177,0
DA:178,0
DA:181,0
DA:182,0
DA:183,0
DA:184,0
DA:185,0
DA:187,0
DA:188,0
DA:189,0
DA:192,0
DA:193,0
DA:194,0
DA:195,0
DA:196,0
DA:197,0
DA:198,0
DA:199,0
DA:202,0
DA:203,0
DA:204,0
DA:205,0
DA:206,0
DA:207,0
DA:210,0
DA:213,0
DA:214,0
DA:215,0
DA:216,0
DA:217,0
DA:218,0
DA:219,0
DA:220,0
DA:221,0
DA:222,0
DA:223,0
DA:224,0
DA:239,0
DA:240,0
DA:242,0
DA:243,0
DA:244,0
DA:245,0
DA:247,0
DA:248,0
DA:249,0
DA:250,0
DA:251,0
DA:252,0
DA:255,0
DA:256,0
DA:257,0
DA:258,0
DA:260,0
DA:261,0
DA:262,0
DA:265,0
DA:266,0
DA:267,0
DA:268,0
DA:269,0
DA:270,0
DA:273,0
DA:276,0
DA:277,0
DA:278,0
DA:279,0
DA:280,0
DA:281,0
DA:282,0
DA:283,0
DA:284,0
DA:285,0
DA:286,0
DA:287,0
DA:301,0
DA:302,0
DA:304,0
DA:305,0
DA:306,0
DA:307,0
DA:309,0
DA:310,0
DA:311,0
DA:312,0
DA:313,0
DA:314,0
DA:317,0
DA:319,0
DA:320,0
DA:321,0
DA:324,0
DA:327,0
DA:328,0
DA:329,0
DA:330,0
DA:331,0
DA:332,0
DA:333,0
DA:334,0
DA:335,0
DA:336,0
DA:337,0
DA:338,0
DA:352,0
DA:353,0
DA:355,0
DA:356,0
DA:357,0
DA:358,0
DA:360,0
DA:361,0
DA:362,0
DA:363,0
DA:364,0
DA:365,0
DA:368,0
DA:370,0
DA:371,0
DA:372,0
DA:375,0
DA:378,0
DA:379,0
DA:380,0
DA:381,0
DA:382,0
DA:383,0
DA:384,0
DA:385,0
DA:386,0
DA:387,0
DA:388,0
DA:389,0
LF:234
LH:0
BRDA:1,0,0,1
BRF:1
BRH:1
end_of_record
TN:
SF:src/lib/actions/flight-search-history.ts
FN:1,(empty-report)
FNF:1
FNH:1
FNDA:1,(empty-report)
DA:3,0
DA:4,0
DA:6,0
DA:7,0
DA:8,0
DA:9,0
DA:32,0
DA:33,0
DA:34,0
DA:35,0
DA:36,0
DA:38,0
DA:39,0
DA:41,0
DA:43,0
DA:44,0
DA:45,0
DA:47,0
DA:50,0
DA:51,0
DA:52,0
DA:53,0
DA:54,0
DA:55,0
DA:56,0
DA:57,0
DA:58,0
DA:59,0
DA:60,0
DA:61,0
DA:62,0
DA:63,0
DA:65,0
DA:66,0
DA:67,0
DA:68,0
DA:71,0
DA:79,0
DA:80,0
DA:81,0
DA:82,0
DA:83,0
DA:84,0
DA:85,0
DA:86,0
DA:87,0
DA:88,0
DA:89,0
DA:90,0
DA:92,0
DA:94,0
DA:95,0
DA:96,0
DA:97,0
DA:98,0
DA:99,0
DA:100,0
DA:101,0
DA:102,0
DA:103,0
DA:104,0
DA:105,0
DA:107,0
DA:108,0
DA:109,0
DA:110,0
DA:111,0
DA:112,0
DA:113,0
DA:114,0
DA:115,0
DA:116,0
DA:117,0
DA:118,0
DA:119,0
DA:120,0
DA:121,0
DA:122,0
DA:123,0
DA:124,0
DA:125,0
DA:127,0
DA:128,0
DA:129,0
LF:84
LH:0
BRDA:1,0,0,1
BRF:1
BRH:1
end_of_record
TN:
SF:src/lib/actions/index.ts
FN:1,(empty-report)
FNF:1
FNH:0
FNDA:0,(empty-report)
DA:1,0
DA:2,0
DA:3,0
DA:4,0
DA:5,0
LF:5
LH:0
BRDA:1,0,0,0
BRF:1
BRH:0
end_of_record
TN:
SF:src/lib/actions/orders.ts
FN:1,(empty-report)
FNF:1
FNH:1
FNDA:1,(empty-report)
DA:3,0
DA:4,0
DA:5,0
DA:6,0
DA:8,0
DA:9,0
DA:10,0
DA:11,0
DA:12,0
DA:13,0
DA:28,0
DA:29,0
DA:30,0
DA:31,0
DA:32,0
DA:33,0
DA:38,0
DA:39,0
DA:40,0
DA:41,0
DA:42,0
DA:47,0
DA:48,0
DA:49,0
DA:50,0
DA:51,0
DA:52,0
DA:53,0
DA:54,0
DA:60,0
DA:61,0
DA:62,0
DA:63,0
DA:64,0
DA:65,0
DA:66,0
DA:68,0
DA:69,0
DA:74,0
DA:75,0
DA:76,0
DA:77,0
DA:78,0
DA:89,0
DA:90,0
DA:91,0
DA:92,0
DA:94,0
DA:95,0
DA:96,0
DA:97,0
DA:99,0
DA:100,0
DA:101,0
DA:102,0
DA:103,0
DA:104,0
DA:107,0
DA:109,0
DA:110,0
DA:111,0
DA:112,0
DA:113,0
DA:114,0
DA:115,0
DA:117,0
DA:118,0
DA:121,0
DA:122,0
DA:123,0
DA:124,0
DA:125,0
DA:126,0
DA:127,0
DA:128,0
DA:129,0
DA:130,0
DA:131,0
DA:132,0
DA:133,0
DA:134,0
DA:135,0
DA:138,0
DA:139,0
DA:140,0
DA:141,0
DA:143,0
DA:144,0
DA:145,0
DA:146,0
DA:147,0
DA:148,0
DA:149,0
DA:150,0
DA:151,0
DA:153,0
DA:154,0
DA:155,0
DA:156,0
DA:157,0
DA:158,0
DA:161,0
DA:162,0
DA:163,0
DA:164,0
DA:165,0
DA:166,0
DA:167,0
DA:168,0
DA:171,0
DA:172,0
DA:173,0
DA:174,0
DA:175,0
DA:176,0
DA:178,0
DA:179,0
DA:180,0
DA:181,0
DA:182,0
DA:183,0
DA:184,0
DA:185,0
DA:186,0
DA:187,0
DA:188,0
DA:189,0
DA:192,0
DA:193,0
DA:195,0
DA:197,0
DA:198,0
DA:199,0
DA:200,0
DA:201,0
DA:202,0
DA:203,0
DA:204,0
DA:205,0
DA:206,0
DA:207,0
DA:208,0
DA:209,0
DA:210,0
DA:211,0
DA:212,0
DA:213,0
DA:214,0
DA:215,0
DA:218,0
DA:219,0
DA:220,0
DA:221,0
DA:225,0
DA:226,0
DA:227,0
DA:229,0
DA:232,0
DA:233,0
DA:234,0
DA:235,0
DA:236,0
DA:237,0
DA:238,0
DA:239,0
DA:240,0
DA:242,0
DA:243,0
DA:245,0
DA:246,0
DA:247,0
DA:248,0
DA:249,0
DA:250,0
DA:251,0
DA:252,0
DA:253,0
DA:254,0
DA:255,0
DA:256,0
DA:257,0
DA:258,0
DA:259,0
DA:260,0
DA:265,0
DA:266,0
DA:267,0
DA:268,0
DA:278,0
DA:279,0
DA:280,0
DA:281,0
DA:283,0
DA:284,0
DA:285,0
DA:286,0
DA:287,0
DA:288,0
DA:289,0
DA:290,0
DA:292,0
DA:295,0
DA:296,0
[...]
DA:51,2
DA:52,2
DA:55,2
DA:56,2
DA:57,2
DA:58,2
DA:59,2
DA:60,2
DA:63,2
DA:64,2
DA:67,2
DA:70,2
DA:73,2
DA:74,2
DA:75,2
DA:76,2
DA:77,2
DA:78,2
DA:79,2
DA:81,4
DA:82,4
DA:83,4
DA:84,4
DA:85,4
DA:86,4
DA:89,4
DA:90,4
DA:91,4
DA:92,4
DA:93,4
DA:94,4
DA:97,4
DA:98,4
DA:99,4
DA:100,4
DA:101,4
DA:102,4
DA:103,4
DA:104,4
DA:105,4
DA:106,2
LF:57
LH:57
BRDA:79,0,0,4
BRF:1
BRH:1
end_of_record
TN:
SF:src/lib/schema/index.ts
FNF:0
FNH:0
DA:1,2
DA:2,2
DA:3,2
DA:4,2
DA:5,2
DA:6,2
DA:7,2
DA:8,2
DA:9,2
DA:10,2
DA:11,2
LF:11
LH:11
BRF:0
BRH:0
end_of_record
TN:
SF:src/lib/schema/orders.ts
FN:84,orders.userId.notNull.references.onDelete
FN:89,orders.outboundFlightSeatClassId.notNull.references.onDelete
FN:91,orders.inboundFlightSeatClassId.references.onDelete
FN:190,orderPassengers.orderId.notNull.references.onDelete
FN:236,payments.orderId.notNull.unique.references.onDelete
FNF:5
FNH:0
FNDA:0,orders.userId.notNull.references.onDelete
FNDA:0,orders.outboundFlightSeatClassId.notNull.references.onDelete
FNDA:0,orders.inboundFlightSeatClassId.references.onDelete
FNDA:0,orderPassengers.orderId.notNull.references.onDelete
FNDA:0,payments.orderId.notNull.unique.references.onDelete
DA:1,2
DA:2,2
DA:16,2
DA:17,2
DA:18,2
DA:29,2
DA:30,2
DA:31,2
DA:32,2
DA:33,2
DA:34,2
DA:42,2
DA:43,2
DA:44,2
DA:45,2
DA:73,2
DA:74,2
DA:75,2
DA:76,2
DA:79,2
DA:82,2
DA:83,2
DA:84,2
DA:87,2
DA:88,2
DA:89,2
DA:90,2
DA:91,2
DA:92,2
DA:93,2
DA:96,2
DA:97,2
DA:98,2
DA:99,2
DA:102,2
DA:103,2
DA:104,2
DA:107,2
DA:108,2
DA:109,2
DA:110,2
DA:111,2
DA:112,2
DA:113,2
DA:114,2
DA:115,2
DA:116,2
DA:117,2
DA:118,2
DA:121,2
DA:124,2
DA:127,2
DA:128,2
DA:129,2
DA:130,2
DA:131,2
DA:132,2
DA:133,2
DA:135,4
DA:136,4
DA:137,4
DA:138,4
DA:139,4
DA:140,4
DA:141,4
DA:142,4
DA:143,4
DA:144,4
DA:145,4
DA:146,4
DA:149,4
DA:152,4
DA:153,4
DA:154,4
DA:155,4
DA:156,4
DA:157,4
DA:158,4
DA:159,4
DA:160,4
DA:161,4
DA:162,4
DA:163,4
DA:164,4
DA:165,2
DA:182,2
DA:183,2
DA:184,2
DA:185,2
DA:188,2
DA:189,2
DA:190,2
DA:193,2
DA:194,2
DA:195,2
DA:196,2
DA:199,2
DA:200,2
DA:201,2
DA:203,4
DA:204,4
DA:205,4
DA:206,4
DA:207,4
DA:208,4
DA:209,2
DA:227,2
DA:228,2
DA:229,2
DA:230,2
DA:233,2
DA:234,2
DA:235,2
DA:236,2
DA:239,2
DA:240,2
DA:241,2
DA:244,2
DA:247,2
DA:248,2
DA:249,2
DA:251,4
DA:252,4
DA:253,4
DA:254,4
DA:257,4
DA:258,4
DA:259,2
LF:128
LH:128
BRDA:133,0,0,4
BRDA:201,1,0,4
BRDA:249,2,0,4
BRF:3
BRH:3
end_of_record
TN:
SF:src/lib/schema/passengers.ts
FN:33,passengers.userId.notNull.references.onDelete
FNF:1
FNH:0
FNDA:0,passengers.userId.notNull.references.onDelete
DA:11,2
DA:22,2
DA:23,2
DA:26,2
DA:27,2
DA:28,2
DA:29,2
DA:31,2
DA:32,2
DA:33,2
DA:35,2
DA:37,2
DA:39,2
DA:41,2
DA:43,2
DA:45,2
DA:47,2
DA:49,2
DA:51,2
DA:52,2
DA:53,2
DA:55,2
DA:56,2
DA:57,2
DA:58,2
DA:59,2
DA:60,2
DA:61,2
DA:62,2
DA:64,4
DA:65,4
DA:66,4
DA:67,4
DA:68,4
DA:69,4
DA:70,4
DA:71,4
DA:72,4
DA:73,2
LF:39
LH:39
BRDA:62,0,0,4
BRF:1
BRH:1
end_of_record
TN:
SF:src/lib/services/auth.ts
FN:39,unlinkSocialAccount
FN:104,validatePasswordStrength
FN:154,changePassword
FN:220,setPasswordForOAuthUser
FN:275,updatePhoneNumber
FN:332,updateEmail
FNF:6
FNH:1
FNDA:9,unlinkSocialAccount
FNDA:0,validatePasswordStrength
FNDA:0,changePassword
FNDA:0,setPasswordForOAuthUser
FNDA:0,updatePhoneNumber
FNDA:0,updateEmail
DA:1,1
DA:3,1
DA:4,1
DA:39,9
DA:40,9
DA:41,9
DA:42,9
DA:43,9
DA:45,9
DA:47,9
DA:48,9
DA:49,9
DA:50,9
DA:53,9
DA:54,3
DA:55,3
DA:56,3
DA:57,3
DA:60,6
DA:61,6
DA:62,6
DA:64,9
DA:65,1
DA:66,1
DA:69,5
DA:70,5
DA:71,5
DA:72,5
DA:73,5
DA:75,5
DA:76,5
DA:77,5
DA:78,5
DA:79,9
DA:81,5
DA:82,9
DA:84,4
DA:85,4
DA:86,4
DA:87,4
DA:88,4
DA:89,4
DA:90,9
DA:104,1
DA:105,0
DA:106,0
DA:107,0
DA:108,0
DA:109,0
DA:110,0
DA:111,0
DA:112,0
DA:114,0
DA:115,0
DA:116,0
DA:117,0
DA:118,0
DA:119,0
DA:121,0
DA:122,0
DA:123,0
DA:124,0
DA:125,0
DA:126,0
DA:128,0
DA:129,0
DA:130,0
DA:131,0
DA:132,0
DA:133,0
DA:135,0
DA:136,0
DA:137,0
DA:138,0
DA:154,0
DA:155,0
DA:156,0
DA:157,0
DA:158,0
DA:159,0
DA:161,0
DA:162,0
DA:163,0
DA:164,0
DA:167,0
DA:168,0
DA:169,0
DA:170,0
DA:171,0
DA:172,0
DA:175,0
DA:176,0
DA:177,0
DA:178,0
DA:179,0
DA:180,0
DA:181,0
DA:183,0
DA:184,0
DA:185,0
DA:186,0
DA:187,0
DA:188,0
DA:194,0
DA:195,0
DA:196,0
DA:197,0
DA:198,0
DA:199,0
DA:200,0
DA:201,0
DA:202,0
DA:203,0
DA:204,0
DA:220,0
DA:221,0
DA:222,0
DA:223,0
DA:224,0
DA:226,0
DA:227,0
DA:228,0
DA:229,0
DA:232,0
DA:233,0
DA:234,0
DA:235,0
DA:236,0
DA:237,0
DA:238,0
DA:240,0
DA:241,0
DA:242,0
DA:243,0
DA:244,0
DA:245,0
DA:251,0
DA:252,0
DA:253,0
DA:254,0
DA:255,0
DA:256,0
DA:257,0
DA:258,0
DA:259,0
DA:260,0
DA:261,0
DA:275,0
DA:276,0
DA:277,0
DA:278,0
DA:279,0
DA:281,0
DA:282,0
DA:283,0
DA:284,0
DA:285,0
DA:286,0
DA:289,0
DA:292,0
DA:293,0
DA:294,0
DA:295,0
DA:296,0
DA:297,0
DA:300,0
DA:301,0
DA:302,0
DA:303,0
DA:304,0
DA:305,0
DA:306,0
DA:308,0
DA:309,0
DA:310,0
DA:311,0
DA:312,0
DA:313,0
DA:314,0
DA:315,0
DA:316,0
DA:317,0
DA:318,0
DA:332,0
DA:333,0
DA:334,0
DA:335,0
DA:336,0
DA:338,0
DA:339,0
DA:340,0
DA:341,0
DA:342,0
DA:343,0
DA:344,0
DA:347,0
DA:348,0
DA:349,0
DA:350,0
DA:351,0
DA:352,0
DA:353,0
DA:355,0
DA:356,0
DA:357,0
DA:358,0
DA:359,0
DA:360,0
DA:361,0
DA:362,0
DA:363,0
DA:364,0
DA:365,0
LF:213
LH:44
BRDA:39,0,0,9
BRDA:79,1,0,5
BRDA:82,2,0,4
BRDA:87,3,0,0
BRDA:45,4,0,9
BRDA:53,5,0,3
BRDA:57,6,0,6
BRDA:64,7,0,1
BRDA:66,8,0,5
BRDA:61,9,0,8
BRF:10
BRH:9
end_of_record
TN:
SF:src/lib/services/orders.ts
FN:51,cancelExpiredOrders
FNF:1
FNH:1
FNDA:5,cancelExpiredOrders
DA:12,1
DA:14,1
DA:15,1
DA:16,1
DA:51,5
DA:52,5
DA:53,5
DA:56,5
DA:57,5
DA:58,5
DA:59,5
DA:60,5
DA:61,5
DA:62,5
DA:63,5
DA:64,5
DA:65,5
DA:66,5
DA:67,5
DA:68,5
DA:71,5
DA:72,3
DA:73,3
DA:74,3
DA:75,3
DA:76,3
DA:77,3
DA:78,3
DA:79,3
DA:80,3
DA:83,2
DA:84,2
DA:87,2
DA:88,2
DA:89,2
DA:90,2
DA:91,2
DA:92,2
DA:93,2
DA:94,2
DA:95,2
DA:96,2
DA:97,2
DA:98,2
DA:101,2
DA:102,4
DA:105,4
DA:106,4
DA:107,4
DA:108,4
DA:109,4
DA:110,4
DA:111,4
DA:113,4
DA:116,4
DA:117,0
DA:118,0
DA:119,0
DA:120,0
DA:121,0
DA:122,0
DA:123,0
DA:125,0
DA:126,0
DA:127,4
DA:129,2
DA:130,2
DA:131,2
DA:132,2
DA:133,2
DA:135,2
DA:136,2
DA:137,2
DA:138,2
DA:139,2
DA:140,5
DA:141,0
DA:143,0
DA:144,0
DA:145,0
DA:146,0
DA:147,0
DA:148,0
DA:149,0
DA:150,0
DA:151,5
LF:86
LH:68
BRDA:51,0,0,5
BRDA:71,1,0,3
BRDA:80,2,0,2
BRDA:140,3,0,0
BRDA:83,4,0,2
BRDA:101,5,0,4
BRDA:116,6,0,0
BRF:7
BRH:5
end_of_record
TN:
SF:src/lib/services/user.ts
FN:1,(empty-report)
FNF:1
FNH:0
FNDA:0,(empty-report)
DA:1,0
DA:3,0
DA:4,0
DA:37,0
DA:38,0
DA:39,0
DA:40,0
DA:41,0
DA:42,0
DA:45,0
DA:51,0
DA:52,0
DA:53,0
DA:56,0
DA:57,0
DA:58,0
DA:60,0
DA:61,0
DA:62,0
DA:63,0
DA:64,0
DA:65,0
DA:66,0
DA:67,0
DA:68,0
DA:71,0
DA:73,0
DA:74,0
DA:75,0
DA:76,0
DA:77,0
DA:78,0
DA:79,0
DA:80,0
DA:81,0
DA:82,0
DA:83,0
DA:84,0
DA:85,0
DA:86,0
LF:40
LH:0
BRDA:1,0,0,0
BRF:1
BRH:0
end_of_record
TN:
SF:src/lib/utils/api-response.ts
FN:1,(empty-report)
FNF:1
FNH:0
FNDA:0,(empty-report)
DA:1,0
DA:2,0
DA:23,0
DA:27,0
DA:28,0
DA:29,0
DA:30,0
DA:31,0
DA:32,0
DA:37,0
DA:38,0
DA:39,0
DA:40,0
DA:41,0
DA:42,0
DA:43,0
DA:44,0
DA:45,0
DA:46,0
DA:48,0
DA:49,0
DA:54,0
DA:55,0
DA:56,0
DA:57,0
DA:58,0
DA:59,0
DA:60,0
DA:61,0
DA:62,0
DA:63,0
DA:64,0
DA:65,0
DA:66,0
DA:67,0
DA:68,0
DA:70,0
DA:71,0
DA:76,0
DA:77,0
DA:78,0
DA:79,0
DA:80,0
DA:81,0
DA:82,0
DA:83,0
DA:84,0
DA:85,0
DA:86,0
DA:87,0
DA:88,0
DA:89,0
DA:91,0
DA:92,0
DA:97,0
DA:98,0
DA:99,0
DA:100,0
DA:101,0
DA:102,0
DA:103,0
DA:104,0
DA:105,0
DA:110,0
DA:111,0
DA:112,0
DA:113,0
DA:114,0
DA:115,0
DA:116,0
DA:121,0
DA:122,0
DA:123,0
DA:124,0
DA:125,0
DA:126,0
DA:127,0
DA:132,0
DA:133,0
DA:134,0
DA:135,0
DA:136,0
DA:137,0
DA:138,0
DA:143,0
DA:144,0
DA:145,0
DA:146,0
DA:147,0
DA:148,0
DA:149,0
DA:154,0
DA:155,0
DA:156,0
DA:157,0
DA:158,0
DA:159,0
DA:160,0
DA:165,0
DA:166,0
DA:167,0
DA:168,0
DA:169,0
DA:170,0
DA:175,0
DA:176,0
DA:177,0
DA:178,0
DA:179,0
DA:180,0
DA:185,0
DA:186,0
DA:187,0
DA:188,0
DA:189,0
DA:190,0
DA:196,0
DA:197,0
DA:198,0
DA:199,0
LF:120
LH:0
BRDA:1,0,0,0
BRF:1
BRH:0
end_of_record
TN:
SF:src/lib/utils/cron-auth.ts
FN:29,verifyCronSecret
FN:66,createUnauthorizedResponse
FN:89,timingSafeEqual
FNF:3
FNH:3
FNDA:8,verifyCronSecret
FNDA:3,createUnauthorizedResponse
FNDA:4,timingSafeEqual
DA:29,1
DA:31,8
DA:33,8
DA:34,1
DA:35,1
DA:36,1
DA:39,8
DA:40,2
DA:41,2
DA:42,2
DA:45,5
DA:48,5
DA:50,8
DA:51,1
DA:52,1
DA:53,1
DA:54,1
DA:55,1
DA:58,4
DA:59,4
DA:66,1
DA:67,3
DA:68,3
DA:69,3
DA:70,3
DA:71,3
DA:72,3
DA:73,3
DA:74,3
DA:75,3
DA:76,3
DA:77,3
DA:78,3
DA:79,3
DA:80,3
DA:89,4
DA:91,4
DA:92,2
DA:93,2
DA:97,2
DA:98,4
DA:99,30
DA:100,30
DA:102,2
DA:103,2
LF:45
LH:45
BRDA:29,0,0,8
BRDA:33,1,0,1
BRDA:36,2,0,7
BRDA:39,3,0,2
BRDA:42,4,0,5
BRDA:50,5,0,1
BRDA:55,6,0,4
BRDA:66,7,0,3
BRDA:89,8,0,4
BRDA:91,9,0,2
BRDA:98,10,0,30
BRDA:100,11,0,2
BRF:12
BRH:12
end_of_record
TN:
SF:src/lib/utils/currency.ts
FN:55,CNY
FN:69,parseCurrency
FN:83,formatCurrency
FN:96,formatCurrencyWithoutSymbol
FN:110,addCurrency
FN:129,subtractCurrency
FN:147,multiplyCurrency
FN:165,divideCurrency
FN:183,toDatabaseValue
FN:197,fromDatabaseValue
FN:213,compareCurrency
FN:237,isEqualCurrency
FN:257,isValidCurrency
FN:295,getCurrencyValue
FNF:14
FNH:14
FNDA:291,CNY
FNDA:48,parseCurrency
FNDA:88,formatCurrency
FNDA:14,formatCurrencyWithoutSymbol
FNDA:12,addCurrency
FNDA:5,subtractCurrency
FNDA:10,multiplyCurrency
FNDA:4,divideCurrency
FNDA:8,toDatabaseValue
FNDA:5,fromDatabaseValue
FNDA:20,compareCurrency
FNDA:4,isEqualCurrency
FNDA:13,isValidCurrency
FNDA:48,getCurrencyValue
DA:17,2
DA:26,2
DA:27,2
DA:28,2
DA:29,2
DA:30,2
DA:31,2
DA:55,291
DA:56,291
DA:57,291
DA:69,2
DA:70,48
DA:71,48
DA:83,2
DA:84,88
DA:85,88
DA:96,2
DA:97,14
DA:98,14
DA:110,2
DA:111,12
DA:112,1
DA:113,1
DA:115,11
DA:116,11
DA:129,2
DA:130,5
DA:131,5
DA:132,5
DA:133,5
DA:134,5
DA:147,2
DA:148,10
DA:149,10
DA:150,5
DA:151,10
DA:152,10
DA:165,2
DA:166,4
DA:167,4
DA:168,4
DA:169,4
DA:170,4
DA:183,2
DA:184,8
DA:185,8
DA:197,2
DA:198,5
DA:199,5
DA:213,2
DA:214,20
DA:215,20
DA:216,9
DA:217,20
DA:218,20
DA:220,20
DA:221,20
DA:222,11
DA:223,11
DA:237,2
DA:238,4
DA:239,4
DA:257,2
DA:259,13
DA:260,2
DA:261,2
DA:264,13
DA:266,4
DA:267,1
DA:268,1
DA:270,3
DA:271,4
DA:272,1
DA:273,1
DA:274,4
DA:276,9
DA:277,9
DA:279,13
DA:280,13
DA:281,0
DA:282,0
DA:283,13
DA:295,2
DA:296,48
DA:297,48
LF:85
LH:83
BRDA:55,0,0,291
BRDA:69,1,0,48
BRDA:83,2,0,88
BRDA:96,3,0,14
BRDA:110,4,0,12
BRDA:111,5,0,1
BRDA:113,6,0,11
BRDA:115,7,0,23
BRDA:129,8,0,5
BRDA:147,9,0,10
BRDA:165,10,0,4
BRDA:183,11,0,8
BRDA:197,12,0,5
BRDA:213,13,0,20
BRDA:220,14,0,6
BRDA:220,15,0,14
BRDA:221,16,0,3
BRDA:221,17,0,11
BRDA:237,18,0,4
BRDA:257,19,0,13
BRDA:259,20,0,12
BRDA:259,21,0,2
BRDA:261,22,0,11
BRDA:264,23,0,4
BRDA:266,24,0,1
BRDA:268,25,0,3
BRDA:271,26,0,1
BRDA:274,27,0,9
BRDA:279,28,0,6
BRDA:280,29,0,0
BRDA:295,30,0,48
BRDA:115,31,0,16
BRF:32
BRH:31
end_of_record
TN:
SF:src/types/auth.ts
FN:17,__vite_ssr_import_0__.z.object.agreedToTerms.__vite_ssr_import_0__.z.boolean.refine.message
FN:35,__vite_ssr_import_0__.z.object.refine.message
FN:50,__vite_ssr_import_0__.z.object.agreedToTerms.__vite_ssr_import_0__.z.boolean.refine.message
FN:69,__vite_ssr_import_0__.z.object.agreedToTerms.__vite_ssr_import_0__.z.boolean.refine.message
FN:82,__vite_ssr_import_0__.z.object.agreedToTerms.__vite_ssr_import_0__.z.boolean.refine.message
FN:91,__vite_ssr_import_0__.z.object.agreedToTerms.__vite_ssr_import_0__.z.boolean.refine.message
FN:104,__vite_ssr_import_0__.z.object.agreedToTerms.__vite_ssr_import_0__.z.boolean.refine.message
FNF:7
FNH:7
FNDA:6,__vite_ssr_import_0__.z.object.agreedToTerms.__vite_ssr_import_0__.z.boolean.refine.message
FNDA:19,__vite_ssr_import_0__.z.object.refine.message
FNDA:6,__vite_ssr_import_0__.z.object.agreedToTerms.__vite_ssr_import_0__.z.boolean.refine.message
FNDA:9,__vite_ssr_import_0__.z.object.agreedToTerms.__vite_ssr_import_0__.z.boolean.refine.message
FNDA:4,__vite_ssr_import_0__.z.object.agreedToTerms.__vite_ssr_import_0__.z.boolean.refine.message
FNDA:4,__vite_ssr_import_0__.z.object.agreedToTerms.__vite_ssr_import_0__.z.boolean.refine.message
FNDA:4,__vite_ssr_import_0__.z.object.agreedToTerms.__vite_ssr_import_0__.z.boolean.refine.message
DA:1,1
DA:5,1
DA:6,1
DA:7,1
DA:8,1
DA:9,1
DA:10,1
DA:11,1
DA:12,1
DA:13,1
DA:14,1
DA:15,1
DA:16,1
DA:17,1
DA:18,1
DA:19,1
DA:20,1
DA:23,1
DA:24,1
DA:25,1
DA:26,1
DA:27,1
DA:28,1
DA:29,1
DA:30,1
DA:31,1
DA:32,1
DA:33,1
DA:34,1
DA:35,1
DA:36,1
DA:37,1
DA:38,1
DA:42,1
DA:43,1
DA:44,1
DA:45,1
DA:46,1
DA:47,1
DA:48,1
DA:49,1
DA:50,1
DA:51,1
DA:52,1
DA:53,1
DA:57,1
DA:58,1
DA:59,1
DA:60,1
DA:61,1
DA:62,1
DA:63,1
DA:64,1
DA:65,1
DA:66,1
DA:67,1
DA:68,1
DA:69,1
DA:70,1
DA:71,1
DA:72,1
DA:75,1
DA:76,1
DA:77,1
DA:78,1
DA:79,1
DA:80,1
DA:81,1
DA:82,1
DA:83,1
DA:84,1
DA:85,1
DA:88,1
DA:89,1
DA:90,1
DA:91,1
DA:92,1
DA:93,1
DA:94,1
DA:97,1
DA:98,1
DA:99,1
DA:100,1
DA:101,1
DA:102,1
DA:103,1
DA:104,1
DA:105,1
DA:106,1
DA:107,1
LF:90
LH:90
BRDA:17,0,0,6
BRDA:35,1,0,19
BRDA:50,2,0,6
BRDA:69,3,0,9
BRDA:82,4,0,4
BRDA:91,5,0,4
BRDA:104,6,0,4
BRF:7
BRH:7
end_of_record
TN:
SF:src/types/example.ts
FN:70,__vite_ssr_import_0__.z.object.refine.message
FNF:1
FNH:1
FNDA:3,__vite_ssr_import_0__.z.object.refine.message
DA:1,1
DA:9,1
DA:10,1
DA:11,1
DA:12,1
DA:13,1
DA:14,1
DA:15,1
DA:16,1
DA:19,1
DA:20,1
DA:21,1
DA:22,1
DA:25,1
DA:26,1
DA:27,1
DA:28,1
DA:29,1
DA:30,1
DA:33,1
DA:34,1
DA:35,1
DA:36,1
DA:39,1
DA:40,1
DA:41,1
DA:44,1
DA:45,1
DA:46,1
DA:47,1
DA:48,1
DA:49,1
DA:52,1
DA:53,1
DA:54,1
DA:55,1
DA:58,1
DA:59,1
DA:60,1
DA:61,1
DA:62,1
DA:65,1
DA:66,1
DA:67,1
DA:68,1
DA:69,1
DA:70,1
DA:71,1
DA:72,1
DA:73,1
DA:76,1
DA:77,1
DA:78,1
DA:79,1
LF:54
LH:54
BRDA:70,0,0,3
BRDA:78,1,0,10
BRF:2
BRH:2
end_of_record
TN:
SF:src/types/turnstile.ts
FN:1,(empty-report)
FNF:1
FNH:1
FNDA:1,(empty-report)
LF:0
LH:0
BRDA:1,0,0,1
BRF:1
BRH:1
end_of_record
TN:
SF:src/types/user.ts
FN:1,(empty-report)
FNF:1
FNH:0
FNDA:0,(empty-report)
DA:1,0
DA:7,0
DA:8,0
DA:9,0
DA:10,0
DA:11,0
DA:12,0
DA:13,0
DA:15,0
DA:16,0
DA:17,0
DA:18,0
DA:19,0
DA:20,0
DA:22,0
DA:23,0
DA:24,0
DA:25,0
DA:26,0
DA:28,0
DA:29,0
DA:30,0
DA:31,0
DA:32,0
DA:33,0
DA:34,0
DA:35,0
DA:36,0
LF:28
LH:0
BRDA:1,0,0,0
BRF:1
BRH:0
end_of_record
TN:
SF:src/types/actions/orders.ts
FN:1,(empty-report)
FNF:1
FNH:0
FNDA:0,(empty-report)
DA:1,0
DA:29,0
DA:30,0
DA:31,0
DA:32,0
DA:33,0
DA:41,0
DA:42,0
DA:43,0
DA:44,0
DA:54,0
DA:55,0
DA:56,0
DA:57,0
DA:58,0
DA:59,0
DA:60,0
DA:61,0
DA:62,0
DA:63,0
DA:64,0
DA:65,0
DA:66,0
DA:67,0
DA:68,0
DA:69,0
DA:70,0
DA:71,0
DA:72,0
DA:73,0
DA:74,0
DA:75,0
DA:76,0
DA:77,0
DA:78,0
DA:79,0
DA:80,0
DA:81,0
DA:82,0
DA:83,0
DA:84,0
DA:85,0
DA:86,0
DA:87,0
DA:88,0
DA:89,0
DA:90,0
DA:91,0
DA:92,0
DA:93,0
DA:94,0
DA:95,0
DA:96,0
DA:97,0
DA:98,0
DA:99,0
DA:100,0
DA:101,0
DA:102,0
DA:103,0
DA:104,0
DA:105,0
DA:106,0
DA:107,0
DA:108,0
DA:109,0
DA:110,0
DA:111,0
DA:112,0
DA:113,0
DA:114,0
DA:115,0
DA:116,0
DA:117,0
DA:118,0
DA:119,0
LF:76
LH:0
BRDA:1,0,0,0
BRF:1
BRH:0
end_of_record
TN:
SF:src/types/actions/payments.ts
FN:1,(empty-report)
FNF:1
FNH:0
FNDA:0,(empty-report)
DA:1,0
DA:29,0
DA:30,0
DA:31,0
DA:32,0
DA:33,0
DA:34,0
DA:35,0
DA:36,0
DA:44,0
DA:45,0
DA:46,0
DA:47,0
LF:13
LH:0
BRDA:1,0,0,0
BRF:1
BRH:0
end_of_record
TN:
SF:src/types/api/health.ts
FN:1,(empty-report)
FNF:1
FNH:0
FNDA:0,(empty-report)
DA:1,0
DA:3,0
DA:10,0
DA:11,0
DA:12,0
DA:13,0
DA:14,0
DA:15,0
DA:18,0
DA:19,0
DA:20,0
DA:21,0
DA:22,0
LF:13
LH:0
BRDA:1,0,0,0
BRF:1
BRH:0
end_of_record
TN:
SF:src/types/api/passengers.ts
FN:1,(empty-report)
FNF:1
FNH:0
FNDA:0,(empty-report)
DA:1,0
DA:3,0
DA:16,0
DA:17,0
DA:18,0
DA:19,0
DA:20,0
DA:21,0
DA:22,0
DA:23,0
DA:24,0
DA:25,0
DA:26,0
DA:27,0
DA:28,0
DA:29,0
DA:30,0
DA:31,0
DA:32,0
DA:35,0
DA:36,0
DA:37,0
DA:38,0
DA:39,0
DA:40,0
DA:41,0
DA:42,0
DA:43,0
DA:44,0
DA:45,0
DA:46,0
DA:47,0
DA:50,0
DA:51,0
DA:52,0
DA:53,0
DA:54,0
DA:55,0
DA:56,0
DA:57,0
DA:58,0
DA:59,0
DA:60,0
DA:61,0
DA:62,0
DA:63,0
DA:66,0
DA:67,0
DA:68,0
DA:71,0
DA:72,0
DA:73,0
DA:74,0
DA:75,0
DA:78,0
DA:79,0
DA:80,0
DA:81,0
DA:82,0
DA:83,0
DA:84,0
DA:87,0
DA:88,0
DA:89,0
DA:90,0
DA:91,0
DA:92,0
DA:93,0
LF:68
LH:0
BRDA:1,0,0,0
BRF:1
BRH:0
end_of_record
TN:
SF:src/types/api/response.ts
FN:1,(empty-report)
FNF:1
FNH:0
FNDA:0,(empty-report)
DA:1,0
DA:15,0
DA:16,0
DA:17,0
DA:18,0
DA:21,0
DA:22,0
DA:23,0
DA:24,0
DA:27,0
DA:28,0
DA:29,0
DA:30,0
DA:31,0
DA:32,0
DA:33,0
DA:34,0
DA:35,0
DA:38,0
DA:39,0
DA:40,0
DA:41,0
DA:42,0
DA:43,0
DA:44,0
DA:45,0
DA:46,0
DA:49,0
DA:50,0
DA:51,0
DA:52,0
DA:53,0
DA:54,0
DA:57,0
DA:58,0
DA:59,0
DA:60,0
DA:61,0
DA:62,0
DA:63,0
DA:64,0
DA:65,0
DA:66,0
DA:67,0
DA:68,0
DA:71,0
DA:72,0
DA:73,0
DA:74,0
DA:100,0
DA:101,0
DA:102,0
DA:107,0
DA:108,0
DA:109,0
LF:55
LH:0
BRDA:1,0,0,0
BRF:1
BRH:0
end_of_record
TN:
SF:src/utils/date.ts
FN:37,getWeekdayLabel
FN:53,formatDateWithWeekday
FN:72,formatTime
FN:90,formatDateString
FN:111,getBookingDateRange
FN:172,calculateQuickSelectDateRange
FN:182,normalizeToUTCStartOfDay
FNF:7
FNH:7
FNDA:30,getWeekdayLabel
FNDA:13,formatDateWithWeekday
FNDA:4,formatTime
FNDA:21,formatDateString
FNDA:5,getBookingDateRange
FNDA:15,calculateQuickSelectDateRange
FNDA:45,normalizeToUTCStartOfDay
DA:9,2
DA:10,2
DA:15,2
DA:16,2
DA:17,2
DA:18,2
DA:19,2
DA:20,2
DA:21,2
DA:22,2
DA:23,1
DA:37,2
DA:38,30
DA:39,30
DA:53,2
DA:54,13
DA:55,13
DA:56,13
DA:57,13
DA:58,13
DA:72,2
DA:73,4
DA:74,4
DA:90,2
DA:91,21
DA:92,21
DA:93,21
DA:94,21
DA:95,20
DA:96,4
DA:97,4
DA:111,2
DA:114,5
DA:116,5
DA:117,5
DA:120,5
DA:123,5
DA:126,5
DA:128,5
DA:129,5
DA:172,2
DA:173,15
DA:174,15
DA:175,15
DA:176,15
DA:177,15
DA:178,15
DA:179,15
DA:182,15
DA:183,45
DA:184,45
DA:185,45
DA:186,45
DA:187,45
DA:190,15
DA:191,15
DA:192,15
DA:195,15
DA:196,15
DA:199,15
DA:200,15
DA:203,15
DA:204,15
DA:205,15
DA:206,15
DA:209,15
DA:210,10
DA:213,10
DA:214,6
DA:215,6
DA:216,6
DA:218,4
DA:219,4
DA:220,4
DA:221,4
DA:222,10
DA:225,15
DA:226,15
DA:227,15
DA:228,98
DA:229,98
DA:230,98
DA:232,15
DA:233,15
DA:234,15
DA:235,15
DA:236,15
DA:237,15
LF:88
LH:88
BRDA:37,0,0,30
BRDA:53,1,0,13
BRDA:72,2,0,4
BRDA:90,3,0,21
BRDA:94,4,0,5
BRDA:94,5,0,20
BRDA:94,6,0,16
BRDA:95,7,0,12
BRDA:95,8,0,4
BRDA:111,9,0,5
BRDA:172,10,0,15
BRDA:209,11,0,10
BRDA:213,12,0,6
BRDA:216,13,0,4
BRDA:227,14,0,98
BRDA:182,15,0,45
BRF:16
BRH:16
end_of_record
TN:
SF:src/utils/flight.ts
FN:1,(empty-report)
FNF:1
FNH:1
FNDA:1,(empty-report)
DA:16,0
DA:17,0
DA:18,0
DA:19,0
DA:20,0
DA:21,0
DA:22,0
DA:23,0
DA:31,0
DA:32,0
DA:33,0
DA:34,0
DA:35,0
DA:43,0
DA:44,0
DA:45,0
DA:46,0
DA:47,0
DA:48,0
DA:57,0
DA:58,0
DA:59,0
DA:60,0
DA:61,0
DA:62,0
DA:65,0
DA:66,0
DA:68,0
DA:69,0
DA:71,0
DA:72,0
DA:74,0
DA:75,0
DA:83,0
DA:84,0
DA:85,0
DA:86,0
DA:87,0
DA:88,0
DA:90,0
DA:91,0
DA:92,0
DA:101,0
DA:102,0
DA:103,0
DA:104,0
DA:105,0
DA:106,0
DA:107,0
DA:108,0
DA:109,0
LF:51
LH:0
BRDA:1,0,0,1
BRF:1
BRH:1
end_of_record
TN:
SF:src/utils/logger.ts
FN:30,getLogLevel
FN:52,level
FN:74,createLoggerStream
FNF:3
FNH:2
FNDA:1,getLogLevel
FNDA:0,level
FNDA:1,createLoggerStream
DA:1,1
DA:2,1
DA:5,1
DA:6,1
DA:7,1
DA:9,1
DA:10,1
DA:11,1
DA:12,1
DA:13,1
DA:14,1
DA:15,1
DA:16,1
DA:17,1
DA:30,1
DA:31,1
DA:32,1
DA:33,1
DA:35,1
DA:36,1
DA:37,1
DA:38,0
DA:39,0
DA:40,1
DA:41,1
DA:44,1
DA:45,1
DA:49,1
DA:50,0
DA:52,0
DA:53,0
DA:55,0
DA:56,0
DA:60,1
DA:61,1
DA:62,1
DA:63,1
DA:64,1
DA:65,1
DA:66,1
DA:67,1
DA:74,1
DA:75,1
DA:77,1
DA:78,1
DA:79,1
DA:80,1
DA:81,1
DA:82,1
DA:83,1
DA:84,1
DA:87,0
DA:88,0
DA:110,1
DA:112,1
LF:55
LH:46
BRDA:49,0,0,0
BRDA:30,1,0,1
BRDA:31,2,0,0
BRDA:37,3,0,0
BRDA:40,4,0,0
BRDA:74,5,0,1
BRDA:84,6,0,0
BRF:7
BRH:2
end_of_record
TN:
SF:src/utils/mask-data.ts
FN:9,maskDocumentNumber
FN:26,maskPhoneNumber
FN:49,maskEmail
FNF:3
FNH:3
FNDA:5,maskDocumentNumber
FNDA:5,maskPhoneNumber
FNDA:7,maskEmail
DA:9,1
DA:10,5
DA:11,2
DA:12,2
DA:14,3
DA:15,3
DA:16,3
DA:18,3
DA:19,3
DA:26,1
DA:27,5
DA:28,1
DA:29,1
DA:32,4
DA:34,5
DA:35,1
DA:36,1
DA:38,3
DA:39,3
DA:40,3
DA:42,3
DA:43,3
DA:49,1
DA:50,7
DA:51,2
DA:52,2
DA:54,5
DA:56,7
DA:57,2
DA:58,2
DA:60,3
DA:61,3
DA:63,3
DA:64,3
LF:34
LH:34
BRDA:9,0,0,5
BRDA:10,1,0,4
BRDA:10,2,0,2
BRDA:12,3,0,3
BRDA:26,4,0,5
BRDA:27,5,0,1
BRDA:29,6,0,4
BRDA:34,7,0,1
BRDA:36,8,0,3
BRDA:49,9,0,7
BRDA:50,10,0,6
BRDA:50,11,0,2
BRDA:52,12,0,5
BRDA:56,13,0,2
BRDA:58,14,0,3
BRF:15
BRH:15
end_of_record
